No module named 'brian2'
No module named 'brian2'
No module named 'brian2'
No module named 'torch'
No module named 'torch'
No module named 'nest'.
No module named 'nest'.
No module named 'rpyc'
No module named 'rpyc'
No module named 'rpyc'
No module named 'nest'.
cannot import name 'FFExpSynBrian'
Loading network...
[INFO] - HeySnips -  Running with tracking deactivated
gain 1.6111111111111112 val acc 0.758 
gain 1.2575757575757576 val acc 0.828 
gain 1.4090909090909092 val acc 0.918 
[2020-09-13 15:35:24.319949] train_loss = 0.0
[2020-09-13 15:35:24.338437] train = nan
[2020-09-13 15:35:24.338452] val = nan
[2020-09-13 15:35:24.338455] test = nan
True label 1 Full 1 4Bit 1 5Bit 1 6Bit 1
True label 1 Full 0 4Bit 0 5Bit 0 6Bit 0
True label 1 Full 1 4Bit 1 5Bit 1 6Bit 1
True label 1 Full 1 4Bit 1 5Bit 1 6Bit 1
True label 0 Full 0 4Bit 0 5Bit 0 6Bit 0
True label 0 Full 0 4Bit 1 5Bit 0 6Bit 0
True label 0 Full 0 4Bit 0 5Bit 0 6Bit 0
True label 0 Full 0 4Bit 0 5Bit 0 6Bit 0
True label 1 Full 1 4Bit 1 5Bit 1 6Bit 1
True label 0 Full 0 4Bit 0 5Bit 0 6Bit 0
True label 1 Full 1 4Bit 1 5Bit 1 6Bit 1
True label 1 Full 0 4Bit 1 5Bit 0 6Bit 0
True label 1 Full 1 4Bit 0 5Bit 1 6Bit 1
True label 0 Full 0 4Bit 1 5Bit 0 6Bit 0
True label 1 Full 1 4Bit 1 5Bit 1 6Bit 1
True label 0 Full 0 4Bit 0 5Bit 0 6Bit 0
True label 0 Full 0 4Bit 0 5Bit 0 6Bit 0
True label 0 Full 0 4Bit 0 5Bit 0 6Bit 0
True label 1 Full 1 4Bit 1 5Bit 1 6Bit 1
True label 1 Full 1 4Bit 1 5Bit 1 6Bit 1
True label 0 Full 0 4Bit 0 5Bit 0 6Bit 0
True label 1 Full 1 4Bit 0 5Bit 1 6Bit 1
True label 1 Full 1 4Bit 0 5Bit 1 6Bit 1
True label 1 Full 1 4Bit 1 5Bit 1 6Bit 1
True label 1 Full 1 4Bit 1 5Bit 1 6Bit 1
True label 0 Full 0 4Bit 1 5Bit 0 6Bit 0
True label 1 Full 1 4Bit 0 5Bit 1 6Bit 1
True label 1 Full 1 4Bit 1 5Bit 1 6Bit 1
True label 1 Full 1 4Bit 0 5Bit 1 6Bit 1
True label 1 Full 1 4Bit 0 5Bit 1 6Bit 1
True label 1 Full 0 4Bit 1 5Bit 0 6Bit 1
True label 1 Full 0 4Bit 1 5Bit 0 6Bit 0
True label 1 Full 0 4Bit 0 5Bit 1 6Bit 0
True label 1 Full 1 4Bit 1 5Bit 1 6Bit 1
True label 0 Full 0 4Bit 0 5Bit 0 6Bit 0
True label 0 Full 0 4Bit 0 5Bit 0 6Bit 0
True label 1 Full 1 4Bit 1 5Bit 1 6Bit 1
True label 0 Full 0 4Bit 1 5Bit 0 6Bit 0
True label 0 Full 0 4Bit 0 5Bit 0 6Bit 0
True label 1 Full 1 4Bit 1 5Bit 1 6Bit 1
True label 1 Full 1 4Bit 1 5Bit 1 6Bit 1
True label 1 Full 1 4Bit 1 5Bit 1 6Bit 1
True label 1 Full 1 4Bit 1 5Bit 1 6Bit 1
True label 1 Full 1 4Bit 1 5Bit 1 6Bit 1
True label 0 Full 0 4Bit 0 5Bit 0 6Bit 0
True label 1 Full 0 4Bit 1 5Bit 1 6Bit 0
True label 1 Full 0 4Bit 1 5Bit 0 6Bit 0
True label 1 Full 1 4Bit 1 5Bit 0 6Bit 1
True label 1 Full 1 4Bit 1 5Bit 1 6Bit 1
True label 1 Full 1 4Bit 1 5Bit 1 6Bit 1
True label 0 Full 0 4Bit 0 5Bit 0 6Bit 0
True label 0 Full 1 4Bit 1 5Bit 0 6Bit 1
True label 1 Full 0 4Bit 1 5Bit 0 6Bit 1
True label 0 Full 0 4Bit 0 5Bit 0 6Bit 0
True label 1 Full 1 4Bit 1 5Bit 1 6Bit 1
True label 1 Full 1 4Bit 1 5Bit 1 6Bit 1
True label 1 Full 1 4Bit 1 5Bit 0 6Bit 1
True label 0 Full 0 4Bit 0 5Bit 0 6Bit 0
True label 1 Full 1 4Bit 1 5Bit 1 6Bit 1
True label 1 Full 1 4Bit 1 5Bit 1 6Bit 1
True label 0 Full 0 4Bit 0 5Bit 0 6Bit 0
True label 1 Full 1 4Bit 1 5Bit 1 6Bit 1
True label 0 Full 0 4Bit 0 5Bit 0 6Bit 0
True label 1 Full 1 4Bit 1 5Bit 1 6Bit 1
True label 0 Full 0 4Bit 0 5Bit 0 6Bit 0
True label 1 Full 1 4Bit 1 5Bit 1 6Bit 1
True label 0 Full 0 4Bit 0 5Bit 0 6Bit 1
True label 0 Full 1 4Bit 1 5Bit 1 6Bit 0
True label 1 Full 1 4Bit 1 5Bit 1 6Bit 1
True label 1 Full 1 4Bit 1 5Bit 1 6Bit 1
True label 1 Full 1 4Bit 1 5Bit 1 6Bit 1
True label 0 Full 0 4Bit 1 5Bit 0 6Bit 1
True label 0 Full 0 4Bit 0 5Bit 1 6Bit 1
True label 1 Full 0 4Bit 0 5Bit 0 6Bit 0
True label 1 Full 1 4Bit 1 5Bit 1 6Bit 1
True label 0 Full 0 4Bit 0 5Bit 0 6Bit 0
True label 1 Full 1 4Bit 1 5Bit 1 6Bit 1
True label 1 Full 1 4Bit 0 5Bit 1 6Bit 1
True label 1 Full 1 4Bit 1 5Bit 1 6Bit 1
True label 0 Full 0 4Bit 0 5Bit 0 6Bit 0
True label 0 Full 0 4Bit 0 5Bit 0 6Bit 0
True label 1 Full 1 4Bit 1 5Bit 1 6Bit 1
True label 1 Full 1 4Bit 1 5Bit 1 6Bit 1
True label 0 Full 0 4Bit 0 5Bit 0 6Bit 0
True label 1 Full 1 4Bit 0 5Bit 0 6Bit 1
True label 1 Full 0 4Bit 1 5Bit 1 6Bit 1
True label 1 Full 1 4Bit 1 5Bit 0 6Bit 1
True label 1 Full 1 4Bit 0 5Bit 0 6Bit 0
True label 1 Full 1 4Bit 1 5Bit 1 6Bit 1
True label 1 Full 1 4Bit 1 5Bit 1 6Bit 1
True label 0 Full 0 4Bit 0 5Bit 0 6Bit 0
True label 1 Full 1 4Bit 1 5Bit 1 6Bit 1
True label 0 Full 0 4Bit 1 5Bit 0 6Bit 0
True label 1 Full 1 4Bit 1 5Bit 1 6Bit 1
True label 1 Full 1 4Bit 1 5Bit 1 6Bit 1
True label 0 Full 0 4Bit 0 5Bit 0 6Bit 0
True label 1 Full 1 4Bit 1 5Bit 1 6Bit 1
True label 1 Full 1 4Bit 1 5Bit 1 6Bit 1
True label 1 Full 1 4Bit 1 5Bit 1 6Bit 1
True label 1 Full 1 4Bit 1 5Bit 1 6Bit 1
True label 0 Full 0 4Bit 0 5Bit 0 6Bit 0
True label 1 Full 1 4Bit 0 5Bit 1 6Bit 1
True label 1 Full 0 4Bit 1 5Bit 0 6Bit 0
True label 1 Full 1 4Bit 1 5Bit 1 6Bit 1
True label 1 Full 1 4Bit 1 5Bit 0 6Bit 1
True label 0 Full 0 4Bit 0 5Bit 1 6Bit 0
True label 0 Full 0 4Bit 0 5Bit 0 6Bit 0
True label 0 Full 0 4Bit 0 5Bit 0 6Bit 0
True label 1 Full 1 4Bit 1 5Bit 1 6Bit 1
True label 1 Full 1 4Bit 1 5Bit 1 6Bit 1
True label 0 Full 0 4Bit 0 5Bit 0 6Bit 0
True label 1 Full 0 4Bit 0 5Bit 1 6Bit 1
True label 1 Full 1 4Bit 1 5Bit 1 6Bit 1
True label 0 Full 0 4Bit 0 5Bit 0 6Bit 0
True label 0 Full 0 4Bit 0 5Bit 0 6Bit 0
True label 1 Full 1 4Bit 1 5Bit 1 6Bit 1
True label 0 Full 0 4Bit 0 5Bit 0 6Bit 0
True label 1 Full 0 4Bit 1 5Bit 0 6Bit 1
True label 1 Full 1 4Bit 1 5Bit 0 6Bit 1
True label 1 Full 1 4Bit 1 5Bit 1 6Bit 1
True label 0 Full 1 4Bit 0 5Bit 0 6Bit 1
True label 0 Full 0 4Bit 0 5Bit 0 6Bit 0
True label 0 Full 0 4Bit 0 5Bit 0 6Bit 0
True label 0 Full 0 4Bit 0 5Bit 0 6Bit 0
True label 1 Full 1 4Bit 1 5Bit 1 6Bit 1
True label 0 Full 0 4Bit 0 5Bit 0 6Bit 0
True label 1 Full 1 4Bit 0 5Bit 0 6Bit 1
True label 1 Full 1 4Bit 1 5Bit 1 6Bit 1
True label 1 Full 1 4Bit 0 5Bit 0 6Bit 1
True label 1 Full 1 4Bit 1 5Bit 1 6Bit 1
True label 0 Full 0 4Bit 1 5Bit 1 6Bit 0
True label 0 Full 0 4Bit 0 5Bit 0 6Bit 0
True label 1 Full 1 4Bit 1 5Bit 1 6Bit 1
True label 0 Full 0 4Bit 0 5Bit 0 6Bit 0
True label 1 Full 1 4Bit 1 5Bit 1 6Bit 1
True label 0 Full 0 4Bit 0 5Bit 0 6Bit 0
True label 0 Full 0 4Bit 0 5Bit 0 6Bit 0
True label 0 Full 0 4Bit 0 5Bit 0 6Bit 0
True label 1 Full 0 4Bit 0 5Bit 0 6Bit 0
True label 0 Full 0 4Bit 0 5Bit 0 6Bit 0
True label 1 Full 1 4Bit 1 5Bit 1 6Bit 1
True label 1 Full 1 4Bit 1 5Bit 1 6Bit 1
True label 1 Full 1 4Bit 1 5Bit 1 6Bit 1
True label 1 Full 1 4Bit 1 5Bit 1 6Bit 1
True label 1 Full 1 4Bit 1 5Bit 1 6Bit 1
True label 0 Full 0 4Bit 0 5Bit 0 6Bit 0
True label 0 Full 0 4Bit 0 5Bit 0 6Bit 1
True label 1 Full 1 4Bit 1 5Bit 1 6Bit 1
True label 0 Full 0 4Bit 1 5Bit 0 6Bit 0
True label 1 Full 1 4Bit 1 5Bit 1 6Bit 1
True label 1 Full 1 4Bit 0 5Bit 1 6Bit 1
True label 0 Full 0 4Bit 1 5Bit 0 6Bit 0
True label 0 Full 0 4Bit 0 5Bit 0 6Bit 0
True label 1 Full 1 4Bit 1 5Bit 1 6Bit 1
True label 0 Full 1 4Bit 1 5Bit 0 6Bit 1
True label 1 Full 1 4Bit 1 5Bit 1 6Bit 1
True label 1 Full 1 4Bit 1 5Bit 1 6Bit 1
True label 0 Full 0 4Bit 0 5Bit 0 6Bit 0
True label 1 Full 1 4Bit 1 5Bit 1 6Bit 1
True label 0 Full 0 4Bit 0 5Bit 0 6Bit 0
True label 1 Full 1 4Bit 1 5Bit 1 6Bit 1
True label 0 Full 0 4Bit 0 5Bit 0 6Bit 0
True label 1 Full 1 4Bit 1 5Bit 1 6Bit 1
True label 0 Full 1 4Bit 0 5Bit 0 6Bit 1
True label 1 Full 1 4Bit 1 5Bit 1 6Bit 1
True label 0 Full 0 4Bit 1 5Bit 1 6Bit 0
True label 0 Full 0 4Bit 0 5Bit 0 6Bit 0
True label 1 Full 1 4Bit 1 5Bit 1 6Bit 1
True label 1 Full 1 4Bit 1 5Bit 1 6Bit 1
True label 0 Full 0 4Bit 0 5Bit 0 6Bit 0
True label 1 Full 1 4Bit 0 5Bit 0 6Bit 1
True label 0 Full 0 4Bit 0 5Bit 0 6Bit 0
True label 1 Full 1 4Bit 1 5Bit 1 6Bit 1
True label 0 Full 0 4Bit 0 5Bit 0 6Bit 0
True label 1 Full 1 4Bit 0 5Bit 0 6Bit 1
True label 1 Full 1 4Bit 1 5Bit 0 6Bit 1
True label 0 Full 0 4Bit 0 5Bit 0 6Bit 0
True label 1 Full 1 4Bit 1 5Bit 1 6Bit 1
True label 0 Full 0 4Bit 0 5Bit 0 6Bit 0
True label 0 Full 0 4Bit 0 5Bit 0 6Bit 0
True label 0 Full 0 4Bit 0 5Bit 0 6Bit 0
True label 0 Full 1 4Bit 0 5Bit 0 6Bit 1
True label 1 Full 1 4Bit 1 5Bit 1 6Bit 1
True label 0 Full 0 4Bit 0 5Bit 0 6Bit 1
True label 0 Full 0 4Bit 0 5Bit 0 6Bit 0
True label 0 Full 0 4Bit 0 5Bit 0 6Bit 1
True label 0 Full 0 4Bit 0 5Bit 0 6Bit 0
True label 1 Full 1 4Bit 1 5Bit 1 6Bit 1
True label 1 Full 1 4Bit 1 5Bit 0 6Bit 1
True label 1 Full 1 4Bit 1 5Bit 1 6Bit 1
True label 0 Full 0 4Bit 0 5Bit 0 6Bit 0
True label 1 Full 1 4Bit 1 5Bit 1 6Bit 1
True label 1 Full 1 4Bit 1 5Bit 1 6Bit 1
True label 1 Full 1 4Bit 0 5Bit 1 6Bit 1
True label 1 Full 1 4Bit 1 5Bit 0 6Bit 0
True label 1 Full 1 4Bit 1 5Bit 0 6Bit 1
True label 1 Full 0 4Bit 1 5Bit 0 6Bit 1
True label 0 Full 1 4Bit 1 5Bit 1 6Bit 1
True label 1 Full 0 4Bit 1 5Bit 0 6Bit 0
True label 1 Full 1 4Bit 1 5Bit 0 6Bit 1
True label 1 Full 1 4Bit 1 5Bit 1 6Bit 1
True label 1 Full 1 4Bit 1 5Bit 1 6Bit 1
True label 0 Full 0 4Bit 0 5Bit 0 6Bit 0
True label 1 Full 1 4Bit 1 5Bit 1 6Bit 1
True label 1 Full 0 4Bit 0 5Bit 0 6Bit 0
True label 1 Full 1 4Bit 1 5Bit 0 6Bit 1
True label 0 Full 0 4Bit 0 5Bit 0 6Bit 0
True label 1 Full 1 4Bit 1 5Bit 1 6Bit 1
True label 1 Full 1 4Bit 1 5Bit 1 6Bit 1
True label 1 Full 1 4Bit 1 5Bit 1 6Bit 1
True label 1 Full 1 4Bit 1 5Bit 1 6Bit 1
True label 1 Full 1 4Bit 1 5Bit 0 6Bit 1
True label 1 Full 1 4Bit 1 5Bit 0 6Bit 1
True label 0 Full 0 4Bit 0 5Bit 0 6Bit 0
True label 0 Full 0 4Bit 0 5Bit 0 6Bit 0
True label 0 Full 0 4Bit 0 5Bit 0 6Bit 0
True label 1 Full 1 4Bit 1 5Bit 1 6Bit 1
True label 1 Full 1 4Bit 1 5Bit 1 6Bit 1
True label 1 Full 1 4Bit 1 5Bit 1 6Bit 1
True label 1 Full 1 4Bit 1 5Bit 1 6Bit 1
True label 1 Full 1 4Bit 1 5Bit 1 6Bit 1
True label 1 Full 1 4Bit 1 5Bit 1 6Bit 1
True label 0 Full 0 4Bit 1 5Bit 0 6Bit 0
True label 0 Full 0 4Bit 0 5Bit 0 6Bit 0
True label 1 Full 1 4Bit 1 5Bit 1 6Bit 1
True label 1 Full 0 4Bit 1 5Bit 0 6Bit 1
True label 0 Full 0 4Bit 0 5Bit 0 6Bit 0
True label 0 Full 0 4Bit 0 5Bit 0 6Bit 0
True label 0 Full 0 4Bit 0 5Bit 0 6Bit 0
True label 1 Full 0 4Bit 0 5Bit 0 6Bit 0
True label 0 Full 1 4Bit 1 5Bit 0 6Bit 1
True label 1 Full 1 4Bit 1 5Bit 1 6Bit 1
True label 1 Full 1 4Bit 1 5Bit 1 6Bit 1
True label 1 Full 1 4Bit 0 5Bit 0 6Bit 0
True label 0 Full 0 4Bit 0 5Bit 0 6Bit 0
True label 1 Full 1 4Bit 1 5Bit 0 6Bit 1
True label 0 Full 0 4Bit 0 5Bit 1 6Bit 0
True label 0 Full 0 4Bit 0 5Bit 0 6Bit 0
True label 0 Full 0 4Bit 0 5Bit 0 6Bit 0
True label 1 Full 1 4Bit 0 5Bit 0 6Bit 1
True label 1 Full 1 4Bit 1 5Bit 1 6Bit 1
True label 1 Full 1 4Bit 0 5Bit 1 6Bit 1
True label 1 Full 1 4Bit 1 5Bit 1 6Bit 1
True label 1 Full 1 4Bit 1 5Bit 1 6Bit 1
True label 0 Full 0 4Bit 0 5Bit 0 6Bit 0
True label 0 Full 0 4Bit 0 5Bit 0 6Bit 0
True label 0 Full 0 4Bit 0 5Bit 0 6Bit 0
True label 1 Full 1 4Bit 1 5Bit 1 6Bit 1
True label 1 Full 1 4Bit 1 5Bit 1 6Bit 1
True label 0 Full 0 4Bit 1 5Bit 0 6Bit 0
True label 1 Full 1 4Bit 1 5Bit 1 6Bit 1
True label 1 Full 1 4Bit 1 5Bit 1 6Bit 1
True label 0 Full 0 4Bit 0 5Bit 0 6Bit 0
True label 1 Full 1 4Bit 1 5Bit 1 6Bit 1
True label 0 Full 0 4Bit 0 5Bit 0 6Bit 0
True label 0 Full 1 4Bit 0 5Bit 0 6Bit 1
True label 1 Full 1 4Bit 1 5Bit 1 6Bit 1
True label 1 Full 1 4Bit 1 5Bit 0 6Bit 1
True label 1 Full 1 4Bit 1 5Bit 0 6Bit 1
True label 0 Full 0 4Bit 1 5Bit 0 6Bit 0
True label 0 Full 0 4Bit 0 5Bit 0 6Bit 0
True label 0 Full 0 4Bit 0 5Bit 0 6Bit 0
True label 0 Full 0 4Bit 0 5Bit 0 6Bit 0
True label 1 Full 1 4Bit 1 5Bit 1 6Bit 1
True label 0 Full 0 4Bit 0 5Bit 0 6Bit 0
True label 0 Full 0 4Bit 1 5Bit 0 6Bit 1
True label 0 Full 0 4Bit 0 5Bit 0 6Bit 0
True label 1 Full 1 4Bit 1 5Bit 0 6Bit 1
True label 0 Full 1 4Bit 0 5Bit 0 6Bit 0
True label 0 Full 1 4Bit 0 5Bit 0 6Bit 1
True label 0 Full 0 4Bit 0 5Bit 0 6Bit 0
True label 0 Full 0 4Bit 0 5Bit 0 6Bit 0
True label 0 Full 0 4Bit 0 5Bit 0 6Bit 0
True label 0 Full 0 4Bit 0 5Bit 0 6Bit 0
True label 0 Full 0 4Bit 0 5Bit 0 6Bit 0
True label 1 Full 1 4Bit 1 5Bit 1 6Bit 1
True label 0 Full 1 4Bit 0 5Bit 0 6Bit 1
True label 0 Full 0 4Bit 0 5Bit 0 6Bit 0
True label 1 Full 0 4Bit 0 5Bit 1 6Bit 0
True label 0 Full 0 4Bit 0 5Bit 0 6Bit 0
True label 0 Full 0 4Bit 0 5Bit 0 6Bit 0
True label 1 Full 1 4Bit 1 5Bit 1 6Bit 1
True label 1 Full 1 4Bit 1 5Bit 1 6Bit 1
True label 1 Full 1 4Bit 1 5Bit 0 6Bit 1
True label 0 Full 0 4Bit 0 5Bit 1 6Bit 0
True label 0 Full 0 4Bit 0 5Bit 0 6Bit 0
True label 1 Full 1 4Bit 1 5Bit 1 6Bit 1
True label 0 Full 0 4Bit 0 5Bit 0 6Bit 0
True label 1 Full 1 4Bit 1 5Bit 1 6Bit 1
True label 1 Full 1 4Bit 1 5Bit 1 6Bit 1
True label 0 Full 0 4Bit 0 5Bit 0 6Bit 0
True label 1 Full 1 4Bit 1 5Bit 1 6Bit 1
True label 1 Full 1 4Bit 1 5Bit 1 6Bit 1
True label 0 Full 0 4Bit 0 5Bit 0 6Bit 0
True label 1 Full 1 4Bit 1 5Bit 1 6Bit 1
True label 1 Full 1 4Bit 1 5Bit 1 6Bit 1
True label 0 Full 0 4Bit 1 5Bit 0 6Bit 1
True label 0 Full 0 4Bit 0 5Bit 0 6Bit 0
True label 1 Full 1 4Bit 1 5Bit 1 6Bit 1
True label 1 Full 0 4Bit 0 5Bit 0 6Bit 0
True label 1 Full 0 4Bit 0 5Bit 0 6Bit 0
True label 1 Full 1 4Bit 1 5Bit 0 6Bit 1
True label 0 Full 0 4Bit 0 5Bit 0 6Bit 0
True label 0 Full 0 4Bit 0 5Bit 0 6Bit 1
True label 1 Full 1 4Bit 1 5Bit 1 6Bit 1
True label 0 Full 1 4Bit 0 5Bit 1 6Bit 1
True label 0 Full 0 4Bit 0 5Bit 0 6Bit 0
True label 1 Full 0 4Bit 0 5Bit 0 6Bit 1
True label 0 Full 1 4Bit 1 5Bit 1 6Bit 1
True label 0 Full 0 4Bit 0 5Bit 0 6Bit 0
True label 1 Full 1 4Bit 1 5Bit 1 6Bit 1
True label 0 Full 0 4Bit 0 5Bit 0 6Bit 0
True label 1 Full 1 4Bit 1 5Bit 1 6Bit 1
True label 0 Full 0 4Bit 0 5Bit 0 6Bit 0
True label 1 Full 1 4Bit 1 5Bit 1 6Bit 1
True label 1 Full 1 4Bit 0 5Bit 1 6Bit 1
True label 1 Full 1 4Bit 1 5Bit 0 6Bit 1
True label 1 Full 0 4Bit 0 5Bit 0 6Bit 1
True label 1 Full 1 4Bit 1 5Bit 1 6Bit 1
True label 0 Full 0 4Bit 0 5Bit 0 6Bit 0
True label 1 Full 1 4Bit 1 5Bit 1 6Bit 1
True label 0 Full 0 4Bit 0 5Bit 0 6Bit 0
True label 1 Full 1 4Bit 1 5Bit 0 6Bit 1
True label 0 Full 0 4Bit 0 5Bit 0 6Bit 0
True label 0 Full 0 4Bit 0 5Bit 0 6Bit 0
True label 0 Full 0 4Bit 0 5Bit 0 6Bit 0
True label 1 Full 1 4Bit 1 5Bit 1 6Bit 1
True label 1 Full 1 4Bit 1 5Bit 1 6Bit 1
True label 1 Full 1 4Bit 1 5Bit 1 6Bit 1
True label 0 Full 0 4Bit 0 5Bit 0 6Bit 0
True label 0 Full 1 4Bit 0 5Bit 0 6Bit 1
True label 0 Full 0 4Bit 0 5Bit 0 6Bit 0
True label 0 Full 0 4Bit 0 5Bit 0 6Bit 0
True label 1 Full 1 4Bit 1 5Bit 0 6Bit 1
True label 1 Full 1 4Bit 0 5Bit 0 6Bit 0
True label 0 Full 0 4Bit 0 5Bit 0 6Bit 0
True label 1 Full 1 4Bit 1 5Bit 1 6Bit 1
True label 0 Full 0 4Bit 0 5Bit 0 6Bit 1
True label 0 Full 0 4Bit 0 5Bit 0 6Bit 0
True label 1 Full 1 4Bit 1 5Bit 1 6Bit 1
True label 1 Full 1 4Bit 0 5Bit 1 6Bit 1
True label 0 Full 0 4Bit 1 5Bit 0 6Bit 0
True label 1 Full 1 4Bit 1 5Bit 1 6Bit 1
True label 0 Full 0 4Bit 0 5Bit 0 6Bit 0
True label 1 Full 1 4Bit 1 5Bit 1 6Bit 1
True label 0 Full 0 4Bit 0 5Bit 0 6Bit 0
True label 1 Full 1 4Bit 1 5Bit 1 6Bit 1
True label 1 Full 1 4Bit 1 5Bit 1 6Bit 1
True label 1 Full 1 4Bit 1 5Bit 0 6Bit 1
True label 1 Full 0 4Bit 0 5Bit 1 6Bit 0
True label 0 Full 0 4Bit 1 5Bit 0 6Bit 0
True label 0 Full 0 4Bit 0 5Bit 0 6Bit 0
True label 0 Full 0 4Bit 0 5Bit 0 6Bit 0
True label 0 Full 0 4Bit 0 5Bit 0 6Bit 1
True label 1 Full 1 4Bit 1 5Bit 1 6Bit 1
True label 1 Full 0 4Bit 0 5Bit 1 6Bit 1
True label 1 Full 1 4Bit 1 5Bit 1 6Bit 1
True label 1 Full 1 4Bit 1 5Bit 1 6Bit 1
True label 1 Full 1 4Bit 0 5Bit 1 6Bit 1
True label 0 Full 0 4Bit 0 5Bit 0 6Bit 0
True label 1 Full 1 4Bit 0 5Bit 1 6Bit 1
True label 1 Full 1 4Bit 1 5Bit 1 6Bit 1
True label 1 Full 1 4Bit 1 5Bit 0 6Bit 1
True label 0 Full 0 4Bit 0 5Bit 0 6Bit 0
True label 1 Full 1 4Bit 1 5Bit 1 6Bit 1
True label 1 Full 1 4Bit 1 5Bit 1 6Bit 1
True label 1 Full 0 4Bit 0 5Bit 1 6Bit 0
True label 0 Full 0 4Bit 0 5Bit 0 6Bit 0
True label 1 Full 1 4Bit 1 5Bit 1 6Bit 1
True label 0 Full 0 4Bit 0 5Bit 0 6Bit 0
True label 1 Full 0 4Bit 0 5Bit 0 6Bit 0
True label 0 Full 0 4Bit 0 5Bit 0 6Bit 0
True label 0 Full 0 4Bit 0 5Bit 0 6Bit 0
True label 1 Full 0 4Bit 0 5Bit 1 6Bit 1
True label 1 Full 1 4Bit 1 5Bit 1 6Bit 1
True label 1 Full 1 4Bit 1 5Bit 0 6Bit 1
True label 1 Full 1 4Bit 1 5Bit 1 6Bit 1
True label 1 Full 1 4Bit 1 5Bit 1 6Bit 1
True label 0 Full 0 4Bit 0 5Bit 0 6Bit 0
True label 1 Full 1 4Bit 1 5Bit 1 6Bit 1
True label 0 Full 0 4Bit 0 5Bit 0 6Bit 0
True label 0 Full 0 4Bit 0 5Bit 0 6Bit 0
True label 1 Full 1 4Bit 1 5Bit 1 6Bit 1
True label 1 Full 1 4Bit 1 5Bit 1 6Bit 1
True label 1 Full 1 4Bit 1 5Bit 1 6Bit 1
True label 0 Full 0 4Bit 0 5Bit 0 6Bit 0
True label 0 Full 0 4Bit 0 5Bit 1 6Bit 0
True label 0 Full 0 4Bit 0 5Bit 0 6Bit 0
True label 1 Full 1 4Bit 0 5Bit 1 6Bit 1
True label 1 Full 1 4Bit 1 5Bit 1 6Bit 1
True label 1 Full 1 4Bit 1 5Bit 1 6Bit 1
True label 0 Full 0 4Bit 0 5Bit 0 6Bit 0
True label 0 Full 0 4Bit 0 5Bit 0 6Bit 0
True label 0 Full 0 4Bit 1 5Bit 0 6Bit 0
True label 1 Full 1 4Bit 1 5Bit 1 6Bit 1
True label 1 Full 1 4Bit 1 5Bit 1 6Bit 1
True label 0 Full 0 4Bit 0 5Bit 0 6Bit 0
True label 1 Full 1 4Bit 1 5Bit 1 6Bit 1
True label 1 Full 1 4Bit 1 5Bit 0 6Bit 1
True label 1 Full 1 4Bit 1 5Bit 1 6Bit 1
True label 0 Full 0 4Bit 0 5Bit 0 6Bit 0
True label 1 Full 1 4Bit 0 5Bit 0 6Bit 0
True label 1 Full 0 4Bit 0 5Bit 0 6Bit 0
True label 0 Full 0 4Bit 0 5Bit 0 6Bit 0
True label 1 Full 1 4Bit 0 5Bit 1 6Bit 1
True label 1 Full 1 4Bit 0 5Bit 1 6Bit 1
True label 1 Full 1 4Bit 0 5Bit 0 6Bit 1
True label 0 Full 0 4Bit 0 5Bit 0 6Bit 0
True label 1 Full 1 4Bit 1 5Bit 1 6Bit 1
True label 1 Full 1 4Bit 1 5Bit 1 6Bit 1
True label 0 Full 0 4Bit 0 5Bit 0 6Bit 0
True label 1 Full 1 4Bit 1 5Bit 1 6Bit 1
True label 0 Full 0 4Bit 0 5Bit 0 6Bit 0
True label 0 Full 0 4Bit 1 5Bit 0 6Bit 0
True label 0 Full 0 4Bit 0 5Bit 0 6Bit 0
True label 1 Full 1 4Bit 1 5Bit 1 6Bit 1
True label 1 Full 1 4Bit 1 5Bit 1 6Bit 1
True label 0 Full 1 4Bit 0 5Bit 0 6Bit 1
True label 0 Full 0 4Bit 0 5Bit 0 6Bit 0
True label 0 Full 0 4Bit 0 5Bit 0 6Bit 0
True label 1 Full 1 4Bit 1 5Bit 1 6Bit 1
True label 0 Full 0 4Bit 0 5Bit 0 6Bit 0
True label 0 Full 0 4Bit 0 5Bit 0 6Bit 0
True label 1 Full 1 4Bit 1 5Bit 1 6Bit 1
True label 0 Full 0 4Bit 0 5Bit 0 6Bit 0
True label 0 Full 0 4Bit 1 5Bit 1 6Bit 0
True label 0 Full 0 4Bit 0 5Bit 0 6Bit 0
True label 0 Full 0 4Bit 0 5Bit 0 6Bit 0
True label 0 Full 0 4Bit 0 5Bit 0 6Bit 0
True label 0 Full 0 4Bit 0 5Bit 0 6Bit 0
True label 1 Full 0 4Bit 0 5Bit 0 6Bit 0
True label 0 Full 1 4Bit 0 5Bit 0 6Bit 1
True label 0 Full 0 4Bit 1 5Bit 0 6Bit 0
True label 1 Full 1 4Bit 1 5Bit 1 6Bit 1
True label 0 Full 0 4Bit 0 5Bit 0 6Bit 0
True label 0 Full 0 4Bit 0 5Bit 0 6Bit 0
True label 1 Full 1 4Bit 1 5Bit 1 6Bit 1
True label 1 Full 1 4Bit 1 5Bit 1 6Bit 1
True label 1 Full 1 4Bit 1 5Bit 1 6Bit 1
True label 0 Full 0 4Bit 0 5Bit 0 6Bit 0
True label 0 Full 1 4Bit 1 5Bit 0 6Bit 1
True label 0 Full 0 4Bit 1 5Bit 0 6Bit 0
True label 1 Full 0 4Bit 0 5Bit 0 6Bit 1
True label 0 Full 0 4Bit 0 5Bit 0 6Bit 0
True label 0 Full 0 4Bit 0 5Bit 0 6Bit 0
True label 0 Full 1 4Bit 1 5Bit 0 6Bit 1
True label 0 Full 0 4Bit 0 5Bit 0 6Bit 0
True label 1 Full 1 4Bit 1 5Bit 1 6Bit 1
True label 1 Full 1 4Bit 1 5Bit 1 6Bit 1
True label 1 Full 0 4Bit 0 5Bit 1 6Bit 1
True label 0 Full 1 4Bit 1 5Bit 0 6Bit 1
True label 0 Full 0 4Bit 1 5Bit 0 6Bit 0
True label 0 Full 0 4Bit 0 5Bit 0 6Bit 0
True label 1 Full 1 4Bit 1 5Bit 1 6Bit 1
True label 0 Full 0 4Bit 0 5Bit 0 6Bit 0
True label 1 Full 1 4Bit 1 5Bit 1 6Bit 1
True label 0 Full 0 4Bit 0 5Bit 0 6Bit 0
True label 1 Full 1 4Bit 1 5Bit 1 6Bit 1
True label 0 Full 0 4Bit 0 5Bit 0 6Bit 0
True label 0 Full 0 4Bit 1 5Bit 0 6Bit 0
True label 1 Full 1 4Bit 1 5Bit 1 6Bit 1
True label 1 Full 0 4Bit 1 5Bit 0 6Bit 0
True label 1 Full 1 4Bit 1 5Bit 1 6Bit 1
True label 0 Full 0 4Bit 1 5Bit 0 6Bit 0
True label 1 Full 1 4Bit 1 5Bit 1 6Bit 1
True label 0 Full 0 4Bit 0 5Bit 0 6Bit 0
True label 0 Full 0 4Bit 0 5Bit 0 6Bit 0
True label 0 Full 0 4Bit 0 5Bit 0 6Bit 0
True label 0 Full 0 4Bit 0 5Bit 0 6Bit 0
True label 1 Full 1 4Bit 1 5Bit 0 6Bit 1
True label 0 Full 1 4Bit 0 5Bit 0 6Bit 1
True label 0 Full 0 4Bit 0 5Bit 0 6Bit 0
True label 1 Full 1 4Bit 1 5Bit 1 6Bit 1
True label 0 Full 0 4Bit 0 5Bit 0 6Bit 0
True label 1 Full 1 4Bit 1 5Bit 1 6Bit 1
True label 1 Full 1 4Bit 1 5Bit 0 6Bit 1
True label 0 Full 0 4Bit 0 5Bit 0 6Bit 0
True label 0 Full 0 4Bit 0 5Bit 0 6Bit 0
True label 1 Full 1 4Bit 1 5Bit 1 6Bit 1
True label 1 Full 1 4Bit 1 5Bit 1 6Bit 1
True label 1 Full 1 4Bit 1 5Bit 1 6Bit 1
True label 0 Full 0 4Bit 0 5Bit 0 6Bit 0
True label 1 Full 1 4Bit 1 5Bit 1 6Bit 1
True label 0 Full 0 4Bit 0 5Bit 0 6Bit 0
True label 1 Full 1 4Bit 1 5Bit 1 6Bit 1
True label 0 Full 0 4Bit 0 5Bit 0 6Bit 0
True label 1 Full 1 4Bit 1 5Bit 1 6Bit 1
True label 1 Full 1 4Bit 0 5Bit 1 6Bit 1
True label 1 Full 1 4Bit 1 5Bit 1 6Bit 1
True label 0 Full 1 4Bit 0 5Bit 0 6Bit 1
True label 0 Full 0 4Bit 0 5Bit 0 6Bit 0
True label 1 Full 1 4Bit 1 5Bit 1 6Bit 1
True label 1 Full 1 4Bit 1 5Bit 1 6Bit 1
True label 0 Full 0 4Bit 0 5Bit 0 6Bit 0
True label 0 Full 0 4Bit 0 5Bit 0 6Bit 0
True label 0 Full 0 4Bit 0 5Bit 0 6Bit 1
True label 1 Full 1 4Bit 1 5Bit 1 6Bit 1
True label 1 Full 1 4Bit 0 5Bit 0 6Bit 1
True label 0 Full 0 4Bit 0 5Bit 0 6Bit 0
True label 0 Full 0 4Bit 1 5Bit 0 6Bit 0
True label 0 Full 0 4Bit 0 5Bit 0 6Bit 0
True label 0 Full 1 4Bit 0 5Bit 0 6Bit 0
True label 1 Full 1 4Bit 1 5Bit 0 6Bit 1
True label 0 Full 0 4Bit 1 5Bit 0 6Bit 0
True label 1 Full 1 4Bit 1 5Bit 1 6Bit 1
True label 0 Full 0 4Bit 1 5Bit 0 6Bit 0
True label 0 Full 0 4Bit 0 5Bit 0 6Bit 0
True label 0 Full 0 4Bit 0 5Bit 0 6Bit 0
True label 1 Full 1 4Bit 1 5Bit 1 6Bit 1
True label 0 Full 0 4Bit 0 5Bit 0 6Bit 0
True label 1 Full 1 4Bit 1 5Bit 1 6Bit 1
True label 0 Full 0 4Bit 0 5Bit 0 6Bit 0
True label 1 Full 1 4Bit 1 5Bit 1 6Bit 1
True label 1 Full 1 4Bit 0 5Bit 0 6Bit 0
True label 1 Full 1 4Bit 1 5Bit 1 6Bit 1
True label 1 Full 1 4Bit 1 5Bit 1 6Bit 1
True label 0 Full 0 4Bit 0 5Bit 0 6Bit 0
True label 1 Full 1 4Bit 1 5Bit 1 6Bit 1
True label 1 Full 1 4Bit 1 5Bit 1 6Bit 1
True label 0 Full 0 4Bit 0 5Bit 0 6Bit 0
True label 0 Full 0 4Bit 0 5Bit 0 6Bit 0
True label 0 Full 0 4Bit 0 5Bit 0 6Bit 0
True label 1 Full 1 4Bit 1 5Bit 1 6Bit 1
True label 0 Full 0 4Bit 0 5Bit 0 6Bit 0
True label 1 Full 1 4Bit 1 5Bit 1 6Bit 1
True label 1 Full 1 4Bit 1 5Bit 1 6Bit 1
True label 0 Full 0 4Bit 1 5Bit 0 6Bit 0
True label 0 Full 0 4Bit 0 5Bit 0 6Bit 0
True label 0 Full 0 4Bit 0 5Bit 0 6Bit 0
True label 0 Full 0 4Bit 0 5Bit 0 6Bit 0
True label 1 Full 0 4Bit 0 5Bit 0 6Bit 1
True label 1 Full 1 4Bit 1 5Bit 1 6Bit 1
True label 0 Full 0 4Bit 0 5Bit 0 6Bit 0
True label 1 Full 1 4Bit 1 5Bit 1 6Bit 1
True label 1 Full 1 4Bit 0 5Bit 1 6Bit 1
True label 1 Full 1 4Bit 1 5Bit 1 6Bit 1
True label 0 Full 0 4Bit 0 5Bit 0 6Bit 0
True label 0 Full 1 4Bit 0 5Bit 0 6Bit 1
True label 0 Full 0 4Bit 0 5Bit 0 6Bit 0
True label 1 Full 1 4Bit 1 5Bit 1 6Bit 1
True label 0 Full 0 4Bit 1 5Bit 0 6Bit 0
True label 0 Full 0 4Bit 0 5Bit 0 6Bit 0
True label 1 Full 1 4Bit 0 5Bit 1 6Bit 1
True label 0 Full 0 4Bit 0 5Bit 0 6Bit 0
True label 1 Full 1 4Bit 1 5Bit 1 6Bit 1
True label 1 Full 1 4Bit 1 5Bit 1 6Bit 1
True label 0 Full 0 4Bit 0 5Bit 0 6Bit 0
True label 1 Full 0 4Bit 1 5Bit 0 6Bit 0
True label 0 Full 0 4Bit 0 5Bit 0 6Bit 0
True label 0 Full 0 4Bit 0 5Bit 0 6Bit 0
True label 1 Full 1 4Bit 1 5Bit 1 6Bit 1
True label 1 Full 1 4Bit 0 5Bit 1 6Bit 1
True label 1 Full 1 4Bit 1 5Bit 1 6Bit 1
True label 1 Full 1 4Bit 0 5Bit 1 6Bit 1
True label 1 Full 1 4Bit 1 5Bit 0 6Bit 0
True label 0 Full 0 4Bit 0 5Bit 0 6Bit 0
True label 0 Full 0 4Bit 0 5Bit 0 6Bit 0
True label 1 Full 1 4Bit 1 5Bit 0 6Bit 1
True label 0 Full 0 4Bit 0 5Bit 0 6Bit 1
True label 0 Full 0 4Bit 0 5Bit 0 6Bit 0
True label 1 Full 1 4Bit 1 5Bit 1 6Bit 1
True label 0 Full 0 4Bit 0 5Bit 0 6Bit 0
True label 0 Full 0 4Bit 1 5Bit 0 6Bit 0
True label 1 Full 1 4Bit 1 5Bit 0 6Bit 1
True label 0 Full 0 4Bit 0 5Bit 0 6Bit 0
True label 1 Full 1 4Bit 1 5Bit 1 6Bit 1
True label 0 Full 1 4Bit 1 5Bit 1 6Bit 1
True label 1 Full 1 4Bit 1 5Bit 1 6Bit 1
True label 1 Full 1 4Bit 1 5Bit 0 6Bit 1
True label 1 Full 1 4Bit 0 5Bit 1 6Bit 1
True label 0 Full 1 4Bit 0 5Bit 0 6Bit 1
True label 1 Full 1 4Bit 1 5Bit 1 6Bit 1
True label 0 Full 0 4Bit 0 5Bit 0 6Bit 0
True label 1 Full 1 4Bit 1 5Bit 1 6Bit 1
True label 1 Full 1 4Bit 1 5Bit 1 6Bit 1
True label 0 Full 0 4Bit 0 5Bit 0 6Bit 0
True label 1 Full 1 4Bit 1 5Bit 0 6Bit 1
True label 1 Full 1 4Bit 1 5Bit 1 6Bit 1
True label 0 Full 0 4Bit 1 5Bit 0 6Bit 1
True label 0 Full 0 4Bit 0 5Bit 0 6Bit 0
True label 1 Full 1 4Bit 1 5Bit 1 6Bit 1
True label 1 Full 1 4Bit 1 5Bit 1 6Bit 1
True label 0 Full 0 4Bit 0 5Bit 0 6Bit 1
True label 0 Full 1 4Bit 1 5Bit 0 6Bit 0
True label 1 Full 1 4Bit 1 5Bit 1 6Bit 1
True label 0 Full 0 4Bit 0 5Bit 0 6Bit 0
True label 1 Full 1 4Bit 0 5Bit 0 6Bit 1
True label 1 Full 0 4Bit 1 5Bit 1 6Bit 0
True label 1 Full 1 4Bit 1 5Bit 1 6Bit 1
True label 0 Full 0 4Bit 0 5Bit 0 6Bit 0
True label 0 Full 0 4Bit 0 5Bit 0 6Bit 0
True label 0 Full 0 4Bit 0 5Bit 0 6Bit 0
True label 0 Full 0 4Bit 0 5Bit 0 6Bit 0
True label 0 Full 0 4Bit 0 5Bit 0 6Bit 0
True label 1 Full 1 4Bit 1 5Bit 1 6Bit 1
True label 0 Full 0 4Bit 0 5Bit 0 6Bit 0
True label 0 Full 0 4Bit 0 5Bit 0 6Bit 0
True label 0 Full 0 4Bit 0 5Bit 0 6Bit 0
True label 1 Full 1 4Bit 1 5Bit 1 6Bit 1
True label 0 Full 0 4Bit 0 5Bit 0 6Bit 0
True label 0 Full 0 4Bit 0 5Bit 0 6Bit 0
True label 1 Full 1 4Bit 1 5Bit 1 6Bit 1
True label 0 Full 0 4Bit 0 5Bit 0 6Bit 0
True label 1 Full 1 4Bit 1 5Bit 1 6Bit 1
True label 0 Full 0 4Bit 1 5Bit 1 6Bit 0
True label 1 Full 1 4Bit 1 5Bit 1 6Bit 1
True label 0 Full 0 4Bit 0 5Bit 0 6Bit 0
True label 1 Full 1 4Bit 1 5Bit 1 6Bit 1
True label 1 Full 1 4Bit 1 5Bit 0 6Bit 1
True label 0 Full 0 4Bit 0 5Bit 0 6Bit 0
True label 0 Full 0 4Bit 0 5Bit 0 6Bit 0
True label 0 Full 0 4Bit 0 5Bit 0 6Bit 0
True label 1 Full 1 4Bit 0 5Bit 1 6Bit 1
True label 0 Full 0 4Bit 1 5Bit 0 6Bit 0
True label 1 Full 0 4Bit 1 5Bit 1 6Bit 0
True label 0 Full 0 4Bit 0 5Bit 0 6Bit 0
True label 0 Full 0 4Bit 0 5Bit 0 6Bit 0
True label 0 Full 0 4Bit 1 5Bit 0 6Bit 1
True label 0 Full 0 4Bit 0 5Bit 0 6Bit 0
True label 0 Full 0 4Bit 0 5Bit 0 6Bit 0
True label 0 Full 0 4Bit 0 5Bit 0 6Bit 0
True label 0 Full 0 4Bit 0 5Bit 0 6Bit 0
True label 1 Full 1 4Bit 1 5Bit 1 6Bit 1
True label 1 Full 1 4Bit 1 5Bit 1 6Bit 1
True label 1 Full 1 4Bit 1 5Bit 1 6Bit 1
True label 1 Full 1 4Bit 1 5Bit 1 6Bit 1
True label 1 Full 1 4Bit 1 5Bit 1 6Bit 1
True label 1 Full 1 4Bit 1 5Bit 1 6Bit 1
True label 0 Full 0 4Bit 0 5Bit 0 6Bit 0
True label 0 Full 0 4Bit 1 5Bit 0 6Bit 0
True label 0 Full 0 4Bit 0 5Bit 0 6Bit 0
True label 1 Full 1 4Bit 1 5Bit 1 6Bit 1
True label 1 Full 1 4Bit 1 5Bit 1 6Bit 1
True label 0 Full 0 4Bit 0 5Bit 0 6Bit 0
True label 0 Full 0 4Bit 0 5Bit 0 6Bit 0
True label 1 Full 1 4Bit 1 5Bit 0 6Bit 0
True label 1 Full 1 4Bit 1 5Bit 1 6Bit 1
True label 1 Full 1 4Bit 1 5Bit 1 6Bit 1
True label 0 Full 0 4Bit 0 5Bit 0 6Bit 0
True label 0 Full 0 4Bit 0 5Bit 0 6Bit 0
True label 1 Full 1 4Bit 1 5Bit 1 6Bit 1
True label 0 Full 0 4Bit 0 5Bit 0 6Bit 0
True label 1 Full 1 4Bit 1 5Bit 1 6Bit 1
True label 0 Full 0 4Bit 0 5Bit 0 6Bit 0
True label 1 Full 1 4Bit 1 5Bit 1 6Bit 1
True label 0 Full 0 4Bit 0 5Bit 0 6Bit 0
True label 1 Full 1 4Bit 1 5Bit 0 6Bit 1
True label 1 Full 1 4Bit 1 5Bit 1 6Bit 1
True label 0 Full 0 4Bit 0 5Bit 1 6Bit 0
True label 0 Full 0 4Bit 0 5Bit 0 6Bit 0
True label 0 Full 0 4Bit 0 5Bit 0 6Bit 0
True label 0 Full 0 4Bit 0 5Bit 0 6Bit 0
True label 0 Full 0 4Bit 0 5Bit 0 6Bit 0
True label 1 Full 1 4Bit 1 5Bit 1 6Bit 1
True label 0 Full 0 4Bit 0 5Bit 0 6Bit 0
True label 0 Full 0 4Bit 0 5Bit 0 6Bit 0
True label 1 Full 1 4Bit 1 5Bit 1 6Bit 1
True label 0 Full 0 4Bit 0 5Bit 0 6Bit 0
True label 1 Full 1 4Bit 1 5Bit 1 6Bit 1
True label 0 Full 0 4Bit 0 5Bit 0 6Bit 0
True label 1 Full 1 4Bit 0 5Bit 1 6Bit 1
True label 1 Full 1 4Bit 1 5Bit 1 6Bit 1
True label 0 Full 0 4Bit 0 5Bit 0 6Bit 0
True label 0 Full 0 4Bit 0 5Bit 0 6Bit 1
True label 1 Full 1 4Bit 1 5Bit 1 6Bit 1
True label 1 Full 1 4Bit 1 5Bit 1 6Bit 1
True label 0 Full 0 4Bit 0 5Bit 0 6Bit 0
True label 0 Full 0 4Bit 0 5Bit 0 6Bit 0
True label 0 Full 0 4Bit 0 5Bit 0 6Bit 0
True label 1 Full 1 4Bit 1 5Bit 1 6Bit 1
True label 0 Full 0 4Bit 0 5Bit 0 6Bit 0
True label 1 Full 1 4Bit 0 5Bit 0 6Bit 1
True label 1 Full 1 4Bit 1 5Bit 1 6Bit 1
True label 1 Full 1 4Bit 1 5Bit 1 6Bit 1
True label 1 Full 0 4Bit 0 5Bit 1 6Bit 0
True label 1 Full 1 4Bit 1 5Bit 1 6Bit 1
True label 1 Full 1 4Bit 1 5Bit 1 6Bit 1
True label 1 Full 1 4Bit 1 5Bit 1 6Bit 1
True label 1 Full 1 4Bit 1 5Bit 1 6Bit 1
True label 0 Full 0 4Bit 0 5Bit 0 6Bit 0
True label 1 Full 1 4Bit 1 5Bit 1 6Bit 1
True label 1 Full 1 4Bit 1 5Bit 1 6Bit 1
True label 1 Full 1 4Bit 1 5Bit 1 6Bit 1
True label 0 Full 0 4Bit 0 5Bit 0 6Bit 0
True label 1 Full 1 4Bit 1 5Bit 1 6Bit 1
True label 0 Full 1 4Bit 1 5Bit 0 6Bit 1
True label 0 Full 0 4Bit 0 5Bit 0 6Bit 0
True label 1 Full 0 4Bit 1 5Bit 0 6Bit 0
True label 0 Full 0 4Bit 0 5Bit 0 6Bit 0
True label 1 Full 0 4Bit 0 5Bit 1 6Bit 0
True label 1 Full 1 4Bit 1 5Bit 1 6Bit 1
True label 1 Full 1 4Bit 1 5Bit 1 6Bit 1
True label 0 Full 0 4Bit 0 5Bit 0 6Bit 0
True label 0 Full 0 4Bit 0 5Bit 0 6Bit 0
True label 0 Full 0 4Bit 0 5Bit 0 6Bit 0
True label 1 Full 1 4Bit 1 5Bit 1 6Bit 1
True label 1 Full 0 4Bit 0 5Bit 1 6Bit 0
True label 1 Full 1 4Bit 1 5Bit 1 6Bit 1
True label 1 Full 1 4Bit 1 5Bit 0 6Bit 1
True label 0 Full 0 4Bit 0 5Bit 0 6Bit 0
True label 0 Full 0 4Bit 0 5Bit 0 6Bit 0
True label 1 Full 1 4Bit 1 5Bit 1 6Bit 1
True label 1 Full 1 4Bit 1 5Bit 0 6Bit 1
True label 1 Full 1 4Bit 1 5Bit 0 6Bit 1
True label 0 Full 1 4Bit 1 5Bit 0 6Bit 1
True label 0 Full 0 4Bit 1 5Bit 1 6Bit 1
True label 0 Full 0 4Bit 0 5Bit 0 6Bit 0
True label 0 Full 0 4Bit 0 5Bit 0 6Bit 0
True label 0 Full 0 4Bit 0 5Bit 0 6Bit 0
True label 0 Full 0 4Bit 0 5Bit 0 6Bit 0
True label 1 Full 1 4Bit 1 5Bit 1 6Bit 1
True label 1 Full 0 4Bit 0 5Bit 0 6Bit 0
True label 1 Full 1 4Bit 0 5Bit 0 6Bit 1
True label 1 Full 1 4Bit 1 5Bit 0 6Bit 1
True label 0 Full 0 4Bit 0 5Bit 1 6Bit 0
True label 1 Full 0 4Bit 0 5Bit 0 6Bit 0
True label 1 Full 1 4Bit 1 5Bit 1 6Bit 1
True label 0 Full 0 4Bit 0 5Bit 0 6Bit 0
True label 0 Full 0 4Bit 0 5Bit 0 6Bit 0
True label 1 Full 0 4Bit 0 5Bit 1 6Bit 1
True label 1 Full 1 4Bit 1 5Bit 1 6Bit 1
True label 1 Full 1 4Bit 1 5Bit 1 6Bit 1
True label 0 Full 0 4Bit 0 5Bit 0 6Bit 0
True label 1 Full 1 4Bit 1 5Bit 1 6Bit 1
True label 1 Full 0 4Bit 1 5Bit 0 6Bit 0
True label 0 Full 0 4Bit 0 5Bit 0 6Bit 0
True label 1 Full 1 4Bit 1 5Bit 1 6Bit 1
True label 1 Full 1 4Bit 0 5Bit 1 6Bit 1
True label 0 Full 0 4Bit 0 5Bit 0 6Bit 0
True label 1 Full 1 4Bit 1 5Bit 1 6Bit 1
True label 0 Full 0 4Bit 0 5Bit 0 6Bit 0
True label 0 Full 0 4Bit 1 5Bit 0 6Bit 0
True label 0 Full 0 4Bit 0 5Bit 0 6Bit 0
True label 0 Full 0 4Bit 0 5Bit 0 6Bit 0
True label 1 Full 1 4Bit 1 5Bit 1 6Bit 0
True label 0 Full 0 4Bit 0 5Bit 0 6Bit 0
True label 0 Full 0 4Bit 0 5Bit 0 6Bit 0
True label 1 Full 1 4Bit 1 5Bit 1 6Bit 1
True label 0 Full 0 4Bit 0 5Bit 0 6Bit 0
True label 1 Full 1 4Bit 1 5Bit 0 6Bit 1
True label 0 Full 0 4Bit 1 5Bit 0 6Bit 0
True label 0 Full 0 4Bit 0 5Bit 0 6Bit 0
True label 1 Full 1 4Bit 1 5Bit 1 6Bit 1
True label 1 Full 1 4Bit 1 5Bit 1 6Bit 1
True label 1 Full 1 4Bit 1 5Bit 1 6Bit 1
True label 1 Full 1 4Bit 1 5Bit 1 6Bit 1
True label 1 Full 1 4Bit 1 5Bit 0 6Bit 1
True label 1 Full 1 4Bit 1 5Bit 1 6Bit 1
True label 0 Full 0 4Bit 0 5Bit 0 6Bit 0
True label 1 Full 1 4Bit 1 5Bit 1 6Bit 1
True label 0 Full 0 4Bit 0 5Bit 0 6Bit 0
True label 1 Full 1 4Bit 1 5Bit 0 6Bit 1
True label 0 Full 0 4Bit 0 5Bit 0 6Bit 0
True label 1 Full 1 4Bit 1 5Bit 1 6Bit 1
True label 1 Full 1 4Bit 1 5Bit 1 6Bit 1
True label 1 Full 0 4Bit 1 5Bit 0 6Bit 0
True label 0 Full 0 4Bit 0 5Bit 0 6Bit 0
True label 1 Full 1 4Bit 1 5Bit 1 6Bit 1
True label 1 Full 1 4Bit 1 5Bit 0 6Bit 1
True label 0 Full 0 4Bit 0 5Bit 0 6Bit 0
True label 0 Full 0 4Bit 0 5Bit 0 6Bit 0
True label 0 Full 0 4Bit 0 5Bit 0 6Bit 0
True label 0 Full 0 4Bit 1 5Bit 0 6Bit 0
True label 0 Full 0 4Bit 0 5Bit 0 6Bit 0
True label 1 Full 1 4Bit 1 5Bit 1 6Bit 1
True label 0 Full 0 4Bit 0 5Bit 0 6Bit 0
True label 0 Full 0 4Bit 0 5Bit 0 6Bit 0
True label 1 Full 1 4Bit 1 5Bit 1 6Bit 1
True label 1 Full 1 4Bit 0 5Bit 1 6Bit 1
True label 1 Full 1 4Bit 1 5Bit 1 6Bit 1
True label 1 Full 0 4Bit 0 5Bit 0 6Bit 0
True label 1 Full 0 4Bit 0 5Bit 0 6Bit 1
True label 0 Full 0 4Bit 0 5Bit 0 6Bit 0
True label 1 Full 1 4Bit 1 5Bit 1 6Bit 1
True label 1 Full 1 4Bit 1 5Bit 1 6Bit 1
True label 1 Full 1 4Bit 1 5Bit 0 6Bit 1
True label 1 Full 1 4Bit 1 5Bit 1 6Bit 1
True label 0 Full 0 4Bit 0 5Bit 0 6Bit 0
True label 1 Full 1 4Bit 0 5Bit 0 6Bit 1
True label 1 Full 1 4Bit 0 5Bit 1 6Bit 1
True label 0 Full 0 4Bit 0 5Bit 0 6Bit 0
True label 1 Full 1 4Bit 1 5Bit 1 6Bit 1
True label 0 Full 0 4Bit 0 5Bit 0 6Bit 0
True label 1 Full 1 4Bit 0 5Bit 1 6Bit 1
True label 0 Full 0 4Bit 0 5Bit 0 6Bit 0
True label 0 Full 0 4Bit 0 5Bit 0 6Bit 0
True label 0 Full 0 4Bit 0 5Bit 0 6Bit 0
True label 0 Full 0 4Bit 0 5Bit 0 6Bit 0
True label 1 Full 1 4Bit 0 5Bit 0 6Bit 1
True label 0 Full 0 4Bit 0 5Bit 0 6Bit 0
True label 1 Full 0 4Bit 1 5Bit 0 6Bit 0
True label 1 Full 1 4Bit 1 5Bit 1 6Bit 1
True label 0 Full 0 4Bit 0 5Bit 0 6Bit 0
True label 0 Full 0 4Bit 0 5Bit 0 6Bit 0
True label 1 Full 0 4Bit 0 5Bit 0 6Bit 1
True label 0 Full 0 4Bit 0 5Bit 0 6Bit 0
True label 0 Full 0 4Bit 0 5Bit 0 6Bit 0
True label 1 Full 0 4Bit 1 5Bit 0 6Bit 0
True label 0 Full 0 4Bit 0 5Bit 0 6Bit 0
True label 0 Full 0 4Bit 0 5Bit 0 6Bit 0
True label 1 Full 1 4Bit 1 5Bit 0 6Bit 1
True label 1 Full 1 4Bit 1 5Bit 0 6Bit 1
True label 0 Full 0 4Bit 0 5Bit 0 6Bit 0
True label 1 Full 1 4Bit 1 5Bit 1 6Bit 1
True label 1 Full 1 4Bit 1 5Bit 1 6Bit 1
True label 0 Full 0 4Bit 0 5Bit 0 6Bit 0
True label 1 Full 1 4Bit 1 5Bit 1 6Bit 1
True label 0 Full 0 4Bit 0 5Bit 0 6Bit 0
True label 1 Full 0 4Bit 0 5Bit 0 6Bit 0
True label 0 Full 0 4Bit 0 5Bit 0 6Bit 0
True label 0 Full 0 4Bit 0 5Bit 0 6Bit 0
True label 0 Full 0 4Bit 0 5Bit 0 6Bit 0
True label 1 Full 1 4Bit 0 5Bit 0 6Bit 1
True label 1 Full 1 4Bit 1 5Bit 1 6Bit 1
True label 1 Full 1 4Bit 1 5Bit 0 6Bit 1
True label 0 Full 0 4Bit 0 5Bit 0 6Bit 0
True label 0 Full 0 4Bit 0 5Bit 0 6Bit 0
True label 1 Full 1 4Bit 1 5Bit 1 6Bit 1
True label 1 Full 1 4Bit 1 5Bit 1 6Bit 1
True label 1 Full 0 4Bit 0 5Bit 1 6Bit 1
True label 0 Full 0 4Bit 0 5Bit 0 6Bit 0
True label 1 Full 1 4Bit 1 5Bit 1 6Bit 1
True label 0 Full 1 4Bit 1 5Bit 1 6Bit 1
True label 1 Full 1 4Bit 1 5Bit 1 6Bit 1
True label 1 Full 1 4Bit 1 5Bit 1 6Bit 1
True label 0 Full 0 4Bit 1 5Bit 0 6Bit 1
True label 0 Full 0 4Bit 0 5Bit 0 6Bit 0
True label 0 Full 0 4Bit 0 5Bit 0 6Bit 0
True label 0 Full 0 4Bit 0 5Bit 0 6Bit 0
True label 0 Full 0 4Bit 0 5Bit 0 6Bit 0
True label 0 Full 0 4Bit 0 5Bit 0 6Bit 0
True label 1 Full 1 4Bit 1 5Bit 1 6Bit 1
True label 0 Full 0 4Bit 0 5Bit 0 6Bit 0
True label 0 Full 0 4Bit 0 5Bit 0 6Bit 0
True label 0 Full 1 4Bit 0 5Bit 0 6Bit 0
True label 1 Full 1 4Bit 0 5Bit 1 6Bit 1
True label 1 Full 1 4Bit 1 5Bit 1 6Bit 1
True label 1 Full 1 4Bit 1 5Bit 1 6Bit 1
True label 1 Full 1 4Bit 1 5Bit 1 6Bit 1
True label 1 Full 1 4Bit 1 5Bit 1 6Bit 1
True label 1 Full 1 4Bit 0 5Bit 1 6Bit 1
True label 0 Full 0 4Bit 0 5Bit 0 6Bit 0
True label 0 Full 0 4Bit 0 5Bit 0 6Bit 0
True label 0 Full 0 4Bit 0 5Bit 0 6Bit 0
True label 0 Full 0 4Bit 0 5Bit 0 6Bit 0
True label 0 Full 0 4Bit 0 5Bit 0 6Bit 0
True label 1 Full 1 4Bit 1 5Bit 1 6Bit 1
True label 1 Full 1 4Bit 1 5Bit 1 6Bit 1
True label 0 Full 0 4Bit 0 5Bit 0 6Bit 0
True label 1 Full 1 4Bit 1 5Bit 1 6Bit 1
True label 0 Full 0 4Bit 0 5Bit 0 6Bit 0
True label 0 Full 0 4Bit 0 5Bit 0 6Bit 1
True label 1 Full 0 4Bit 0 5Bit 0 6Bit 0
True label 0 Full 0 4Bit 0 5Bit 0 6Bit 0
True label 1 Full 1 4Bit 1 5Bit 1 6Bit 1
True label 0 Full 0 4Bit 0 5Bit 0 6Bit 0
True label 1 Full 1 4Bit 1 5Bit 1 6Bit 1
True label 0 Full 0 4Bit 0 5Bit 0 6Bit 0
True label 1 Full 1 4Bit 1 5Bit 1 6Bit 1
True label 0 Full 0 4Bit 0 5Bit 0 6Bit 0
True label 1 Full 1 4Bit 1 5Bit 1 6Bit 1
True label 0 Full 0 4Bit 0 5Bit 0 6Bit 0
True label 0 Full 0 4Bit 1 5Bit 0 6Bit 0
True label 1 Full 1 4Bit 0 5Bit 0 6Bit 1
True label 0 Full 0 4Bit 0 5Bit 0 6Bit 0
True label 0 Full 0 4Bit 0 5Bit 0 6Bit 0
True label 0 Full 0 4Bit 0 5Bit 0 6Bit 0
True label 1 Full 1 4Bit 1 5Bit 1 6Bit 1
True label 0 Full 0 4Bit 0 5Bit 0 6Bit 0
True label 0 Full 0 4Bit 0 5Bit 0 6Bit 0
True label 0 Full 0 4Bit 1 5Bit 0 6Bit 1
True label 1 Full 1 4Bit 1 5Bit 1 6Bit 1
True label 1 Full 1 4Bit 1 5Bit 1 6Bit 1
True label 1 Full 1 4Bit 1 5Bit 1 6Bit 1
True label 0 Full 0 4Bit 0 5Bit 0 6Bit 0
True label 1 Full 1 4Bit 1 5Bit 1 6Bit 1
True label 1 Full 1 4Bit 1 5Bit 1 6Bit 1
True label 0 Full 0 4Bit 0 5Bit 0 6Bit 0
True label 0 Full 0 4Bit 0 5Bit 0 6Bit 0
True label 1 Full 1 4Bit 0 5Bit 0 6Bit 1
True label 1 Full 1 4Bit 1 5Bit 1 6Bit 1
True label 0 Full 0 4Bit 0 5Bit 0 6Bit 0
True label 0 Full 0 4Bit 0 5Bit 0 6Bit 0
True label 1 Full 0 4Bit 0 5Bit 0 6Bit 0
True label 1 Full 1 4Bit 1 5Bit 0 6Bit 1
True label 0 Full 0 4Bit 0 5Bit 0 6Bit 0
True label 0 Full 0 4Bit 0 5Bit 0 6Bit 0
True label 0 Full 0 4Bit 1 5Bit 0 6Bit 0
True label 0 Full 0 4Bit 0 5Bit 0 6Bit 0
True label 1 Full 1 4Bit 1 5Bit 1 6Bit 1
True label 0 Full 0 4Bit 0 5Bit 0 6Bit 0
True label 0 Full 0 4Bit 0 5Bit 0 6Bit 0
True label 0 Full 0 4Bit 1 5Bit 0 6Bit 0
True label 1 Full 1 4Bit 1 5Bit 1 6Bit 1
True label 0 Full 0 4Bit 0 5Bit 0 6Bit 0
True label 1 Full 1 4Bit 1 5Bit 1 6Bit 1
True label 1 Full 1 4Bit 1 5Bit 1 6Bit 1
True label 0 Full 0 4Bit 1 5Bit 0 6Bit 0
True label 0 Full 0 4Bit 0 5Bit 0 6Bit 0
True label 0 Full 0 4Bit 0 5Bit 0 6Bit 0
True label 1 Full 1 4Bit 1 5Bit 1 6Bit 1
True label 1 Full 1 4Bit 1 5Bit 1 6Bit 1
True label 0 Full 0 4Bit 0 5Bit 0 6Bit 0
True label 1 Full 1 4Bit 1 5Bit 0 6Bit 1
True label 1 Full 1 4Bit 1 5Bit 1 6Bit 1
True label 0 Full 0 4Bit 0 5Bit 0 6Bit 0
True label 0 Full 0 4Bit 0 5Bit 0 6Bit 0
True label 1 Full 1 4Bit 1 5Bit 1 6Bit 1
True label 1 Full 0 4Bit 1 5Bit 0 6Bit 0
True label 1 Full 1 4Bit 0 5Bit 0 6Bit 1
True label 0 Full 0 4Bit 0 5Bit 0 6Bit 0
True label 0 Full 0 4Bit 0 5Bit 0 6Bit 0
True label 0 Full 0 4Bit 0 5Bit 0 6Bit 0
True label 0 Full 0 4Bit 0 5Bit 0 6Bit 0
True label 1 Full 1 4Bit 1 5Bit 1 6Bit 1
True label 1 Full 1 4Bit 1 5Bit 1 6Bit 1
True label 0 Full 0 4Bit 0 5Bit 0 6Bit 0
True label 0 Full 0 4Bit 0 5Bit 0 6Bit 0
True label 0 Full 0 4Bit 0 5Bit 0 6Bit 0
True label 1 Full 1 4Bit 0 5Bit 0 6Bit 1
True label 0 Full 0 4Bit 1 5Bit 0 6Bit 0
True label 1 Full 0 4Bit 0 5Bit 0 6Bit 0
True label 1 Full 1 4Bit 1 5Bit 1 6Bit 1
True label 0 Full 0 4Bit 0 5Bit 0 6Bit 0
True label 1 Full 1 4Bit 1 5Bit 1 6Bit 1
True label 1 Full 1 4Bit 1 5Bit 1 6Bit 1
True label 1 Full 1 4Bit 1 5Bit 1 6Bit 1
True label 1 Full 1 4Bit 1 5Bit 1 6Bit 1
True label 0 Full 0 4Bit 0 5Bit 0 6Bit 0
True label 1 Full 1 4Bit 1 5Bit 1 6Bit 1
True label 0 Full 0 4Bit 0 5Bit 0 6Bit 0
True label 0 Full 0 4Bit 0 5Bit 0 6Bit 0
True label 1 Full 1 4Bit 1 5Bit 0 6Bit 1
True label 1 Full 0 4Bit 1 5Bit 0 6Bit 1
True label 1 Full 1 4Bit 1 5Bit 1 6Bit 1
True label 1 Full 1 4Bit 0 5Bit 1 6Bit 1
True label 0 Full 0 4Bit 0 5Bit 0 6Bit 0
True label 0 Full 0 4Bit 1 5Bit 0 6Bit 0
True label 0 Full 0 4Bit 0 5Bit 0 6Bit 1
True label 1 Full 0 4Bit 0 5Bit 0 6Bit 1
True label 0 Full 0 4Bit 0 5Bit 0 6Bit 0
True label 0 Full 0 4Bit 0 5Bit 0 6Bit 0
True label 1 Full 1 4Bit 1 5Bit 1 6Bit 1
True label 0 Full 0 4Bit 0 5Bit 0 6Bit 0
True label 0 Full 0 4Bit 0 5Bit 0 6Bit 0
True label 0 Full 0 4Bit 0 5Bit 0 6Bit 0
True label 0 Full 0 4Bit 0 5Bit 0 6Bit 0
True label 1 Full 1 4Bit 1 5Bit 0 6Bit 1
True label 1 Full 1 4Bit 1 5Bit 1 6Bit 1
True label 0 Full 0 4Bit 0 5Bit 0 6Bit 0
True label 0 Full 0 4Bit 1 5Bit 0 6Bit 0
True label 1 Full 1 4Bit 1 5Bit 1 6Bit 1
True label 1 Full 0 4Bit 0 5Bit 0 6Bit 0
True label 0 Full 0 4Bit 0 5Bit 0 6Bit 0
True label 1 Full 1 4Bit 1 5Bit 1 6Bit 1
True label 1 Full 1 4Bit 1 5Bit 1 6Bit 1
True label 1 Full 0 4Bit 0 5Bit 0 6Bit 0
True label 0 Full 0 4Bit 0 5Bit 0 6Bit 0
True label 1 Full 1 4Bit 1 5Bit 1 6Bit 1
True label 1 Full 1 4Bit 0 5Bit 0 6Bit 0
True label 0 Full 1 4Bit 0 5Bit 0 6Bit 1
True label 0 Full 0 4Bit 0 5Bit 0 6Bit 0
True label 0 Full 1 4Bit 0 5Bit 1 6Bit 1
True label 0 Full 0 4Bit 0 5Bit 0 6Bit 0
True label 0 Full 0 4Bit 0 5Bit 0 6Bit 0
True label 1 Full 1 4Bit 1 5Bit 1 6Bit 1
True label 0 Full 0 4Bit 1 5Bit 0 6Bit 0
True label 1 Full 1 4Bit 1 5Bit 1 6Bit 1
True label 0 Full 0 4Bit 0 5Bit 1 6Bit 0
True label 1 Full 1 4Bit 1 5Bit 1 6Bit 1
True label 1 Full 1 4Bit 1 5Bit 1 6Bit 1
True label 1 Full 1 4Bit 0 5Bit 1 6Bit 1
True label 1 Full 1 4Bit 1 5Bit 1 6Bit 1
True label 1 Full 0 4Bit 0 5Bit 0 6Bit 0
True label 0 Full 0 4Bit 0 5Bit 0 6Bit 0
True label 0 Full 0 4Bit 1 5Bit 1 6Bit 0
True label 0 Full 0 4Bit 0 5Bit 0 6Bit 0
True label 1 Full 1 4Bit 0 5Bit 1 6Bit 1
True label 0 Full 0 4Bit 1 5Bit 0 6Bit 0
True label 0 Full 0 4Bit 0 5Bit 0 6Bit 0
True label 0 Full 0 4Bit 0 5Bit 0 6Bit 0
True label 0 Full 0 4Bit 1 5Bit 0 6Bit 0
True label 0 Full 0 4Bit 0 5Bit 0 6Bit 0
True label 1 Full 0 4Bit 1 5Bit 1 6Bit 1
True label 0 Full 0 4Bit 0 5Bit 0 6Bit 0
True label 1 Full 1 4Bit 1 5Bit 1 6Bit 1
True label 0 Full 0 4Bit 0 5Bit 0 6Bit 0
True label 1 Full 1 4Bit 1 5Bit 1 6Bit 1
True label 0 Full 0 4Bit 0 5Bit 0 6Bit 0
True label 0 Full 0 4Bit 0 5Bit 0 6Bit 0
True label 1 Full 1 4Bit 1 5Bit 0 6Bit 1
True label 1 Full 1 4Bit 1 5Bit 1 6Bit 1
True label 0 Full 0 4Bit 0 5Bit 0 6Bit 0
True label 1 Full 1 4Bit 1 5Bit 1 6Bit 1
True label 1 Full 1 4Bit 1 5Bit 1 6Bit 1
True label 0 Full 0 4Bit 0 5Bit 0 6Bit 0
True label 1 Full 1 4Bit 1 5Bit 1 6Bit 1
True label 1 Full 0 4Bit 1 5Bit 1 6Bit 1
True label 0 Full 0 4Bit 0 5Bit 0 6Bit 0
True label 0 Full 0 4Bit 1 5Bit 0 6Bit 0
Test accuracy: Full: 0.902 4bit: 0.833 5bit: 0.855 6bit: 0.897
{'test_acc': [0.902, 0.833, 0.855, 0.897, 0.905], 'final_out_power': [0.5374292135238647, 9.402255058288574, 3.9781100749969482, 1.6581223011016846], 'final_out_mse': [0.002477620029821992, 0.08202671259641647, 0.03012276254594326, 0.03652330860495567], 'mfr': [27.924649479166668, 33.053290885416665, 30.692038020833333, 28.275071875000002], 'dynamics_power': [0.0009202716173604131, 0.005676599685102701, 0.002808978082612157, 0.0022211361210793257], 'dynamics_mse': [0.001668337150476873, 0.02410907670855522, 0.010682710446417332, 0.005777690093964338]}
[2020-09-13 16:09:21.571006] test = nan
