No module named 'brian2'
No module named 'brian2'
No module named 'brian2'
No module named 'torch'
No module named 'torch'
No module named 'nest'.
No module named 'nest'.
No module named 'rpyc'
No module named 'rpyc'
No module named 'rpyc'
No module named 'nest'.
cannot import name 'FFExpSynBrian'
Loading network...
[INFO] - HeySnips -  Running with tracking deactivated
gain 5.5 val acc 0.536 
gain 1.0555555555555556 val acc 0.852 
gain 1.2575757575757576 val acc 0.898 
[2020-09-13 11:34:30.927967] train_loss = 0.0
[2020-09-13 11:34:30.947212] train = nan
[2020-09-13 11:34:30.947230] val = nan
[2020-09-13 11:34:30.947234] test = nan
True label 1 Full 1 4Bit 0 5Bit 1 6Bit 1
True label 1 Full 0 4Bit 0 5Bit 0 6Bit 0
True label 1 Full 1 4Bit 0 5Bit 1 6Bit 1
True label 1 Full 1 4Bit 0 5Bit 1 6Bit 1
True label 0 Full 0 4Bit 0 5Bit 0 6Bit 0
True label 0 Full 0 4Bit 0 5Bit 1 6Bit 0
True label 0 Full 0 4Bit 0 5Bit 0 6Bit 0
True label 0 Full 0 4Bit 0 5Bit 0 6Bit 0
True label 1 Full 1 4Bit 0 5Bit 1 6Bit 1
True label 0 Full 0 4Bit 0 5Bit 0 6Bit 0
True label 1 Full 1 4Bit 0 5Bit 1 6Bit 1
True label 1 Full 0 4Bit 0 5Bit 0 6Bit 1
True label 1 Full 1 4Bit 0 5Bit 0 6Bit 1
True label 0 Full 0 4Bit 0 5Bit 0 6Bit 0
True label 1 Full 1 4Bit 0 5Bit 1 6Bit 1
True label 0 Full 0 4Bit 0 5Bit 0 6Bit 0
True label 0 Full 0 4Bit 0 5Bit 0 6Bit 0
True label 0 Full 0 4Bit 0 5Bit 0 6Bit 0
True label 1 Full 1 4Bit 0 5Bit 1 6Bit 1
True label 1 Full 1 4Bit 0 5Bit 1 6Bit 1
True label 0 Full 0 4Bit 0 5Bit 0 6Bit 0
True label 1 Full 1 4Bit 0 5Bit 1 6Bit 1
True label 1 Full 1 4Bit 1 5Bit 1 6Bit 1
True label 1 Full 1 4Bit 0 5Bit 1 6Bit 1
True label 1 Full 1 4Bit 0 5Bit 1 6Bit 1
True label 0 Full 0 4Bit 0 5Bit 0 6Bit 0
True label 1 Full 0 4Bit 0 5Bit 1 6Bit 0
True label 1 Full 1 4Bit 0 5Bit 1 6Bit 1
True label 1 Full 0 4Bit 0 5Bit 1 6Bit 0
True label 1 Full 1 4Bit 0 5Bit 0 6Bit 1
True label 1 Full 0 4Bit 0 5Bit 1 6Bit 0
True label 1 Full 1 4Bit 0 5Bit 1 6Bit 1
True label 1 Full 1 4Bit 0 5Bit 0 6Bit 1
True label 1 Full 1 4Bit 1 5Bit 1 6Bit 1
True label 0 Full 0 4Bit 0 5Bit 0 6Bit 0
True label 0 Full 0 4Bit 0 5Bit 0 6Bit 0
True label 1 Full 1 4Bit 0 5Bit 1 6Bit 1
True label 0 Full 0 4Bit 0 5Bit 1 6Bit 1
True label 0 Full 0 4Bit 0 5Bit 0 6Bit 0
True label 1 Full 1 4Bit 1 5Bit 1 6Bit 1
True label 1 Full 1 4Bit 0 5Bit 1 6Bit 1
True label 1 Full 1 4Bit 0 5Bit 1 6Bit 1
True label 1 Full 1 4Bit 0 5Bit 1 6Bit 1
True label 1 Full 1 4Bit 0 5Bit 1 6Bit 1
True label 0 Full 0 4Bit 0 5Bit 0 6Bit 0
True label 1 Full 1 4Bit 0 5Bit 0 6Bit 1
True label 1 Full 1 4Bit 0 5Bit 1 6Bit 1
True label 1 Full 1 4Bit 0 5Bit 1 6Bit 1
True label 1 Full 1 4Bit 0 5Bit 1 6Bit 1
True label 1 Full 1 4Bit 0 5Bit 1 6Bit 1
True label 0 Full 0 4Bit 0 5Bit 0 6Bit 0
True label 0 Full 1 4Bit 0 5Bit 1 6Bit 1
True label 1 Full 0 4Bit 0 5Bit 0 6Bit 0
True label 0 Full 0 4Bit 0 5Bit 0 6Bit 0
True label 1 Full 1 4Bit 1 5Bit 1 6Bit 1
True label 1 Full 1 4Bit 0 5Bit 1 6Bit 1
True label 1 Full 1 4Bit 0 5Bit 1 6Bit 1
True label 0 Full 0 4Bit 0 5Bit 0 6Bit 0
True label 1 Full 1 4Bit 0 5Bit 0 6Bit 1
True label 1 Full 1 4Bit 1 5Bit 1 6Bit 1
True label 0 Full 0 4Bit 0 5Bit 0 6Bit 0
True label 1 Full 1 4Bit 0 5Bit 1 6Bit 1
True label 0 Full 0 4Bit 0 5Bit 0 6Bit 0
True label 1 Full 1 4Bit 0 5Bit 1 6Bit 1
True label 0 Full 0 4Bit 0 5Bit 0 6Bit 0
True label 1 Full 1 4Bit 0 5Bit 1 6Bit 1
True label 0 Full 0 4Bit 0 5Bit 0 6Bit 0
True label 0 Full 0 4Bit 0 5Bit 1 6Bit 0
True label 1 Full 1 4Bit 1 5Bit 1 6Bit 1
True label 1 Full 1 4Bit 0 5Bit 0 6Bit 1
True label 1 Full 1 4Bit 0 5Bit 1 6Bit 1
True label 0 Full 1 4Bit 0 5Bit 1 6Bit 1
True label 0 Full 0 4Bit 0 5Bit 0 6Bit 0
True label 1 Full 0 4Bit 0 5Bit 0 6Bit 0
True label 1 Full 1 4Bit 0 5Bit 1 6Bit 1
True label 0 Full 0 4Bit 0 5Bit 0 6Bit 0
True label 1 Full 1 4Bit 0 5Bit 1 6Bit 1
True label 1 Full 1 4Bit 0 5Bit 1 6Bit 1
True label 1 Full 1 4Bit 1 5Bit 1 6Bit 1
True label 0 Full 0 4Bit 0 5Bit 0 6Bit 0
True label 0 Full 0 4Bit 0 5Bit 0 6Bit 0
True label 1 Full 1 4Bit 1 5Bit 1 6Bit 1
True label 1 Full 1 4Bit 0 5Bit 1 6Bit 1
True label 0 Full 0 4Bit 0 5Bit 0 6Bit 0
True label 1 Full 1 4Bit 0 5Bit 0 6Bit 1
True label 1 Full 1 4Bit 0 5Bit 1 6Bit 1
True label 1 Full 1 4Bit 0 5Bit 0 6Bit 1
True label 1 Full 1 4Bit 1 5Bit 1 6Bit 0
True label 1 Full 1 4Bit 1 5Bit 1 6Bit 1
True label 1 Full 1 4Bit 0 5Bit 1 6Bit 1
True label 0 Full 0 4Bit 0 5Bit 0 6Bit 0
True label 1 Full 1 4Bit 0 5Bit 1 6Bit 1
True label 0 Full 0 4Bit 0 5Bit 0 6Bit 0
True label 1 Full 1 4Bit 0 5Bit 1 6Bit 1
True label 1 Full 1 4Bit 0 5Bit 1 6Bit 1
True label 0 Full 0 4Bit 0 5Bit 0 6Bit 0
True label 1 Full 1 4Bit 1 5Bit 1 6Bit 1
True label 1 Full 1 4Bit 0 5Bit 1 6Bit 1
True label 1 Full 1 4Bit 0 5Bit 1 6Bit 1
True label 1 Full 1 4Bit 0 5Bit 1 6Bit 1
True label 0 Full 0 4Bit 0 5Bit 0 6Bit 0
True label 1 Full 1 4Bit 0 5Bit 0 6Bit 1
True label 1 Full 0 4Bit 0 5Bit 0 6Bit 0
True label 1 Full 1 4Bit 0 5Bit 1 6Bit 1
True label 1 Full 1 4Bit 0 5Bit 0 6Bit 1
True label 0 Full 0 4Bit 0 5Bit 0 6Bit 0
True label 0 Full 0 4Bit 0 5Bit 0 6Bit 0
True label 0 Full 0 4Bit 0 5Bit 0 6Bit 0
True label 1 Full 1 4Bit 0 5Bit 1 6Bit 1
True label 1 Full 1 4Bit 0 5Bit 1 6Bit 1
True label 0 Full 0 4Bit 0 5Bit 0 6Bit 0
True label 1 Full 1 4Bit 0 5Bit 0 6Bit 1
True label 1 Full 1 4Bit 1 5Bit 1 6Bit 1
True label 0 Full 0 4Bit 0 5Bit 0 6Bit 0
True label 0 Full 0 4Bit 0 5Bit 0 6Bit 0
True label 1 Full 1 4Bit 0 5Bit 1 6Bit 1
True label 0 Full 0 4Bit 0 5Bit 0 6Bit 0
True label 1 Full 1 4Bit 0 5Bit 1 6Bit 1
True label 1 Full 1 4Bit 1 5Bit 1 6Bit 1
True label 1 Full 1 4Bit 1 5Bit 1 6Bit 1
True label 0 Full 1 4Bit 0 5Bit 0 6Bit 1
True label 0 Full 0 4Bit 0 5Bit 0 6Bit 0
True label 0 Full 0 4Bit 0 5Bit 0 6Bit 0
True label 0 Full 0 4Bit 0 5Bit 0 6Bit 0
True label 1 Full 1 4Bit 1 5Bit 1 6Bit 1
True label 0 Full 0 4Bit 0 5Bit 0 6Bit 0
True label 1 Full 1 4Bit 0 5Bit 0 6Bit 1
True label 1 Full 1 4Bit 1 5Bit 1 6Bit 1
True label 1 Full 0 4Bit 0 5Bit 1 6Bit 0
True label 1 Full 1 4Bit 0 5Bit 1 6Bit 1
True label 0 Full 0 4Bit 0 5Bit 1 6Bit 0
True label 0 Full 0 4Bit 0 5Bit 0 6Bit 0
True label 1 Full 1 4Bit 0 5Bit 1 6Bit 1
True label 0 Full 0 4Bit 0 5Bit 0 6Bit 0
True label 1 Full 1 4Bit 0 5Bit 1 6Bit 1
True label 0 Full 0 4Bit 0 5Bit 0 6Bit 0
True label 0 Full 0 4Bit 0 5Bit 0 6Bit 0
True label 0 Full 0 4Bit 0 5Bit 0 6Bit 0
True label 1 Full 0 4Bit 0 5Bit 1 6Bit 0
True label 0 Full 0 4Bit 0 5Bit 0 6Bit 0
True label 1 Full 1 4Bit 1 5Bit 1 6Bit 1
True label 1 Full 1 4Bit 0 5Bit 1 6Bit 1
True label 1 Full 1 4Bit 0 5Bit 1 6Bit 1
True label 1 Full 1 4Bit 0 5Bit 1 6Bit 1
True label 1 Full 1 4Bit 1 5Bit 1 6Bit 1
True label 0 Full 0 4Bit 0 5Bit 0 6Bit 0
True label 0 Full 0 4Bit 0 5Bit 0 6Bit 1
True label 1 Full 1 4Bit 0 5Bit 1 6Bit 1
True label 0 Full 0 4Bit 0 5Bit 0 6Bit 0
True label 1 Full 1 4Bit 0 5Bit 1 6Bit 1
True label 1 Full 1 4Bit 0 5Bit 1 6Bit 1
True label 0 Full 0 4Bit 0 5Bit 0 6Bit 0
True label 0 Full 0 4Bit 0 5Bit 0 6Bit 0
True label 1 Full 1 4Bit 0 5Bit 1 6Bit 1
True label 0 Full 1 4Bit 0 5Bit 0 6Bit 0
True label 1 Full 1 4Bit 0 5Bit 1 6Bit 1
True label 1 Full 1 4Bit 1 5Bit 1 6Bit 1
True label 0 Full 0 4Bit 0 5Bit 0 6Bit 0
True label 1 Full 1 4Bit 1 5Bit 1 6Bit 1
True label 0 Full 0 4Bit 0 5Bit 0 6Bit 0
True label 1 Full 1 4Bit 0 5Bit 1 6Bit 1
True label 0 Full 0 4Bit 0 5Bit 0 6Bit 0
True label 1 Full 1 4Bit 0 5Bit 1 6Bit 1
True label 0 Full 1 4Bit 0 5Bit 0 6Bit 0
True label 1 Full 1 4Bit 0 5Bit 1 6Bit 1
True label 0 Full 0 4Bit 0 5Bit 0 6Bit 0
True label 0 Full 0 4Bit 0 5Bit 0 6Bit 0
True label 1 Full 1 4Bit 0 5Bit 1 6Bit 1
True label 1 Full 1 4Bit 0 5Bit 1 6Bit 1
True label 0 Full 0 4Bit 0 5Bit 0 6Bit 0
True label 1 Full 1 4Bit 0 5Bit 1 6Bit 1
True label 0 Full 0 4Bit 0 5Bit 0 6Bit 0
True label 1 Full 1 4Bit 1 5Bit 1 6Bit 1
True label 0 Full 0 4Bit 0 5Bit 0 6Bit 0
True label 1 Full 1 4Bit 0 5Bit 1 6Bit 1
True label 1 Full 1 4Bit 0 5Bit 0 6Bit 1
True label 0 Full 0 4Bit 0 5Bit 0 6Bit 0
True label 1 Full 1 4Bit 0 5Bit 1 6Bit 1
True label 0 Full 0 4Bit 0 5Bit 0 6Bit 0
True label 0 Full 0 4Bit 0 5Bit 0 6Bit 0
True label 0 Full 0 4Bit 0 5Bit 0 6Bit 0
True label 0 Full 1 4Bit 0 5Bit 1 6Bit 1
True label 1 Full 1 4Bit 0 5Bit 1 6Bit 1
True label 0 Full 0 4Bit 0 5Bit 0 6Bit 0
True label 0 Full 0 4Bit 0 5Bit 0 6Bit 0
True label 0 Full 0 4Bit 0 5Bit 0 6Bit 0
True label 0 Full 0 4Bit 0 5Bit 0 6Bit 0
True label 1 Full 1 4Bit 0 5Bit 1 6Bit 1
True label 1 Full 1 4Bit 0 5Bit 0 6Bit 1
True label 1 Full 1 4Bit 0 5Bit 1 6Bit 1
True label 0 Full 0 4Bit 0 5Bit 0 6Bit 0
True label 1 Full 1 4Bit 0 5Bit 1 6Bit 1
True label 1 Full 1 4Bit 0 5Bit 1 6Bit 1
True label 1 Full 1 4Bit 0 5Bit 1 6Bit 1
True label 1 Full 1 4Bit 0 5Bit 0 6Bit 1
True label 1 Full 1 4Bit 0 5Bit 1 6Bit 1
True label 1 Full 1 4Bit 0 5Bit 0 6Bit 0
True label 0 Full 1 4Bit 0 5Bit 1 6Bit 1
True label 1 Full 0 4Bit 0 5Bit 0 6Bit 0
True label 1 Full 1 4Bit 0 5Bit 0 6Bit 0
True label 1 Full 1 4Bit 0 5Bit 1 6Bit 1
True label 1 Full 1 4Bit 0 5Bit 1 6Bit 1
True label 0 Full 0 4Bit 0 5Bit 0 6Bit 0
True label 1 Full 1 4Bit 1 5Bit 1 6Bit 1
True label 1 Full 0 4Bit 0 5Bit 0 6Bit 0
True label 1 Full 1 4Bit 0 5Bit 0 6Bit 0
True label 0 Full 0 4Bit 0 5Bit 0 6Bit 0
True label 1 Full 1 4Bit 0 5Bit 0 6Bit 1
True label 1 Full 1 4Bit 0 5Bit 1 6Bit 1
True label 1 Full 1 4Bit 1 5Bit 1 6Bit 1
True label 1 Full 1 4Bit 1 5Bit 1 6Bit 1
True label 1 Full 1 4Bit 0 5Bit 1 6Bit 1
True label 1 Full 1 4Bit 0 5Bit 1 6Bit 1
True label 0 Full 0 4Bit 0 5Bit 1 6Bit 0
True label 0 Full 0 4Bit 0 5Bit 0 6Bit 0
True label 0 Full 0 4Bit 0 5Bit 0 6Bit 0
True label 1 Full 1 4Bit 0 5Bit 1 6Bit 1
True label 1 Full 1 4Bit 0 5Bit 1 6Bit 1
True label 1 Full 1 4Bit 0 5Bit 1 6Bit 1
True label 1 Full 1 4Bit 0 5Bit 1 6Bit 1
True label 1 Full 1 4Bit 0 5Bit 1 6Bit 1
True label 1 Full 1 4Bit 0 5Bit 1 6Bit 1
True label 0 Full 0 4Bit 0 5Bit 0 6Bit 0
True label 0 Full 0 4Bit 0 5Bit 0 6Bit 0
True label 1 Full 1 4Bit 0 5Bit 1 6Bit 1
True label 1 Full 0 4Bit 0 5Bit 0 6Bit 0
True label 0 Full 0 4Bit 0 5Bit 0 6Bit 0
True label 0 Full 0 4Bit 0 5Bit 0 6Bit 0
True label 0 Full 0 4Bit 0 5Bit 0 6Bit 0
True label 1 Full 0 4Bit 0 5Bit 0 6Bit 0
True label 0 Full 0 4Bit 0 5Bit 1 6Bit 0
True label 1 Full 1 4Bit 0 5Bit 1 6Bit 1
True label 1 Full 1 4Bit 0 5Bit 1 6Bit 1
True label 1 Full 0 4Bit 0 5Bit 0 6Bit 0
True label 0 Full 0 4Bit 0 5Bit 0 6Bit 0
True label 1 Full 1 4Bit 0 5Bit 1 6Bit 1
True label 0 Full 0 4Bit 0 5Bit 0 6Bit 1
True label 0 Full 0 4Bit 0 5Bit 0 6Bit 0
True label 0 Full 0 4Bit 0 5Bit 0 6Bit 0
True label 1 Full 1 4Bit 0 5Bit 0 6Bit 1
True label 1 Full 1 4Bit 0 5Bit 0 6Bit 1
True label 1 Full 1 4Bit 0 5Bit 1 6Bit 1
True label 1 Full 1 4Bit 1 5Bit 1 6Bit 1
True label 1 Full 1 4Bit 1 5Bit 1 6Bit 1
True label 0 Full 0 4Bit 0 5Bit 0 6Bit 0
True label 0 Full 0 4Bit 0 5Bit 0 6Bit 0
True label 0 Full 0 4Bit 0 5Bit 0 6Bit 0
True label 1 Full 1 4Bit 0 5Bit 1 6Bit 1
True label 1 Full 1 4Bit 0 5Bit 1 6Bit 1
True label 0 Full 1 4Bit 0 5Bit 0 6Bit 1
True label 1 Full 1 4Bit 0 5Bit 1 6Bit 1
True label 1 Full 1 4Bit 0 5Bit 1 6Bit 1
True label 0 Full 0 4Bit 0 5Bit 0 6Bit 0
True label 1 Full 1 4Bit 0 5Bit 1 6Bit 1
True label 0 Full 0 4Bit 0 5Bit 0 6Bit 0
True label 0 Full 0 4Bit 0 5Bit 0 6Bit 1
True label 1 Full 1 4Bit 0 5Bit 1 6Bit 1
True label 1 Full 1 4Bit 0 5Bit 1 6Bit 1
True label 1 Full 1 4Bit 0 5Bit 1 6Bit 1
True label 0 Full 0 4Bit 0 5Bit 0 6Bit 0
True label 0 Full 0 4Bit 0 5Bit 0 6Bit 0
True label 0 Full 0 4Bit 0 5Bit 0 6Bit 0
True label 0 Full 0 4Bit 0 5Bit 0 6Bit 0
True label 1 Full 1 4Bit 1 5Bit 1 6Bit 1
True label 0 Full 0 4Bit 0 5Bit 0 6Bit 0
True label 0 Full 1 4Bit 1 5Bit 1 6Bit 1
True label 0 Full 0 4Bit 0 5Bit 0 6Bit 0
True label 1 Full 1 4Bit 0 5Bit 1 6Bit 1
True label 0 Full 1 4Bit 0 5Bit 0 6Bit 1
True label 0 Full 1 4Bit 0 5Bit 0 6Bit 0
True label 0 Full 0 4Bit 0 5Bit 0 6Bit 0
True label 0 Full 0 4Bit 0 5Bit 0 6Bit 0
True label 0 Full 0 4Bit 0 5Bit 0 6Bit 0
True label 0 Full 0 4Bit 0 5Bit 0 6Bit 0
True label 0 Full 0 4Bit 0 5Bit 0 6Bit 0
True label 1 Full 1 4Bit 0 5Bit 1 6Bit 1
True label 0 Full 0 4Bit 0 5Bit 0 6Bit 1
True label 0 Full 0 4Bit 0 5Bit 0 6Bit 0
True label 1 Full 0 4Bit 0 5Bit 1 6Bit 0
True label 0 Full 0 4Bit 0 5Bit 0 6Bit 0
True label 0 Full 0 4Bit 0 5Bit 0 6Bit 0
True label 1 Full 1 4Bit 0 5Bit 1 6Bit 1
True label 1 Full 1 4Bit 0 5Bit 1 6Bit 1
True label 1 Full 1 4Bit 0 5Bit 1 6Bit 1
True label 0 Full 0 4Bit 0 5Bit 0 6Bit 1
True label 0 Full 0 4Bit 0 5Bit 0 6Bit 0
True label 1 Full 1 4Bit 1 5Bit 1 6Bit 1
True label 0 Full 0 4Bit 0 5Bit 0 6Bit 0
True label 1 Full 1 4Bit 0 5Bit 1 6Bit 1
True label 1 Full 1 4Bit 0 5Bit 1 6Bit 1
True label 0 Full 0 4Bit 0 5Bit 0 6Bit 0
True label 1 Full 1 4Bit 0 5Bit 1 6Bit 1
True label 1 Full 1 4Bit 1 5Bit 1 6Bit 1
True label 0 Full 0 4Bit 0 5Bit 0 6Bit 0
True label 1 Full 1 4Bit 1 5Bit 1 6Bit 1
True label 1 Full 1 4Bit 0 5Bit 1 6Bit 1
True label 0 Full 0 4Bit 0 5Bit 0 6Bit 0
True label 0 Full 0 4Bit 0 5Bit 0 6Bit 0
True label 1 Full 1 4Bit 0 5Bit 1 6Bit 1
True label 1 Full 0 4Bit 0 5Bit 0 6Bit 0
True label 1 Full 0 4Bit 0 5Bit 0 6Bit 0
True label 1 Full 1 4Bit 0 5Bit 1 6Bit 1
True label 0 Full 0 4Bit 0 5Bit 0 6Bit 0
True label 0 Full 0 4Bit 0 5Bit 0 6Bit 0
True label 1 Full 1 4Bit 1 5Bit 1 6Bit 1
True label 0 Full 1 4Bit 0 5Bit 0 6Bit 0
True label 0 Full 0 4Bit 0 5Bit 1 6Bit 0
True label 1 Full 1 4Bit 0 5Bit 1 6Bit 1
True label 0 Full 0 4Bit 0 5Bit 1 6Bit 0
True label 0 Full 0 4Bit 0 5Bit 0 6Bit 0
True label 1 Full 1 4Bit 1 5Bit 1 6Bit 1
True label 0 Full 0 4Bit 0 5Bit 0 6Bit 0
True label 1 Full 1 4Bit 0 5Bit 1 6Bit 1
True label 0 Full 0 4Bit 0 5Bit 0 6Bit 0
True label 1 Full 1 4Bit 0 5Bit 1 6Bit 1
True label 1 Full 1 4Bit 0 5Bit 1 6Bit 1
True label 1 Full 1 4Bit 0 5Bit 1 6Bit 1
True label 1 Full 0 4Bit 0 5Bit 1 6Bit 0
True label 1 Full 1 4Bit 0 5Bit 1 6Bit 1
True label 0 Full 0 4Bit 0 5Bit 0 6Bit 0
True label 1 Full 1 4Bit 0 5Bit 1 6Bit 1
True label 0 Full 0 4Bit 0 5Bit 0 6Bit 0
True label 1 Full 1 4Bit 0 5Bit 1 6Bit 1
True label 0 Full 0 4Bit 0 5Bit 0 6Bit 0
True label 0 Full 0 4Bit 0 5Bit 0 6Bit 0
True label 0 Full 0 4Bit 0 5Bit 0 6Bit 0
True label 1 Full 1 4Bit 0 5Bit 1 6Bit 1
True label 1 Full 1 4Bit 0 5Bit 1 6Bit 1
True label 1 Full 1 4Bit 0 5Bit 1 6Bit 1
True label 0 Full 0 4Bit 0 5Bit 0 6Bit 0
True label 0 Full 1 4Bit 1 5Bit 1 6Bit 1
True label 0 Full 0 4Bit 0 5Bit 0 6Bit 0
True label 0 Full 0 4Bit 0 5Bit 0 6Bit 0
True label 1 Full 1 4Bit 0 5Bit 1 6Bit 1
True label 1 Full 0 4Bit 0 5Bit 0 6Bit 0
True label 0 Full 0 4Bit 0 5Bit 0 6Bit 0
True label 1 Full 1 4Bit 0 5Bit 1 6Bit 1
True label 0 Full 0 4Bit 0 5Bit 0 6Bit 0
True label 0 Full 0 4Bit 0 5Bit 0 6Bit 0
True label 1 Full 1 4Bit 1 5Bit 1 6Bit 1
True label 1 Full 1 4Bit 0 5Bit 1 6Bit 1
True label 0 Full 0 4Bit 0 5Bit 0 6Bit 0
True label 1 Full 1 4Bit 0 5Bit 0 6Bit 1
True label 0 Full 0 4Bit 0 5Bit 0 6Bit 0
True label 1 Full 1 4Bit 0 5Bit 1 6Bit 1
True label 0 Full 0 4Bit 0 5Bit 0 6Bit 0
True label 1 Full 1 4Bit 0 5Bit 1 6Bit 1
True label 1 Full 1 4Bit 1 5Bit 1 6Bit 1
True label 1 Full 1 4Bit 0 5Bit 1 6Bit 1
True label 1 Full 0 4Bit 0 5Bit 0 6Bit 0
True label 0 Full 0 4Bit 0 5Bit 0 6Bit 0
True label 0 Full 0 4Bit 0 5Bit 0 6Bit 0
True label 0 Full 0 4Bit 0 5Bit 0 6Bit 0
True label 0 Full 0 4Bit 0 5Bit 0 6Bit 0
True label 1 Full 1 4Bit 1 5Bit 1 6Bit 1
True label 1 Full 1 4Bit 0 5Bit 0 6Bit 1
True label 1 Full 1 4Bit 0 5Bit 1 6Bit 1
True label 1 Full 1 4Bit 1 5Bit 1 6Bit 1
True label 1 Full 1 4Bit 0 5Bit 0 6Bit 0
True label 0 Full 0 4Bit 0 5Bit 1 6Bit 0
True label 1 Full 1 4Bit 0 5Bit 0 6Bit 1
True label 1 Full 1 4Bit 1 5Bit 1 6Bit 1
True label 1 Full 1 4Bit 0 5Bit 1 6Bit 1
True label 0 Full 0 4Bit 0 5Bit 0 6Bit 0
True label 1 Full 1 4Bit 0 5Bit 1 6Bit 1
True label 1 Full 1 4Bit 0 5Bit 1 6Bit 1
True label 1 Full 1 4Bit 0 5Bit 0 6Bit 1
True label 0 Full 0 4Bit 0 5Bit 0 6Bit 0
True label 1 Full 1 4Bit 0 5Bit 1 6Bit 1
True label 0 Full 0 4Bit 0 5Bit 0 6Bit 0
True label 1 Full 0 4Bit 0 5Bit 0 6Bit 0
True label 0 Full 0 4Bit 0 5Bit 0 6Bit 0
True label 0 Full 0 4Bit 0 5Bit 0 6Bit 0
True label 1 Full 0 4Bit 0 5Bit 0 6Bit 0
True label 1 Full 1 4Bit 0 5Bit 1 6Bit 1
True label 1 Full 0 4Bit 0 5Bit 0 6Bit 1
True label 1 Full 1 4Bit 0 5Bit 1 6Bit 1
True label 1 Full 1 4Bit 1 5Bit 1 6Bit 1
True label 0 Full 0 4Bit 0 5Bit 0 6Bit 0
True label 1 Full 1 4Bit 0 5Bit 1 6Bit 1
True label 0 Full 0 4Bit 0 5Bit 0 6Bit 0
True label 0 Full 0 4Bit 0 5Bit 0 6Bit 0
True label 1 Full 1 4Bit 0 5Bit 1 6Bit 1
True label 1 Full 1 4Bit 1 5Bit 1 6Bit 1
True label 1 Full 1 4Bit 1 5Bit 1 6Bit 1
True label 0 Full 0 4Bit 0 5Bit 0 6Bit 0
True label 0 Full 0 4Bit 0 5Bit 0 6Bit 0
True label 0 Full 0 4Bit 0 5Bit 0 6Bit 0
True label 1 Full 1 4Bit 0 5Bit 1 6Bit 1
True label 1 Full 0 4Bit 0 5Bit 0 6Bit 1
True label 1 Full 1 4Bit 0 5Bit 0 6Bit 1
True label 0 Full 0 4Bit 0 5Bit 0 6Bit 0
True label 0 Full 0 4Bit 0 5Bit 0 6Bit 0
True label 0 Full 0 4Bit 0 5Bit 0 6Bit 0
True label 1 Full 1 4Bit 0 5Bit 1 6Bit 1
True label 1 Full 1 4Bit 0 5Bit 1 6Bit 1
True label 0 Full 0 4Bit 0 5Bit 1 6Bit 0
True label 1 Full 1 4Bit 0 5Bit 1 6Bit 1
True label 1 Full 1 4Bit 0 5Bit 1 6Bit 1
True label 1 Full 1 4Bit 1 5Bit 1 6Bit 1
True label 0 Full 0 4Bit 0 5Bit 0 6Bit 0
True label 1 Full 0 4Bit 0 5Bit 0 6Bit 1
True label 1 Full 0 4Bit 0 5Bit 0 6Bit 0
True label 0 Full 0 4Bit 0 5Bit 0 6Bit 0
True label 1 Full 1 4Bit 0 5Bit 1 6Bit 0
True label 1 Full 1 4Bit 0 5Bit 1 6Bit 1
True label 1 Full 1 4Bit 0 5Bit 0 6Bit 1
True label 0 Full 0 4Bit 0 5Bit 1 6Bit 1
True label 1 Full 1 4Bit 0 5Bit 1 6Bit 1
True label 1 Full 1 4Bit 0 5Bit 1 6Bit 1
True label 0 Full 0 4Bit 0 5Bit 0 6Bit 0
True label 1 Full 1 4Bit 0 5Bit 1 6Bit 1
True label 0 Full 0 4Bit 0 5Bit 0 6Bit 0
True label 0 Full 0 4Bit 0 5Bit 0 6Bit 0
True label 0 Full 0 4Bit 0 5Bit 0 6Bit 0
True label 1 Full 1 4Bit 1 5Bit 1 6Bit 1
True label 1 Full 1 4Bit 0 5Bit 1 6Bit 1
True label 0 Full 1 4Bit 0 5Bit 0 6Bit 0
True label 0 Full 0 4Bit 0 5Bit 0 6Bit 0
True label 0 Full 0 4Bit 0 5Bit 0 6Bit 0
True label 1 Full 1 4Bit 0 5Bit 1 6Bit 1
True label 0 Full 0 4Bit 0 5Bit 0 6Bit 0
True label 0 Full 0 4Bit 0 5Bit 0 6Bit 0
True label 1 Full 1 4Bit 0 5Bit 1 6Bit 1
True label 0 Full 0 4Bit 0 5Bit 0 6Bit 0
True label 0 Full 0 4Bit 0 5Bit 1 6Bit 0
True label 0 Full 0 4Bit 0 5Bit 0 6Bit 0
True label 0 Full 0 4Bit 0 5Bit 0 6Bit 0
True label 0 Full 0 4Bit 0 5Bit 0 6Bit 0
True label 0 Full 0 4Bit 0 5Bit 0 6Bit 0
True label 1 Full 0 4Bit 0 5Bit 0 6Bit 0
True label 0 Full 0 4Bit 0 5Bit 1 6Bit 1
True label 0 Full 0 4Bit 0 5Bit 0 6Bit 0
True label 1 Full 1 4Bit 0 5Bit 1 6Bit 1
True label 0 Full 0 4Bit 0 5Bit 0 6Bit 0
True label 0 Full 0 4Bit 0 5Bit 0 6Bit 0
True label 1 Full 1 4Bit 0 5Bit 1 6Bit 1
True label 1 Full 1 4Bit 1 5Bit 1 6Bit 1
True label 1 Full 1 4Bit 0 5Bit 0 6Bit 1
True label 0 Full 0 4Bit 0 5Bit 0 6Bit 0
True label 0 Full 1 4Bit 0 5Bit 0 6Bit 1
True label 0 Full 0 4Bit 0 5Bit 0 6Bit 0
True label 1 Full 1 4Bit 0 5Bit 0 6Bit 0
True label 0 Full 0 4Bit 0 5Bit 0 6Bit 0
True label 0 Full 0 4Bit 0 5Bit 0 6Bit 0
True label 0 Full 1 4Bit 0 5Bit 1 6Bit 1
True label 0 Full 0 4Bit 0 5Bit 0 6Bit 0
True label 1 Full 1 4Bit 0 5Bit 1 6Bit 1
True label 1 Full 1 4Bit 0 5Bit 1 6Bit 1
True label 1 Full 0 4Bit 0 5Bit 0 6Bit 0
True label 0 Full 1 4Bit 0 5Bit 0 6Bit 1
True label 0 Full 0 4Bit 0 5Bit 0 6Bit 0
True label 0 Full 0 4Bit 0 5Bit 0 6Bit 0
True label 1 Full 1 4Bit 1 5Bit 1 6Bit 1
True label 0 Full 0 4Bit 0 5Bit 0 6Bit 0
True label 1 Full 1 4Bit 0 5Bit 1 6Bit 1
True label 0 Full 0 4Bit 0 5Bit 0 6Bit 0
True label 1 Full 1 4Bit 1 5Bit 1 6Bit 1
True label 0 Full 0 4Bit 0 5Bit 0 6Bit 0
True label 0 Full 0 4Bit 0 5Bit 0 6Bit 0
True label 1 Full 1 4Bit 0 5Bit 1 6Bit 1
True label 1 Full 0 4Bit 0 5Bit 0 6Bit 0
True label 1 Full 1 4Bit 1 5Bit 1 6Bit 1
True label 0 Full 0 4Bit 0 5Bit 0 6Bit 0
True label 1 Full 1 4Bit 0 5Bit 0 6Bit 1
True label 0 Full 0 4Bit 0 5Bit 0 6Bit 0
True label 0 Full 0 4Bit 0 5Bit 0 6Bit 0
True label 0 Full 0 4Bit 0 5Bit 0 6Bit 0
True label 0 Full 0 4Bit 0 5Bit 0 6Bit 0
True label 1 Full 1 4Bit 0 5Bit 1 6Bit 1
True label 0 Full 1 4Bit 0 5Bit 0 6Bit 0
True label 0 Full 0 4Bit 0 5Bit 0 6Bit 0
True label 1 Full 1 4Bit 0 5Bit 1 6Bit 1
True label 0 Full 0 4Bit 0 5Bit 0 6Bit 0
True label 1 Full 1 4Bit 0 5Bit 1 6Bit 1
True label 1 Full 1 4Bit 0 5Bit 1 6Bit 1
True label 0 Full 0 4Bit 0 5Bit 0 6Bit 0
True label 0 Full 0 4Bit 0 5Bit 0 6Bit 0
True label 1 Full 1 4Bit 0 5Bit 0 6Bit 1
True label 1 Full 1 4Bit 0 5Bit 1 6Bit 1
True label 1 Full 1 4Bit 0 5Bit 1 6Bit 1
True label 0 Full 0 4Bit 0 5Bit 0 6Bit 0
True label 1 Full 1 4Bit 1 5Bit 1 6Bit 1
True label 0 Full 0 4Bit 0 5Bit 0 6Bit 0
True label 1 Full 1 4Bit 0 5Bit 1 6Bit 1
True label 0 Full 0 4Bit 0 5Bit 0 6Bit 0
True label 1 Full 1 4Bit 0 5Bit 1 6Bit 1
True label 1 Full 1 4Bit 0 5Bit 1 6Bit 1
True label 1 Full 1 4Bit 0 5Bit 1 6Bit 1
True label 0 Full 1 4Bit 0 5Bit 0 6Bit 1
True label 0 Full 0 4Bit 0 5Bit 0 6Bit 0
True label 1 Full 1 4Bit 0 5Bit 1 6Bit 1
True label 1 Full 1 4Bit 1 5Bit 1 6Bit 1
True label 0 Full 0 4Bit 0 5Bit 0 6Bit 0
True label 0 Full 0 4Bit 0 5Bit 0 6Bit 0
True label 0 Full 0 4Bit 0 5Bit 0 6Bit 0
True label 1 Full 1 4Bit 0 5Bit 1 6Bit 1
True label 1 Full 1 4Bit 0 5Bit 1 6Bit 1
True label 0 Full 0 4Bit 0 5Bit 0 6Bit 0
True label 0 Full 0 4Bit 0 5Bit 0 6Bit 0
True label 0 Full 0 4Bit 0 5Bit 0 6Bit 0
True label 0 Full 0 4Bit 0 5Bit 0 6Bit 0
True label 1 Full 1 4Bit 0 5Bit 1 6Bit 1
True label 0 Full 0 4Bit 0 5Bit 0 6Bit 0
True label 1 Full 1 4Bit 1 5Bit 1 6Bit 1
True label 0 Full 0 4Bit 0 5Bit 0 6Bit 0
True label 0 Full 0 4Bit 0 5Bit 0 6Bit 0
True label 0 Full 0 4Bit 0 5Bit 0 6Bit 0
True label 1 Full 1 4Bit 0 5Bit 1 6Bit 1
True label 0 Full 0 4Bit 0 5Bit 0 6Bit 0
True label 1 Full 1 4Bit 1 5Bit 1 6Bit 1
True label 0 Full 0 4Bit 0 5Bit 0 6Bit 0
True label 1 Full 1 4Bit 0 5Bit 1 6Bit 1
True label 1 Full 0 4Bit 0 5Bit 0 6Bit 0
True label 1 Full 1 4Bit 1 5Bit 1 6Bit 1
True label 1 Full 1 4Bit 0 5Bit 0 6Bit 1
True label 0 Full 0 4Bit 0 5Bit 0 6Bit 0
True label 1 Full 1 4Bit 0 5Bit 1 6Bit 1
True label 1 Full 1 4Bit 0 5Bit 1 6Bit 1
True label 0 Full 0 4Bit 0 5Bit 0 6Bit 0
True label 0 Full 0 4Bit 0 5Bit 0 6Bit 0
True label 0 Full 0 4Bit 0 5Bit 0 6Bit 0
True label 1 Full 1 4Bit 0 5Bit 1 6Bit 1
True label 0 Full 0 4Bit 0 5Bit 0 6Bit 0
True label 1 Full 1 4Bit 0 5Bit 1 6Bit 1
True label 1 Full 1 4Bit 0 5Bit 1 6Bit 1
True label 0 Full 0 4Bit 0 5Bit 0 6Bit 0
True label 0 Full 0 4Bit 0 5Bit 0 6Bit 0
True label 0 Full 0 4Bit 0 5Bit 0 6Bit 0
True label 0 Full 0 4Bit 0 5Bit 0 6Bit 0
True label 1 Full 0 4Bit 0 5Bit 0 6Bit 0
True label 1 Full 1 4Bit 0 5Bit 1 6Bit 1
True label 0 Full 0 4Bit 0 5Bit 0 6Bit 0
True label 1 Full 1 4Bit 0 5Bit 1 6Bit 1
True label 1 Full 1 4Bit 0 5Bit 1 6Bit 1
True label 1 Full 1 4Bit 0 5Bit 1 6Bit 1
True label 0 Full 0 4Bit 0 5Bit 0 6Bit 0
True label 0 Full 1 4Bit 0 5Bit 0 6Bit 0
True label 0 Full 0 4Bit 0 5Bit 0 6Bit 0
True label 1 Full 1 4Bit 0 5Bit 1 6Bit 1
True label 0 Full 0 4Bit 0 5Bit 0 6Bit 0
True label 0 Full 0 4Bit 0 5Bit 0 6Bit 0
True label 1 Full 1 4Bit 0 5Bit 1 6Bit 1
True label 0 Full 0 4Bit 0 5Bit 0 6Bit 0
True label 1 Full 1 4Bit 1 5Bit 1 6Bit 1
True label 1 Full 1 4Bit 0 5Bit 1 6Bit 1
True label 0 Full 0 4Bit 0 5Bit 0 6Bit 0
True label 1 Full 1 4Bit 0 5Bit 0 6Bit 1
True label 0 Full 0 4Bit 0 5Bit 0 6Bit 0
True label 0 Full 0 4Bit 0 5Bit 0 6Bit 0
True label 1 Full 1 4Bit 0 5Bit 1 6Bit 1
True label 1 Full 1 4Bit 0 5Bit 0 6Bit 1
True label 1 Full 1 4Bit 1 5Bit 1 6Bit 1
True label 1 Full 1 4Bit 0 5Bit 1 6Bit 1
True label 1 Full 1 4Bit 0 5Bit 0 6Bit 1
True label 0 Full 0 4Bit 0 5Bit 0 6Bit 0
True label 0 Full 0 4Bit 0 5Bit 0 6Bit 0
True label 1 Full 1 4Bit 0 5Bit 1 6Bit 1
True label 0 Full 0 4Bit 0 5Bit 0 6Bit 0
True label 0 Full 0 4Bit 0 5Bit 0 6Bit 0
True label 1 Full 1 4Bit 0 5Bit 1 6Bit 1
True label 0 Full 0 4Bit 0 5Bit 0 6Bit 0
True label 0 Full 0 4Bit 0 5Bit 0 6Bit 0
True label 1 Full 1 4Bit 0 5Bit 1 6Bit 1
True label 0 Full 0 4Bit 0 5Bit 0 6Bit 0
True label 1 Full 1 4Bit 0 5Bit 1 6Bit 1
True label 0 Full 1 4Bit 0 5Bit 1 6Bit 1
True label 1 Full 1 4Bit 0 5Bit 1 6Bit 1
True label 1 Full 1 4Bit 0 5Bit 1 6Bit 1
True label 1 Full 1 4Bit 0 5Bit 1 6Bit 1
True label 0 Full 0 4Bit 0 5Bit 1 6Bit 0
True label 1 Full 1 4Bit 0 5Bit 1 6Bit 1
True label 0 Full 0 4Bit 0 5Bit 0 6Bit 0
True label 1 Full 1 4Bit 1 5Bit 1 6Bit 1
True label 1 Full 1 4Bit 0 5Bit 1 6Bit 1
True label 0 Full 0 4Bit 0 5Bit 0 6Bit 0
True label 1 Full 1 4Bit 0 5Bit 1 6Bit 1
True label 1 Full 1 4Bit 0 5Bit 1 6Bit 1
True label 0 Full 0 4Bit 0 5Bit 1 6Bit 1
True label 0 Full 0 4Bit 0 5Bit 0 6Bit 0
True label 1 Full 1 4Bit 0 5Bit 1 6Bit 1
True label 1 Full 1 4Bit 0 5Bit 1 6Bit 1
True label 0 Full 0 4Bit 0 5Bit 0 6Bit 0
True label 0 Full 0 4Bit 0 5Bit 1 6Bit 1
True label 1 Full 1 4Bit 0 5Bit 1 6Bit 1
True label 0 Full 0 4Bit 0 5Bit 0 6Bit 0
True label 1 Full 1 4Bit 0 5Bit 0 6Bit 1
True label 1 Full 1 4Bit 0 5Bit 1 6Bit 1
True label 1 Full 1 4Bit 0 5Bit 1 6Bit 1
True label 0 Full 0 4Bit 0 5Bit 0 6Bit 0
True label 0 Full 0 4Bit 0 5Bit 0 6Bit 0
True label 0 Full 0 4Bit 0 5Bit 0 6Bit 0
True label 0 Full 0 4Bit 0 5Bit 0 6Bit 0
True label 0 Full 0 4Bit 0 5Bit 0 6Bit 0
True label 1 Full 1 4Bit 1 5Bit 1 6Bit 1
True label 0 Full 0 4Bit 0 5Bit 0 6Bit 0
True label 0 Full 0 4Bit 0 5Bit 0 6Bit 0
True label 0 Full 0 4Bit 0 5Bit 0 6Bit 0
True label 1 Full 1 4Bit 0 5Bit 1 6Bit 1
True label 0 Full 0 4Bit 0 5Bit 0 6Bit 0
True label 0 Full 0 4Bit 0 5Bit 0 6Bit 0
True label 1 Full 1 4Bit 0 5Bit 1 6Bit 1
True label 0 Full 0 4Bit 0 5Bit 0 6Bit 0
True label 1 Full 1 4Bit 1 5Bit 1 6Bit 1
True label 0 Full 1 4Bit 0 5Bit 0 6Bit 0
True label 1 Full 1 4Bit 0 5Bit 1 6Bit 1
True label 0 Full 0 4Bit 0 5Bit 0 6Bit 0
True label 1 Full 1 4Bit 0 5Bit 1 6Bit 1
True label 1 Full 1 4Bit 0 5Bit 0 6Bit 1
True label 0 Full 0 4Bit 0 5Bit 0 6Bit 0
True label 0 Full 0 4Bit 0 5Bit 0 6Bit 0
True label 0 Full 0 4Bit 0 5Bit 0 6Bit 0
True label 1 Full 1 4Bit 0 5Bit 1 6Bit 1
True label 0 Full 0 4Bit 0 5Bit 0 6Bit 0
True label 1 Full 0 4Bit 0 5Bit 0 6Bit 0
True label 0 Full 0 4Bit 0 5Bit 0 6Bit 0
True label 0 Full 0 4Bit 0 5Bit 0 6Bit 0
True label 0 Full 1 4Bit 0 5Bit 1 6Bit 1
True label 0 Full 0 4Bit 0 5Bit 0 6Bit 0
True label 0 Full 0 4Bit 0 5Bit 0 6Bit 0
True label 0 Full 0 4Bit 0 5Bit 0 6Bit 0
True label 0 Full 0 4Bit 0 5Bit 0 6Bit 0
True label 1 Full 1 4Bit 1 5Bit 1 6Bit 1
True label 1 Full 1 4Bit 0 5Bit 1 6Bit 1
True label 1 Full 1 4Bit 0 5Bit 1 6Bit 1
True label 1 Full 1 4Bit 1 5Bit 1 6Bit 1
True label 1 Full 1 4Bit 0 5Bit 0 6Bit 1
True label 1 Full 1 4Bit 0 5Bit 1 6Bit 1
True label 0 Full 0 4Bit 0 5Bit 0 6Bit 0
True label 0 Full 0 4Bit 0 5Bit 0 6Bit 0
True label 0 Full 0 4Bit 0 5Bit 0 6Bit 0
True label 1 Full 1 4Bit 0 5Bit 1 6Bit 1
True label 1 Full 1 4Bit 0 5Bit 1 6Bit 1
True label 0 Full 0 4Bit 0 5Bit 0 6Bit 0
True label 0 Full 0 4Bit 0 5Bit 0 6Bit 0
True label 1 Full 0 4Bit 0 5Bit 0 6Bit 0
True label 1 Full 1 4Bit 1 5Bit 1 6Bit 1
True label 1 Full 1 4Bit 0 5Bit 1 6Bit 1
True label 0 Full 0 4Bit 0 5Bit 0 6Bit 0
True label 0 Full 0 4Bit 0 5Bit 0 6Bit 0
True label 1 Full 1 4Bit 1 5Bit 1 6Bit 1
True label 0 Full 0 4Bit 0 5Bit 0 6Bit 0
True label 1 Full 1 4Bit 0 5Bit 1 6Bit 1
True label 0 Full 0 4Bit 0 5Bit 0 6Bit 0
True label 1 Full 1 4Bit 0 5Bit 1 6Bit 1
True label 0 Full 0 4Bit 0 5Bit 0 6Bit 0
True label 1 Full 1 4Bit 0 5Bit 1 6Bit 1
True label 1 Full 1 4Bit 0 5Bit 1 6Bit 1
True label 0 Full 0 4Bit 0 5Bit 0 6Bit 0
True label 0 Full 0 4Bit 0 5Bit 0 6Bit 0
True label 0 Full 0 4Bit 0 5Bit 0 6Bit 0
True label 0 Full 0 4Bit 0 5Bit 0 6Bit 0
True label 0 Full 0 4Bit 0 5Bit 0 6Bit 0
True label 1 Full 1 4Bit 1 5Bit 1 6Bit 1
True label 0 Full 0 4Bit 0 5Bit 0 6Bit 0
True label 0 Full 0 4Bit 0 5Bit 0 6Bit 0
True label 1 Full 1 4Bit 0 5Bit 1 6Bit 1
True label 0 Full 0 4Bit 0 5Bit 0 6Bit 0
True label 1 Full 1 4Bit 0 5Bit 1 6Bit 1
True label 0 Full 0 4Bit 0 5Bit 0 6Bit 0
True label 1 Full 1 4Bit 0 5Bit 1 6Bit 1
True label 1 Full 1 4Bit 1 5Bit 1 6Bit 1
True label 0 Full 0 4Bit 0 5Bit 0 6Bit 0
True label 0 Full 0 4Bit 0 5Bit 0 6Bit 0
True label 1 Full 1 4Bit 0 5Bit 1 6Bit 1
True label 1 Full 1 4Bit 0 5Bit 1 6Bit 1
True label 0 Full 0 4Bit 0 5Bit 0 6Bit 1
True label 0 Full 0 4Bit 0 5Bit 0 6Bit 0
True label 0 Full 0 4Bit 0 5Bit 0 6Bit 0
True label 1 Full 1 4Bit 0 5Bit 1 6Bit 1
True label 0 Full 0 4Bit 0 5Bit 0 6Bit 0
True label 1 Full 1 4Bit 0 5Bit 0 6Bit 0
True label 1 Full 1 4Bit 0 5Bit 1 6Bit 1
True label 1 Full 1 4Bit 1 5Bit 1 6Bit 1
True label 1 Full 0 4Bit 0 5Bit 0 6Bit 0
True label 1 Full 1 4Bit 0 5Bit 1 6Bit 1
True label 1 Full 1 4Bit 0 5Bit 1 6Bit 1
True label 1 Full 1 4Bit 0 5Bit 1 6Bit 1
True label 1 Full 1 4Bit 1 5Bit 1 6Bit 1
True label 0 Full 0 4Bit 0 5Bit 0 6Bit 0
True label 1 Full 1 4Bit 1 5Bit 1 6Bit 1
True label 1 Full 1 4Bit 1 5Bit 1 6Bit 1
True label 1 Full 1 4Bit 0 5Bit 1 6Bit 1
True label 0 Full 0 4Bit 0 5Bit 0 6Bit 0
True label 1 Full 1 4Bit 0 5Bit 1 6Bit 1
True label 0 Full 1 4Bit 0 5Bit 0 6Bit 1
True label 0 Full 0 4Bit 0 5Bit 0 6Bit 0
True label 1 Full 0 4Bit 0 5Bit 0 6Bit 0
True label 0 Full 0 4Bit 0 5Bit 0 6Bit 0
True label 1 Full 0 4Bit 0 5Bit 0 6Bit 0
True label 1 Full 1 4Bit 0 5Bit 1 6Bit 1
True label 1 Full 1 4Bit 0 5Bit 1 6Bit 1
True label 0 Full 0 4Bit 0 5Bit 0 6Bit 0
True label 0 Full 0 4Bit 0 5Bit 0 6Bit 0
True label 0 Full 0 4Bit 0 5Bit 0 6Bit 0
True label 1 Full 1 4Bit 1 5Bit 1 6Bit 1
True label 1 Full 0 4Bit 0 5Bit 0 6Bit 0
True label 1 Full 1 4Bit 0 5Bit 1 6Bit 1
True label 1 Full 1 4Bit 0 5Bit 1 6Bit 1
True label 0 Full 0 4Bit 0 5Bit 0 6Bit 0
True label 0 Full 0 4Bit 0 5Bit 0 6Bit 0
True label 1 Full 1 4Bit 0 5Bit 1 6Bit 1
True label 1 Full 0 4Bit 0 5Bit 0 6Bit 0
True label 1 Full 1 4Bit 0 5Bit 1 6Bit 1
True label 0 Full 0 4Bit 0 5Bit 0 6Bit 1
True label 0 Full 0 4Bit 0 5Bit 0 6Bit 0
True label 0 Full 0 4Bit 0 5Bit 0 6Bit 0
True label 0 Full 0 4Bit 0 5Bit 0 6Bit 0
True label 0 Full 0 4Bit 0 5Bit 0 6Bit 0
True label 0 Full 0 4Bit 0 5Bit 0 6Bit 0
True label 1 Full 1 4Bit 0 5Bit 1 6Bit 1
True label 1 Full 0 4Bit 0 5Bit 0 6Bit 0
True label 1 Full 1 4Bit 0 5Bit 1 6Bit 1
True label 1 Full 1 4Bit 0 5Bit 1 6Bit 1
True label 0 Full 0 4Bit 0 5Bit 0 6Bit 0
True label 1 Full 0 4Bit 0 5Bit 0 6Bit 0
True label 1 Full 1 4Bit 0 5Bit 1 6Bit 1
True label 0 Full 0 4Bit 0 5Bit 0 6Bit 0
True label 0 Full 0 4Bit 0 5Bit 0 6Bit 0
True label 1 Full 0 4Bit 1 5Bit 1 6Bit 1
True label 1 Full 1 4Bit 0 5Bit 0 6Bit 1
True label 1 Full 1 4Bit 0 5Bit 1 6Bit 1
True label 0 Full 0 4Bit 0 5Bit 0 6Bit 0
True label 1 Full 1 4Bit 0 5Bit 1 6Bit 1
True label 1 Full 0 4Bit 0 5Bit 0 6Bit 1
True label 0 Full 0 4Bit 0 5Bit 0 6Bit 0
True label 1 Full 1 4Bit 0 5Bit 1 6Bit 1
True label 1 Full 1 4Bit 0 5Bit 1 6Bit 1
True label 0 Full 0 4Bit 0 5Bit 0 6Bit 0
True label 1 Full 1 4Bit 0 5Bit 0 6Bit 0
True label 0 Full 0 4Bit 0 5Bit 0 6Bit 0
True label 0 Full 0 4Bit 0 5Bit 0 6Bit 0
True label 0 Full 0 4Bit 0 5Bit 0 6Bit 0
True label 0 Full 0 4Bit 0 5Bit 0 6Bit 0
True label 1 Full 1 4Bit 0 5Bit 1 6Bit 1
True label 0 Full 0 4Bit 0 5Bit 0 6Bit 0
True label 0 Full 0 4Bit 0 5Bit 0 6Bit 0
True label 1 Full 1 4Bit 0 5Bit 1 6Bit 1
True label 0 Full 0 4Bit 0 5Bit 0 6Bit 0
True label 1 Full 1 4Bit 0 5Bit 0 6Bit 1
True label 0 Full 0 4Bit 0 5Bit 0 6Bit 0
True label 0 Full 0 4Bit 0 5Bit 0 6Bit 0
True label 1 Full 1 4Bit 1 5Bit 1 6Bit 1
True label 1 Full 1 4Bit 0 5Bit 1 6Bit 1
True label 1 Full 1 4Bit 0 5Bit 1 6Bit 1
True label 1 Full 1 4Bit 1 5Bit 1 6Bit 1
True label 1 Full 1 4Bit 0 5Bit 1 6Bit 1
True label 1 Full 1 4Bit 0 5Bit 1 6Bit 1
True label 0 Full 0 4Bit 0 5Bit 0 6Bit 0
True label 1 Full 1 4Bit 0 5Bit 1 6Bit 1
True label 0 Full 0 4Bit 0 5Bit 0 6Bit 0
True label 1 Full 1 4Bit 0 5Bit 0 6Bit 1
True label 0 Full 0 4Bit 0 5Bit 0 6Bit 0
True label 1 Full 1 4Bit 0 5Bit 1 6Bit 1
True label 1 Full 1 4Bit 1 5Bit 1 6Bit 1
True label 1 Full 0 4Bit 0 5Bit 0 6Bit 0
True label 0 Full 0 4Bit 0 5Bit 0 6Bit 0
True label 1 Full 1 4Bit 1 5Bit 1 6Bit 1
True label 1 Full 0 4Bit 0 5Bit 0 6Bit 0
True label 0 Full 0 4Bit 0 5Bit 0 6Bit 0
True label 0 Full 0 4Bit 0 5Bit 0 6Bit 0
True label 0 Full 0 4Bit 0 5Bit 0 6Bit 0
True label 0 Full 0 4Bit 0 5Bit 0 6Bit 0
True label 0 Full 0 4Bit 0 5Bit 0 6Bit 0
True label 1 Full 1 4Bit 0 5Bit 1 6Bit 1
True label 0 Full 0 4Bit 0 5Bit 0 6Bit 0
True label 0 Full 0 4Bit 0 5Bit 0 6Bit 0
True label 1 Full 1 4Bit 0 5Bit 1 6Bit 1
True label 1 Full 1 4Bit 0 5Bit 1 6Bit 1
True label 1 Full 1 4Bit 0 5Bit 1 6Bit 1
True label 1 Full 0 4Bit 0 5Bit 0 6Bit 0
True label 1 Full 0 4Bit 0 5Bit 0 6Bit 0
True label 0 Full 0 4Bit 0 5Bit 0 6Bit 0
True label 1 Full 1 4Bit 0 5Bit 1 6Bit 1
True label 1 Full 1 4Bit 0 5Bit 1 6Bit 1
True label 1 Full 1 4Bit 0 5Bit 1 6Bit 1
True label 1 Full 1 4Bit 0 5Bit 1 6Bit 1
True label 0 Full 0 4Bit 0 5Bit 0 6Bit 0
True label 1 Full 1 4Bit 0 5Bit 0 6Bit 1
True label 1 Full 1 4Bit 0 5Bit 1 6Bit 1
True label 0 Full 0 4Bit 0 5Bit 0 6Bit 0
True label 1 Full 1 4Bit 0 5Bit 0 6Bit 1
True label 0 Full 0 4Bit 0 5Bit 0 6Bit 0
True label 1 Full 1 4Bit 0 5Bit 1 6Bit 1
True label 0 Full 0 4Bit 0 5Bit 0 6Bit 0
True label 0 Full 0 4Bit 0 5Bit 0 6Bit 0
True label 0 Full 0 4Bit 0 5Bit 0 6Bit 0
True label 0 Full 0 4Bit 0 5Bit 0 6Bit 0
True label 1 Full 1 4Bit 0 5Bit 1 6Bit 1
True label 0 Full 0 4Bit 0 5Bit 0 6Bit 0
True label 1 Full 0 4Bit 0 5Bit 0 6Bit 0
True label 1 Full 1 4Bit 1 5Bit 1 6Bit 1
True label 0 Full 0 4Bit 0 5Bit 1 6Bit 0
True label 0 Full 0 4Bit 0 5Bit 0 6Bit 0
True label 1 Full 1 4Bit 0 5Bit 0 6Bit 0
True label 0 Full 0 4Bit 0 5Bit 0 6Bit 0
True label 0 Full 0 4Bit 0 5Bit 0 6Bit 0
True label 1 Full 0 4Bit 0 5Bit 0 6Bit 0
True label 0 Full 0 4Bit 0 5Bit 0 6Bit 0
True label 0 Full 0 4Bit 0 5Bit 0 6Bit 0
True label 1 Full 1 4Bit 0 5Bit 1 6Bit 0
True label 1 Full 1 4Bit 0 5Bit 1 6Bit 1
True label 0 Full 0 4Bit 0 5Bit 0 6Bit 0
True label 1 Full 1 4Bit 0 5Bit 1 6Bit 1
True label 1 Full 0 4Bit 0 5Bit 0 6Bit 1
True label 0 Full 0 4Bit 0 5Bit 0 6Bit 0
True label 1 Full 1 4Bit 1 5Bit 1 6Bit 1
True label 0 Full 0 4Bit 0 5Bit 0 6Bit 0
True label 1 Full 0 4Bit 0 5Bit 0 6Bit 0
True label 0 Full 0 4Bit 0 5Bit 0 6Bit 0
True label 0 Full 0 4Bit 0 5Bit 0 6Bit 0
True label 0 Full 0 4Bit 0 5Bit 0 6Bit 0
True label 1 Full 0 4Bit 0 5Bit 0 6Bit 1
True label 1 Full 1 4Bit 0 5Bit 1 6Bit 1
True label 1 Full 1 4Bit 0 5Bit 0 6Bit 1
True label 0 Full 0 4Bit 0 5Bit 0 6Bit 0
True label 0 Full 0 4Bit 0 5Bit 0 6Bit 0
True label 1 Full 1 4Bit 0 5Bit 1 6Bit 1
True label 1 Full 1 4Bit 1 5Bit 0 6Bit 1
True label 1 Full 1 4Bit 0 5Bit 1 6Bit 0
True label 0 Full 0 4Bit 0 5Bit 0 6Bit 0
True label 1 Full 1 4Bit 1 5Bit 1 6Bit 1
True label 0 Full 0 4Bit 0 5Bit 0 6Bit 1
True label 1 Full 1 4Bit 0 5Bit 1 6Bit 1
True label 1 Full 1 4Bit 0 5Bit 1 6Bit 1
True label 0 Full 1 4Bit 0 5Bit 0 6Bit 1
True label 0 Full 1 4Bit 0 5Bit 0 6Bit 0
True label 0 Full 0 4Bit 0 5Bit 0 6Bit 0
True label 0 Full 0 4Bit 0 5Bit 1 6Bit 0
True label 0 Full 0 4Bit 0 5Bit 0 6Bit 0
True label 0 Full 0 4Bit 0 5Bit 0 6Bit 0
True label 1 Full 1 4Bit 0 5Bit 1 6Bit 1
True label 0 Full 0 4Bit 0 5Bit 0 6Bit 0
True label 0 Full 0 4Bit 0 5Bit 0 6Bit 0
True label 0 Full 1 4Bit 0 5Bit 0 6Bit 0
True label 1 Full 1 4Bit 0 5Bit 0 6Bit 1
True label 1 Full 1 4Bit 1 5Bit 1 6Bit 1
True label 1 Full 1 4Bit 0 5Bit 1 6Bit 1
True label 1 Full 1 4Bit 0 5Bit 1 6Bit 1
True label 1 Full 1 4Bit 1 5Bit 1 6Bit 1
True label 1 Full 1 4Bit 0 5Bit 1 6Bit 1
True label 0 Full 0 4Bit 0 5Bit 1 6Bit 0
True label 0 Full 0 4Bit 0 5Bit 0 6Bit 0
True label 0 Full 0 4Bit 0 5Bit 0 6Bit 0
True label 0 Full 0 4Bit 0 5Bit 1 6Bit 1
True label 0 Full 0 4Bit 0 5Bit 0 6Bit 0
True label 1 Full 1 4Bit 0 5Bit 1 6Bit 1
True label 1 Full 1 4Bit 0 5Bit 0 6Bit 1
True label 0 Full 0 4Bit 0 5Bit 0 6Bit 0
True label 1 Full 1 4Bit 0 5Bit 1 6Bit 1
True label 0 Full 0 4Bit 0 5Bit 0 6Bit 0
True label 0 Full 0 4Bit 0 5Bit 0 6Bit 0
True label 1 Full 0 4Bit 0 5Bit 0 6Bit 0
True label 0 Full 0 4Bit 0 5Bit 0 6Bit 0
True label 1 Full 1 4Bit 0 5Bit 1 6Bit 1
True label 0 Full 0 4Bit 0 5Bit 0 6Bit 0
True label 1 Full 1 4Bit 0 5Bit 1 6Bit 1
True label 0 Full 0 4Bit 0 5Bit 0 6Bit 0
True label 1 Full 1 4Bit 0 5Bit 1 6Bit 1
True label 0 Full 0 4Bit 0 5Bit 0 6Bit 0
True label 1 Full 1 4Bit 0 5Bit 1 6Bit 1
True label 0 Full 0 4Bit 0 5Bit 0 6Bit 0
True label 0 Full 1 4Bit 0 5Bit 0 6Bit 1
True label 1 Full 1 4Bit 0 5Bit 0 6Bit 0
True label 0 Full 0 4Bit 0 5Bit 0 6Bit 0
True label 0 Full 0 4Bit 0 5Bit 0 6Bit 0
True label 0 Full 0 4Bit 0 5Bit 0 6Bit 0
True label 1 Full 1 4Bit 0 5Bit 1 6Bit 1
True label 0 Full 0 4Bit 0 5Bit 0 6Bit 0
True label 0 Full 0 4Bit 0 5Bit 0 6Bit 0
True label 0 Full 1 4Bit 0 5Bit 0 6Bit 1
True label 1 Full 1 4Bit 0 5Bit 1 6Bit 1
True label 1 Full 1 4Bit 0 5Bit 1 6Bit 1
True label 1 Full 1 4Bit 0 5Bit 1 6Bit 1
True label 0 Full 0 4Bit 0 5Bit 0 6Bit 0
True label 1 Full 1 4Bit 0 5Bit 1 6Bit 1
True label 1 Full 1 4Bit 1 5Bit 1 6Bit 1
True label 0 Full 0 4Bit 0 5Bit 0 6Bit 0
True label 0 Full 0 4Bit 0 5Bit 0 6Bit 0
True label 1 Full 0 4Bit 0 5Bit 0 6Bit 1
True label 1 Full 1 4Bit 0 5Bit 1 6Bit 1
True label 0 Full 0 4Bit 0 5Bit 0 6Bit 0
True label 0 Full 0 4Bit 0 5Bit 0 6Bit 0
True label 1 Full 1 4Bit 0 5Bit 0 6Bit 0
True label 1 Full 0 4Bit 0 5Bit 0 6Bit 1
True label 0 Full 0 4Bit 0 5Bit 0 6Bit 0
True label 0 Full 0 4Bit 0 5Bit 0 6Bit 0
True label 0 Full 0 4Bit 0 5Bit 0 6Bit 0
True label 0 Full 0 4Bit 0 5Bit 0 6Bit 0
True label 1 Full 1 4Bit 0 5Bit 1 6Bit 1
True label 0 Full 0 4Bit 0 5Bit 0 6Bit 0
True label 0 Full 0 4Bit 0 5Bit 0 6Bit 0
True label 0 Full 0 4Bit 0 5Bit 0 6Bit 0
True label 1 Full 1 4Bit 0 5Bit 1 6Bit 1
True label 0 Full 0 4Bit 0 5Bit 0 6Bit 0
True label 1 Full 1 4Bit 0 5Bit 1 6Bit 1
True label 1 Full 1 4Bit 0 5Bit 1 6Bit 1
True label 0 Full 0 4Bit 0 5Bit 0 6Bit 0
True label 0 Full 0 4Bit 0 5Bit 0 6Bit 0
True label 0 Full 0 4Bit 1 5Bit 0 6Bit 0
True label 1 Full 1 4Bit 1 5Bit 1 6Bit 1
True label 1 Full 1 4Bit 0 5Bit 1 6Bit 1
True label 0 Full 0 4Bit 0 5Bit 0 6Bit 1
True label 1 Full 1 4Bit 0 5Bit 1 6Bit 1
True label 1 Full 1 4Bit 0 5Bit 1 6Bit 1
True label 0 Full 0 4Bit 0 5Bit 0 6Bit 0
True label 0 Full 0 4Bit 0 5Bit 0 6Bit 0
True label 1 Full 1 4Bit 0 5Bit 1 6Bit 1
True label 1 Full 0 4Bit 0 5Bit 0 6Bit 0
True label 1 Full 1 4Bit 0 5Bit 1 6Bit 1
True label 0 Full 0 4Bit 0 5Bit 0 6Bit 0
True label 0 Full 0 4Bit 0 5Bit 0 6Bit 0
True label 0 Full 0 4Bit 0 5Bit 0 6Bit 0
True label 0 Full 0 4Bit 0 5Bit 0 6Bit 0
True label 1 Full 1 4Bit 1 5Bit 1 6Bit 1
True label 1 Full 1 4Bit 0 5Bit 1 6Bit 1
True label 0 Full 0 4Bit 0 5Bit 0 6Bit 0
True label 0 Full 0 4Bit 0 5Bit 0 6Bit 0
True label 0 Full 0 4Bit 0 5Bit 0 6Bit 0
True label 1 Full 1 4Bit 0 5Bit 1 6Bit 1
True label 0 Full 0 4Bit 0 5Bit 0 6Bit 0
True label 1 Full 0 4Bit 0 5Bit 0 6Bit 0
True label 1 Full 1 4Bit 0 5Bit 1 6Bit 1
True label 0 Full 0 4Bit 0 5Bit 0 6Bit 0
True label 1 Full 1 4Bit 0 5Bit 1 6Bit 1
True label 1 Full 1 4Bit 0 5Bit 1 6Bit 1
True label 1 Full 1 4Bit 0 5Bit 1 6Bit 1
True label 1 Full 1 4Bit 0 5Bit 1 6Bit 1
True label 0 Full 0 4Bit 0 5Bit 0 6Bit 0
True label 1 Full 1 4Bit 0 5Bit 0 6Bit 1
True label 0 Full 0 4Bit 0 5Bit 0 6Bit 0
True label 0 Full 0 4Bit 0 5Bit 0 6Bit 0
True label 1 Full 1 4Bit 0 5Bit 0 6Bit 1
True label 1 Full 0 4Bit 0 5Bit 0 6Bit 1
True label 1 Full 1 4Bit 0 5Bit 1 6Bit 1
True label 1 Full 1 4Bit 0 5Bit 1 6Bit 1
True label 0 Full 0 4Bit 0 5Bit 0 6Bit 0
True label 0 Full 0 4Bit 0 5Bit 1 6Bit 1
True label 0 Full 0 4Bit 0 5Bit 1 6Bit 1
True label 1 Full 1 4Bit 0 5Bit 0 6Bit 0
True label 0 Full 0 4Bit 0 5Bit 0 6Bit 0
True label 0 Full 0 4Bit 0 5Bit 0 6Bit 0
True label 1 Full 1 4Bit 0 5Bit 1 6Bit 1
True label 0 Full 0 4Bit 0 5Bit 0 6Bit 0
True label 0 Full 0 4Bit 0 5Bit 0 6Bit 0
True label 0 Full 0 4Bit 0 5Bit 0 6Bit 0
True label 0 Full 0 4Bit 0 5Bit 0 6Bit 0
True label 1 Full 1 4Bit 0 5Bit 1 6Bit 1
True label 1 Full 1 4Bit 0 5Bit 1 6Bit 1
True label 0 Full 0 4Bit 0 5Bit 0 6Bit 0
True label 0 Full 0 4Bit 0 5Bit 0 6Bit 0
True label 1 Full 1 4Bit 0 5Bit 1 6Bit 1
True label 1 Full 0 4Bit 0 5Bit 0 6Bit 0
True label 0 Full 0 4Bit 0 5Bit 0 6Bit 0
True label 1 Full 1 4Bit 0 5Bit 1 6Bit 1
True label 1 Full 1 4Bit 0 5Bit 1 6Bit 1
True label 1 Full 0 4Bit 0 5Bit 0 6Bit 0
True label 0 Full 0 4Bit 0 5Bit 0 6Bit 0
True label 1 Full 1 4Bit 0 5Bit 1 6Bit 1
True label 1 Full 1 4Bit 0 5Bit 0 6Bit 0
True label 0 Full 0 4Bit 0 5Bit 0 6Bit 0
True label 0 Full 0 4Bit 0 5Bit 0 6Bit 0
True label 0 Full 1 4Bit 0 5Bit 1 6Bit 1
True label 0 Full 0 4Bit 0 5Bit 0 6Bit 0
True label 0 Full 0 4Bit 0 5Bit 0 6Bit 0
True label 1 Full 1 4Bit 0 5Bit 1 6Bit 1
True label 0 Full 0 4Bit 0 5Bit 0 6Bit 0
True label 1 Full 1 4Bit 0 5Bit 1 6Bit 1
True label 0 Full 0 4Bit 0 5Bit 0 6Bit 0
True label 1 Full 1 4Bit 0 5Bit 1 6Bit 1
True label 1 Full 1 4Bit 0 5Bit 1 6Bit 1
True label 1 Full 1 4Bit 0 5Bit 0 6Bit 1
True label 1 Full 1 4Bit 0 5Bit 1 6Bit 1
True label 1 Full 0 4Bit 0 5Bit 0 6Bit 0
True label 0 Full 0 4Bit 0 5Bit 0 6Bit 0
True label 0 Full 0 4Bit 0 5Bit 0 6Bit 0
True label 0 Full 0 4Bit 0 5Bit 0 6Bit 0
True label 1 Full 1 4Bit 0 5Bit 1 6Bit 1
True label 0 Full 0 4Bit 0 5Bit 0 6Bit 0
True label 0 Full 0 4Bit 0 5Bit 0 6Bit 0
True label 0 Full 0 4Bit 0 5Bit 0 6Bit 0
True label 0 Full 0 4Bit 0 5Bit 1 6Bit 1
True label 0 Full 0 4Bit 0 5Bit 0 6Bit 1
True label 1 Full 0 4Bit 0 5Bit 0 6Bit 1
True label 0 Full 0 4Bit 0 5Bit 0 6Bit 0
True label 1 Full 1 4Bit 0 5Bit 1 6Bit 1
True label 0 Full 0 4Bit 0 5Bit 0 6Bit 0
True label 1 Full 1 4Bit 0 5Bit 1 6Bit 1
True label 0 Full 0 4Bit 0 5Bit 0 6Bit 0
True label 0 Full 0 4Bit 0 5Bit 0 6Bit 0
True label 1 Full 1 4Bit 0 5Bit 1 6Bit 1
True label 1 Full 1 4Bit 0 5Bit 1 6Bit 1
True label 0 Full 0 4Bit 0 5Bit 0 6Bit 0
True label 1 Full 1 4Bit 0 5Bit 0 6Bit 1
True label 1 Full 1 4Bit 0 5Bit 1 6Bit 1
True label 0 Full 0 4Bit 0 5Bit 0 6Bit 0
True label 1 Full 1 4Bit 0 5Bit 0 6Bit 0
True label 1 Full 1 4Bit 0 5Bit 1 6Bit 1
True label 0 Full 0 4Bit 0 5Bit 0 6Bit 0
True label 0 Full 0 4Bit 0 5Bit 1 6Bit 0
Test accuracy: Full: 0.908 4bit: 0.559 5bit: 0.852 6bit: 0.894
{'test_acc': [0.908, 0.559, 0.852, 0.894, 0.905], 'final_out_power': [0.558809220790863, 47.735225677490234, 1.617292881011963, 0.8684547543525696], 'final_out_mse': [0.0021368723828345537, 1.752845287322998, 0.013975610956549644, 0.008782269433140755], 'mfr': [29.337098958333335, 33.80037604166667, 31.521465625, 30.1504046875], 'dynamics_power': [0.0008572408114559948, 0.005357667338103056, 0.002453307155519724, 0.0014048555167391896], 'dynamics_mse': [0.0015672716544941068, 0.026052217930555344, 0.008188508450984955, 0.0037223822437226772]}
[2020-09-13 12:08:35.558350] test = nan
