No module named 'brian2'
No module named 'brian2'
No module named 'brian2'
No module named 'torch'
No module named 'torch'
No module named 'nest'.
No module named 'nest'.
No module named 'rpyc'
No module named 'rpyc'
No module named 'rpyc'
No module named 'nest'.
cannot import name 'FFExpSynBrian'
Loading network...
[INFO] - HeySnips -  Running with tracking deactivated
gain 5.398989898989899 val acc 0.618 
gain 0.904040404040404 val acc 0.886 
gain 1.9141414141414141 val acc 0.874 
[2020-09-13 17:13:28.077024] train_loss = 0.0
[2020-09-13 17:13:28.095701] train = nan
[2020-09-13 17:13:28.095716] val = nan
[2020-09-13 17:13:28.095719] test = nan
True label 1 Full 1 4Bit 1 5Bit 1 6Bit 1
True label 1 Full 0 4Bit 1 5Bit 0 6Bit 0
True label 1 Full 1 4Bit 1 5Bit 1 6Bit 1
True label 1 Full 1 4Bit 1 5Bit 1 6Bit 1
True label 0 Full 0 4Bit 0 5Bit 0 6Bit 0
True label 0 Full 0 4Bit 0 5Bit 0 6Bit 0
True label 0 Full 0 4Bit 0 5Bit 0 6Bit 0
True label 0 Full 0 4Bit 0 5Bit 0 6Bit 0
True label 1 Full 1 4Bit 1 5Bit 1 6Bit 1
True label 0 Full 0 4Bit 0 5Bit 0 6Bit 0
True label 1 Full 1 4Bit 0 5Bit 1 6Bit 1
True label 1 Full 1 4Bit 0 5Bit 1 6Bit 1
True label 1 Full 1 4Bit 0 5Bit 1 6Bit 0
True label 0 Full 0 4Bit 1 5Bit 0 6Bit 0
True label 1 Full 1 4Bit 1 5Bit 1 6Bit 1
True label 0 Full 0 4Bit 0 5Bit 0 6Bit 0
True label 0 Full 0 4Bit 0 5Bit 0 6Bit 1
True label 0 Full 0 4Bit 0 5Bit 0 6Bit 0
True label 1 Full 1 4Bit 1 5Bit 1 6Bit 1
True label 1 Full 1 4Bit 1 5Bit 1 6Bit 1
True label 0 Full 0 4Bit 0 5Bit 0 6Bit 0
True label 1 Full 1 4Bit 1 5Bit 1 6Bit 1
True label 1 Full 1 4Bit 1 5Bit 1 6Bit 1
True label 1 Full 1 4Bit 1 5Bit 1 6Bit 1
True label 1 Full 1 4Bit 1 5Bit 1 6Bit 1
True label 0 Full 0 4Bit 0 5Bit 0 6Bit 0
True label 1 Full 1 4Bit 0 5Bit 1 6Bit 1
True label 1 Full 1 4Bit 1 5Bit 1 6Bit 1
True label 1 Full 0 4Bit 1 5Bit 0 6Bit 0
True label 1 Full 1 4Bit 0 5Bit 1 6Bit 1
True label 1 Full 0 4Bit 1 5Bit 0 6Bit 0
True label 1 Full 1 4Bit 1 5Bit 1 6Bit 1
True label 1 Full 1 4Bit 0 5Bit 0 6Bit 1
True label 1 Full 1 4Bit 0 5Bit 1 6Bit 1
True label 0 Full 0 4Bit 0 5Bit 0 6Bit 0
True label 0 Full 0 4Bit 0 5Bit 0 6Bit 0
True label 1 Full 1 4Bit 1 5Bit 1 6Bit 1
True label 0 Full 0 4Bit 0 5Bit 0 6Bit 0
True label 0 Full 0 4Bit 0 5Bit 0 6Bit 0
True label 1 Full 1 4Bit 1 5Bit 1 6Bit 1
True label 1 Full 1 4Bit 1 5Bit 1 6Bit 1
True label 1 Full 1 4Bit 1 5Bit 1 6Bit 1
True label 1 Full 1 4Bit 0 5Bit 1 6Bit 1
True label 1 Full 1 4Bit 1 5Bit 1 6Bit 1
True label 0 Full 0 4Bit 1 5Bit 0 6Bit 0
True label 1 Full 0 4Bit 1 5Bit 0 6Bit 0
True label 1 Full 1 4Bit 1 5Bit 1 6Bit 1
True label 1 Full 1 4Bit 0 5Bit 1 6Bit 1
True label 1 Full 1 4Bit 1 5Bit 1 6Bit 1
True label 1 Full 1 4Bit 0 5Bit 1 6Bit 1
True label 0 Full 0 4Bit 1 5Bit 0 6Bit 0
True label 0 Full 1 4Bit 1 5Bit 1 6Bit 1
True label 1 Full 1 4Bit 1 5Bit 1 6Bit 1
True label 0 Full 0 4Bit 1 5Bit 0 6Bit 0
True label 1 Full 1 4Bit 0 5Bit 1 6Bit 1
True label 1 Full 1 4Bit 1 5Bit 1 6Bit 1
True label 1 Full 1 4Bit 0 5Bit 1 6Bit 1
True label 0 Full 0 4Bit 1 5Bit 0 6Bit 0
True label 1 Full 1 4Bit 1 5Bit 1 6Bit 1
True label 1 Full 1 4Bit 1 5Bit 1 6Bit 1
True label 0 Full 0 4Bit 1 5Bit 1 6Bit 0
True label 1 Full 1 4Bit 1 5Bit 1 6Bit 1
True label 0 Full 0 4Bit 0 5Bit 0 6Bit 0
True label 1 Full 1 4Bit 1 5Bit 1 6Bit 1
True label 0 Full 0 4Bit 0 5Bit 0 6Bit 0
True label 1 Full 1 4Bit 0 5Bit 1 6Bit 1
True label 0 Full 0 4Bit 0 5Bit 0 6Bit 0
True label 0 Full 0 4Bit 0 5Bit 0 6Bit 1
True label 1 Full 1 4Bit 1 5Bit 1 6Bit 1
True label 1 Full 1 4Bit 1 5Bit 1 6Bit 1
True label 1 Full 1 4Bit 1 5Bit 1 6Bit 1
True label 0 Full 1 4Bit 0 5Bit 0 6Bit 1
True label 0 Full 1 4Bit 0 5Bit 0 6Bit 1
True label 1 Full 0 4Bit 1 5Bit 0 6Bit 0
True label 1 Full 1 4Bit 0 5Bit 1 6Bit 1
True label 0 Full 0 4Bit 1 5Bit 1 6Bit 0
True label 1 Full 1 4Bit 1 5Bit 1 6Bit 1
True label 1 Full 1 4Bit 1 5Bit 1 6Bit 1
True label 1 Full 1 4Bit 1 5Bit 1 6Bit 1
True label 0 Full 0 4Bit 1 5Bit 0 6Bit 0
True label 0 Full 0 4Bit 0 5Bit 0 6Bit 0
True label 1 Full 1 4Bit 0 5Bit 1 6Bit 1
True label 1 Full 1 4Bit 0 5Bit 1 6Bit 1
True label 0 Full 0 4Bit 0 5Bit 1 6Bit 0
True label 1 Full 1 4Bit 0 5Bit 1 6Bit 1
True label 1 Full 1 4Bit 1 5Bit 1 6Bit 1
True label 1 Full 0 4Bit 1 5Bit 1 6Bit 1
True label 1 Full 1 4Bit 0 5Bit 1 6Bit 0
True label 1 Full 1 4Bit 1 5Bit 1 6Bit 1
True label 1 Full 1 4Bit 1 5Bit 1 6Bit 1
True label 0 Full 0 4Bit 0 5Bit 0 6Bit 0
True label 1 Full 1 4Bit 0 5Bit 1 6Bit 1
True label 0 Full 0 4Bit 0 5Bit 0 6Bit 0
True label 1 Full 1 4Bit 0 5Bit 1 6Bit 1
True label 1 Full 1 4Bit 1 5Bit 1 6Bit 1
True label 0 Full 0 4Bit 0 5Bit 0 6Bit 0
True label 1 Full 1 4Bit 1 5Bit 1 6Bit 1
True label 1 Full 1 4Bit 1 5Bit 1 6Bit 1
True label 1 Full 1 4Bit 0 5Bit 1 6Bit 1
True label 1 Full 1 4Bit 1 5Bit 1 6Bit 1
True label 0 Full 0 4Bit 0 5Bit 0 6Bit 0
True label 1 Full 1 4Bit 1 5Bit 1 6Bit 1
True label 1 Full 0 4Bit 0 5Bit 1 6Bit 0
True label 1 Full 1 4Bit 1 5Bit 1 6Bit 1
True label 1 Full 0 4Bit 0 5Bit 0 6Bit 0
True label 0 Full 0 4Bit 1 5Bit 0 6Bit 0
True label 0 Full 0 4Bit 0 5Bit 0 6Bit 0
True label 0 Full 0 4Bit 0 5Bit 0 6Bit 0
True label 1 Full 1 4Bit 1 5Bit 1 6Bit 1
True label 1 Full 1 4Bit 1 5Bit 1 6Bit 1
True label 0 Full 0 4Bit 0 5Bit 0 6Bit 0
True label 1 Full 0 4Bit 0 5Bit 1 6Bit 1
True label 1 Full 1 4Bit 1 5Bit 1 6Bit 1
True label 0 Full 0 4Bit 0 5Bit 0 6Bit 0
True label 0 Full 0 4Bit 0 5Bit 0 6Bit 0
True label 1 Full 1 4Bit 1 5Bit 1 6Bit 1
True label 0 Full 0 4Bit 1 5Bit 0 6Bit 0
True label 1 Full 1 4Bit 0 5Bit 1 6Bit 1
True label 1 Full 1 4Bit 1 5Bit 1 6Bit 1
True label 1 Full 1 4Bit 0 5Bit 1 6Bit 1
True label 0 Full 1 4Bit 0 5Bit 1 6Bit 1
True label 0 Full 0 4Bit 0 5Bit 0 6Bit 0
True label 0 Full 0 4Bit 0 5Bit 0 6Bit 0
True label 0 Full 0 4Bit 0 5Bit 0 6Bit 0
True label 1 Full 1 4Bit 1 5Bit 1 6Bit 1
True label 0 Full 0 4Bit 0 5Bit 0 6Bit 0
True label 1 Full 1 4Bit 1 5Bit 1 6Bit 0
True label 1 Full 1 4Bit 1 5Bit 1 6Bit 1
True label 1 Full 0 4Bit 0 5Bit 1 6Bit 0
True label 1 Full 1 4Bit 0 5Bit 1 6Bit 1
True label 0 Full 0 4Bit 0 5Bit 1 6Bit 0
True label 0 Full 0 4Bit 0 5Bit 0 6Bit 0
True label 1 Full 1 4Bit 1 5Bit 1 6Bit 1
True label 0 Full 0 4Bit 0 5Bit 0 6Bit 0
True label 1 Full 1 4Bit 1 5Bit 1 6Bit 1
True label 0 Full 0 4Bit 0 5Bit 0 6Bit 0
True label 0 Full 0 4Bit 0 5Bit 0 6Bit 0
True label 0 Full 0 4Bit 0 5Bit 0 6Bit 0
True label 1 Full 1 4Bit 0 5Bit 0 6Bit 0
True label 0 Full 1 4Bit 0 5Bit 1 6Bit 0
True label 1 Full 1 4Bit 0 5Bit 1 6Bit 1
True label 1 Full 1 4Bit 0 5Bit 1 6Bit 1
True label 1 Full 1 4Bit 1 5Bit 1 6Bit 1
True label 1 Full 1 4Bit 1 5Bit 1 6Bit 1
True label 1 Full 1 4Bit 0 5Bit 1 6Bit 1
True label 0 Full 0 4Bit 0 5Bit 0 6Bit 0
True label 0 Full 1 4Bit 1 5Bit 0 6Bit 1
True label 1 Full 1 4Bit 1 5Bit 1 6Bit 1
True label 0 Full 0 4Bit 0 5Bit 0 6Bit 0
True label 1 Full 1 4Bit 1 5Bit 1 6Bit 1
True label 1 Full 1 4Bit 1 5Bit 1 6Bit 1
True label 0 Full 0 4Bit 0 5Bit 0 6Bit 0
True label 0 Full 0 4Bit 1 5Bit 0 6Bit 0
True label 1 Full 1 4Bit 1 5Bit 1 6Bit 1
True label 0 Full 1 4Bit 0 5Bit 1 6Bit 0
True label 1 Full 1 4Bit 0 5Bit 1 6Bit 1
True label 1 Full 1 4Bit 1 5Bit 1 6Bit 1
True label 0 Full 0 4Bit 0 5Bit 0 6Bit 0
True label 1 Full 1 4Bit 0 5Bit 1 6Bit 1
True label 0 Full 0 4Bit 0 5Bit 0 6Bit 0
True label 1 Full 1 4Bit 1 5Bit 1 6Bit 1
True label 0 Full 0 4Bit 1 5Bit 0 6Bit 0
True label 1 Full 1 4Bit 0 5Bit 1 6Bit 1
True label 0 Full 1 4Bit 0 5Bit 1 6Bit 0
True label 1 Full 1 4Bit 0 5Bit 1 6Bit 1
True label 0 Full 0 4Bit 1 5Bit 1 6Bit 0
True label 0 Full 0 4Bit 0 5Bit 0 6Bit 0
True label 1 Full 1 4Bit 1 5Bit 1 6Bit 1
True label 1 Full 1 4Bit 0 5Bit 1 6Bit 1
True label 0 Full 0 4Bit 0 5Bit 0 6Bit 0
True label 1 Full 1 4Bit 0 5Bit 1 6Bit 0
True label 0 Full 0 4Bit 0 5Bit 0 6Bit 0
True label 1 Full 1 4Bit 0 5Bit 1 6Bit 1
True label 0 Full 0 4Bit 1 5Bit 0 6Bit 0
True label 1 Full 1 4Bit 1 5Bit 0 6Bit 1
True label 1 Full 1 4Bit 1 5Bit 1 6Bit 1
True label 0 Full 0 4Bit 0 5Bit 0 6Bit 0
True label 1 Full 1 4Bit 1 5Bit 1 6Bit 1
True label 0 Full 0 4Bit 0 5Bit 0 6Bit 0
True label 0 Full 0 4Bit 0 5Bit 0 6Bit 0
True label 0 Full 0 4Bit 1 5Bit 0 6Bit 0
True label 0 Full 1 4Bit 1 5Bit 0 6Bit 1
True label 1 Full 1 4Bit 0 5Bit 1 6Bit 1
True label 0 Full 0 4Bit 0 5Bit 0 6Bit 0
True label 0 Full 0 4Bit 0 5Bit 0 6Bit 0
True label 0 Full 0 4Bit 1 5Bit 1 6Bit 1
True label 0 Full 0 4Bit 0 5Bit 0 6Bit 0
True label 1 Full 1 4Bit 1 5Bit 1 6Bit 1
True label 1 Full 1 4Bit 0 5Bit 1 6Bit 1
True label 1 Full 1 4Bit 0 5Bit 1 6Bit 1
True label 0 Full 0 4Bit 0 5Bit 0 6Bit 0
True label 1 Full 1 4Bit 1 5Bit 1 6Bit 1
True label 1 Full 1 4Bit 0 5Bit 1 6Bit 1
True label 1 Full 1 4Bit 0 5Bit 1 6Bit 0
True label 1 Full 1 4Bit 0 5Bit 1 6Bit 1
True label 1 Full 1 4Bit 1 5Bit 1 6Bit 0
True label 1 Full 1 4Bit 1 5Bit 1 6Bit 0
True label 0 Full 1 4Bit 1 5Bit 1 6Bit 1
True label 1 Full 0 4Bit 1 5Bit 1 6Bit 0
True label 1 Full 1 4Bit 1 5Bit 1 6Bit 1
True label 1 Full 1 4Bit 1 5Bit 1 6Bit 1
True label 1 Full 1 4Bit 0 5Bit 1 6Bit 1
True label 0 Full 0 4Bit 0 5Bit 0 6Bit 0
True label 1 Full 1 4Bit 1 5Bit 1 6Bit 1
True label 1 Full 0 4Bit 0 5Bit 1 6Bit 0
True label 1 Full 1 4Bit 0 5Bit 1 6Bit 0
True label 0 Full 0 4Bit 0 5Bit 0 6Bit 0
True label 1 Full 1 4Bit 0 5Bit 1 6Bit 1
True label 1 Full 1 4Bit 1 5Bit 1 6Bit 1
True label 1 Full 1 4Bit 0 5Bit 1 6Bit 1
True label 1 Full 1 4Bit 1 5Bit 1 6Bit 1
True label 1 Full 1 4Bit 1 5Bit 1 6Bit 1
True label 1 Full 1 4Bit 1 5Bit 1 6Bit 1
True label 0 Full 0 4Bit 1 5Bit 0 6Bit 0
True label 0 Full 0 4Bit 0 5Bit 1 6Bit 0
True label 0 Full 0 4Bit 0 5Bit 1 6Bit 0
True label 1 Full 1 4Bit 1 5Bit 1 6Bit 1
True label 1 Full 1 4Bit 0 5Bit 1 6Bit 1
True label 1 Full 1 4Bit 0 5Bit 1 6Bit 1
True label 1 Full 1 4Bit 1 5Bit 1 6Bit 1
True label 1 Full 1 4Bit 1 5Bit 1 6Bit 1
True label 1 Full 1 4Bit 0 5Bit 1 6Bit 1
True label 0 Full 0 4Bit 0 5Bit 0 6Bit 0
True label 0 Full 0 4Bit 0 5Bit 0 6Bit 0
True label 1 Full 1 4Bit 1 5Bit 1 6Bit 1
True label 1 Full 0 4Bit 1 5Bit 0 6Bit 0
True label 0 Full 0 4Bit 0 5Bit 0 6Bit 0
True label 0 Full 0 4Bit 1 5Bit 0 6Bit 0
True label 0 Full 0 4Bit 0 5Bit 0 6Bit 0
True label 1 Full 1 4Bit 0 5Bit 0 6Bit 0
True label 0 Full 1 4Bit 0 5Bit 1 6Bit 1
True label 1 Full 1 4Bit 1 5Bit 1 6Bit 1
True label 1 Full 1 4Bit 0 5Bit 1 6Bit 1
True label 1 Full 0 4Bit 1 5Bit 0 6Bit 0
True label 0 Full 0 4Bit 0 5Bit 0 6Bit 0
True label 1 Full 1 4Bit 1 5Bit 1 6Bit 1
True label 0 Full 0 4Bit 0 5Bit 1 6Bit 0
True label 0 Full 0 4Bit 0 5Bit 0 6Bit 0
True label 0 Full 0 4Bit 0 5Bit 0 6Bit 0
True label 1 Full 1 4Bit 1 5Bit 1 6Bit 1
True label 1 Full 1 4Bit 0 5Bit 1 6Bit 1
True label 1 Full 1 4Bit 1 5Bit 1 6Bit 1
True label 1 Full 1 4Bit 1 5Bit 1 6Bit 1
True label 1 Full 1 4Bit 0 5Bit 1 6Bit 1
True label 0 Full 0 4Bit 0 5Bit 0 6Bit 0
True label 0 Full 0 4Bit 0 5Bit 0 6Bit 0
True label 0 Full 0 4Bit 0 5Bit 0 6Bit 0
True label 1 Full 1 4Bit 0 5Bit 1 6Bit 1
True label 1 Full 1 4Bit 1 5Bit 1 6Bit 1
True label 0 Full 1 4Bit 1 5Bit 1 6Bit 0
True label 1 Full 1 4Bit 0 5Bit 1 6Bit 1
True label 1 Full 1 4Bit 1 5Bit 1 6Bit 1
True label 0 Full 0 4Bit 1 5Bit 0 6Bit 0
True label 1 Full 1 4Bit 1 5Bit 1 6Bit 1
True label 0 Full 0 4Bit 1 5Bit 0 6Bit 0
True label 0 Full 1 4Bit 0 5Bit 0 6Bit 0
True label 1 Full 1 4Bit 0 5Bit 1 6Bit 1
True label 1 Full 1 4Bit 1 5Bit 1 6Bit 1
True label 1 Full 1 4Bit 0 5Bit 1 6Bit 1
True label 0 Full 0 4Bit 0 5Bit 0 6Bit 1
True label 0 Full 0 4Bit 0 5Bit 0 6Bit 0
True label 0 Full 0 4Bit 0 5Bit 0 6Bit 0
True label 0 Full 0 4Bit 1 5Bit 0 6Bit 0
True label 1 Full 1 4Bit 1 5Bit 1 6Bit 1
True label 0 Full 0 4Bit 0 5Bit 0 6Bit 0
True label 0 Full 0 4Bit 1 5Bit 0 6Bit 1
True label 0 Full 0 4Bit 0 5Bit 0 6Bit 0
True label 1 Full 1 4Bit 0 5Bit 1 6Bit 1
True label 0 Full 1 4Bit 1 5Bit 1 6Bit 1
True label 0 Full 1 4Bit 0 5Bit 0 6Bit 0
True label 0 Full 0 4Bit 0 5Bit 0 6Bit 0
True label 0 Full 0 4Bit 1 5Bit 0 6Bit 0
True label 0 Full 1 4Bit 1 5Bit 1 6Bit 1
True label 0 Full 0 4Bit 0 5Bit 0 6Bit 0
True label 0 Full 0 4Bit 0 5Bit 0 6Bit 0
True label 1 Full 1 4Bit 0 5Bit 1 6Bit 1
True label 0 Full 1 4Bit 1 5Bit 0 6Bit 1
True label 0 Full 0 4Bit 1 5Bit 0 6Bit 0
True label 1 Full 0 4Bit 1 5Bit 1 6Bit 0
True label 0 Full 0 4Bit 0 5Bit 1 6Bit 0
True label 0 Full 0 4Bit 0 5Bit 0 6Bit 0
True label 1 Full 1 4Bit 0 5Bit 1 6Bit 1
True label 1 Full 1 4Bit 1 5Bit 1 6Bit 1
True label 1 Full 1 4Bit 1 5Bit 1 6Bit 1
True label 0 Full 0 4Bit 0 5Bit 0 6Bit 0
True label 0 Full 0 4Bit 0 5Bit 0 6Bit 0
True label 1 Full 1 4Bit 0 5Bit 1 6Bit 1
True label 0 Full 0 4Bit 0 5Bit 0 6Bit 0
True label 1 Full 1 4Bit 1 5Bit 1 6Bit 1
True label 1 Full 1 4Bit 1 5Bit 1 6Bit 1
True label 0 Full 0 4Bit 0 5Bit 0 6Bit 0
True label 1 Full 1 4Bit 1 5Bit 1 6Bit 1
True label 1 Full 1 4Bit 1 5Bit 1 6Bit 1
True label 0 Full 0 4Bit 0 5Bit 0 6Bit 0
True label 1 Full 1 4Bit 0 5Bit 1 6Bit 1
True label 1 Full 1 4Bit 0 5Bit 1 6Bit 1
True label 0 Full 0 4Bit 1 5Bit 1 6Bit 0
True label 0 Full 0 4Bit 0 5Bit 0 6Bit 0
True label 1 Full 1 4Bit 0 5Bit 1 6Bit 1
True label 1 Full 0 4Bit 0 5Bit 0 6Bit 0
True label 1 Full 0 4Bit 0 5Bit 0 6Bit 0
True label 1 Full 1 4Bit 0 5Bit 0 6Bit 1
True label 0 Full 0 4Bit 0 5Bit 0 6Bit 0
True label 0 Full 0 4Bit 0 5Bit 0 6Bit 0
True label 1 Full 1 4Bit 1 5Bit 1 6Bit 1
True label 0 Full 1 4Bit 0 5Bit 1 6Bit 0
True label 0 Full 0 4Bit 0 5Bit 0 6Bit 0
True label 1 Full 1 4Bit 1 5Bit 1 6Bit 1
True label 0 Full 1 4Bit 0 5Bit 1 6Bit 1
True label 0 Full 0 4Bit 1 5Bit 0 6Bit 0
True label 1 Full 1 4Bit 0 5Bit 1 6Bit 1
True label 0 Full 0 4Bit 0 5Bit 0 6Bit 0
True label 1 Full 1 4Bit 0 5Bit 1 6Bit 1
True label 0 Full 0 4Bit 0 5Bit 0 6Bit 0
True label 1 Full 1 4Bit 0 5Bit 1 6Bit 1
True label 1 Full 1 4Bit 1 5Bit 1 6Bit 1
True label 1 Full 1 4Bit 1 5Bit 1 6Bit 1
True label 1 Full 0 4Bit 0 5Bit 1 6Bit 0
True label 1 Full 1 4Bit 1 5Bit 1 6Bit 1
True label 0 Full 0 4Bit 0 5Bit 0 6Bit 0
True label 1 Full 1 4Bit 1 5Bit 1 6Bit 1
True label 0 Full 0 4Bit 0 5Bit 0 6Bit 0
True label 1 Full 1 4Bit 0 5Bit 1 6Bit 1
True label 0 Full 0 4Bit 0 5Bit 0 6Bit 0
True label 0 Full 0 4Bit 1 5Bit 0 6Bit 0
True label 0 Full 0 4Bit 0 5Bit 0 6Bit 0
True label 1 Full 1 4Bit 0 5Bit 1 6Bit 1
True label 1 Full 1 4Bit 1 5Bit 1 6Bit 1
True label 1 Full 1 4Bit 0 5Bit 1 6Bit 1
True label 0 Full 0 4Bit 0 5Bit 0 6Bit 0
True label 0 Full 1 4Bit 1 5Bit 1 6Bit 1
True label 0 Full 0 4Bit 1 5Bit 0 6Bit 0
True label 0 Full 0 4Bit 0 5Bit 0 6Bit 0
True label 1 Full 1 4Bit 0 5Bit 1 6Bit 1
True label 1 Full 0 4Bit 1 5Bit 1 6Bit 1
True label 0 Full 0 4Bit 0 5Bit 0 6Bit 0
True label 1 Full 1 4Bit 0 5Bit 1 6Bit 1
True label 0 Full 0 4Bit 0 5Bit 0 6Bit 0
True label 0 Full 0 4Bit 0 5Bit 0 6Bit 0
True label 1 Full 1 4Bit 0 5Bit 1 6Bit 1
True label 1 Full 1 4Bit 0 5Bit 1 6Bit 1
True label 0 Full 0 4Bit 0 5Bit 1 6Bit 0
True label 1 Full 1 4Bit 1 5Bit 1 6Bit 1
True label 0 Full 0 4Bit 0 5Bit 0 6Bit 0
True label 1 Full 1 4Bit 0 5Bit 1 6Bit 1
True label 0 Full 0 4Bit 0 5Bit 0 6Bit 0
True label 1 Full 1 4Bit 1 5Bit 1 6Bit 1
True label 1 Full 1 4Bit 0 5Bit 1 6Bit 1
True label 1 Full 1 4Bit 1 5Bit 1 6Bit 1
True label 1 Full 0 4Bit 0 5Bit 1 6Bit 0
True label 0 Full 0 4Bit 1 5Bit 1 6Bit 0
True label 0 Full 0 4Bit 0 5Bit 0 6Bit 0
True label 0 Full 0 4Bit 0 5Bit 0 6Bit 0
True label 0 Full 0 4Bit 0 5Bit 1 6Bit 1
True label 1 Full 1 4Bit 0 5Bit 1 6Bit 1
True label 1 Full 1 4Bit 0 5Bit 1 6Bit 1
True label 1 Full 1 4Bit 0 5Bit 1 6Bit 1
True label 1 Full 1 4Bit 1 5Bit 1 6Bit 1
True label 1 Full 1 4Bit 0 5Bit 1 6Bit 0
True label 0 Full 0 4Bit 0 5Bit 0 6Bit 0
True label 1 Full 1 4Bit 0 5Bit 1 6Bit 0
True label 1 Full 1 4Bit 1 5Bit 1 6Bit 1
True label 1 Full 1 4Bit 0 5Bit 1 6Bit 1
True label 0 Full 0 4Bit 0 5Bit 0 6Bit 0
True label 1 Full 1 4Bit 0 5Bit 1 6Bit 1
True label 1 Full 1 4Bit 1 5Bit 1 6Bit 1
True label 1 Full 0 4Bit 1 5Bit 0 6Bit 1
True label 0 Full 0 4Bit 0 5Bit 0 6Bit 0
True label 1 Full 1 4Bit 1 5Bit 1 6Bit 1
True label 0 Full 0 4Bit 0 5Bit 0 6Bit 0
True label 1 Full 0 4Bit 0 5Bit 0 6Bit 0
True label 0 Full 0 4Bit 0 5Bit 0 6Bit 0
True label 0 Full 0 4Bit 0 5Bit 0 6Bit 0
True label 1 Full 0 4Bit 1 5Bit 0 6Bit 1
True label 1 Full 1 4Bit 0 5Bit 1 6Bit 1
True label 1 Full 1 4Bit 0 5Bit 1 6Bit 1
True label 1 Full 1 4Bit 0 5Bit 1 6Bit 1
True label 1 Full 1 4Bit 1 5Bit 1 6Bit 1
True label 0 Full 0 4Bit 0 5Bit 1 6Bit 0
True label 1 Full 1 4Bit 1 5Bit 1 6Bit 1
True label 0 Full 0 4Bit 0 5Bit 0 6Bit 0
True label 0 Full 0 4Bit 0 5Bit 1 6Bit 0
True label 1 Full 1 4Bit 1 5Bit 1 6Bit 1
True label 1 Full 1 4Bit 1 5Bit 1 6Bit 1
True label 1 Full 1 4Bit 1 5Bit 1 6Bit 1
True label 0 Full 0 4Bit 0 5Bit 0 6Bit 0
True label 0 Full 1 4Bit 0 5Bit 1 6Bit 0
True label 0 Full 0 4Bit 0 5Bit 0 6Bit 0
True label 1 Full 1 4Bit 1 5Bit 1 6Bit 1
True label 1 Full 1 4Bit 1 5Bit 1 6Bit 1
True label 1 Full 1 4Bit 1 5Bit 1 6Bit 1
True label 0 Full 0 4Bit 1 5Bit 0 6Bit 0
True label 0 Full 0 4Bit 0 5Bit 0 6Bit 0
True label 0 Full 0 4Bit 0 5Bit 0 6Bit 0
True label 1 Full 1 4Bit 0 5Bit 1 6Bit 1
True label 1 Full 1 4Bit 1 5Bit 1 6Bit 1
True label 0 Full 0 4Bit 0 5Bit 0 6Bit 0
True label 1 Full 1 4Bit 1 5Bit 1 6Bit 1
True label 1 Full 1 4Bit 1 5Bit 1 6Bit 1
True label 1 Full 1 4Bit 1 5Bit 1 6Bit 1
True label 0 Full 0 4Bit 0 5Bit 0 6Bit 0
True label 1 Full 1 4Bit 1 5Bit 1 6Bit 1
True label 1 Full 0 4Bit 1 5Bit 0 6Bit 0
True label 0 Full 0 4Bit 0 5Bit 0 6Bit 0
True label 1 Full 1 4Bit 1 5Bit 1 6Bit 1
True label 1 Full 1 4Bit 1 5Bit 1 6Bit 1
True label 1 Full 1 4Bit 0 5Bit 1 6Bit 1
True label 0 Full 0 4Bit 0 5Bit 1 6Bit 0
True label 1 Full 1 4Bit 1 5Bit 1 6Bit 1
True label 1 Full 1 4Bit 0 5Bit 1 6Bit 1
True label 0 Full 0 4Bit 0 5Bit 0 6Bit 0
True label 1 Full 1 4Bit 1 5Bit 1 6Bit 1
True label 0 Full 0 4Bit 0 5Bit 0 6Bit 0
True label 0 Full 0 4Bit 0 5Bit 0 6Bit 0
True label 0 Full 0 4Bit 0 5Bit 0 6Bit 0
True label 1 Full 1 4Bit 1 5Bit 1 6Bit 1
True label 1 Full 1 4Bit 0 5Bit 1 6Bit 1
True label 0 Full 1 4Bit 0 5Bit 1 6Bit 0
True label 0 Full 0 4Bit 0 5Bit 0 6Bit 0
True label 0 Full 0 4Bit 0 5Bit 1 6Bit 0
True label 1 Full 1 4Bit 1 5Bit 1 6Bit 1
True label 0 Full 0 4Bit 0 5Bit 0 6Bit 0
True label 0 Full 0 4Bit 0 5Bit 0 6Bit 0
True label 1 Full 1 4Bit 1 5Bit 1 6Bit 1
True label 0 Full 0 4Bit 0 5Bit 0 6Bit 0
True label 0 Full 0 4Bit 0 5Bit 0 6Bit 0
True label 0 Full 0 4Bit 0 5Bit 0 6Bit 0
True label 0 Full 0 4Bit 0 5Bit 0 6Bit 0
True label 0 Full 0 4Bit 0 5Bit 1 6Bit 0
True label 0 Full 0 4Bit 0 5Bit 0 6Bit 0
True label 1 Full 0 4Bit 1 5Bit 1 6Bit 1
True label 0 Full 1 4Bit 0 5Bit 1 6Bit 0
True label 0 Full 0 4Bit 0 5Bit 0 6Bit 0
True label 1 Full 1 4Bit 1 5Bit 1 6Bit 1
True label 0 Full 0 4Bit 0 5Bit 0 6Bit 0
True label 0 Full 0 4Bit 0 5Bit 0 6Bit 0
True label 1 Full 1 4Bit 1 5Bit 1 6Bit 1
True label 1 Full 1 4Bit 1 5Bit 1 6Bit 1
True label 1 Full 1 4Bit 1 5Bit 1 6Bit 0
True label 0 Full 0 4Bit 0 5Bit 0 6Bit 0
True label 0 Full 1 4Bit 1 5Bit 1 6Bit 0
True label 0 Full 0 4Bit 0 5Bit 0 6Bit 0
True label 1 Full 1 4Bit 1 5Bit 1 6Bit 0
True label 0 Full 0 4Bit 0 5Bit 0 6Bit 0
True label 0 Full 0 4Bit 0 5Bit 0 6Bit 0
True label 0 Full 1 4Bit 0 5Bit 1 6Bit 1
True label 0 Full 0 4Bit 1 5Bit 0 6Bit 0
True label 1 Full 1 4Bit 1 5Bit 1 6Bit 1
True label 1 Full 1 4Bit 0 5Bit 1 6Bit 1
True label 1 Full 1 4Bit 0 5Bit 0 6Bit 0
True label 0 Full 1 4Bit 0 5Bit 1 6Bit 1
True label 0 Full 0 4Bit 0 5Bit 0 6Bit 0
True label 0 Full 0 4Bit 0 5Bit 0 6Bit 0
True label 1 Full 1 4Bit 0 5Bit 1 6Bit 1
True label 0 Full 0 4Bit 0 5Bit 0 6Bit 0
True label 1 Full 1 4Bit 1 5Bit 1 6Bit 0
True label 0 Full 0 4Bit 0 5Bit 0 6Bit 0
True label 1 Full 1 4Bit 1 5Bit 1 6Bit 1
True label 0 Full 0 4Bit 1 5Bit 0 6Bit 0
True label 0 Full 0 4Bit 0 5Bit 1 6Bit 0
True label 1 Full 1 4Bit 0 5Bit 1 6Bit 1
True label 1 Full 1 4Bit 0 5Bit 0 6Bit 0
True label 1 Full 1 4Bit 1 5Bit 1 6Bit 1
True label 0 Full 0 4Bit 0 5Bit 1 6Bit 0
True label 1 Full 1 4Bit 1 5Bit 1 6Bit 1
True label 0 Full 0 4Bit 0 5Bit 0 6Bit 0
True label 0 Full 0 4Bit 0 5Bit 0 6Bit 0
True label 0 Full 0 4Bit 0 5Bit 0 6Bit 0
True label 0 Full 0 4Bit 0 5Bit 0 6Bit 1
True label 1 Full 1 4Bit 0 5Bit 1 6Bit 1
True label 0 Full 1 4Bit 0 5Bit 0 6Bit 0
True label 0 Full 0 4Bit 0 5Bit 0 6Bit 0
True label 1 Full 1 4Bit 1 5Bit 1 6Bit 1
True label 0 Full 0 4Bit 0 5Bit 0 6Bit 0
True label 1 Full 1 4Bit 0 5Bit 1 6Bit 1
True label 1 Full 1 4Bit 0 5Bit 1 6Bit 1
True label 0 Full 0 4Bit 1 5Bit 0 6Bit 0
True label 0 Full 0 4Bit 0 5Bit 0 6Bit 0
True label 1 Full 1 4Bit 1 5Bit 1 6Bit 1
True label 1 Full 1 4Bit 0 5Bit 1 6Bit 1
True label 1 Full 1 4Bit 0 5Bit 1 6Bit 1
True label 0 Full 0 4Bit 0 5Bit 0 6Bit 0
True label 1 Full 1 4Bit 1 5Bit 1 6Bit 1
True label 0 Full 0 4Bit 0 5Bit 0 6Bit 0
True label 1 Full 1 4Bit 1 5Bit 1 6Bit 1
True label 0 Full 0 4Bit 0 5Bit 0 6Bit 0
True label 1 Full 1 4Bit 1 5Bit 1 6Bit 1
True label 1 Full 1 4Bit 1 5Bit 1 6Bit 1
True label 1 Full 1 4Bit 1 5Bit 1 6Bit 1
True label 0 Full 1 4Bit 0 5Bit 0 6Bit 0
True label 0 Full 0 4Bit 1 5Bit 0 6Bit 0
True label 1 Full 1 4Bit 0 5Bit 1 6Bit 1
True label 1 Full 1 4Bit 0 5Bit 1 6Bit 1
True label 0 Full 0 4Bit 0 5Bit 0 6Bit 0
True label 0 Full 0 4Bit 1 5Bit 0 6Bit 0
True label 0 Full 0 4Bit 0 5Bit 0 6Bit 0
True label 1 Full 1 4Bit 1 5Bit 1 6Bit 1
True label 1 Full 1 4Bit 1 5Bit 1 6Bit 1
True label 0 Full 0 4Bit 0 5Bit 0 6Bit 0
True label 0 Full 0 4Bit 1 5Bit 0 6Bit 0
True label 0 Full 0 4Bit 0 5Bit 0 6Bit 0
True label 0 Full 0 4Bit 1 5Bit 1 6Bit 1
True label 1 Full 1 4Bit 0 5Bit 1 6Bit 1
True label 0 Full 0 4Bit 0 5Bit 1 6Bit 1
True label 1 Full 1 4Bit 1 5Bit 1 6Bit 1
True label 0 Full 0 4Bit 1 5Bit 0 6Bit 0
True label 0 Full 0 4Bit 0 5Bit 0 6Bit 0
True label 0 Full 0 4Bit 0 5Bit 0 6Bit 0
True label 1 Full 1 4Bit 1 5Bit 1 6Bit 1
True label 0 Full 0 4Bit 0 5Bit 0 6Bit 0
True label 1 Full 1 4Bit 0 5Bit 1 6Bit 1
True label 0 Full 0 4Bit 0 5Bit 0 6Bit 1
True label 1 Full 1 4Bit 1 5Bit 1 6Bit 1
True label 1 Full 0 4Bit 0 5Bit 0 6Bit 0
True label 1 Full 1 4Bit 1 5Bit 1 6Bit 1
True label 1 Full 1 4Bit 0 5Bit 1 6Bit 1
True label 0 Full 0 4Bit 0 5Bit 0 6Bit 0
True label 1 Full 1 4Bit 1 5Bit 1 6Bit 1
True label 1 Full 1 4Bit 0 5Bit 1 6Bit 1
True label 0 Full 0 4Bit 0 5Bit 0 6Bit 0
True label 0 Full 0 4Bit 0 5Bit 0 6Bit 0
True label 0 Full 0 4Bit 0 5Bit 0 6Bit 0
True label 1 Full 1 4Bit 1 5Bit 1 6Bit 1
True label 0 Full 0 4Bit 0 5Bit 0 6Bit 0
True label 1 Full 1 4Bit 0 5Bit 1 6Bit 1
True label 1 Full 1 4Bit 1 5Bit 1 6Bit 1
True label 0 Full 0 4Bit 1 5Bit 0 6Bit 0
True label 0 Full 0 4Bit 0 5Bit 0 6Bit 0
True label 0 Full 0 4Bit 0 5Bit 0 6Bit 0
True label 0 Full 0 4Bit 0 5Bit 0 6Bit 0
True label 1 Full 0 4Bit 1 5Bit 1 6Bit 0
True label 1 Full 1 4Bit 1 5Bit 1 6Bit 1
True label 0 Full 0 4Bit 1 5Bit 1 6Bit 0
True label 1 Full 1 4Bit 0 5Bit 1 6Bit 1
True label 1 Full 1 4Bit 0 5Bit 1 6Bit 1
True label 1 Full 1 4Bit 1 5Bit 1 6Bit 1
True label 0 Full 0 4Bit 0 5Bit 0 6Bit 0
True label 0 Full 0 4Bit 0 5Bit 0 6Bit 0
True label 0 Full 0 4Bit 1 5Bit 0 6Bit 0
True label 1 Full 1 4Bit 1 5Bit 1 6Bit 1
True label 0 Full 0 4Bit 1 5Bit 0 6Bit 0
True label 0 Full 0 4Bit 1 5Bit 0 6Bit 0
True label 1 Full 1 4Bit 1 5Bit 1 6Bit 1
True label 0 Full 0 4Bit 0 5Bit 0 6Bit 0
True label 1 Full 1 4Bit 1 5Bit 1 6Bit 1
True label 1 Full 1 4Bit 0 5Bit 1 6Bit 0
True label 0 Full 0 4Bit 0 5Bit 0 6Bit 0
True label 1 Full 1 4Bit 0 5Bit 1 6Bit 1
True label 0 Full 0 4Bit 0 5Bit 0 6Bit 0
True label 0 Full 0 4Bit 0 5Bit 0 6Bit 0
True label 1 Full 1 4Bit 1 5Bit 1 6Bit 1
True label 1 Full 1 4Bit 1 5Bit 1 6Bit 0
True label 1 Full 1 4Bit 1 5Bit 1 6Bit 1
True label 1 Full 1 4Bit 1 5Bit 1 6Bit 1
True label 1 Full 1 4Bit 0 5Bit 1 6Bit 1
True label 0 Full 0 4Bit 0 5Bit 0 6Bit 0
True label 0 Full 0 4Bit 1 5Bit 0 6Bit 0
True label 1 Full 1 4Bit 1 5Bit 1 6Bit 1
True label 0 Full 0 4Bit 0 5Bit 0 6Bit 0
True label 0 Full 0 4Bit 0 5Bit 0 6Bit 0
True label 1 Full 1 4Bit 1 5Bit 1 6Bit 1
True label 0 Full 0 4Bit 1 5Bit 0 6Bit 0
True label 0 Full 0 4Bit 0 5Bit 0 6Bit 1
True label 1 Full 1 4Bit 1 5Bit 1 6Bit 1
True label 0 Full 0 4Bit 1 5Bit 0 6Bit 0
True label 1 Full 1 4Bit 1 5Bit 1 6Bit 1
True label 0 Full 1 4Bit 1 5Bit 1 6Bit 1
True label 1 Full 1 4Bit 1 5Bit 1 6Bit 1
True label 1 Full 1 4Bit 1 5Bit 1 6Bit 0
True label 1 Full 1 4Bit 1 5Bit 1 6Bit 1
True label 0 Full 1 4Bit 0 5Bit 1 6Bit 1
True label 1 Full 1 4Bit 1 5Bit 1 6Bit 1
True label 0 Full 0 4Bit 0 5Bit 0 6Bit 0
True label 1 Full 1 4Bit 1 5Bit 1 6Bit 1
True label 1 Full 1 4Bit 1 5Bit 1 6Bit 1
True label 0 Full 0 4Bit 0 5Bit 0 6Bit 0
True label 1 Full 1 4Bit 0 5Bit 1 6Bit 1
True label 1 Full 1 4Bit 1 5Bit 1 6Bit 1
True label 0 Full 0 4Bit 1 5Bit 1 6Bit 1
True label 0 Full 0 4Bit 0 5Bit 0 6Bit 0
True label 1 Full 1 4Bit 0 5Bit 1 6Bit 1
True label 1 Full 1 4Bit 0 5Bit 1 6Bit 1
True label 0 Full 0 4Bit 0 5Bit 0 6Bit 0
True label 0 Full 0 4Bit 1 5Bit 1 6Bit 0
True label 1 Full 1 4Bit 1 5Bit 1 6Bit 1
True label 0 Full 0 4Bit 0 5Bit 0 6Bit 0
True label 1 Full 1 4Bit 1 5Bit 1 6Bit 1
True label 1 Full 0 4Bit 1 5Bit 0 6Bit 1
True label 1 Full 1 4Bit 1 5Bit 1 6Bit 1
True label 0 Full 0 4Bit 0 5Bit 0 6Bit 0
True label 0 Full 0 4Bit 0 5Bit 1 6Bit 0
True label 0 Full 0 4Bit 1 5Bit 0 6Bit 0
True label 0 Full 0 4Bit 0 5Bit 0 6Bit 0
True label 0 Full 0 4Bit 0 5Bit 0 6Bit 0
True label 1 Full 1 4Bit 1 5Bit 1 6Bit 1
True label 0 Full 0 4Bit 0 5Bit 0 6Bit 0
True label 0 Full 0 4Bit 0 5Bit 0 6Bit 0
True label 0 Full 0 4Bit 1 5Bit 1 6Bit 0
True label 1 Full 1 4Bit 0 5Bit 1 6Bit 1
True label 0 Full 0 4Bit 0 5Bit 0 6Bit 0
True label 0 Full 0 4Bit 1 5Bit 1 6Bit 0
True label 1 Full 1 4Bit 0 5Bit 1 6Bit 1
True label 0 Full 0 4Bit 0 5Bit 0 6Bit 0
True label 1 Full 1 4Bit 1 5Bit 1 6Bit 1
True label 0 Full 0 4Bit 0 5Bit 1 6Bit 0
True label 1 Full 1 4Bit 1 5Bit 1 6Bit 1
True label 0 Full 0 4Bit 0 5Bit 0 6Bit 0
True label 1 Full 1 4Bit 1 5Bit 1 6Bit 1
True label 1 Full 1 4Bit 1 5Bit 1 6Bit 1
True label 0 Full 0 4Bit 1 5Bit 0 6Bit 0
True label 0 Full 0 4Bit 0 5Bit 0 6Bit 0
True label 0 Full 0 4Bit 0 5Bit 0 6Bit 0
True label 1 Full 1 4Bit 0 5Bit 1 6Bit 1
True label 0 Full 0 4Bit 0 5Bit 0 6Bit 1
True label 1 Full 1 4Bit 0 5Bit 0 6Bit 1
True label 0 Full 0 4Bit 0 5Bit 0 6Bit 0
True label 0 Full 0 4Bit 0 5Bit 0 6Bit 0
True label 0 Full 0 4Bit 0 5Bit 1 6Bit 1
True label 0 Full 0 4Bit 0 5Bit 0 6Bit 0
True label 0 Full 0 4Bit 1 5Bit 0 6Bit 0
True label 0 Full 0 4Bit 1 5Bit 0 6Bit 0
True label 0 Full 0 4Bit 0 5Bit 0 6Bit 0
True label 1 Full 1 4Bit 1 5Bit 1 6Bit 1
True label 1 Full 1 4Bit 1 5Bit 1 6Bit 1
True label 1 Full 1 4Bit 1 5Bit 1 6Bit 1
True label 1 Full 1 4Bit 1 5Bit 1 6Bit 1
True label 1 Full 1 4Bit 1 5Bit 0 6Bit 1
True label 1 Full 1 4Bit 1 5Bit 1 6Bit 1
True label 0 Full 0 4Bit 0 5Bit 0 6Bit 0
True label 0 Full 0 4Bit 1 5Bit 0 6Bit 0
True label 0 Full 0 4Bit 0 5Bit 0 6Bit 0
True label 1 Full 1 4Bit 0 5Bit 0 6Bit 1
True label 1 Full 1 4Bit 0 5Bit 1 6Bit 1
True label 0 Full 0 4Bit 0 5Bit 0 6Bit 0
True label 0 Full 0 4Bit 0 5Bit 0 6Bit 0
True label 1 Full 1 4Bit 1 5Bit 1 6Bit 1
True label 1 Full 1 4Bit 1 5Bit 1 6Bit 1
True label 1 Full 1 4Bit 1 5Bit 1 6Bit 1
True label 0 Full 0 4Bit 0 5Bit 1 6Bit 0
True label 0 Full 0 4Bit 0 5Bit 0 6Bit 0
True label 1 Full 1 4Bit 0 5Bit 1 6Bit 1
True label 0 Full 0 4Bit 1 5Bit 0 6Bit 0
True label 1 Full 1 4Bit 0 5Bit 1 6Bit 1
True label 0 Full 0 4Bit 0 5Bit 0 6Bit 0
True label 1 Full 1 4Bit 0 5Bit 1 6Bit 1
True label 0 Full 0 4Bit 1 5Bit 0 6Bit 0
True label 1 Full 1 4Bit 1 5Bit 1 6Bit 1
True label 1 Full 1 4Bit 0 5Bit 1 6Bit 1
True label 0 Full 0 4Bit 0 5Bit 0 6Bit 1
True label 0 Full 0 4Bit 0 5Bit 0 6Bit 0
True label 0 Full 0 4Bit 0 5Bit 0 6Bit 0
True label 0 Full 0 4Bit 0 5Bit 0 6Bit 0
True label 0 Full 0 4Bit 0 5Bit 0 6Bit 0
True label 1 Full 1 4Bit 1 5Bit 1 6Bit 1
True label 0 Full 0 4Bit 0 5Bit 0 6Bit 0
True label 0 Full 0 4Bit 0 5Bit 0 6Bit 0
True label 1 Full 1 4Bit 0 5Bit 1 6Bit 1
True label 0 Full 0 4Bit 0 5Bit 0 6Bit 0
True label 1 Full 1 4Bit 0 5Bit 1 6Bit 1
True label 0 Full 0 4Bit 0 5Bit 0 6Bit 0
True label 1 Full 1 4Bit 1 5Bit 1 6Bit 1
True label 1 Full 1 4Bit 1 5Bit 1 6Bit 1
True label 0 Full 0 4Bit 0 5Bit 1 6Bit 0
True label 0 Full 0 4Bit 0 5Bit 0 6Bit 0
True label 1 Full 1 4Bit 1 5Bit 1 6Bit 1
True label 1 Full 1 4Bit 1 5Bit 1 6Bit 1
True label 0 Full 0 4Bit 0 5Bit 0 6Bit 0
True label 0 Full 0 4Bit 0 5Bit 0 6Bit 0
True label 0 Full 0 4Bit 0 5Bit 0 6Bit 0
True label 1 Full 1 4Bit 0 5Bit 1 6Bit 1
True label 0 Full 0 4Bit 1 5Bit 0 6Bit 0
True label 1 Full 1 4Bit 1 5Bit 1 6Bit 1
True label 1 Full 1 4Bit 0 5Bit 1 6Bit 1
True label 1 Full 1 4Bit 1 5Bit 1 6Bit 1
True label 1 Full 0 4Bit 0 5Bit 0 6Bit 0
True label 1 Full 1 4Bit 1 5Bit 1 6Bit 1
True label 1 Full 1 4Bit 1 5Bit 1 6Bit 1
True label 1 Full 1 4Bit 1 5Bit 1 6Bit 1
True label 1 Full 1 4Bit 0 5Bit 1 6Bit 1
True label 0 Full 0 4Bit 0 5Bit 0 6Bit 0
True label 1 Full 1 4Bit 1 5Bit 1 6Bit 1
True label 1 Full 1 4Bit 1 5Bit 1 6Bit 1
True label 1 Full 1 4Bit 1 5Bit 1 6Bit 1
True label 0 Full 0 4Bit 0 5Bit 0 6Bit 0
True label 1 Full 1 4Bit 1 5Bit 1 6Bit 1
True label 0 Full 1 4Bit 0 5Bit 1 6Bit 1
True label 0 Full 0 4Bit 0 5Bit 0 6Bit 0
True label 1 Full 0 4Bit 0 5Bit 0 6Bit 0
True label 0 Full 0 4Bit 0 5Bit 0 6Bit 0
True label 1 Full 0 4Bit 0 5Bit 0 6Bit 0
True label 1 Full 1 4Bit 1 5Bit 1 6Bit 1
True label 1 Full 1 4Bit 0 5Bit 1 6Bit 1
True label 0 Full 0 4Bit 0 5Bit 0 6Bit 0
True label 0 Full 0 4Bit 0 5Bit 0 6Bit 0
True label 0 Full 0 4Bit 1 5Bit 0 6Bit 0
True label 1 Full 1 4Bit 1 5Bit 1 6Bit 1
True label 1 Full 0 4Bit 0 5Bit 1 6Bit 0
True label 1 Full 1 4Bit 1 5Bit 1 6Bit 1
True label 1 Full 1 4Bit 1 5Bit 1 6Bit 1
True label 0 Full 0 4Bit 0 5Bit 0 6Bit 0
True label 0 Full 0 4Bit 0 5Bit 0 6Bit 0
True label 1 Full 1 4Bit 0 5Bit 1 6Bit 1
True label 1 Full 1 4Bit 1 5Bit 1 6Bit 0
True label 1 Full 1 4Bit 1 5Bit 1 6Bit 1
True label 0 Full 1 4Bit 1 5Bit 1 6Bit 1
True label 0 Full 0 4Bit 0 5Bit 0 6Bit 1
True label 0 Full 0 4Bit 0 5Bit 0 6Bit 0
True label 0 Full 0 4Bit 0 5Bit 0 6Bit 0
True label 0 Full 0 4Bit 1 5Bit 0 6Bit 0
True label 0 Full 0 4Bit 0 5Bit 0 6Bit 0
True label 1 Full 1 4Bit 0 5Bit 1 6Bit 1
True label 1 Full 0 4Bit 1 5Bit 1 6Bit 0
True label 1 Full 1 4Bit 1 5Bit 1 6Bit 1
True label 1 Full 1 4Bit 0 5Bit 1 6Bit 1
True label 0 Full 0 4Bit 1 5Bit 0 6Bit 0
True label 1 Full 1 4Bit 0 5Bit 0 6Bit 0
True label 1 Full 1 4Bit 1 5Bit 1 6Bit 1
True label 0 Full 0 4Bit 0 5Bit 0 6Bit 0
True label 0 Full 0 4Bit 0 5Bit 1 6Bit 0
True label 1 Full 0 4Bit 0 5Bit 1 6Bit 1
True label 1 Full 1 4Bit 1 5Bit 1 6Bit 1
True label 1 Full 1 4Bit 0 5Bit 1 6Bit 1
True label 0 Full 0 4Bit 0 5Bit 0 6Bit 0
True label 1 Full 1 4Bit 1 5Bit 1 6Bit 1
True label 1 Full 0 4Bit 1 5Bit 0 6Bit 1
True label 0 Full 0 4Bit 1 5Bit 0 6Bit 0
True label 1 Full 1 4Bit 1 5Bit 1 6Bit 1
True label 1 Full 1 4Bit 0 5Bit 1 6Bit 1
True label 0 Full 0 4Bit 0 5Bit 0 6Bit 0
True label 1 Full 0 4Bit 1 5Bit 0 6Bit 0
True label 0 Full 0 4Bit 0 5Bit 0 6Bit 0
True label 0 Full 0 4Bit 0 5Bit 0 6Bit 0
True label 0 Full 0 4Bit 1 5Bit 0 6Bit 0
True label 0 Full 0 4Bit 0 5Bit 0 6Bit 0
True label 1 Full 1 4Bit 1 5Bit 1 6Bit 1
True label 0 Full 0 4Bit 0 5Bit 0 6Bit 0
True label 0 Full 0 4Bit 1 5Bit 0 6Bit 0
True label 1 Full 1 4Bit 1 5Bit 1 6Bit 1
True label 0 Full 0 4Bit 0 5Bit 0 6Bit 0
True label 1 Full 1 4Bit 1 5Bit 1 6Bit 0
True label 0 Full 0 4Bit 1 5Bit 1 6Bit 0
True label 0 Full 0 4Bit 0 5Bit 0 6Bit 0
True label 1 Full 1 4Bit 0 5Bit 1 6Bit 1
True label 1 Full 1 4Bit 1 5Bit 1 6Bit 1
True label 1 Full 1 4Bit 1 5Bit 1 6Bit 1
True label 1 Full 1 4Bit 0 5Bit 1 6Bit 1
True label 1 Full 1 4Bit 0 5Bit 1 6Bit 1
True label 1 Full 1 4Bit 1 5Bit 1 6Bit 1
True label 0 Full 0 4Bit 0 5Bit 0 6Bit 1
True label 1 Full 1 4Bit 0 5Bit 1 6Bit 1
True label 0 Full 0 4Bit 0 5Bit 0 6Bit 0
True label 1 Full 1 4Bit 1 5Bit 1 6Bit 1
True label 0 Full 0 4Bit 0 5Bit 0 6Bit 0
True label 1 Full 1 4Bit 0 5Bit 1 6Bit 1
True label 1 Full 1 4Bit 1 5Bit 1 6Bit 1
True label 1 Full 0 4Bit 1 5Bit 0 6Bit 0
True label 0 Full 0 4Bit 0 5Bit 0 6Bit 0
True label 1 Full 1 4Bit 1 5Bit 1 6Bit 1
True label 1 Full 1 4Bit 0 5Bit 1 6Bit 1
True label 0 Full 0 4Bit 0 5Bit 0 6Bit 0
True label 0 Full 0 4Bit 0 5Bit 0 6Bit 0
True label 0 Full 0 4Bit 0 5Bit 0 6Bit 0
True label 0 Full 0 4Bit 1 5Bit 0 6Bit 0
True label 0 Full 0 4Bit 1 5Bit 1 6Bit 0
True label 1 Full 1 4Bit 0 5Bit 1 6Bit 1
True label 0 Full 0 4Bit 0 5Bit 0 6Bit 0
True label 0 Full 0 4Bit 1 5Bit 0 6Bit 0
True label 1 Full 1 4Bit 1 5Bit 1 6Bit 1
True label 1 Full 1 4Bit 1 5Bit 1 6Bit 1
True label 1 Full 1 4Bit 1 5Bit 1 6Bit 1
True label 1 Full 0 4Bit 0 5Bit 1 6Bit 0
True label 1 Full 1 4Bit 0 5Bit 1 6Bit 0
True label 0 Full 0 4Bit 0 5Bit 0 6Bit 0
True label 1 Full 1 4Bit 0 5Bit 1 6Bit 1
True label 1 Full 1 4Bit 0 5Bit 1 6Bit 1
True label 1 Full 1 4Bit 1 5Bit 1 6Bit 1
True label 1 Full 1 4Bit 1 5Bit 1 6Bit 1
True label 0 Full 0 4Bit 0 5Bit 0 6Bit 0
True label 1 Full 1 4Bit 1 5Bit 0 6Bit 0
True label 1 Full 1 4Bit 1 5Bit 1 6Bit 1
True label 0 Full 0 4Bit 0 5Bit 0 6Bit 0
True label 1 Full 1 4Bit 1 5Bit 1 6Bit 1
True label 0 Full 0 4Bit 0 5Bit 0 6Bit 0
True label 1 Full 1 4Bit 1 5Bit 1 6Bit 1
True label 0 Full 0 4Bit 0 5Bit 0 6Bit 0
True label 0 Full 0 4Bit 0 5Bit 1 6Bit 1
True label 0 Full 0 4Bit 0 5Bit 0 6Bit 0
True label 0 Full 0 4Bit 0 5Bit 0 6Bit 0
True label 1 Full 1 4Bit 1 5Bit 1 6Bit 1
True label 0 Full 0 4Bit 1 5Bit 0 6Bit 0
True label 1 Full 0 4Bit 0 5Bit 0 6Bit 1
True label 1 Full 1 4Bit 1 5Bit 1 6Bit 1
True label 0 Full 0 4Bit 0 5Bit 0 6Bit 1
True label 0 Full 0 4Bit 0 5Bit 0 6Bit 0
True label 1 Full 0 4Bit 1 5Bit 0 6Bit 0
True label 0 Full 0 4Bit 0 5Bit 1 6Bit 0
True label 0 Full 0 4Bit 1 5Bit 0 6Bit 0
True label 1 Full 0 4Bit 1 5Bit 1 6Bit 1
True label 0 Full 0 4Bit 0 5Bit 0 6Bit 0
True label 0 Full 0 4Bit 1 5Bit 0 6Bit 0
True label 1 Full 1 4Bit 0 5Bit 1 6Bit 0
True label 1 Full 1 4Bit 0 5Bit 1 6Bit 1
True label 0 Full 0 4Bit 1 5Bit 0 6Bit 0
True label 1 Full 1 4Bit 1 5Bit 1 6Bit 1
True label 1 Full 1 4Bit 1 5Bit 1 6Bit 1
True label 0 Full 0 4Bit 0 5Bit 0 6Bit 0
True label 1 Full 1 4Bit 1 5Bit 1 6Bit 1
True label 0 Full 0 4Bit 0 5Bit 0 6Bit 0
True label 1 Full 0 4Bit 1 5Bit 1 6Bit 0
True label 0 Full 0 4Bit 0 5Bit 0 6Bit 0
True label 0 Full 0 4Bit 0 5Bit 0 6Bit 0
True label 0 Full 0 4Bit 0 5Bit 0 6Bit 0
True label 1 Full 1 4Bit 1 5Bit 1 6Bit 1
True label 1 Full 1 4Bit 0 5Bit 1 6Bit 1
True label 1 Full 1 4Bit 1 5Bit 1 6Bit 1
True label 0 Full 0 4Bit 0 5Bit 0 6Bit 0
True label 0 Full 0 4Bit 0 5Bit 0 6Bit 0
True label 1 Full 1 4Bit 0 5Bit 1 6Bit 1
True label 1 Full 1 4Bit 0 5Bit 1 6Bit 1
True label 1 Full 1 4Bit 0 5Bit 0 6Bit 0
True label 0 Full 0 4Bit 0 5Bit 0 6Bit 0
True label 1 Full 1 4Bit 0 5Bit 1 6Bit 1
True label 0 Full 0 4Bit 1 5Bit 1 6Bit 1
True label 1 Full 1 4Bit 0 5Bit 1 6Bit 0
True label 1 Full 1 4Bit 1 5Bit 1 6Bit 1
True label 0 Full 0 4Bit 0 5Bit 1 6Bit 1
True label 0 Full 1 4Bit 0 5Bit 1 6Bit 0
True label 0 Full 0 4Bit 0 5Bit 0 6Bit 0
True label 0 Full 0 4Bit 0 5Bit 0 6Bit 0
True label 0 Full 0 4Bit 0 5Bit 0 6Bit 0
True label 0 Full 0 4Bit 1 5Bit 1 6Bit 0
True label 1 Full 1 4Bit 1 5Bit 1 6Bit 1
True label 0 Full 0 4Bit 0 5Bit 0 6Bit 0
True label 0 Full 0 4Bit 0 5Bit 0 6Bit 0
True label 0 Full 0 4Bit 1 5Bit 0 6Bit 0
True label 1 Full 1 4Bit 1 5Bit 1 6Bit 0
True label 1 Full 1 4Bit 1 5Bit 1 6Bit 1
True label 1 Full 1 4Bit 1 5Bit 1 6Bit 1
True label 1 Full 1 4Bit 1 5Bit 1 6Bit 1
True label 1 Full 1 4Bit 1 5Bit 1 6Bit 1
True label 1 Full 1 4Bit 1 5Bit 1 6Bit 1
True label 0 Full 0 4Bit 0 5Bit 0 6Bit 0
True label 0 Full 0 4Bit 0 5Bit 0 6Bit 0
True label 0 Full 0 4Bit 1 5Bit 0 6Bit 0
True label 0 Full 0 4Bit 0 5Bit 1 6Bit 0
True label 0 Full 0 4Bit 0 5Bit 0 6Bit 0
True label 1 Full 1 4Bit 1 5Bit 1 6Bit 1
True label 1 Full 1 4Bit 1 5Bit 1 6Bit 1
True label 0 Full 0 4Bit 0 5Bit 0 6Bit 0
True label 1 Full 1 4Bit 0 5Bit 1 6Bit 1
True label 0 Full 0 4Bit 0 5Bit 0 6Bit 0
True label 0 Full 0 4Bit 0 5Bit 0 6Bit 0
True label 1 Full 0 4Bit 1 5Bit 1 6Bit 0
True label 0 Full 0 4Bit 1 5Bit 0 6Bit 0
True label 1 Full 1 4Bit 1 5Bit 1 6Bit 0
True label 0 Full 0 4Bit 0 5Bit 0 6Bit 0
True label 1 Full 1 4Bit 0 5Bit 1 6Bit 1
True label 0 Full 0 4Bit 0 5Bit 0 6Bit 0
True label 1 Full 1 4Bit 0 5Bit 1 6Bit 1
True label 0 Full 0 4Bit 0 5Bit 0 6Bit 0
True label 1 Full 1 4Bit 1 5Bit 1 6Bit 1
True label 0 Full 0 4Bit 0 5Bit 0 6Bit 0
True label 0 Full 0 4Bit 0 5Bit 1 6Bit 0
True label 1 Full 1 4Bit 1 5Bit 0 6Bit 0
True label 0 Full 0 4Bit 1 5Bit 0 6Bit 0
True label 0 Full 0 4Bit 0 5Bit 0 6Bit 0
True label 0 Full 0 4Bit 0 5Bit 0 6Bit 0
True label 1 Full 1 4Bit 0 5Bit 1 6Bit 1
True label 0 Full 0 4Bit 0 5Bit 0 6Bit 0
True label 0 Full 0 4Bit 0 5Bit 0 6Bit 0
True label 0 Full 1 4Bit 0 5Bit 1 6Bit 0
True label 1 Full 1 4Bit 1 5Bit 1 6Bit 1
True label 1 Full 1 4Bit 1 5Bit 1 6Bit 1
True label 1 Full 1 4Bit 1 5Bit 1 6Bit 1
True label 0 Full 0 4Bit 0 5Bit 0 6Bit 0
True label 1 Full 1 4Bit 1 5Bit 1 6Bit 1
True label 1 Full 1 4Bit 1 5Bit 1 6Bit 1
True label 0 Full 0 4Bit 0 5Bit 0 6Bit 0
True label 0 Full 0 4Bit 1 5Bit 0 6Bit 0
True label 1 Full 1 4Bit 1 5Bit 1 6Bit 0
True label 1 Full 1 4Bit 0 5Bit 1 6Bit 1
True label 0 Full 0 4Bit 0 5Bit 0 6Bit 0
True label 0 Full 0 4Bit 0 5Bit 0 6Bit 0
True label 1 Full 0 4Bit 0 5Bit 0 6Bit 0
True label 1 Full 1 4Bit 0 5Bit 1 6Bit 1
True label 0 Full 0 4Bit 0 5Bit 0 6Bit 0
True label 0 Full 0 4Bit 0 5Bit 0 6Bit 0
True label 0 Full 0 4Bit 0 5Bit 0 6Bit 0
True label 0 Full 0 4Bit 0 5Bit 0 6Bit 0
True label 1 Full 1 4Bit 0 5Bit 1 6Bit 1
True label 0 Full 0 4Bit 1 5Bit 0 6Bit 0
True label 0 Full 0 4Bit 0 5Bit 0 6Bit 0
True label 0 Full 0 4Bit 0 5Bit 0 6Bit 0
True label 1 Full 1 4Bit 0 5Bit 1 6Bit 1
True label 0 Full 0 4Bit 1 5Bit 0 6Bit 0
True label 1 Full 1 4Bit 1 5Bit 1 6Bit 1
True label 1 Full 1 4Bit 0 5Bit 1 6Bit 1
True label 0 Full 0 4Bit 1 5Bit 0 6Bit 0
True label 0 Full 0 4Bit 0 5Bit 0 6Bit 0
True label 0 Full 0 4Bit 0 5Bit 0 6Bit 0
True label 1 Full 1 4Bit 1 5Bit 1 6Bit 1
True label 1 Full 1 4Bit 1 5Bit 1 6Bit 1
True label 0 Full 0 4Bit 1 5Bit 1 6Bit 1
True label 1 Full 1 4Bit 0 5Bit 1 6Bit 1
True label 1 Full 1 4Bit 1 5Bit 1 6Bit 1
True label 0 Full 0 4Bit 0 5Bit 0 6Bit 0
True label 0 Full 0 4Bit 1 5Bit 0 6Bit 0
True label 1 Full 1 4Bit 1 5Bit 1 6Bit 1
True label 1 Full 0 4Bit 0 5Bit 0 6Bit 0
True label 1 Full 1 4Bit 0 5Bit 1 6Bit 1
True label 0 Full 0 4Bit 0 5Bit 0 6Bit 0
True label 0 Full 0 4Bit 0 5Bit 0 6Bit 0
True label 0 Full 0 4Bit 0 5Bit 0 6Bit 0
True label 0 Full 0 4Bit 0 5Bit 0 6Bit 0
True label 1 Full 1 4Bit 1 5Bit 1 6Bit 1
True label 1 Full 1 4Bit 1 5Bit 1 6Bit 1
True label 0 Full 0 4Bit 0 5Bit 0 6Bit 0
True label 0 Full 0 4Bit 1 5Bit 1 6Bit 0
True label 0 Full 0 4Bit 0 5Bit 0 6Bit 0
True label 1 Full 1 4Bit 0 5Bit 1 6Bit 1
True label 0 Full 0 4Bit 0 5Bit 0 6Bit 0
True label 1 Full 0 4Bit 1 5Bit 1 6Bit 0
True label 1 Full 1 4Bit 1 5Bit 1 6Bit 1
True label 0 Full 0 4Bit 1 5Bit 0 6Bit 0
True label 1 Full 1 4Bit 0 5Bit 1 6Bit 1
True label 1 Full 1 4Bit 1 5Bit 1 6Bit 1
True label 1 Full 1 4Bit 0 5Bit 1 6Bit 1
True label 1 Full 1 4Bit 0 5Bit 1 6Bit 1
True label 0 Full 0 4Bit 0 5Bit 0 6Bit 0
True label 1 Full 1 4Bit 0 5Bit 1 6Bit 1
True label 0 Full 0 4Bit 0 5Bit 0 6Bit 0
True label 0 Full 0 4Bit 1 5Bit 0 6Bit 0
True label 1 Full 1 4Bit 1 5Bit 1 6Bit 1
True label 1 Full 0 4Bit 0 5Bit 1 6Bit 1
True label 1 Full 1 4Bit 0 5Bit 1 6Bit 1
True label 1 Full 1 4Bit 0 5Bit 1 6Bit 1
True label 0 Full 0 4Bit 1 5Bit 0 6Bit 0
True label 0 Full 0 4Bit 0 5Bit 1 6Bit 0
True label 0 Full 0 4Bit 0 5Bit 0 6Bit 1
True label 1 Full 0 4Bit 0 5Bit 1 6Bit 0
True label 0 Full 0 4Bit 0 5Bit 0 6Bit 0
True label 0 Full 0 4Bit 0 5Bit 0 6Bit 0
True label 1 Full 1 4Bit 0 5Bit 1 6Bit 1
True label 0 Full 0 4Bit 0 5Bit 0 6Bit 0
True label 0 Full 0 4Bit 0 5Bit 0 6Bit 0
True label 0 Full 0 4Bit 0 5Bit 0 6Bit 0
True label 0 Full 0 4Bit 0 5Bit 0 6Bit 0
True label 1 Full 1 4Bit 0 5Bit 1 6Bit 1
True label 1 Full 1 4Bit 1 5Bit 1 6Bit 1
True label 0 Full 0 4Bit 1 5Bit 0 6Bit 0
True label 0 Full 0 4Bit 0 5Bit 1 6Bit 1
True label 1 Full 1 4Bit 1 5Bit 1 6Bit 1
True label 1 Full 0 4Bit 0 5Bit 0 6Bit 1
True label 0 Full 0 4Bit 0 5Bit 0 6Bit 0
True label 1 Full 1 4Bit 0 5Bit 1 6Bit 1
True label 1 Full 1 4Bit 1 5Bit 1 6Bit 1
True label 1 Full 0 4Bit 0 5Bit 0 6Bit 0
True label 0 Full 0 4Bit 0 5Bit 1 6Bit 0
True label 1 Full 1 4Bit 1 5Bit 1 6Bit 1
True label 1 Full 1 4Bit 1 5Bit 1 6Bit 1
True label 0 Full 0 4Bit 0 5Bit 1 6Bit 0
True label 0 Full 0 4Bit 0 5Bit 0 6Bit 0
True label 0 Full 1 4Bit 1 5Bit 1 6Bit 1
True label 0 Full 0 4Bit 0 5Bit 0 6Bit 0
True label 0 Full 0 4Bit 0 5Bit 0 6Bit 0
True label 1 Full 1 4Bit 0 5Bit 1 6Bit 1
True label 0 Full 0 4Bit 0 5Bit 0 6Bit 0
True label 1 Full 1 4Bit 1 5Bit 1 6Bit 1
True label 0 Full 0 4Bit 0 5Bit 0 6Bit 0
True label 1 Full 1 4Bit 0 5Bit 1 6Bit 1
True label 1 Full 1 4Bit 0 5Bit 1 6Bit 1
True label 1 Full 1 4Bit 1 5Bit 1 6Bit 1
True label 1 Full 1 4Bit 1 5Bit 1 6Bit 1
True label 1 Full 0 4Bit 0 5Bit 1 6Bit 0
True label 0 Full 0 4Bit 0 5Bit 0 6Bit 0
True label 0 Full 0 4Bit 1 5Bit 0 6Bit 1
True label 0 Full 0 4Bit 0 5Bit 0 6Bit 0
True label 1 Full 1 4Bit 1 5Bit 1 6Bit 1
True label 0 Full 0 4Bit 1 5Bit 0 6Bit 0
True label 0 Full 0 4Bit 0 5Bit 0 6Bit 0
True label 0 Full 0 4Bit 0 5Bit 0 6Bit 0
True label 0 Full 0 4Bit 0 5Bit 1 6Bit 1
True label 0 Full 0 4Bit 1 5Bit 1 6Bit 1
True label 1 Full 0 4Bit 1 5Bit 1 6Bit 1
True label 0 Full 0 4Bit 0 5Bit 0 6Bit 0
True label 1 Full 1 4Bit 1 5Bit 1 6Bit 1
True label 0 Full 0 4Bit 1 5Bit 0 6Bit 0
True label 1 Full 1 4Bit 1 5Bit 0 6Bit 1
True label 0 Full 0 4Bit 0 5Bit 0 6Bit 0
True label 0 Full 0 4Bit 1 5Bit 1 6Bit 0
True label 1 Full 1 4Bit 1 5Bit 1 6Bit 1
True label 1 Full 1 4Bit 1 5Bit 1 6Bit 1
True label 0 Full 0 4Bit 1 5Bit 0 6Bit 0
True label 1 Full 0 4Bit 1 5Bit 1 6Bit 1
True label 1 Full 1 4Bit 1 5Bit 1 6Bit 1
True label 0 Full 0 4Bit 0 5Bit 0 6Bit 0
True label 1 Full 1 4Bit 0 5Bit 1 6Bit 1
True label 1 Full 1 4Bit 1 5Bit 1 6Bit 1
True label 0 Full 0 4Bit 0 5Bit 0 6Bit 0
True label 0 Full 0 4Bit 0 5Bit 0 6Bit 1
Test accuracy: Full: 0.912 4bit: 0.687 5bit: 0.879 6bit: 0.882
{'test_acc': [0.912, 0.687, 0.879, 0.882, 0.905], 'final_out_power': [0.6103003025054932, 89.1082534790039, 3.122981548309326, 2.073420524597168], 'final_out_mse': [0.0020073354244232178, 0.37514030933380127, 0.07881111651659012, 0.044105321168899536], 'mfr': [29.5818046875, 36.65794427083333, 34.03067994791667, 31.985104166666666], 'dynamics_power': [0.000843101239297539, 0.006698660086840391, 0.004660931881517172, 0.0014721053885295987], 'dynamics_mse': [0.0015062653692439198, 0.04070720449090004, 0.02010473981499672, 0.0043704817071557045]}
[2020-09-13 17:47:20.301524] test = nan
