No module named 'brian2'
No module named 'brian2'
No module named 'brian2'
No module named 'torch'
No module named 'torch'
No module named 'nest'.
No module named 'nest'.
No module named 'rpyc'
No module named 'rpyc'
No module named 'rpyc'
No module named 'nest'.
cannot import name 'FFExpSynBrian'
Loading network...
[INFO] - HeySnips -  Running with tracking deactivated
gain 1.4595959595959596 val acc 0.728 
gain 1.4090909090909092 val acc 0.868 
gain 0.9545454545454546 val acc 0.904 
[2020-09-13 14:00:28.674608] train_loss = 0.0
[2020-09-13 14:00:28.693039] train = nan
[2020-09-13 14:00:28.693055] val = nan
[2020-09-13 14:00:28.693058] test = nan
True label 1 Full 1 4Bit 1 5Bit 1 6Bit 1
True label 1 Full 0 4Bit 0 5Bit 0 6Bit 0
True label 1 Full 1 4Bit 1 5Bit 1 6Bit 1
True label 1 Full 1 4Bit 1 5Bit 1 6Bit 1
True label 0 Full 0 4Bit 0 5Bit 0 6Bit 0
True label 0 Full 0 4Bit 0 5Bit 0 6Bit 0
True label 0 Full 0 4Bit 0 5Bit 0 6Bit 0
True label 0 Full 0 4Bit 0 5Bit 0 6Bit 1
True label 1 Full 1 4Bit 1 5Bit 1 6Bit 1
True label 0 Full 0 4Bit 0 5Bit 0 6Bit 0
True label 1 Full 1 4Bit 1 5Bit 1 6Bit 1
True label 1 Full 1 4Bit 1 5Bit 0 6Bit 1
True label 1 Full 0 4Bit 0 5Bit 1 6Bit 1
True label 0 Full 0 4Bit 0 5Bit 0 6Bit 0
True label 1 Full 1 4Bit 1 5Bit 1 6Bit 1
True label 0 Full 0 4Bit 0 5Bit 0 6Bit 0
True label 0 Full 1 4Bit 1 5Bit 1 6Bit 1
True label 0 Full 0 4Bit 0 5Bit 0 6Bit 0
True label 1 Full 1 4Bit 1 5Bit 1 6Bit 1
True label 1 Full 1 4Bit 1 5Bit 1 6Bit 1
True label 0 Full 0 4Bit 0 5Bit 0 6Bit 0
True label 1 Full 1 4Bit 1 5Bit 1 6Bit 1
True label 1 Full 1 4Bit 1 5Bit 1 6Bit 1
True label 1 Full 1 4Bit 0 5Bit 1 6Bit 1
True label 1 Full 1 4Bit 1 5Bit 1 6Bit 1
True label 0 Full 0 4Bit 1 5Bit 0 6Bit 0
True label 1 Full 1 4Bit 0 5Bit 0 6Bit 1
True label 1 Full 1 4Bit 1 5Bit 1 6Bit 1
True label 1 Full 1 4Bit 0 5Bit 1 6Bit 0
True label 1 Full 1 4Bit 0 5Bit 1 6Bit 1
True label 1 Full 0 4Bit 1 5Bit 0 6Bit 0
True label 1 Full 1 4Bit 0 5Bit 1 6Bit 1
True label 1 Full 0 4Bit 1 5Bit 0 6Bit 0
True label 1 Full 1 4Bit 1 5Bit 1 6Bit 1
True label 0 Full 0 4Bit 0 5Bit 0 6Bit 0
True label 0 Full 0 4Bit 1 5Bit 0 6Bit 0
True label 1 Full 1 4Bit 1 5Bit 1 6Bit 1
True label 0 Full 0 4Bit 0 5Bit 1 6Bit 1
True label 0 Full 0 4Bit 0 5Bit 0 6Bit 0
True label 1 Full 1 4Bit 1 5Bit 1 6Bit 1
True label 1 Full 1 4Bit 0 5Bit 1 6Bit 1
True label 1 Full 1 4Bit 1 5Bit 1 6Bit 1
True label 1 Full 1 4Bit 1 5Bit 1 6Bit 1
True label 1 Full 1 4Bit 1 5Bit 1 6Bit 1
True label 0 Full 0 4Bit 0 5Bit 0 6Bit 0
True label 1 Full 0 4Bit 1 5Bit 1 6Bit 0
True label 1 Full 0 4Bit 1 5Bit 0 6Bit 1
True label 1 Full 1 4Bit 0 5Bit 1 6Bit 1
True label 1 Full 1 4Bit 1 5Bit 1 6Bit 1
True label 1 Full 1 4Bit 1 5Bit 1 6Bit 1
True label 0 Full 0 4Bit 0 5Bit 0 6Bit 0
True label 0 Full 1 4Bit 1 5Bit 1 6Bit 1
True label 1 Full 0 4Bit 1 5Bit 0 6Bit 1
True label 0 Full 0 4Bit 0 5Bit 0 6Bit 0
True label 1 Full 1 4Bit 1 5Bit 1 6Bit 1
True label 1 Full 1 4Bit 1 5Bit 1 6Bit 1
True label 1 Full 1 4Bit 1 5Bit 1 6Bit 1
True label 0 Full 0 4Bit 1 5Bit 0 6Bit 0
True label 1 Full 1 4Bit 1 5Bit 1 6Bit 1
True label 1 Full 1 4Bit 1 5Bit 1 6Bit 1
True label 0 Full 0 4Bit 1 5Bit 0 6Bit 0
True label 1 Full 1 4Bit 1 5Bit 1 6Bit 1
True label 0 Full 0 4Bit 0 5Bit 0 6Bit 0
True label 1 Full 1 4Bit 1 5Bit 1 6Bit 1
True label 0 Full 0 4Bit 0 5Bit 0 6Bit 0
True label 1 Full 1 4Bit 1 5Bit 1 6Bit 1
True label 0 Full 1 4Bit 0 5Bit 0 6Bit 0
True label 0 Full 1 4Bit 1 5Bit 0 6Bit 1
True label 1 Full 1 4Bit 0 5Bit 1 6Bit 1
True label 1 Full 1 4Bit 0 5Bit 1 6Bit 1
True label 1 Full 1 4Bit 1 5Bit 1 6Bit 1
True label 0 Full 1 4Bit 0 5Bit 1 6Bit 0
True label 0 Full 1 4Bit 0 5Bit 1 6Bit 1
True label 1 Full 0 4Bit 0 5Bit 0 6Bit 0
True label 1 Full 1 4Bit 1 5Bit 1 6Bit 1
True label 0 Full 1 4Bit 0 5Bit 0 6Bit 0
True label 1 Full 1 4Bit 1 5Bit 1 6Bit 1
True label 1 Full 1 4Bit 1 5Bit 1 6Bit 1
True label 1 Full 1 4Bit 1 5Bit 1 6Bit 1
True label 0 Full 0 4Bit 0 5Bit 0 6Bit 0
True label 0 Full 0 4Bit 0 5Bit 0 6Bit 0
True label 1 Full 1 4Bit 1 5Bit 1 6Bit 1
True label 1 Full 1 4Bit 1 5Bit 1 6Bit 1
True label 0 Full 0 4Bit 0 5Bit 0 6Bit 1
True label 1 Full 1 4Bit 0 5Bit 1 6Bit 1
True label 1 Full 1 4Bit 1 5Bit 1 6Bit 1
True label 1 Full 0 4Bit 1 5Bit 1 6Bit 1
True label 1 Full 1 4Bit 1 5Bit 1 6Bit 1
True label 1 Full 1 4Bit 1 5Bit 1 6Bit 1
True label 1 Full 1 4Bit 1 5Bit 1 6Bit 1
True label 0 Full 0 4Bit 1 5Bit 0 6Bit 0
True label 1 Full 1 4Bit 0 5Bit 1 6Bit 1
True label 0 Full 0 4Bit 0 5Bit 0 6Bit 0
True label 1 Full 1 4Bit 1 5Bit 1 6Bit 1
True label 1 Full 1 4Bit 1 5Bit 1 6Bit 1
True label 0 Full 0 4Bit 0 5Bit 0 6Bit 0
True label 1 Full 1 4Bit 1 5Bit 1 6Bit 1
True label 1 Full 1 4Bit 1 5Bit 1 6Bit 1
True label 1 Full 1 4Bit 1 5Bit 1 6Bit 1
True label 1 Full 1 4Bit 1 5Bit 1 6Bit 1
True label 0 Full 0 4Bit 0 5Bit 0 6Bit 0
True label 1 Full 1 4Bit 1 5Bit 1 6Bit 1
True label 1 Full 0 4Bit 1 5Bit 0 6Bit 0
True label 1 Full 1 4Bit 1 5Bit 1 6Bit 1
True label 1 Full 1 4Bit 1 5Bit 1 6Bit 1
True label 0 Full 0 4Bit 1 5Bit 0 6Bit 0
True label 0 Full 0 4Bit 1 5Bit 0 6Bit 0
True label 0 Full 0 4Bit 0 5Bit 0 6Bit 0
True label 1 Full 1 4Bit 1 5Bit 1 6Bit 1
True label 1 Full 1 4Bit 0 5Bit 1 6Bit 1
True label 0 Full 0 4Bit 0 5Bit 0 6Bit 0
True label 1 Full 1 4Bit 1 5Bit 1 6Bit 0
True label 1 Full 1 4Bit 1 5Bit 1 6Bit 1
True label 0 Full 0 4Bit 1 5Bit 0 6Bit 0
True label 0 Full 0 4Bit 0 5Bit 0 6Bit 0
True label 1 Full 1 4Bit 1 5Bit 1 6Bit 1
True label 0 Full 0 4Bit 0 5Bit 0 6Bit 0
True label 1 Full 1 4Bit 0 5Bit 1 6Bit 1
True label 1 Full 1 4Bit 1 5Bit 1 6Bit 1
True label 1 Full 1 4Bit 1 5Bit 1 6Bit 1
True label 0 Full 1 4Bit 1 5Bit 1 6Bit 1
True label 0 Full 0 4Bit 0 5Bit 0 6Bit 0
True label 0 Full 0 4Bit 0 5Bit 0 6Bit 0
True label 0 Full 0 4Bit 1 5Bit 0 6Bit 0
True label 1 Full 1 4Bit 1 5Bit 1 6Bit 1
True label 0 Full 0 4Bit 0 5Bit 0 6Bit 0
True label 1 Full 1 4Bit 0 5Bit 0 6Bit 1
True label 1 Full 1 4Bit 1 5Bit 1 6Bit 1
True label 1 Full 1 4Bit 1 5Bit 0 6Bit 1
True label 1 Full 1 4Bit 1 5Bit 1 6Bit 1
True label 0 Full 0 4Bit 1 5Bit 1 6Bit 1
True label 0 Full 0 4Bit 0 5Bit 0 6Bit 0
True label 1 Full 1 4Bit 1 5Bit 1 6Bit 1
True label 0 Full 0 4Bit 0 5Bit 0 6Bit 0
True label 1 Full 1 4Bit 1 5Bit 1 6Bit 1
True label 0 Full 0 4Bit 0 5Bit 0 6Bit 0
True label 0 Full 0 4Bit 1 5Bit 0 6Bit 0
True label 0 Full 0 4Bit 0 5Bit 0 6Bit 0
True label 1 Full 0 4Bit 1 5Bit 0 6Bit 1
True label 0 Full 0 4Bit 0 5Bit 0 6Bit 0
True label 1 Full 1 4Bit 1 5Bit 1 6Bit 1
True label 1 Full 1 4Bit 1 5Bit 1 6Bit 1
True label 1 Full 1 4Bit 1 5Bit 1 6Bit 1
True label 1 Full 1 4Bit 1 5Bit 1 6Bit 1
True label 1 Full 1 4Bit 1 5Bit 1 6Bit 1
True label 0 Full 0 4Bit 1 5Bit 0 6Bit 0
True label 0 Full 1 4Bit 1 5Bit 1 6Bit 1
True label 1 Full 1 4Bit 0 5Bit 1 6Bit 1
True label 0 Full 0 4Bit 0 5Bit 0 6Bit 0
True label 1 Full 1 4Bit 1 5Bit 1 6Bit 1
True label 1 Full 1 4Bit 1 5Bit 1 6Bit 1
True label 0 Full 0 4Bit 0 5Bit 0 6Bit 0
True label 0 Full 0 4Bit 1 5Bit 0 6Bit 0
True label 1 Full 1 4Bit 1 5Bit 1 6Bit 1
True label 0 Full 1 4Bit 0 5Bit 0 6Bit 1
True label 1 Full 1 4Bit 1 5Bit 1 6Bit 1
True label 1 Full 1 4Bit 1 5Bit 1 6Bit 1
True label 0 Full 0 4Bit 1 5Bit 0 6Bit 0
True label 1 Full 1 4Bit 1 5Bit 1 6Bit 1
True label 0 Full 0 4Bit 0 5Bit 0 6Bit 0
True label 1 Full 1 4Bit 1 5Bit 1 6Bit 1
True label 0 Full 0 4Bit 0 5Bit 0 6Bit 0
True label 1 Full 1 4Bit 1 5Bit 1 6Bit 1
True label 0 Full 1 4Bit 1 5Bit 0 6Bit 1
True label 1 Full 1 4Bit 1 5Bit 1 6Bit 1
True label 0 Full 0 4Bit 1 5Bit 1 6Bit 0
True label 0 Full 0 4Bit 0 5Bit 0 6Bit 0
True label 1 Full 1 4Bit 1 5Bit 1 6Bit 1
True label 1 Full 1 4Bit 1 5Bit 1 6Bit 1
True label 0 Full 0 4Bit 0 5Bit 0 6Bit 0
True label 1 Full 1 4Bit 0 5Bit 0 6Bit 1
True label 0 Full 0 4Bit 0 5Bit 0 6Bit 0
True label 1 Full 1 4Bit 1 5Bit 1 6Bit 1
True label 0 Full 0 4Bit 0 5Bit 0 6Bit 0
True label 1 Full 1 4Bit 0 5Bit 0 6Bit 1
True label 1 Full 1 4Bit 1 5Bit 0 6Bit 1
True label 0 Full 0 4Bit 0 5Bit 0 6Bit 0
True label 1 Full 1 4Bit 0 5Bit 1 6Bit 1
True label 0 Full 0 4Bit 0 5Bit 0 6Bit 0
True label 0 Full 0 4Bit 1 5Bit 0 6Bit 0
True label 0 Full 0 4Bit 0 5Bit 0 6Bit 0
True label 0 Full 1 4Bit 0 5Bit 1 6Bit 1
True label 1 Full 1 4Bit 1 5Bit 1 6Bit 1
True label 0 Full 0 4Bit 0 5Bit 0 6Bit 0
True label 0 Full 0 4Bit 0 5Bit 0 6Bit 0
True label 0 Full 0 4Bit 1 5Bit 0 6Bit 0
True label 0 Full 0 4Bit 0 5Bit 0 6Bit 0
True label 1 Full 1 4Bit 0 5Bit 1 6Bit 1
True label 1 Full 1 4Bit 1 5Bit 1 6Bit 1
True label 1 Full 1 4Bit 1 5Bit 1 6Bit 1
True label 0 Full 0 4Bit 0 5Bit 0 6Bit 0
True label 1 Full 1 4Bit 1 5Bit 1 6Bit 1
True label 1 Full 1 4Bit 1 5Bit 1 6Bit 1
True label 1 Full 1 4Bit 0 5Bit 1 6Bit 1
True label 1 Full 1 4Bit 1 5Bit 0 6Bit 1
True label 1 Full 1 4Bit 1 5Bit 1 6Bit 1
True label 1 Full 1 4Bit 0 5Bit 0 6Bit 1
True label 0 Full 1 4Bit 1 5Bit 0 6Bit 1
True label 1 Full 0 4Bit 0 5Bit 0 6Bit 0
True label 1 Full 1 4Bit 0 5Bit 0 6Bit 1
True label 1 Full 1 4Bit 0 5Bit 1 6Bit 1
True label 1 Full 1 4Bit 1 5Bit 1 6Bit 1
True label 0 Full 0 4Bit 0 5Bit 0 6Bit 0
True label 1 Full 1 4Bit 1 5Bit 1 6Bit 1
True label 1 Full 0 4Bit 0 5Bit 0 6Bit 0
True label 1 Full 1 4Bit 1 5Bit 0 6Bit 1
True label 0 Full 0 4Bit 0 5Bit 0 6Bit 0
True label 1 Full 1 4Bit 1 5Bit 1 6Bit 1
True label 1 Full 1 4Bit 1 5Bit 1 6Bit 1
True label 1 Full 1 4Bit 1 5Bit 1 6Bit 1
True label 1 Full 1 4Bit 1 5Bit 1 6Bit 1
True label 1 Full 1 4Bit 1 5Bit 1 6Bit 1
True label 1 Full 1 4Bit 1 5Bit 1 6Bit 1
True label 0 Full 0 4Bit 0 5Bit 0 6Bit 0
True label 0 Full 0 4Bit 1 5Bit 0 6Bit 0
True label 0 Full 0 4Bit 0 5Bit 0 6Bit 1
True label 1 Full 1 4Bit 1 5Bit 1 6Bit 1
True label 1 Full 1 4Bit 1 5Bit 1 6Bit 1
True label 1 Full 1 4Bit 1 5Bit 1 6Bit 1
True label 1 Full 1 4Bit 1 5Bit 1 6Bit 1
True label 1 Full 1 4Bit 0 5Bit 1 6Bit 1
True label 1 Full 1 4Bit 0 5Bit 1 6Bit 1
True label 0 Full 0 4Bit 0 5Bit 0 6Bit 0
True label 0 Full 0 4Bit 0 5Bit 0 6Bit 0
True label 1 Full 1 4Bit 0 5Bit 1 6Bit 1
True label 1 Full 0 4Bit 0 5Bit 0 6Bit 0
True label 0 Full 0 4Bit 0 5Bit 0 6Bit 0
True label 0 Full 0 4Bit 0 5Bit 0 6Bit 0
True label 0 Full 0 4Bit 0 5Bit 0 6Bit 0
True label 1 Full 0 4Bit 1 5Bit 0 6Bit 1
True label 0 Full 0 4Bit 0 5Bit 0 6Bit 1
True label 1 Full 1 4Bit 1 5Bit 0 6Bit 1
True label 1 Full 1 4Bit 0 5Bit 1 6Bit 1
True label 1 Full 0 4Bit 1 5Bit 0 6Bit 1
True label 0 Full 0 4Bit 0 5Bit 0 6Bit 0
True label 1 Full 1 4Bit 1 5Bit 1 6Bit 1
True label 0 Full 0 4Bit 1 5Bit 1 6Bit 1
True label 0 Full 0 4Bit 0 5Bit 0 6Bit 0
True label 0 Full 0 4Bit 0 5Bit 0 6Bit 0
True label 1 Full 1 4Bit 1 5Bit 0 6Bit 1
True label 1 Full 1 4Bit 1 5Bit 1 6Bit 1
True label 1 Full 1 4Bit 0 5Bit 0 6Bit 1
True label 1 Full 1 4Bit 1 5Bit 1 6Bit 1
True label 1 Full 1 4Bit 1 5Bit 1 6Bit 1
True label 0 Full 0 4Bit 1 5Bit 0 6Bit 0
True label 0 Full 0 4Bit 1 5Bit 0 6Bit 1
True label 0 Full 0 4Bit 0 5Bit 0 6Bit 0
True label 1 Full 1 4Bit 1 5Bit 1 6Bit 1
True label 1 Full 1 4Bit 1 5Bit 1 6Bit 1
True label 0 Full 0 4Bit 0 5Bit 0 6Bit 1
True label 1 Full 1 4Bit 1 5Bit 1 6Bit 1
True label 1 Full 1 4Bit 1 5Bit 1 6Bit 1
True label 0 Full 0 4Bit 0 5Bit 0 6Bit 0
True label 1 Full 1 4Bit 1 5Bit 1 6Bit 1
True label 0 Full 0 4Bit 0 5Bit 0 6Bit 0
True label 0 Full 0 4Bit 0 5Bit 0 6Bit 1
True label 1 Full 1 4Bit 1 5Bit 1 6Bit 1
True label 1 Full 1 4Bit 1 5Bit 0 6Bit 1
True label 1 Full 1 4Bit 0 5Bit 1 6Bit 1
True label 0 Full 0 4Bit 1 5Bit 0 6Bit 0
True label 0 Full 0 4Bit 0 5Bit 0 6Bit 0
True label 0 Full 0 4Bit 0 5Bit 0 6Bit 0
True label 0 Full 0 4Bit 1 5Bit 0 6Bit 0
True label 1 Full 1 4Bit 1 5Bit 1 6Bit 1
True label 0 Full 0 4Bit 0 5Bit 0 6Bit 0
True label 0 Full 0 4Bit 1 5Bit 0 6Bit 0
True label 0 Full 0 4Bit 0 5Bit 0 6Bit 0
True label 1 Full 1 4Bit 1 5Bit 1 6Bit 1
True label 0 Full 0 4Bit 1 5Bit 1 6Bit 1
True label 0 Full 1 4Bit 0 5Bit 1 6Bit 1
True label 0 Full 0 4Bit 0 5Bit 0 6Bit 0
True label 0 Full 0 4Bit 0 5Bit 0 6Bit 0
True label 0 Full 0 4Bit 1 5Bit 0 6Bit 1
True label 0 Full 0 4Bit 0 5Bit 0 6Bit 0
True label 0 Full 0 4Bit 0 5Bit 0 6Bit 0
True label 1 Full 1 4Bit 1 5Bit 0 6Bit 1
True label 0 Full 1 4Bit 1 5Bit 0 6Bit 1
True label 0 Full 0 4Bit 0 5Bit 0 6Bit 0
True label 1 Full 1 4Bit 1 5Bit 1 6Bit 1
True label 0 Full 0 4Bit 0 5Bit 0 6Bit 0
True label 0 Full 0 4Bit 0 5Bit 0 6Bit 0
True label 1 Full 1 4Bit 1 5Bit 1 6Bit 1
True label 1 Full 1 4Bit 1 5Bit 1 6Bit 1
True label 1 Full 1 4Bit 0 5Bit 1 6Bit 1
True label 0 Full 0 4Bit 0 5Bit 0 6Bit 1
True label 0 Full 0 4Bit 0 5Bit 0 6Bit 0
True label 1 Full 1 4Bit 1 5Bit 1 6Bit 1
True label 0 Full 0 4Bit 0 5Bit 0 6Bit 0
True label 1 Full 1 4Bit 0 5Bit 1 6Bit 1
True label 1 Full 1 4Bit 1 5Bit 1 6Bit 1
True label 0 Full 0 4Bit 0 5Bit 0 6Bit 0
True label 1 Full 1 4Bit 1 5Bit 1 6Bit 1
True label 1 Full 1 4Bit 1 5Bit 1 6Bit 1
True label 0 Full 0 4Bit 1 5Bit 0 6Bit 0
True label 1 Full 1 4Bit 0 5Bit 1 6Bit 1
True label 1 Full 1 4Bit 1 5Bit 1 6Bit 1
True label 0 Full 0 4Bit 1 5Bit 0 6Bit 0
True label 0 Full 0 4Bit 0 5Bit 0 6Bit 0
True label 1 Full 1 4Bit 1 5Bit 1 6Bit 0
True label 1 Full 0 4Bit 0 5Bit 0 6Bit 0
True label 1 Full 0 4Bit 0 5Bit 0 6Bit 0
True label 1 Full 1 4Bit 0 5Bit 1 6Bit 1
True label 0 Full 0 4Bit 0 5Bit 0 6Bit 0
True label 0 Full 0 4Bit 0 5Bit 0 6Bit 1
True label 1 Full 1 4Bit 1 5Bit 1 6Bit 1
True label 0 Full 1 4Bit 0 5Bit 0 6Bit 1
True label 0 Full 1 4Bit 1 5Bit 0 6Bit 1
True label 1 Full 1 4Bit 1 5Bit 0 6Bit 1
True label 0 Full 1 4Bit 1 5Bit 1 6Bit 1
True label 0 Full 0 4Bit 1 5Bit 0 6Bit 0
True label 1 Full 1 4Bit 1 5Bit 1 6Bit 1
True label 0 Full 0 4Bit 0 5Bit 0 6Bit 0
True label 1 Full 1 4Bit 0 5Bit 1 6Bit 1
True label 0 Full 0 4Bit 1 5Bit 0 6Bit 0
True label 1 Full 1 4Bit 1 5Bit 1 6Bit 1
True label 1 Full 1 4Bit 1 5Bit 1 6Bit 1
True label 1 Full 1 4Bit 1 5Bit 1 6Bit 1
True label 1 Full 1 4Bit 0 5Bit 0 6Bit 1
True label 1 Full 1 4Bit 1 5Bit 1 6Bit 1
True label 0 Full 0 4Bit 0 5Bit 0 6Bit 0
True label 1 Full 1 4Bit 1 5Bit 1 6Bit 1
True label 0 Full 0 4Bit 0 5Bit 0 6Bit 0
True label 1 Full 1 4Bit 1 5Bit 0 6Bit 1
True label 0 Full 0 4Bit 0 5Bit 0 6Bit 0
True label 0 Full 0 4Bit 0 5Bit 0 6Bit 0
True label 0 Full 0 4Bit 0 5Bit 0 6Bit 0
True label 1 Full 1 4Bit 0 5Bit 1 6Bit 1
True label 1 Full 1 4Bit 1 5Bit 1 6Bit 1
True label 1 Full 1 4Bit 1 5Bit 1 6Bit 1
True label 0 Full 0 4Bit 1 5Bit 0 6Bit 0
True label 0 Full 1 4Bit 1 5Bit 1 6Bit 1
True label 0 Full 0 4Bit 0 5Bit 0 6Bit 0
True label 0 Full 0 4Bit 0 5Bit 0 6Bit 0
True label 1 Full 1 4Bit 1 5Bit 1 6Bit 1
True label 1 Full 1 4Bit 0 5Bit 1 6Bit 0
True label 0 Full 1 4Bit 0 5Bit 0 6Bit 1
True label 1 Full 1 4Bit 1 5Bit 1 6Bit 1
True label 0 Full 0 4Bit 0 5Bit 0 6Bit 1
True label 0 Full 0 4Bit 1 5Bit 0 6Bit 0
True label 1 Full 1 4Bit 1 5Bit 1 6Bit 1
True label 1 Full 1 4Bit 1 5Bit 1 6Bit 1
True label 0 Full 0 4Bit 0 5Bit 0 6Bit 0
True label 1 Full 1 4Bit 1 5Bit 1 6Bit 1
True label 0 Full 0 4Bit 1 5Bit 0 6Bit 0
True label 1 Full 1 4Bit 1 5Bit 1 6Bit 1
True label 0 Full 0 4Bit 0 5Bit 0 6Bit 0
True label 1 Full 1 4Bit 0 5Bit 1 6Bit 1
True label 1 Full 1 4Bit 1 5Bit 1 6Bit 1
True label 1 Full 1 4Bit 1 5Bit 1 6Bit 1
True label 1 Full 1 4Bit 1 5Bit 0 6Bit 1
True label 0 Full 0 4Bit 1 5Bit 0 6Bit 0
True label 0 Full 0 4Bit 1 5Bit 0 6Bit 0
True label 0 Full 0 4Bit 0 5Bit 0 6Bit 0
True label 0 Full 0 4Bit 1 5Bit 1 6Bit 0
True label 1 Full 1 4Bit 1 5Bit 1 6Bit 1
True label 1 Full 0 4Bit 1 5Bit 0 6Bit 1
True label 1 Full 1 4Bit 1 5Bit 1 6Bit 1
True label 1 Full 1 4Bit 1 5Bit 1 6Bit 1
True label 1 Full 1 4Bit 0 5Bit 0 6Bit 1
True label 0 Full 0 4Bit 1 5Bit 0 6Bit 1
True label 1 Full 1 4Bit 1 5Bit 0 6Bit 1
True label 1 Full 1 4Bit 1 5Bit 1 6Bit 1
True label 1 Full 1 4Bit 1 5Bit 1 6Bit 1
True label 0 Full 0 4Bit 1 5Bit 0 6Bit 0
True label 1 Full 1 4Bit 1 5Bit 1 6Bit 1
True label 1 Full 1 4Bit 1 5Bit 1 6Bit 1
True label 1 Full 0 4Bit 1 5Bit 0 6Bit 0
True label 0 Full 0 4Bit 0 5Bit 0 6Bit 0
True label 1 Full 1 4Bit 1 5Bit 1 6Bit 1
True label 0 Full 0 4Bit 0 5Bit 0 6Bit 0
True label 1 Full 0 4Bit 0 5Bit 0 6Bit 0
True label 0 Full 0 4Bit 0 5Bit 0 6Bit 0
True label 0 Full 0 4Bit 0 5Bit 0 6Bit 0
True label 1 Full 0 4Bit 0 5Bit 1 6Bit 0
True label 1 Full 1 4Bit 1 5Bit 1 6Bit 1
True label 1 Full 1 4Bit 1 5Bit 0 6Bit 1
True label 1 Full 1 4Bit 1 5Bit 1 6Bit 1
True label 1 Full 1 4Bit 1 5Bit 1 6Bit 1
True label 0 Full 0 4Bit 0 5Bit 0 6Bit 0
True label 1 Full 1 4Bit 1 5Bit 1 6Bit 1
True label 0 Full 0 4Bit 0 5Bit 0 6Bit 0
True label 0 Full 0 4Bit 0 5Bit 0 6Bit 0
True label 1 Full 1 4Bit 1 5Bit 1 6Bit 1
True label 1 Full 1 4Bit 1 5Bit 1 6Bit 1
True label 1 Full 1 4Bit 1 5Bit 0 6Bit 1
True label 0 Full 0 4Bit 1 5Bit 0 6Bit 0
True label 0 Full 0 4Bit 1 5Bit 0 6Bit 0
True label 0 Full 0 4Bit 0 5Bit 0 6Bit 0
True label 1 Full 1 4Bit 1 5Bit 1 6Bit 1
True label 1 Full 1 4Bit 1 5Bit 1 6Bit 1
True label 1 Full 1 4Bit 1 5Bit 1 6Bit 0
True label 0 Full 0 4Bit 0 5Bit 0 6Bit 0
True label 0 Full 0 4Bit 1 5Bit 0 6Bit 0
True label 0 Full 0 4Bit 0 5Bit 0 6Bit 0
True label 1 Full 1 4Bit 1 5Bit 1 6Bit 1
True label 1 Full 1 4Bit 1 5Bit 1 6Bit 1
True label 0 Full 0 4Bit 1 5Bit 0 6Bit 1
True label 1 Full 1 4Bit 1 5Bit 1 6Bit 1
True label 1 Full 1 4Bit 0 5Bit 1 6Bit 1
True label 1 Full 1 4Bit 1 5Bit 1 6Bit 1
True label 0 Full 0 4Bit 1 5Bit 0 6Bit 0
True label 1 Full 1 4Bit 0 5Bit 0 6Bit 1
True label 1 Full 0 4Bit 0 5Bit 0 6Bit 1
True label 0 Full 0 4Bit 0 5Bit 0 6Bit 0
True label 1 Full 1 4Bit 0 5Bit 0 6Bit 1
True label 1 Full 1 4Bit 1 5Bit 0 6Bit 1
True label 1 Full 1 4Bit 0 5Bit 0 6Bit 1
True label 0 Full 0 4Bit 1 5Bit 0 6Bit 0
True label 1 Full 1 4Bit 1 5Bit 1 6Bit 1
True label 1 Full 1 4Bit 0 5Bit 1 6Bit 1
True label 0 Full 0 4Bit 0 5Bit 0 6Bit 0
True label 1 Full 1 4Bit 1 5Bit 1 6Bit 1
True label 0 Full 0 4Bit 0 5Bit 0 6Bit 0
True label 0 Full 0 4Bit 1 5Bit 0 6Bit 0
True label 0 Full 0 4Bit 0 5Bit 0 6Bit 0
True label 1 Full 1 4Bit 1 5Bit 1 6Bit 1
True label 1 Full 1 4Bit 0 5Bit 1 6Bit 1
True label 0 Full 1 4Bit 0 5Bit 0 6Bit 1
True label 0 Full 0 4Bit 0 5Bit 0 6Bit 0
True label 0 Full 0 4Bit 0 5Bit 0 6Bit 1
True label 1 Full 1 4Bit 1 5Bit 1 6Bit 1
True label 0 Full 0 4Bit 0 5Bit 0 6Bit 0
True label 0 Full 0 4Bit 1 5Bit 0 6Bit 0
True label 1 Full 1 4Bit 1 5Bit 1 6Bit 1
True label 0 Full 0 4Bit 0 5Bit 0 6Bit 0
True label 0 Full 0 4Bit 1 5Bit 0 6Bit 1
True label 0 Full 0 4Bit 1 5Bit 0 6Bit 0
True label 0 Full 0 4Bit 0 5Bit 0 6Bit 0
True label 0 Full 0 4Bit 0 5Bit 0 6Bit 0
True label 0 Full 0 4Bit 0 5Bit 0 6Bit 0
True label 1 Full 1 4Bit 0 5Bit 0 6Bit 1
True label 0 Full 1 4Bit 1 5Bit 1 6Bit 1
True label 0 Full 0 4Bit 0 5Bit 0 6Bit 0
True label 1 Full 1 4Bit 1 5Bit 1 6Bit 1
True label 0 Full 0 4Bit 1 5Bit 0 6Bit 0
True label 0 Full 0 4Bit 0 5Bit 0 6Bit 0
True label 1 Full 1 4Bit 0 5Bit 1 6Bit 1
True label 1 Full 1 4Bit 1 5Bit 1 6Bit 1
True label 1 Full 1 4Bit 1 5Bit 0 6Bit 1
True label 0 Full 0 4Bit 0 5Bit 0 6Bit 0
True label 0 Full 1 4Bit 0 5Bit 1 6Bit 1
True label 0 Full 0 4Bit 0 5Bit 0 6Bit 0
True label 1 Full 1 4Bit 1 5Bit 1 6Bit 1
True label 0 Full 0 4Bit 1 5Bit 0 6Bit 0
True label 0 Full 0 4Bit 0 5Bit 0 6Bit 0
True label 0 Full 1 4Bit 1 5Bit 1 6Bit 1
True label 0 Full 0 4Bit 0 5Bit 0 6Bit 0
True label 1 Full 1 4Bit 1 5Bit 1 6Bit 1
True label 1 Full 1 4Bit 1 5Bit 1 6Bit 1
True label 1 Full 1 4Bit 0 5Bit 0 6Bit 1
True label 0 Full 1 4Bit 1 5Bit 1 6Bit 1
True label 0 Full 0 4Bit 1 5Bit 0 6Bit 0
True label 0 Full 0 4Bit 0 5Bit 0 6Bit 0
True label 1 Full 1 4Bit 1 5Bit 1 6Bit 1
True label 0 Full 0 4Bit 0 5Bit 0 6Bit 0
True label 1 Full 1 4Bit 1 5Bit 1 6Bit 1
True label 0 Full 0 4Bit 0 5Bit 0 6Bit 0
True label 1 Full 1 4Bit 1 5Bit 1 6Bit 1
True label 0 Full 0 4Bit 0 5Bit 0 6Bit 0
True label 0 Full 0 4Bit 0 5Bit 0 6Bit 0
True label 1 Full 1 4Bit 0 5Bit 1 6Bit 1
True label 1 Full 0 4Bit 1 5Bit 0 6Bit 1
True label 1 Full 1 4Bit 1 5Bit 1 6Bit 1
True label 0 Full 0 4Bit 1 5Bit 0 6Bit 1
True label 1 Full 1 4Bit 1 5Bit 1 6Bit 1
True label 0 Full 0 4Bit 1 5Bit 0 6Bit 0
True label 0 Full 0 4Bit 0 5Bit 0 6Bit 0
True label 0 Full 0 4Bit 0 5Bit 0 6Bit 0
True label 0 Full 0 4Bit 1 5Bit 0 6Bit 0
True label 1 Full 1 4Bit 1 5Bit 1 6Bit 1
True label 0 Full 1 4Bit 1 5Bit 0 6Bit 1
True label 0 Full 0 4Bit 1 5Bit 0 6Bit 0
True label 1 Full 1 4Bit 1 5Bit 1 6Bit 1
True label 0 Full 0 4Bit 1 5Bit 0 6Bit 0
True label 1 Full 1 4Bit 1 5Bit 1 6Bit 1
True label 1 Full 1 4Bit 1 5Bit 0 6Bit 1
True label 0 Full 0 4Bit 0 5Bit 0 6Bit 0
True label 0 Full 0 4Bit 0 5Bit 0 6Bit 0
True label 1 Full 1 4Bit 1 5Bit 1 6Bit 1
True label 1 Full 1 4Bit 0 5Bit 1 6Bit 1
True label 1 Full 1 4Bit 1 5Bit 1 6Bit 1
True label 0 Full 0 4Bit 0 5Bit 0 6Bit 0
True label 1 Full 1 4Bit 1 5Bit 1 6Bit 1
True label 0 Full 0 4Bit 0 5Bit 0 6Bit 0
True label 1 Full 1 4Bit 1 5Bit 1 6Bit 1
True label 0 Full 0 4Bit 0 5Bit 0 6Bit 0
True label 1 Full 1 4Bit 1 5Bit 1 6Bit 1
True label 1 Full 1 4Bit 0 5Bit 1 6Bit 1
True label 1 Full 1 4Bit 1 5Bit 1 6Bit 1
True label 0 Full 1 4Bit 0 5Bit 1 6Bit 1
True label 0 Full 0 4Bit 1 5Bit 0 6Bit 0
True label 1 Full 1 4Bit 1 5Bit 1 6Bit 1
True label 1 Full 1 4Bit 1 5Bit 1 6Bit 1
True label 0 Full 0 4Bit 0 5Bit 0 6Bit 0
True label 0 Full 0 4Bit 0 5Bit 0 6Bit 0
True label 0 Full 0 4Bit 0 5Bit 0 6Bit 0
True label 1 Full 1 4Bit 0 5Bit 1 6Bit 1
True label 1 Full 1 4Bit 1 5Bit 1 6Bit 1
True label 0 Full 0 4Bit 0 5Bit 0 6Bit 0
True label 0 Full 0 4Bit 0 5Bit 0 6Bit 1
True label 0 Full 0 4Bit 0 5Bit 0 6Bit 0
True label 0 Full 0 4Bit 1 5Bit 0 6Bit 1
True label 1 Full 1 4Bit 0 5Bit 1 6Bit 1
True label 0 Full 0 4Bit 1 5Bit 0 6Bit 0
True label 1 Full 1 4Bit 1 5Bit 1 6Bit 1
True label 0 Full 0 4Bit 1 5Bit 0 6Bit 0
True label 0 Full 0 4Bit 1 5Bit 0 6Bit 0
True label 0 Full 0 4Bit 0 5Bit 0 6Bit 0
True label 1 Full 1 4Bit 1 5Bit 1 6Bit 1
True label 0 Full 0 4Bit 0 5Bit 0 6Bit 0
True label 1 Full 1 4Bit 1 5Bit 1 6Bit 1
True label 0 Full 0 4Bit 0 5Bit 0 6Bit 0
True label 1 Full 1 4Bit 1 5Bit 1 6Bit 1
True label 1 Full 0 4Bit 1 5Bit 0 6Bit 1
True label 1 Full 1 4Bit 1 5Bit 1 6Bit 1
True label 1 Full 1 4Bit 1 5Bit 0 6Bit 1
True label 0 Full 0 4Bit 0 5Bit 0 6Bit 0
True label 1 Full 1 4Bit 0 5Bit 1 6Bit 1
True label 1 Full 1 4Bit 1 5Bit 1 6Bit 1
True label 0 Full 0 4Bit 0 5Bit 0 6Bit 0
True label 0 Full 0 4Bit 1 5Bit 0 6Bit 0
True label 0 Full 0 4Bit 0 5Bit 0 6Bit 0
True label 1 Full 1 4Bit 1 5Bit 1 6Bit 1
True label 0 Full 0 4Bit 1 5Bit 0 6Bit 0
True label 1 Full 1 4Bit 1 5Bit 1 6Bit 1
True label 1 Full 1 4Bit 1 5Bit 1 6Bit 1
True label 0 Full 0 4Bit 0 5Bit 0 6Bit 0
True label 0 Full 0 4Bit 0 5Bit 0 6Bit 0
True label 0 Full 0 4Bit 0 5Bit 0 6Bit 0
True label 0 Full 0 4Bit 1 5Bit 0 6Bit 0
True label 1 Full 0 4Bit 0 5Bit 0 6Bit 0
True label 1 Full 1 4Bit 1 5Bit 1 6Bit 1
True label 0 Full 0 4Bit 0 5Bit 0 6Bit 1
True label 1 Full 1 4Bit 1 5Bit 1 6Bit 1
True label 1 Full 1 4Bit 0 5Bit 1 6Bit 1
True label 1 Full 1 4Bit 1 5Bit 1 6Bit 1
True label 0 Full 0 4Bit 1 5Bit 0 6Bit 0
True label 0 Full 1 4Bit 1 5Bit 0 6Bit 1
True label 0 Full 0 4Bit 1 5Bit 0 6Bit 0
True label 1 Full 1 4Bit 1 5Bit 1 6Bit 1
True label 0 Full 0 4Bit 0 5Bit 0 6Bit 0
True label 0 Full 0 4Bit 0 5Bit 0 6Bit 0
True label 1 Full 1 4Bit 1 5Bit 1 6Bit 1
True label 0 Full 0 4Bit 0 5Bit 0 6Bit 0
True label 1 Full 1 4Bit 1 5Bit 1 6Bit 1
True label 1 Full 1 4Bit 0 5Bit 1 6Bit 1
True label 0 Full 0 4Bit 0 5Bit 0 6Bit 0
True label 1 Full 1 4Bit 1 5Bit 1 6Bit 1
True label 0 Full 0 4Bit 0 5Bit 0 6Bit 0
True label 0 Full 0 4Bit 1 5Bit 0 6Bit 0
True label 1 Full 1 4Bit 1 5Bit 1 6Bit 1
True label 1 Full 1 4Bit 0 5Bit 0 6Bit 1
True label 1 Full 1 4Bit 1 5Bit 1 6Bit 1
True label 1 Full 1 4Bit 0 5Bit 1 6Bit 1
True label 1 Full 0 4Bit 1 5Bit 0 6Bit 1
True label 0 Full 0 4Bit 0 5Bit 0 6Bit 0
True label 0 Full 0 4Bit 0 5Bit 0 6Bit 0
True label 1 Full 1 4Bit 1 5Bit 1 6Bit 1
True label 0 Full 0 4Bit 0 5Bit 0 6Bit 0
True label 0 Full 0 4Bit 0 5Bit 0 6Bit 0
True label 1 Full 1 4Bit 1 5Bit 1 6Bit 1
True label 0 Full 0 4Bit 0 5Bit 0 6Bit 0
True label 0 Full 0 4Bit 0 5Bit 0 6Bit 0
True label 1 Full 1 4Bit 1 5Bit 1 6Bit 1
True label 0 Full 0 4Bit 0 5Bit 0 6Bit 0
True label 1 Full 1 4Bit 1 5Bit 1 6Bit 1
True label 0 Full 1 4Bit 0 5Bit 1 6Bit 1
True label 1 Full 1 4Bit 0 5Bit 1 6Bit 1
True label 1 Full 1 4Bit 1 5Bit 1 6Bit 1
True label 1 Full 1 4Bit 0 5Bit 1 6Bit 1
True label 0 Full 0 4Bit 1 5Bit 1 6Bit 1
True label 1 Full 1 4Bit 1 5Bit 1 6Bit 1
True label 0 Full 0 4Bit 0 5Bit 0 6Bit 0
True label 1 Full 1 4Bit 1 5Bit 1 6Bit 1
True label 1 Full 1 4Bit 1 5Bit 1 6Bit 1
True label 0 Full 0 4Bit 0 5Bit 0 6Bit 0
True label 1 Full 1 4Bit 0 5Bit 0 6Bit 1
True label 1 Full 1 4Bit 1 5Bit 1 6Bit 1
True label 0 Full 0 4Bit 1 5Bit 0 6Bit 0
True label 0 Full 0 4Bit 0 5Bit 0 6Bit 0
True label 1 Full 1 4Bit 1 5Bit 1 6Bit 1
True label 1 Full 1 4Bit 1 5Bit 1 6Bit 1
True label 0 Full 0 4Bit 1 5Bit 0 6Bit 0
True label 0 Full 0 4Bit 0 5Bit 0 6Bit 1
True label 1 Full 1 4Bit 0 5Bit 1 6Bit 1
True label 0 Full 0 4Bit 0 5Bit 0 6Bit 0
True label 1 Full 1 4Bit 1 5Bit 1 6Bit 1
True label 1 Full 1 4Bit 1 5Bit 1 6Bit 1
True label 1 Full 1 4Bit 1 5Bit 1 6Bit 1
True label 0 Full 0 4Bit 0 5Bit 0 6Bit 0
True label 0 Full 0 4Bit 0 5Bit 0 6Bit 0
True label 0 Full 0 4Bit 0 5Bit 0 6Bit 0
True label 0 Full 0 4Bit 1 5Bit 0 6Bit 0
True label 0 Full 0 4Bit 1 5Bit 0 6Bit 0
True label 1 Full 1 4Bit 1 5Bit 1 6Bit 1
True label 0 Full 0 4Bit 0 5Bit 0 6Bit 0
True label 0 Full 0 4Bit 1 5Bit 0 6Bit 0
True label 0 Full 0 4Bit 0 5Bit 0 6Bit 0
True label 1 Full 1 4Bit 1 5Bit 1 6Bit 1
True label 0 Full 0 4Bit 0 5Bit 0 6Bit 0
True label 0 Full 0 4Bit 0 5Bit 0 6Bit 0
True label 1 Full 1 4Bit 0 5Bit 0 6Bit 1
True label 0 Full 0 4Bit 0 5Bit 0 6Bit 0
True label 1 Full 1 4Bit 1 5Bit 1 6Bit 1
True label 0 Full 1 4Bit 1 5Bit 0 6Bit 1
True label 1 Full 1 4Bit 1 5Bit 1 6Bit 1
True label 0 Full 0 4Bit 0 5Bit 0 6Bit 0
True label 1 Full 1 4Bit 1 5Bit 1 6Bit 1
True label 1 Full 1 4Bit 1 5Bit 0 6Bit 1
True label 0 Full 0 4Bit 1 5Bit 0 6Bit 0
True label 0 Full 0 4Bit 0 5Bit 0 6Bit 0
True label 0 Full 0 4Bit 0 5Bit 0 6Bit 0
True label 1 Full 1 4Bit 0 5Bit 1 6Bit 1
True label 0 Full 1 4Bit 0 5Bit 1 6Bit 0
True label 1 Full 0 4Bit 1 5Bit 0 6Bit 0
True label 0 Full 0 4Bit 0 5Bit 0 6Bit 0
True label 0 Full 0 4Bit 0 5Bit 0 6Bit 0
True label 0 Full 0 4Bit 0 5Bit 0 6Bit 0
True label 0 Full 0 4Bit 0 5Bit 0 6Bit 0
True label 0 Full 0 4Bit 0 5Bit 0 6Bit 0
True label 0 Full 0 4Bit 1 5Bit 0 6Bit 1
True label 0 Full 0 4Bit 0 5Bit 0 6Bit 0
True label 1 Full 1 4Bit 0 5Bit 1 6Bit 1
True label 1 Full 1 4Bit 1 5Bit 1 6Bit 1
True label 1 Full 1 4Bit 1 5Bit 1 6Bit 1
True label 1 Full 1 4Bit 1 5Bit 1 6Bit 1
True label 1 Full 1 4Bit 1 5Bit 1 6Bit 1
True label 1 Full 1 4Bit 1 5Bit 1 6Bit 1
True label 0 Full 0 4Bit 0 5Bit 0 6Bit 0
True label 0 Full 0 4Bit 0 5Bit 0 6Bit 0
True label 0 Full 0 4Bit 0 5Bit 0 6Bit 0
True label 1 Full 1 4Bit 1 5Bit 1 6Bit 1
True label 1 Full 1 4Bit 1 5Bit 1 6Bit 1
True label 0 Full 0 4Bit 0 5Bit 0 6Bit 0
True label 0 Full 0 4Bit 0 5Bit 0 6Bit 0
True label 1 Full 1 4Bit 0 5Bit 1 6Bit 1
True label 1 Full 1 4Bit 1 5Bit 1 6Bit 1
True label 1 Full 1 4Bit 0 5Bit 1 6Bit 1
True label 0 Full 0 4Bit 0 5Bit 0 6Bit 0
True label 0 Full 0 4Bit 1 5Bit 0 6Bit 0
True label 1 Full 1 4Bit 1 5Bit 1 6Bit 1
True label 0 Full 0 4Bit 0 5Bit 0 6Bit 0
True label 1 Full 1 4Bit 1 5Bit 1 6Bit 1
True label 0 Full 0 4Bit 0 5Bit 0 6Bit 0
True label 1 Full 1 4Bit 1 5Bit 1 6Bit 1
True label 0 Full 0 4Bit 0 5Bit 0 6Bit 0
True label 1 Full 1 4Bit 1 5Bit 1 6Bit 1
True label 1 Full 1 4Bit 1 5Bit 1 6Bit 1
True label 0 Full 0 4Bit 1 5Bit 0 6Bit 0
True label 0 Full 0 4Bit 0 5Bit 0 6Bit 0
True label 0 Full 0 4Bit 1 5Bit 0 6Bit 0
True label 0 Full 0 4Bit 0 5Bit 0 6Bit 0
True label 0 Full 0 4Bit 1 5Bit 0 6Bit 0
True label 1 Full 1 4Bit 1 5Bit 1 6Bit 1
True label 0 Full 0 4Bit 1 5Bit 0 6Bit 0
True label 0 Full 0 4Bit 0 5Bit 0 6Bit 0
True label 1 Full 1 4Bit 1 5Bit 1 6Bit 1
True label 0 Full 0 4Bit 1 5Bit 0 6Bit 0
True label 1 Full 1 4Bit 0 5Bit 1 6Bit 1
True label 0 Full 0 4Bit 0 5Bit 0 6Bit 0
True label 1 Full 1 4Bit 0 5Bit 1 6Bit 1
True label 1 Full 1 4Bit 1 5Bit 1 6Bit 1
True label 0 Full 0 4Bit 0 5Bit 0 6Bit 0
True label 0 Full 0 4Bit 0 5Bit 0 6Bit 1
True label 1 Full 1 4Bit 1 5Bit 1 6Bit 1
True label 1 Full 1 4Bit 0 5Bit 1 6Bit 1
True label 0 Full 0 4Bit 1 5Bit 0 6Bit 0
True label 0 Full 0 4Bit 0 5Bit 0 6Bit 0
True label 0 Full 0 4Bit 0 5Bit 0 6Bit 0
True label 1 Full 1 4Bit 1 5Bit 1 6Bit 1
True label 0 Full 0 4Bit 0 5Bit 0 6Bit 0
True label 1 Full 0 4Bit 1 5Bit 1 6Bit 1
True label 1 Full 1 4Bit 1 5Bit 1 6Bit 1
True label 1 Full 1 4Bit 1 5Bit 1 6Bit 1
True label 1 Full 0 4Bit 0 5Bit 0 6Bit 0
True label 1 Full 1 4Bit 1 5Bit 1 6Bit 1
True label 1 Full 1 4Bit 1 5Bit 0 6Bit 1
True label 1 Full 1 4Bit 1 5Bit 1 6Bit 1
True label 1 Full 1 4Bit 1 5Bit 1 6Bit 1
True label 0 Full 0 4Bit 0 5Bit 0 6Bit 0
True label 1 Full 1 4Bit 1 5Bit 1 6Bit 1
True label 1 Full 1 4Bit 1 5Bit 1 6Bit 1
True label 1 Full 1 4Bit 1 5Bit 1 6Bit 1
True label 0 Full 0 4Bit 0 5Bit 0 6Bit 0
True label 1 Full 1 4Bit 1 5Bit 1 6Bit 1
True label 0 Full 1 4Bit 0 5Bit 1 6Bit 1
True label 0 Full 0 4Bit 0 5Bit 0 6Bit 0
True label 1 Full 0 4Bit 1 5Bit 0 6Bit 0
True label 0 Full 0 4Bit 0 5Bit 0 6Bit 0
True label 1 Full 0 4Bit 1 5Bit 0 6Bit 1
True label 1 Full 1 4Bit 1 5Bit 1 6Bit 1
True label 1 Full 1 4Bit 1 5Bit 1 6Bit 1
True label 0 Full 0 4Bit 0 5Bit 0 6Bit 0
True label 0 Full 0 4Bit 0 5Bit 0 6Bit 0
True label 0 Full 0 4Bit 0 5Bit 0 6Bit 0
True label 1 Full 1 4Bit 1 5Bit 1 6Bit 1
True label 1 Full 0 4Bit 1 5Bit 0 6Bit 1
True label 1 Full 1 4Bit 0 5Bit 1 6Bit 1
True label 1 Full 1 4Bit 0 5Bit 0 6Bit 1
True label 0 Full 0 4Bit 0 5Bit 0 6Bit 0
True label 0 Full 0 4Bit 0 5Bit 0 6Bit 0
True label 1 Full 1 4Bit 1 5Bit 1 6Bit 1
True label 1 Full 1 4Bit 0 5Bit 1 6Bit 1
True label 1 Full 1 4Bit 1 5Bit 1 6Bit 1
True label 0 Full 1 4Bit 1 5Bit 0 6Bit 1
True label 0 Full 1 4Bit 0 5Bit 1 6Bit 0
True label 0 Full 0 4Bit 0 5Bit 0 6Bit 0
True label 0 Full 0 4Bit 0 5Bit 0 6Bit 0
True label 0 Full 0 4Bit 0 5Bit 0 6Bit 0
True label 0 Full 0 4Bit 0 5Bit 0 6Bit 0
True label 1 Full 1 4Bit 1 5Bit 1 6Bit 1
True label 1 Full 0 4Bit 0 5Bit 0 6Bit 0
True label 1 Full 1 4Bit 0 5Bit 0 6Bit 1
True label 1 Full 1 4Bit 1 5Bit 1 6Bit 1
True label 0 Full 0 4Bit 0 5Bit 1 6Bit 0
True label 1 Full 1 4Bit 1 5Bit 0 6Bit 1
True label 1 Full 1 4Bit 1 5Bit 1 6Bit 1
True label 0 Full 0 4Bit 0 5Bit 0 6Bit 0
True label 0 Full 0 4Bit 0 5Bit 0 6Bit 0
True label 1 Full 1 4Bit 1 5Bit 1 6Bit 1
True label 1 Full 1 4Bit 1 5Bit 1 6Bit 1
True label 1 Full 1 4Bit 1 5Bit 1 6Bit 1
True label 0 Full 0 4Bit 0 5Bit 0 6Bit 0
True label 1 Full 1 4Bit 0 5Bit 1 6Bit 1
True label 1 Full 1 4Bit 1 5Bit 0 6Bit 1
True label 0 Full 0 4Bit 0 5Bit 0 6Bit 0
True label 1 Full 1 4Bit 1 5Bit 1 6Bit 1
True label 1 Full 1 4Bit 0 5Bit 1 6Bit 1
True label 0 Full 0 4Bit 0 5Bit 0 6Bit 0
True label 1 Full 1 4Bit 0 5Bit 1 6Bit 1
True label 0 Full 0 4Bit 1 5Bit 0 6Bit 0
True label 0 Full 0 4Bit 0 5Bit 0 6Bit 0
True label 0 Full 0 4Bit 0 5Bit 0 6Bit 0
True label 0 Full 0 4Bit 0 5Bit 0 6Bit 0
True label 1 Full 1 4Bit 1 5Bit 1 6Bit 1
True label 0 Full 0 4Bit 0 5Bit 0 6Bit 1
True label 0 Full 0 4Bit 0 5Bit 0 6Bit 0
True label 1 Full 1 4Bit 1 5Bit 1 6Bit 1
True label 0 Full 0 4Bit 0 5Bit 0 6Bit 0
True label 1 Full 1 4Bit 0 5Bit 0 6Bit 1
True label 0 Full 0 4Bit 0 5Bit 0 6Bit 0
True label 0 Full 0 4Bit 0 5Bit 0 6Bit 0
True label 1 Full 1 4Bit 1 5Bit 1 6Bit 1
True label 1 Full 1 4Bit 1 5Bit 1 6Bit 1
True label 1 Full 1 4Bit 1 5Bit 1 6Bit 1
True label 1 Full 1 4Bit 1 5Bit 1 6Bit 1
True label 1 Full 1 4Bit 0 5Bit 1 6Bit 1
True label 1 Full 1 4Bit 1 5Bit 1 6Bit 1
True label 0 Full 1 4Bit 1 5Bit 0 6Bit 1
True label 1 Full 1 4Bit 0 5Bit 1 6Bit 1
True label 0 Full 0 4Bit 1 5Bit 0 6Bit 0
True label 1 Full 1 4Bit 1 5Bit 0 6Bit 1
True label 0 Full 0 4Bit 0 5Bit 0 6Bit 0
True label 1 Full 1 4Bit 1 5Bit 1 6Bit 1
True label 1 Full 1 4Bit 1 5Bit 1 6Bit 1
True label 1 Full 0 4Bit 0 5Bit 0 6Bit 0
True label 0 Full 0 4Bit 0 5Bit 0 6Bit 0
True label 1 Full 1 4Bit 1 5Bit 1 6Bit 1
True label 1 Full 1 4Bit 1 5Bit 0 6Bit 1
True label 0 Full 0 4Bit 1 5Bit 0 6Bit 0
True label 0 Full 0 4Bit 0 5Bit 0 6Bit 0
True label 0 Full 0 4Bit 0 5Bit 0 6Bit 0
True label 0 Full 0 4Bit 0 5Bit 0 6Bit 0
True label 0 Full 0 4Bit 0 5Bit 0 6Bit 0
True label 1 Full 1 4Bit 1 5Bit 1 6Bit 1
True label 0 Full 0 4Bit 0 5Bit 0 6Bit 0
True label 0 Full 0 4Bit 1 5Bit 1 6Bit 0
True label 1 Full 1 4Bit 1 5Bit 1 6Bit 1
True label 1 Full 1 4Bit 1 5Bit 1 6Bit 1
True label 1 Full 1 4Bit 1 5Bit 1 6Bit 1
True label 1 Full 0 4Bit 0 5Bit 0 6Bit 1
True label 1 Full 1 4Bit 1 5Bit 0 6Bit 1
True label 0 Full 0 4Bit 0 5Bit 0 6Bit 0
True label 1 Full 1 4Bit 1 5Bit 1 6Bit 1
True label 1 Full 1 4Bit 1 5Bit 1 6Bit 1
True label 1 Full 1 4Bit 1 5Bit 1 6Bit 1
True label 1 Full 1 4Bit 1 5Bit 1 6Bit 1
True label 0 Full 0 4Bit 0 5Bit 0 6Bit 0
True label 1 Full 1 4Bit 0 5Bit 0 6Bit 1
True label 1 Full 1 4Bit 1 5Bit 0 6Bit 1
True label 0 Full 0 4Bit 1 5Bit 0 6Bit 0
True label 1 Full 1 4Bit 1 5Bit 1 6Bit 1
True label 0 Full 0 4Bit 0 5Bit 0 6Bit 0
True label 1 Full 1 4Bit 1 5Bit 1 6Bit 1
True label 0 Full 0 4Bit 0 5Bit 0 6Bit 0
True label 0 Full 0 4Bit 0 5Bit 1 6Bit 0
True label 0 Full 0 4Bit 0 5Bit 0 6Bit 0
True label 0 Full 0 4Bit 0 5Bit 0 6Bit 0
True label 1 Full 1 4Bit 1 5Bit 0 6Bit 1
True label 0 Full 0 4Bit 0 5Bit 0 6Bit 0
True label 1 Full 1 4Bit 0 5Bit 1 6Bit 0
True label 1 Full 1 4Bit 1 5Bit 1 6Bit 1
True label 0 Full 0 4Bit 0 5Bit 0 6Bit 1
True label 0 Full 0 4Bit 0 5Bit 0 6Bit 0
True label 1 Full 0 4Bit 0 5Bit 0 6Bit 1
True label 0 Full 0 4Bit 0 5Bit 0 6Bit 0
True label 0 Full 0 4Bit 0 5Bit 0 6Bit 0
True label 1 Full 0 4Bit 1 5Bit 0 6Bit 0
True label 0 Full 0 4Bit 1 5Bit 0 6Bit 0
True label 0 Full 0 4Bit 0 5Bit 0 6Bit 0
True label 1 Full 1 4Bit 1 5Bit 0 6Bit 1
True label 1 Full 1 4Bit 1 5Bit 1 6Bit 1
True label 0 Full 0 4Bit 0 5Bit 0 6Bit 0
True label 1 Full 1 4Bit 1 5Bit 1 6Bit 1
True label 1 Full 1 4Bit 1 5Bit 1 6Bit 1
True label 0 Full 0 4Bit 0 5Bit 0 6Bit 0
True label 1 Full 1 4Bit 1 5Bit 1 6Bit 1
True label 0 Full 0 4Bit 0 5Bit 0 6Bit 0
True label 1 Full 1 4Bit 0 5Bit 0 6Bit 1
True label 0 Full 0 4Bit 0 5Bit 0 6Bit 0
True label 0 Full 0 4Bit 1 5Bit 0 6Bit 1
True label 0 Full 0 4Bit 0 5Bit 0 6Bit 0
True label 1 Full 1 4Bit 0 5Bit 1 6Bit 1
True label 1 Full 1 4Bit 1 5Bit 1 6Bit 1
True label 1 Full 1 4Bit 0 5Bit 0 6Bit 1
True label 0 Full 0 4Bit 0 5Bit 0 6Bit 0
True label 0 Full 0 4Bit 0 5Bit 0 6Bit 0
True label 1 Full 1 4Bit 1 5Bit 1 6Bit 1
True label 1 Full 1 4Bit 1 5Bit 1 6Bit 1
True label 1 Full 1 4Bit 0 5Bit 0 6Bit 1
True label 0 Full 0 4Bit 1 5Bit 0 6Bit 0
True label 1 Full 1 4Bit 1 5Bit 1 6Bit 1
True label 0 Full 0 4Bit 1 5Bit 1 6Bit 1
True label 1 Full 1 4Bit 1 5Bit 1 6Bit 1
True label 1 Full 1 4Bit 1 5Bit 1 6Bit 1
True label 0 Full 1 4Bit 1 5Bit 1 6Bit 0
True label 0 Full 1 4Bit 0 5Bit 0 6Bit 1
True label 0 Full 0 4Bit 1 5Bit 0 6Bit 0
True label 0 Full 0 4Bit 0 5Bit 0 6Bit 1
True label 0 Full 0 4Bit 0 5Bit 0 6Bit 0
True label 0 Full 0 4Bit 1 5Bit 0 6Bit 0
True label 1 Full 1 4Bit 1 5Bit 1 6Bit 1
True label 0 Full 0 4Bit 1 5Bit 0 6Bit 0
True label 0 Full 0 4Bit 0 5Bit 0 6Bit 0
True label 0 Full 1 4Bit 1 5Bit 0 6Bit 1
True label 1 Full 0 4Bit 0 5Bit 0 6Bit 1
True label 1 Full 1 4Bit 1 5Bit 1 6Bit 1
True label 1 Full 1 4Bit 1 5Bit 1 6Bit 1
True label 1 Full 1 4Bit 1 5Bit 1 6Bit 1
True label 1 Full 1 4Bit 1 5Bit 1 6Bit 1
True label 1 Full 1 4Bit 1 5Bit 1 6Bit 1
True label 0 Full 0 4Bit 0 5Bit 0 6Bit 0
True label 0 Full 0 4Bit 1 5Bit 0 6Bit 0
True label 0 Full 0 4Bit 1 5Bit 0 6Bit 0
True label 0 Full 0 4Bit 0 5Bit 0 6Bit 0
True label 0 Full 0 4Bit 0 5Bit 0 6Bit 0
True label 1 Full 1 4Bit 1 5Bit 1 6Bit 1
True label 1 Full 0 4Bit 0 5Bit 1 6Bit 1
True label 0 Full 0 4Bit 0 5Bit 0 6Bit 0
True label 1 Full 1 4Bit 1 5Bit 1 6Bit 1
True label 0 Full 0 4Bit 1 5Bit 0 6Bit 0
True label 0 Full 0 4Bit 0 5Bit 0 6Bit 0
True label 1 Full 0 4Bit 0 5Bit 1 6Bit 1
True label 0 Full 0 4Bit 0 5Bit 0 6Bit 0
True label 1 Full 1 4Bit 1 5Bit 0 6Bit 1
True label 0 Full 0 4Bit 0 5Bit 0 6Bit 0
True label 1 Full 1 4Bit 1 5Bit 1 6Bit 1
True label 0 Full 0 4Bit 0 5Bit 0 6Bit 0
True label 1 Full 1 4Bit 1 5Bit 1 6Bit 1
True label 0 Full 0 4Bit 0 5Bit 0 6Bit 0
True label 1 Full 1 4Bit 1 5Bit 1 6Bit 1
True label 0 Full 0 4Bit 0 5Bit 0 6Bit 0
True label 0 Full 1 4Bit 1 5Bit 0 6Bit 0
True label 1 Full 0 4Bit 0 5Bit 0 6Bit 1
True label 0 Full 0 4Bit 0 5Bit 0 6Bit 0
True label 0 Full 0 4Bit 0 5Bit 0 6Bit 0
True label 0 Full 0 4Bit 0 5Bit 0 6Bit 0
True label 1 Full 1 4Bit 0 5Bit 1 6Bit 1
True label 0 Full 0 4Bit 1 5Bit 0 6Bit 0
True label 0 Full 0 4Bit 0 5Bit 0 6Bit 0
True label 0 Full 1 4Bit 0 5Bit 1 6Bit 1
True label 1 Full 1 4Bit 0 5Bit 1 6Bit 1
True label 1 Full 1 4Bit 1 5Bit 1 6Bit 1
True label 1 Full 1 4Bit 1 5Bit 1 6Bit 1
True label 0 Full 0 4Bit 1 5Bit 0 6Bit 0
True label 1 Full 1 4Bit 1 5Bit 1 6Bit 1
True label 1 Full 1 4Bit 1 5Bit 1 6Bit 1
True label 0 Full 0 4Bit 0 5Bit 0 6Bit 0
True label 0 Full 0 4Bit 1 5Bit 1 6Bit 0
True label 1 Full 1 4Bit 0 5Bit 0 6Bit 1
True label 1 Full 1 4Bit 1 5Bit 1 6Bit 1
True label 0 Full 0 4Bit 1 5Bit 0 6Bit 0
True label 0 Full 0 4Bit 0 5Bit 0 6Bit 0
True label 1 Full 1 4Bit 1 5Bit 0 6Bit 1
True label 1 Full 1 4Bit 1 5Bit 1 6Bit 1
True label 0 Full 0 4Bit 0 5Bit 0 6Bit 0
True label 0 Full 0 4Bit 1 5Bit 0 6Bit 0
True label 0 Full 0 4Bit 1 5Bit 0 6Bit 0
True label 0 Full 0 4Bit 0 5Bit 0 6Bit 0
True label 1 Full 1 4Bit 1 5Bit 1 6Bit 1
True label 0 Full 0 4Bit 0 5Bit 0 6Bit 0
True label 0 Full 0 4Bit 1 5Bit 0 6Bit 0
True label 0 Full 0 4Bit 0 5Bit 0 6Bit 0
True label 1 Full 1 4Bit 0 5Bit 1 6Bit 1
True label 0 Full 0 4Bit 0 5Bit 0 6Bit 0
True label 1 Full 1 4Bit 1 5Bit 1 6Bit 1
True label 1 Full 1 4Bit 1 5Bit 1 6Bit 1
True label 0 Full 0 4Bit 0 5Bit 0 6Bit 0
True label 0 Full 0 4Bit 0 5Bit 0 6Bit 0
True label 0 Full 0 4Bit 0 5Bit 0 6Bit 0
True label 1 Full 1 4Bit 1 5Bit 1 6Bit 1
True label 1 Full 1 4Bit 1 5Bit 1 6Bit 1
True label 0 Full 1 4Bit 1 5Bit 0 6Bit 1
True label 1 Full 1 4Bit 1 5Bit 1 6Bit 1
True label 1 Full 1 4Bit 1 5Bit 1 6Bit 1
True label 0 Full 0 4Bit 0 5Bit 0 6Bit 0
True label 0 Full 0 4Bit 0 5Bit 0 6Bit 0
True label 1 Full 1 4Bit 1 5Bit 1 6Bit 1
True label 1 Full 0 4Bit 0 5Bit 0 6Bit 0
True label 1 Full 1 4Bit 0 5Bit 1 6Bit 1
True label 0 Full 0 4Bit 0 5Bit 0 6Bit 0
True label 0 Full 0 4Bit 0 5Bit 0 6Bit 0
True label 0 Full 0 4Bit 0 5Bit 0 6Bit 1
True label 0 Full 0 4Bit 0 5Bit 0 6Bit 0
True label 1 Full 1 4Bit 1 5Bit 1 6Bit 1
True label 1 Full 1 4Bit 1 5Bit 1 6Bit 1
True label 0 Full 0 4Bit 0 5Bit 0 6Bit 0
True label 0 Full 0 4Bit 0 5Bit 0 6Bit 0
True label 0 Full 0 4Bit 0 5Bit 0 6Bit 0
True label 1 Full 1 4Bit 0 5Bit 0 6Bit 1
True label 0 Full 0 4Bit 0 5Bit 0 6Bit 1
True label 1 Full 0 4Bit 1 5Bit 0 6Bit 0
True label 1 Full 1 4Bit 1 5Bit 1 6Bit 1
True label 0 Full 0 4Bit 1 5Bit 0 6Bit 0
True label 1 Full 1 4Bit 1 5Bit 1 6Bit 1
True label 1 Full 1 4Bit 1 5Bit 1 6Bit 1
True label 1 Full 1 4Bit 1 5Bit 1 6Bit 1
True label 1 Full 1 4Bit 1 5Bit 1 6Bit 1
True label 0 Full 0 4Bit 0 5Bit 0 6Bit 0
True label 1 Full 1 4Bit 1 5Bit 0 6Bit 1
True label 0 Full 0 4Bit 0 5Bit 0 6Bit 0
True label 0 Full 0 4Bit 0 5Bit 0 6Bit 0
True label 1 Full 1 4Bit 1 5Bit 0 6Bit 1
True label 1 Full 1 4Bit 0 5Bit 1 6Bit 1
True label 1 Full 1 4Bit 1 5Bit 1 6Bit 1
True label 1 Full 1 4Bit 0 5Bit 1 6Bit 1
True label 0 Full 0 4Bit 0 5Bit 0 6Bit 0
True label 0 Full 1 4Bit 0 5Bit 0 6Bit 0
True label 0 Full 1 4Bit 1 5Bit 1 6Bit 1
True label 1 Full 0 4Bit 1 5Bit 0 6Bit 1
True label 0 Full 0 4Bit 0 5Bit 0 6Bit 0
True label 0 Full 0 4Bit 0 5Bit 0 6Bit 0
True label 1 Full 1 4Bit 1 5Bit 1 6Bit 1
True label 0 Full 0 4Bit 0 5Bit 0 6Bit 0
True label 0 Full 0 4Bit 0 5Bit 0 6Bit 0
True label 0 Full 0 4Bit 0 5Bit 0 6Bit 0
True label 0 Full 0 4Bit 1 5Bit 0 6Bit 0
True label 1 Full 1 4Bit 1 5Bit 0 6Bit 1
True label 1 Full 1 4Bit 1 5Bit 1 6Bit 1
True label 0 Full 0 4Bit 0 5Bit 0 6Bit 0
True label 0 Full 0 4Bit 1 5Bit 0 6Bit 1
True label 1 Full 1 4Bit 1 5Bit 1 6Bit 1
True label 1 Full 0 4Bit 1 5Bit 0 6Bit 1
True label 0 Full 0 4Bit 0 5Bit 0 6Bit 0
True label 1 Full 1 4Bit 1 5Bit 1 6Bit 1
True label 1 Full 1 4Bit 1 5Bit 1 6Bit 1
True label 1 Full 0 4Bit 0 5Bit 0 6Bit 0
True label 0 Full 0 4Bit 1 5Bit 0 6Bit 0
True label 1 Full 1 4Bit 1 5Bit 1 6Bit 1
True label 1 Full 1 4Bit 1 5Bit 0 6Bit 1
True label 0 Full 1 4Bit 0 5Bit 0 6Bit 1
True label 0 Full 0 4Bit 0 5Bit 0 6Bit 0
True label 0 Full 1 4Bit 1 5Bit 1 6Bit 1
True label 0 Full 0 4Bit 0 5Bit 0 6Bit 0
True label 0 Full 0 4Bit 0 5Bit 0 6Bit 0
True label 1 Full 1 4Bit 0 5Bit 0 6Bit 1
True label 0 Full 0 4Bit 0 5Bit 0 6Bit 0
True label 1 Full 1 4Bit 1 5Bit 1 6Bit 1
True label 0 Full 0 4Bit 1 5Bit 0 6Bit 0
True label 1 Full 1 4Bit 1 5Bit 1 6Bit 1
True label 1 Full 1 4Bit 1 5Bit 1 6Bit 1
True label 1 Full 0 4Bit 1 5Bit 1 6Bit 1
True label 1 Full 1 4Bit 0 5Bit 1 6Bit 1
True label 1 Full 0 4Bit 0 5Bit 0 6Bit 0
True label 0 Full 0 4Bit 1 5Bit 0 6Bit 0
True label 0 Full 0 4Bit 1 5Bit 0 6Bit 0
True label 0 Full 0 4Bit 0 5Bit 0 6Bit 0
True label 1 Full 1 4Bit 1 5Bit 1 6Bit 1
True label 0 Full 0 4Bit 1 5Bit 0 6Bit 0
True label 0 Full 0 4Bit 1 5Bit 0 6Bit 0
True label 0 Full 0 4Bit 1 5Bit 0 6Bit 0
True label 0 Full 1 4Bit 1 5Bit 1 6Bit 1
True label 0 Full 1 4Bit 0 5Bit 0 6Bit 0
True label 1 Full 1 4Bit 1 5Bit 1 6Bit 0
True label 0 Full 0 4Bit 1 5Bit 0 6Bit 0
True label 1 Full 1 4Bit 0 5Bit 1 6Bit 1
True label 0 Full 0 4Bit 0 5Bit 0 6Bit 0
True label 1 Full 1 4Bit 0 5Bit 0 6Bit 1
True label 0 Full 0 4Bit 1 5Bit 0 6Bit 0
True label 0 Full 0 4Bit 0 5Bit 0 6Bit 1
True label 1 Full 1 4Bit 1 5Bit 1 6Bit 1
True label 1 Full 1 4Bit 1 5Bit 1 6Bit 1
True label 0 Full 0 4Bit 0 5Bit 0 6Bit 0
True label 1 Full 1 4Bit 1 5Bit 0 6Bit 1
True label 1 Full 1 4Bit 0 5Bit 1 6Bit 1
True label 0 Full 0 4Bit 0 5Bit 0 6Bit 0
True label 1 Full 1 4Bit 1 5Bit 0 6Bit 1
True label 1 Full 1 4Bit 1 5Bit 1 6Bit 1
True label 0 Full 0 4Bit 1 5Bit 0 6Bit 0
True label 0 Full 1 4Bit 0 5Bit 1 6Bit 1
Test accuracy: Full: 0.903 4bit: 0.734 5bit: 0.857 6bit: 0.893
{'test_acc': [0.903, 0.734, 0.857, 0.893, 0.905], 'final_out_power': [0.5553695559501648, 7.994625091552734, 1.1145226955413818, 1.402969241142273], 'final_out_mse': [0.0020553527865558863, 0.02486337721347809, 0.0091353515163064, 0.004415992647409439], 'mfr': [27.757934635416667, 32.6160953125, 30.5612328125, 27.71486666666667], 'dynamics_power': [0.0008594853570684791, 0.0054922248236835, 0.002858721185475588, 0.0015174380969256163], 'dynamics_mse': [0.0015477788401767612, 0.03481760993599892, 0.010908481664955616, 0.003319003852084279]}
[2020-09-13 14:34:30.666925] test = nan
