No module named 'brian2'
No module named 'brian2'
No module named 'brian2'
No module named 'torch'
No module named 'torch'
No module named 'nest'.
No module named 'nest'.
No module named 'rpyc'
No module named 'rpyc'
No module named 'rpyc'
No module named 'nest'.
cannot import name 'FFExpSynBrian'
Loading network...
[INFO] - HeySnips -  Running with tracking deactivated
gain 1.7121212121212122 val acc 0.504 
gain 1.0555555555555556 val acc 0.802 
gain 1.0050505050505052 val acc 0.87 
[2020-09-13 18:01:22.972737] train_loss = 0.0
[2020-09-13 18:01:22.991247] train = nan
[2020-09-13 18:01:22.991262] val = nan
[2020-09-13 18:01:22.991265] test = nan
True label 1 Full 1 4Bit 0 5Bit 1 6Bit 1
True label 1 Full 0 4Bit 0 5Bit 0 6Bit 0
True label 1 Full 1 4Bit 0 5Bit 1 6Bit 1
True label 1 Full 1 4Bit 1 5Bit 1 6Bit 1
True label 0 Full 0 4Bit 0 5Bit 0 6Bit 0
True label 0 Full 0 4Bit 0 5Bit 0 6Bit 0
True label 0 Full 0 4Bit 0 5Bit 0 6Bit 0
True label 0 Full 0 4Bit 0 5Bit 0 6Bit 0
True label 1 Full 1 4Bit 1 5Bit 1 6Bit 1
True label 0 Full 0 4Bit 0 5Bit 0 6Bit 0
True label 1 Full 1 4Bit 0 5Bit 1 6Bit 1
True label 1 Full 0 4Bit 0 5Bit 0 6Bit 0
True label 1 Full 0 4Bit 0 5Bit 0 6Bit 1
True label 0 Full 0 4Bit 0 5Bit 0 6Bit 0
True label 1 Full 1 4Bit 0 5Bit 1 6Bit 1
True label 0 Full 0 4Bit 0 5Bit 0 6Bit 0
True label 0 Full 0 4Bit 0 5Bit 0 6Bit 0
True label 0 Full 0 4Bit 0 5Bit 0 6Bit 0
True label 1 Full 1 4Bit 0 5Bit 1 6Bit 1
True label 1 Full 1 4Bit 0 5Bit 1 6Bit 1
True label 0 Full 0 4Bit 1 5Bit 0 6Bit 0
True label 1 Full 1 4Bit 0 5Bit 0 6Bit 1
True label 1 Full 1 4Bit 0 5Bit 0 6Bit 1
True label 1 Full 1 4Bit 0 5Bit 1 6Bit 1
True label 1 Full 1 4Bit 0 5Bit 1 6Bit 1
True label 0 Full 0 4Bit 0 5Bit 0 6Bit 0
True label 1 Full 1 4Bit 0 5Bit 0 6Bit 1
True label 1 Full 1 4Bit 0 5Bit 1 6Bit 1
True label 1 Full 0 4Bit 0 5Bit 0 6Bit 1
True label 1 Full 1 4Bit 0 5Bit 0 6Bit 1
True label 1 Full 0 4Bit 0 5Bit 0 6Bit 1
True label 1 Full 1 4Bit 0 5Bit 1 6Bit 1
True label 1 Full 1 4Bit 1 5Bit 0 6Bit 1
True label 1 Full 1 4Bit 0 5Bit 1 6Bit 1
True label 0 Full 0 4Bit 0 5Bit 0 6Bit 0
True label 0 Full 0 4Bit 0 5Bit 0 6Bit 0
True label 1 Full 1 4Bit 0 5Bit 1 6Bit 1
True label 0 Full 0 4Bit 0 5Bit 0 6Bit 0
True label 0 Full 0 4Bit 0 5Bit 0 6Bit 0
True label 1 Full 1 4Bit 1 5Bit 1 6Bit 1
True label 1 Full 1 4Bit 0 5Bit 0 6Bit 1
True label 1 Full 1 4Bit 0 5Bit 1 6Bit 1
True label 1 Full 1 4Bit 0 5Bit 1 6Bit 1
True label 1 Full 1 4Bit 1 5Bit 1 6Bit 1
True label 0 Full 0 4Bit 0 5Bit 0 6Bit 0
True label 1 Full 0 4Bit 0 5Bit 1 6Bit 0
True label 1 Full 1 4Bit 0 5Bit 0 6Bit 1
True label 1 Full 1 4Bit 0 5Bit 0 6Bit 1
True label 1 Full 1 4Bit 0 5Bit 1 6Bit 1
True label 1 Full 1 4Bit 0 5Bit 1 6Bit 1
True label 0 Full 0 4Bit 0 5Bit 0 6Bit 0
True label 0 Full 1 4Bit 0 5Bit 1 6Bit 0
True label 1 Full 1 4Bit 0 5Bit 0 6Bit 0
True label 0 Full 0 4Bit 0 5Bit 0 6Bit 0
True label 1 Full 1 4Bit 1 5Bit 1 6Bit 1
True label 1 Full 1 4Bit 0 5Bit 1 6Bit 1
True label 1 Full 1 4Bit 0 5Bit 1 6Bit 1
True label 0 Full 0 4Bit 0 5Bit 0 6Bit 0
True label 1 Full 1 4Bit 0 5Bit 0 6Bit 1
True label 1 Full 1 4Bit 0 5Bit 1 6Bit 1
True label 0 Full 0 4Bit 0 5Bit 0 6Bit 0
True label 1 Full 1 4Bit 0 5Bit 1 6Bit 1
True label 0 Full 0 4Bit 0 5Bit 0 6Bit 0
True label 1 Full 1 4Bit 1 5Bit 1 6Bit 1
True label 0 Full 0 4Bit 0 5Bit 0 6Bit 0
True label 1 Full 1 4Bit 0 5Bit 1 6Bit 1
True label 0 Full 0 4Bit 0 5Bit 0 6Bit 0
True label 0 Full 1 4Bit 0 5Bit 1 6Bit 1
True label 1 Full 1 4Bit 0 5Bit 1 6Bit 1
True label 1 Full 1 4Bit 0 5Bit 1 6Bit 1
True label 1 Full 1 4Bit 0 5Bit 1 6Bit 1
True label 0 Full 1 4Bit 0 5Bit 1 6Bit 1
True label 0 Full 1 4Bit 0 5Bit 1 6Bit 0
True label 1 Full 0 4Bit 0 5Bit 0 6Bit 0
True label 1 Full 1 4Bit 0 5Bit 0 6Bit 1
True label 0 Full 0 4Bit 0 5Bit 0 6Bit 1
True label 1 Full 1 4Bit 0 5Bit 1 6Bit 1
True label 1 Full 1 4Bit 0 5Bit 0 6Bit 1
True label 1 Full 1 4Bit 0 5Bit 1 6Bit 1
True label 0 Full 0 4Bit 0 5Bit 0 6Bit 0
True label 0 Full 0 4Bit 1 5Bit 0 6Bit 0
True label 1 Full 1 4Bit 0 5Bit 1 6Bit 1
True label 1 Full 1 4Bit 1 5Bit 1 6Bit 1
True label 0 Full 0 4Bit 0 5Bit 0 6Bit 0
True label 1 Full 1 4Bit 0 5Bit 0 6Bit 1
True label 1 Full 1 4Bit 0 5Bit 0 6Bit 1
True label 1 Full 1 4Bit 0 5Bit 1 6Bit 0
True label 1 Full 1 4Bit 0 5Bit 0 6Bit 1
True label 1 Full 1 4Bit 0 5Bit 1 6Bit 1
True label 1 Full 1 4Bit 0 5Bit 0 6Bit 1
True label 0 Full 0 4Bit 0 5Bit 1 6Bit 0
True label 1 Full 1 4Bit 0 5Bit 0 6Bit 1
True label 0 Full 0 4Bit 0 5Bit 0 6Bit 0
True label 1 Full 1 4Bit 0 5Bit 0 6Bit 1
True label 1 Full 1 4Bit 1 5Bit 1 6Bit 1
True label 0 Full 0 4Bit 0 5Bit 0 6Bit 0
True label 1 Full 1 4Bit 0 5Bit 1 6Bit 1
True label 1 Full 1 4Bit 0 5Bit 1 6Bit 1
True label 1 Full 1 4Bit 0 5Bit 1 6Bit 1
True label 1 Full 1 4Bit 0 5Bit 0 6Bit 1
True label 0 Full 0 4Bit 0 5Bit 0 6Bit 0
True label 1 Full 1 4Bit 1 5Bit 0 6Bit 1
True label 1 Full 0 4Bit 0 5Bit 0 6Bit 0
True label 1 Full 1 4Bit 0 5Bit 1 6Bit 1
True label 1 Full 1 4Bit 1 5Bit 0 6Bit 1
True label 0 Full 0 4Bit 0 5Bit 0 6Bit 0
True label 0 Full 0 4Bit 0 5Bit 0 6Bit 0
True label 0 Full 0 4Bit 0 5Bit 0 6Bit 0
True label 1 Full 1 4Bit 0 5Bit 1 6Bit 1
True label 1 Full 1 4Bit 0 5Bit 1 6Bit 1
True label 0 Full 0 4Bit 0 5Bit 0 6Bit 0
True label 1 Full 0 4Bit 1 5Bit 0 6Bit 1
True label 1 Full 1 4Bit 0 5Bit 1 6Bit 1
True label 0 Full 0 4Bit 0 5Bit 0 6Bit 0
True label 0 Full 0 4Bit 0 5Bit 0 6Bit 0
True label 1 Full 1 4Bit 0 5Bit 1 6Bit 1
True label 0 Full 0 4Bit 0 5Bit 0 6Bit 0
True label 1 Full 1 4Bit 0 5Bit 0 6Bit 1
True label 1 Full 1 4Bit 0 5Bit 1 6Bit 1
True label 1 Full 1 4Bit 1 5Bit 1 6Bit 1
True label 0 Full 1 4Bit 1 5Bit 0 6Bit 1
True label 0 Full 0 4Bit 0 5Bit 0 6Bit 0
True label 0 Full 0 4Bit 0 5Bit 0 6Bit 0
True label 0 Full 0 4Bit 0 5Bit 0 6Bit 0
True label 1 Full 1 4Bit 1 5Bit 1 6Bit 1
True label 0 Full 0 4Bit 0 5Bit 0 6Bit 0
True label 1 Full 1 4Bit 0 5Bit 0 6Bit 1
True label 1 Full 1 4Bit 1 5Bit 1 6Bit 1
True label 1 Full 1 4Bit 0 5Bit 1 6Bit 0
True label 1 Full 1 4Bit 0 5Bit 0 6Bit 1
True label 0 Full 1 4Bit 0 5Bit 0 6Bit 1
True label 0 Full 0 4Bit 0 5Bit 0 6Bit 0
True label 1 Full 1 4Bit 0 5Bit 1 6Bit 1
True label 0 Full 0 4Bit 0 5Bit 0 6Bit 0
True label 1 Full 1 4Bit 0 5Bit 1 6Bit 1
True label 0 Full 0 4Bit 0 5Bit 0 6Bit 0
True label 0 Full 0 4Bit 0 5Bit 0 6Bit 0
True label 0 Full 0 4Bit 0 5Bit 0 6Bit 0
True label 1 Full 0 4Bit 0 5Bit 0 6Bit 0
True label 0 Full 0 4Bit 0 5Bit 0 6Bit 1
True label 1 Full 1 4Bit 0 5Bit 1 6Bit 1
True label 1 Full 1 4Bit 1 5Bit 0 6Bit 1
True label 1 Full 1 4Bit 0 5Bit 1 6Bit 1
True label 1 Full 1 4Bit 1 5Bit 1 6Bit 1
True label 1 Full 1 4Bit 0 5Bit 1 6Bit 1
True label 0 Full 0 4Bit 0 5Bit 1 6Bit 0
True label 0 Full 1 4Bit 0 5Bit 0 6Bit 1
True label 1 Full 1 4Bit 0 5Bit 1 6Bit 1
True label 0 Full 0 4Bit 0 5Bit 0 6Bit 0
True label 1 Full 1 4Bit 0 5Bit 0 6Bit 1
True label 1 Full 1 4Bit 0 5Bit 0 6Bit 1
True label 0 Full 0 4Bit 0 5Bit 0 6Bit 0
True label 0 Full 1 4Bit 0 5Bit 0 6Bit 1
True label 1 Full 1 4Bit 0 5Bit 1 6Bit 1
True label 0 Full 1 4Bit 0 5Bit 0 6Bit 1
True label 1 Full 1 4Bit 0 5Bit 1 6Bit 1
True label 1 Full 1 4Bit 0 5Bit 1 6Bit 1
True label 0 Full 0 4Bit 1 5Bit 0 6Bit 0
True label 1 Full 1 4Bit 0 5Bit 1 6Bit 1
True label 0 Full 0 4Bit 0 5Bit 0 6Bit 0
True label 1 Full 1 4Bit 0 5Bit 1 6Bit 1
True label 0 Full 0 4Bit 0 5Bit 0 6Bit 0
True label 1 Full 1 4Bit 0 5Bit 1 6Bit 1
True label 0 Full 0 4Bit 0 5Bit 0 6Bit 0
True label 1 Full 1 4Bit 0 5Bit 1 6Bit 1
True label 0 Full 0 4Bit 0 5Bit 0 6Bit 0
True label 0 Full 0 4Bit 0 5Bit 0 6Bit 0
True label 1 Full 1 4Bit 1 5Bit 1 6Bit 1
True label 1 Full 1 4Bit 0 5Bit 1 6Bit 1
True label 0 Full 0 4Bit 0 5Bit 0 6Bit 0
True label 1 Full 1 4Bit 0 5Bit 0 6Bit 0
True label 0 Full 0 4Bit 0 5Bit 0 6Bit 0
True label 1 Full 1 4Bit 0 5Bit 1 6Bit 1
True label 0 Full 0 4Bit 0 5Bit 0 6Bit 0
True label 1 Full 1 4Bit 0 5Bit 0 6Bit 1
True label 1 Full 1 4Bit 0 5Bit 1 6Bit 1
True label 0 Full 0 4Bit 0 5Bit 0 6Bit 0
True label 1 Full 1 4Bit 0 5Bit 0 6Bit 1
True label 0 Full 0 4Bit 1 5Bit 0 6Bit 0
True label 0 Full 0 4Bit 0 5Bit 0 6Bit 0
True label 0 Full 0 4Bit 0 5Bit 0 6Bit 0
True label 0 Full 1 4Bit 0 5Bit 1 6Bit 1
True label 1 Full 1 4Bit 0 5Bit 1 6Bit 1
True label 0 Full 0 4Bit 0 5Bit 0 6Bit 0
True label 0 Full 0 4Bit 0 5Bit 0 6Bit 0
True label 0 Full 0 4Bit 0 5Bit 0 6Bit 0
True label 0 Full 0 4Bit 0 5Bit 0 6Bit 0
True label 1 Full 1 4Bit 0 5Bit 1 6Bit 1
True label 1 Full 1 4Bit 0 5Bit 0 6Bit 1
True label 1 Full 1 4Bit 0 5Bit 1 6Bit 1
True label 0 Full 0 4Bit 0 5Bit 0 6Bit 0
True label 1 Full 1 4Bit 0 5Bit 1 6Bit 1
True label 1 Full 1 4Bit 1 5Bit 1 6Bit 1
True label 1 Full 1 4Bit 0 5Bit 0 6Bit 1
True label 1 Full 1 4Bit 0 5Bit 0 6Bit 1
True label 1 Full 1 4Bit 0 5Bit 1 6Bit 1
True label 1 Full 1 4Bit 0 5Bit 0 6Bit 1
True label 0 Full 1 4Bit 0 5Bit 1 6Bit 1
True label 1 Full 0 4Bit 0 5Bit 1 6Bit 0
True label 1 Full 1 4Bit 0 5Bit 0 6Bit 1
True label 1 Full 1 4Bit 0 5Bit 1 6Bit 1
True label 1 Full 1 4Bit 0 5Bit 1 6Bit 1
True label 0 Full 0 4Bit 0 5Bit 0 6Bit 0
True label 1 Full 1 4Bit 0 5Bit 0 6Bit 1
True label 1 Full 0 4Bit 0 5Bit 0 6Bit 0
True label 1 Full 1 4Bit 0 5Bit 1 6Bit 1
True label 0 Full 0 4Bit 0 5Bit 0 6Bit 0
True label 1 Full 1 4Bit 0 5Bit 0 6Bit 1
True label 1 Full 1 4Bit 0 5Bit 1 6Bit 1
True label 1 Full 1 4Bit 0 5Bit 1 6Bit 1
True label 1 Full 1 4Bit 0 5Bit 1 6Bit 1
True label 1 Full 1 4Bit 0 5Bit 1 6Bit 1
True label 1 Full 1 4Bit 0 5Bit 1 6Bit 1
True label 0 Full 0 4Bit 0 5Bit 0 6Bit 0
True label 0 Full 0 4Bit 0 5Bit 0 6Bit 0
True label 0 Full 0 4Bit 0 5Bit 0 6Bit 0
True label 1 Full 1 4Bit 0 5Bit 1 6Bit 1
True label 1 Full 1 4Bit 0 5Bit 1 6Bit 1
True label 1 Full 1 4Bit 0 5Bit 1 6Bit 1
True label 1 Full 1 4Bit 0 5Bit 1 6Bit 1
True label 1 Full 1 4Bit 0 5Bit 0 6Bit 1
True label 1 Full 1 4Bit 0 5Bit 1 6Bit 1
True label 0 Full 0 4Bit 0 5Bit 0 6Bit 0
True label 0 Full 0 4Bit 0 5Bit 0 6Bit 0
True label 1 Full 1 4Bit 0 5Bit 1 6Bit 1
True label 1 Full 0 4Bit 0 5Bit 0 6Bit 0
True label 0 Full 0 4Bit 0 5Bit 0 6Bit 0
True label 0 Full 0 4Bit 0 5Bit 0 6Bit 0
True label 0 Full 0 4Bit 0 5Bit 0 6Bit 0
True label 1 Full 1 4Bit 0 5Bit 1 6Bit 1
True label 0 Full 1 4Bit 0 5Bit 0 6Bit 1
True label 1 Full 1 4Bit 0 5Bit 0 6Bit 1
True label 1 Full 1 4Bit 0 5Bit 1 6Bit 1
True label 1 Full 0 4Bit 0 5Bit 1 6Bit 0
True label 0 Full 0 4Bit 0 5Bit 0 6Bit 0
True label 1 Full 1 4Bit 0 5Bit 1 6Bit 1
True label 0 Full 0 4Bit 0 5Bit 1 6Bit 0
True label 0 Full 0 4Bit 0 5Bit 0 6Bit 0
True label 0 Full 0 4Bit 0 5Bit 0 6Bit 0
True label 1 Full 1 4Bit 0 5Bit 1 6Bit 1
True label 1 Full 1 4Bit 0 5Bit 1 6Bit 1
True label 1 Full 1 4Bit 0 5Bit 1 6Bit 1
True label 1 Full 1 4Bit 0 5Bit 1 6Bit 1
True label 1 Full 1 4Bit 0 5Bit 1 6Bit 1
True label 0 Full 0 4Bit 0 5Bit 0 6Bit 0
True label 0 Full 0 4Bit 0 5Bit 0 6Bit 0
True label 0 Full 0 4Bit 0 5Bit 0 6Bit 0
True label 1 Full 1 4Bit 0 5Bit 1 6Bit 1
True label 1 Full 1 4Bit 1 5Bit 1 6Bit 1
True label 0 Full 0 4Bit 0 5Bit 1 6Bit 0
True label 1 Full 1 4Bit 1 5Bit 0 6Bit 1
True label 1 Full 1 4Bit 0 5Bit 1 6Bit 1
True label 0 Full 0 4Bit 0 5Bit 0 6Bit 0
True label 1 Full 1 4Bit 0 5Bit 1 6Bit 1
True label 0 Full 0 4Bit 0 5Bit 0 6Bit 0
True label 0 Full 1 4Bit 0 5Bit 1 6Bit 0
True label 1 Full 1 4Bit 0 5Bit 1 6Bit 1
True label 1 Full 1 4Bit 0 5Bit 0 6Bit 1
True label 1 Full 1 4Bit 0 5Bit 1 6Bit 1
True label 0 Full 0 4Bit 1 5Bit 0 6Bit 0
True label 0 Full 0 4Bit 0 5Bit 0 6Bit 0
True label 0 Full 0 4Bit 0 5Bit 0 6Bit 0
True label 0 Full 0 4Bit 1 5Bit 0 6Bit 0
True label 1 Full 1 4Bit 0 5Bit 1 6Bit 1
True label 0 Full 0 4Bit 0 5Bit 0 6Bit 0
True label 0 Full 0 4Bit 0 5Bit 1 6Bit 0
True label 0 Full 0 4Bit 0 5Bit 0 6Bit 0
True label 1 Full 1 4Bit 0 5Bit 1 6Bit 1
True label 0 Full 1 4Bit 1 5Bit 0 6Bit 1
True label 0 Full 1 4Bit 0 5Bit 0 6Bit 1
True label 0 Full 0 4Bit 0 5Bit 0 6Bit 0
True label 0 Full 0 4Bit 0 5Bit 0 6Bit 0
True label 0 Full 0 4Bit 0 5Bit 0 6Bit 0
True label 0 Full 0 4Bit 0 5Bit 0 6Bit 0
True label 0 Full 0 4Bit 0 5Bit 0 6Bit 0
True label 1 Full 1 4Bit 0 5Bit 1 6Bit 1
True label 0 Full 1 4Bit 0 5Bit 0 6Bit 1
True label 0 Full 0 4Bit 0 5Bit 0 6Bit 0
True label 1 Full 1 4Bit 0 5Bit 0 6Bit 1
True label 0 Full 0 4Bit 0 5Bit 0 6Bit 0
True label 0 Full 0 4Bit 0 5Bit 0 6Bit 0
True label 1 Full 1 4Bit 1 5Bit 1 6Bit 1
True label 1 Full 1 4Bit 0 5Bit 1 6Bit 1
True label 1 Full 1 4Bit 0 5Bit 0 6Bit 0
True label 0 Full 0 4Bit 0 5Bit 0 6Bit 0
True label 0 Full 0 4Bit 0 5Bit 0 6Bit 0
True label 1 Full 1 4Bit 0 5Bit 1 6Bit 1
True label 0 Full 0 4Bit 0 5Bit 0 6Bit 0
True label 1 Full 1 4Bit 0 5Bit 0 6Bit 1
True label 1 Full 1 4Bit 0 5Bit 1 6Bit 1
True label 0 Full 0 4Bit 0 5Bit 0 6Bit 0
True label 1 Full 1 4Bit 0 5Bit 1 6Bit 1
True label 1 Full 1 4Bit 1 5Bit 1 6Bit 1
True label 0 Full 0 4Bit 0 5Bit 0 6Bit 0
True label 1 Full 1 4Bit 0 5Bit 0 6Bit 1
True label 1 Full 1 4Bit 0 5Bit 1 6Bit 1
True label 0 Full 0 4Bit 0 5Bit 0 6Bit 1
True label 0 Full 0 4Bit 0 5Bit 0 6Bit 0
True label 1 Full 1 4Bit 0 5Bit 1 6Bit 1
True label 1 Full 0 4Bit 0 5Bit 0 6Bit 0
True label 1 Full 0 4Bit 0 5Bit 0 6Bit 0
True label 1 Full 1 4Bit 0 5Bit 0 6Bit 1
True label 0 Full 0 4Bit 0 5Bit 0 6Bit 0
True label 0 Full 0 4Bit 1 5Bit 0 6Bit 0
True label 1 Full 1 4Bit 0 5Bit 1 6Bit 1
True label 0 Full 1 4Bit 0 5Bit 0 6Bit 1
True label 0 Full 0 4Bit 0 5Bit 0 6Bit 1
True label 1 Full 1 4Bit 0 5Bit 1 6Bit 1
True label 0 Full 1 4Bit 0 5Bit 0 6Bit 1
True label 0 Full 0 4Bit 0 5Bit 0 6Bit 0
True label 1 Full 1 4Bit 0 5Bit 1 6Bit 1
True label 0 Full 0 4Bit 0 5Bit 0 6Bit 0
True label 1 Full 1 4Bit 0 5Bit 1 6Bit 1
True label 0 Full 0 4Bit 0 5Bit 0 6Bit 0
True label 1 Full 1 4Bit 0 5Bit 1 6Bit 1
True label 1 Full 1 4Bit 0 5Bit 0 6Bit 1
True label 1 Full 1 4Bit 0 5Bit 1 6Bit 1
True label 1 Full 0 4Bit 0 5Bit 0 6Bit 1
True label 1 Full 1 4Bit 0 5Bit 1 6Bit 1
True label 0 Full 0 4Bit 0 5Bit 0 6Bit 0
True label 1 Full 1 4Bit 0 5Bit 1 6Bit 1
True label 0 Full 0 4Bit 0 5Bit 0 6Bit 0
True label 1 Full 1 4Bit 0 5Bit 0 6Bit 1
True label 0 Full 0 4Bit 0 5Bit 0 6Bit 0
True label 0 Full 0 4Bit 0 5Bit 0 6Bit 0
True label 0 Full 0 4Bit 0 5Bit 0 6Bit 0
True label 1 Full 1 4Bit 0 5Bit 1 6Bit 1
True label 1 Full 1 4Bit 0 5Bit 1 6Bit 1
True label 1 Full 1 4Bit 0 5Bit 1 6Bit 1
True label 0 Full 0 4Bit 1 5Bit 0 6Bit 0
True label 0 Full 1 4Bit 1 5Bit 0 6Bit 1
True label 0 Full 0 4Bit 0 5Bit 0 6Bit 0
True label 0 Full 0 4Bit 0 5Bit 0 6Bit 0
True label 1 Full 1 4Bit 0 5Bit 1 6Bit 1
True label 1 Full 1 4Bit 0 5Bit 0 6Bit 1
True label 0 Full 0 4Bit 0 5Bit 0 6Bit 0
True label 1 Full 1 4Bit 1 5Bit 1 6Bit 1
True label 0 Full 0 4Bit 0 5Bit 0 6Bit 0
True label 0 Full 0 4Bit 0 5Bit 0 6Bit 0
True label 1 Full 1 4Bit 0 5Bit 1 6Bit 1
True label 1 Full 1 4Bit 1 5Bit 0 6Bit 1
True label 0 Full 0 4Bit 0 5Bit 0 6Bit 0
True label 1 Full 1 4Bit 0 5Bit 0 6Bit 1
True label 0 Full 0 4Bit 0 5Bit 0 6Bit 0
True label 1 Full 1 4Bit 0 5Bit 0 6Bit 1
True label 0 Full 0 4Bit 0 5Bit 0 6Bit 0
True label 1 Full 1 4Bit 0 5Bit 1 6Bit 1
True label 1 Full 1 4Bit 0 5Bit 1 6Bit 1
True label 1 Full 1 4Bit 0 5Bit 1 6Bit 1
True label 1 Full 0 4Bit 0 5Bit 0 6Bit 0
True label 0 Full 0 4Bit 0 5Bit 0 6Bit 0
True label 0 Full 0 4Bit 0 5Bit 0 6Bit 0
True label 0 Full 0 4Bit 0 5Bit 0 6Bit 0
True label 0 Full 1 4Bit 0 5Bit 1 6Bit 1
True label 1 Full 1 4Bit 0 5Bit 1 6Bit 1
True label 1 Full 1 4Bit 0 5Bit 0 6Bit 1
True label 1 Full 1 4Bit 0 5Bit 1 6Bit 1
True label 1 Full 1 4Bit 0 5Bit 1 6Bit 1
True label 1 Full 1 4Bit 0 5Bit 0 6Bit 1
True label 0 Full 1 4Bit 0 5Bit 1 6Bit 0
True label 1 Full 1 4Bit 0 5Bit 0 6Bit 1
True label 1 Full 1 4Bit 0 5Bit 1 6Bit 1
True label 1 Full 1 4Bit 0 5Bit 1 6Bit 1
True label 0 Full 0 4Bit 0 5Bit 0 6Bit 1
True label 1 Full 1 4Bit 0 5Bit 1 6Bit 1
True label 1 Full 1 4Bit 0 5Bit 1 6Bit 1
True label 1 Full 1 4Bit 1 5Bit 0 6Bit 0
True label 0 Full 0 4Bit 0 5Bit 0 6Bit 0
True label 1 Full 1 4Bit 0 5Bit 1 6Bit 1
True label 0 Full 0 4Bit 0 5Bit 0 6Bit 0
True label 1 Full 0 4Bit 0 5Bit 0 6Bit 0
True label 0 Full 0 4Bit 0 5Bit 0 6Bit 0
True label 0 Full 0 4Bit 0 5Bit 0 6Bit 0
True label 1 Full 0 4Bit 0 5Bit 0 6Bit 0
True label 1 Full 1 4Bit 1 5Bit 1 6Bit 1
True label 1 Full 1 4Bit 0 5Bit 1 6Bit 1
True label 1 Full 1 4Bit 0 5Bit 0 6Bit 1
True label 1 Full 1 4Bit 0 5Bit 1 6Bit 1
True label 0 Full 0 4Bit 0 5Bit 0 6Bit 0
True label 1 Full 1 4Bit 0 5Bit 1 6Bit 1
True label 0 Full 0 4Bit 0 5Bit 0 6Bit 0
True label 0 Full 0 4Bit 0 5Bit 0 6Bit 1
True label 1 Full 1 4Bit 0 5Bit 0 6Bit 1
True label 1 Full 1 4Bit 1 5Bit 1 6Bit 1
True label 1 Full 1 4Bit 1 5Bit 1 6Bit 1
True label 0 Full 0 4Bit 0 5Bit 0 6Bit 0
True label 0 Full 0 4Bit 0 5Bit 0 6Bit 0
True label 0 Full 0 4Bit 0 5Bit 0 6Bit 0
True label 1 Full 1 4Bit 0 5Bit 1 6Bit 1
True label 1 Full 1 4Bit 1 5Bit 1 6Bit 1
True label 1 Full 1 4Bit 0 5Bit 0 6Bit 1
True label 0 Full 0 4Bit 0 5Bit 0 6Bit 0
True label 0 Full 0 4Bit 0 5Bit 0 6Bit 0
True label 0 Full 0 4Bit 0 5Bit 0 6Bit 0
True label 1 Full 1 4Bit 0 5Bit 1 6Bit 1
True label 1 Full 1 4Bit 0 5Bit 1 6Bit 1
True label 0 Full 0 4Bit 0 5Bit 0 6Bit 0
True label 1 Full 1 4Bit 0 5Bit 1 6Bit 1
True label 1 Full 1 4Bit 0 5Bit 1 6Bit 1
True label 1 Full 1 4Bit 0 5Bit 1 6Bit 1
True label 0 Full 0 4Bit 1 5Bit 0 6Bit 0
True label 1 Full 1 4Bit 0 5Bit 0 6Bit 1
True label 1 Full 0 4Bit 0 5Bit 0 6Bit 0
True label 0 Full 0 4Bit 0 5Bit 0 6Bit 0
True label 1 Full 0 4Bit 0 5Bit 0 6Bit 1
True label 1 Full 1 4Bit 0 5Bit 0 6Bit 1
True label 1 Full 1 4Bit 0 5Bit 0 6Bit 1
True label 0 Full 0 4Bit 1 5Bit 0 6Bit 0
True label 1 Full 1 4Bit 0 5Bit 0 6Bit 1
True label 1 Full 1 4Bit 0 5Bit 1 6Bit 1
True label 0 Full 0 4Bit 0 5Bit 0 6Bit 0
True label 1 Full 1 4Bit 0 5Bit 1 6Bit 1
True label 0 Full 0 4Bit 0 5Bit 0 6Bit 0
True label 0 Full 0 4Bit 0 5Bit 0 6Bit 0
True label 0 Full 0 4Bit 0 5Bit 0 6Bit 0
True label 1 Full 1 4Bit 0 5Bit 1 6Bit 1
True label 1 Full 1 4Bit 0 5Bit 1 6Bit 1
True label 0 Full 1 4Bit 0 5Bit 0 6Bit 1
True label 0 Full 0 4Bit 0 5Bit 0 6Bit 0
True label 0 Full 0 4Bit 0 5Bit 0 6Bit 0
True label 1 Full 1 4Bit 0 5Bit 1 6Bit 1
True label 0 Full 0 4Bit 0 5Bit 0 6Bit 0
True label 0 Full 0 4Bit 0 5Bit 0 6Bit 0
True label 1 Full 1 4Bit 1 5Bit 1 6Bit 1
True label 0 Full 0 4Bit 0 5Bit 0 6Bit 0
True label 0 Full 1 4Bit 0 5Bit 1 6Bit 1
True label 0 Full 0 4Bit 0 5Bit 0 6Bit 0
True label 0 Full 0 4Bit 0 5Bit 0 6Bit 0
True label 0 Full 0 4Bit 0 5Bit 0 6Bit 0
True label 0 Full 0 4Bit 0 5Bit 0 6Bit 0
True label 1 Full 1 4Bit 0 5Bit 0 6Bit 1
True label 0 Full 0 4Bit 0 5Bit 0 6Bit 1
True label 0 Full 0 4Bit 0 5Bit 0 6Bit 0
True label 1 Full 1 4Bit 0 5Bit 1 6Bit 1
True label 0 Full 0 4Bit 0 5Bit 0 6Bit 0
True label 0 Full 0 4Bit 0 5Bit 0 6Bit 0
True label 1 Full 1 4Bit 0 5Bit 0 6Bit 1
True label 1 Full 1 4Bit 0 5Bit 1 6Bit 1
True label 1 Full 1 4Bit 1 5Bit 0 6Bit 1
True label 0 Full 0 4Bit 0 5Bit 0 6Bit 0
True label 0 Full 1 4Bit 0 5Bit 0 6Bit 1
True label 0 Full 0 4Bit 0 5Bit 0 6Bit 0
True label 1 Full 1 4Bit 0 5Bit 1 6Bit 0
True label 0 Full 0 4Bit 0 5Bit 0 6Bit 0
True label 0 Full 0 4Bit 0 5Bit 0 6Bit 0
True label 0 Full 1 4Bit 0 5Bit 0 6Bit 1
True label 0 Full 0 4Bit 0 5Bit 0 6Bit 0
True label 1 Full 1 4Bit 1 5Bit 1 6Bit 1
True label 1 Full 1 4Bit 0 5Bit 1 6Bit 1
True label 1 Full 0 4Bit 0 5Bit 0 6Bit 0
True label 0 Full 1 4Bit 0 5Bit 1 6Bit 1
True label 0 Full 0 4Bit 0 5Bit 0 6Bit 0
True label 0 Full 0 4Bit 0 5Bit 0 6Bit 0
True label 1 Full 1 4Bit 0 5Bit 1 6Bit 1
True label 0 Full 0 4Bit 0 5Bit 0 6Bit 0
True label 1 Full 1 4Bit 0 5Bit 1 6Bit 1
True label 0 Full 0 4Bit 0 5Bit 0 6Bit 0
True label 1 Full 1 4Bit 0 5Bit 1 6Bit 1
True label 0 Full 0 4Bit 0 5Bit 0 6Bit 0
True label 0 Full 0 4Bit 0 5Bit 0 6Bit 0
True label 1 Full 1 4Bit 0 5Bit 1 6Bit 1
True label 1 Full 0 4Bit 0 5Bit 0 6Bit 0
True label 1 Full 1 4Bit 1 5Bit 1 6Bit 1
True label 0 Full 1 4Bit 0 5Bit 1 6Bit 1
True label 1 Full 1 4Bit 1 5Bit 1 6Bit 1
True label 0 Full 0 4Bit 1 5Bit 1 6Bit 0
True label 0 Full 0 4Bit 0 5Bit 0 6Bit 0
True label 0 Full 0 4Bit 0 5Bit 0 6Bit 0
True label 0 Full 0 4Bit 0 5Bit 0 6Bit 0
True label 1 Full 1 4Bit 0 5Bit 1 6Bit 1
True label 0 Full 1 4Bit 0 5Bit 0 6Bit 1
True label 0 Full 0 4Bit 1 5Bit 0 6Bit 0
True label 1 Full 1 4Bit 0 5Bit 1 6Bit 1
True label 0 Full 0 4Bit 0 5Bit 0 6Bit 0
True label 1 Full 1 4Bit 0 5Bit 1 6Bit 1
True label 1 Full 1 4Bit 0 5Bit 1 6Bit 1
True label 0 Full 0 4Bit 0 5Bit 0 6Bit 0
True label 0 Full 0 4Bit 0 5Bit 0 6Bit 0
True label 1 Full 1 4Bit 0 5Bit 0 6Bit 1
True label 1 Full 1 4Bit 0 5Bit 1 6Bit 1
True label 1 Full 1 4Bit 0 5Bit 1 6Bit 1
True label 0 Full 0 4Bit 0 5Bit 0 6Bit 0
True label 1 Full 1 4Bit 0 5Bit 1 6Bit 1
True label 0 Full 0 4Bit 0 5Bit 0 6Bit 0
True label 1 Full 1 4Bit 0 5Bit 1 6Bit 1
True label 0 Full 0 4Bit 0 5Bit 0 6Bit 0
True label 1 Full 1 4Bit 0 5Bit 1 6Bit 1
True label 1 Full 1 4Bit 0 5Bit 0 6Bit 1
True label 1 Full 1 4Bit 1 5Bit 1 6Bit 1
True label 0 Full 1 4Bit 0 5Bit 0 6Bit 1
True label 0 Full 0 4Bit 0 5Bit 0 6Bit 0
True label 1 Full 1 4Bit 0 5Bit 1 6Bit 1
True label 1 Full 1 4Bit 0 5Bit 1 6Bit 1
True label 0 Full 0 4Bit 0 5Bit 0 6Bit 0
True label 0 Full 0 4Bit 0 5Bit 0 6Bit 0
True label 0 Full 0 4Bit 0 5Bit 0 6Bit 0
True label 1 Full 1 4Bit 0 5Bit 0 6Bit 1
True label 1 Full 1 4Bit 0 5Bit 1 6Bit 1
True label 0 Full 0 4Bit 0 5Bit 0 6Bit 0
True label 0 Full 0 4Bit 0 5Bit 0 6Bit 0
True label 0 Full 0 4Bit 0 5Bit 0 6Bit 0
True label 0 Full 0 4Bit 0 5Bit 0 6Bit 0
True label 1 Full 1 4Bit 0 5Bit 0 6Bit 1
True label 0 Full 0 4Bit 0 5Bit 1 6Bit 1
True label 1 Full 1 4Bit 1 5Bit 1 6Bit 1
True label 0 Full 0 4Bit 0 5Bit 0 6Bit 0
True label 0 Full 0 4Bit 0 5Bit 0 6Bit 0
True label 0 Full 0 4Bit 0 5Bit 0 6Bit 0
True label 1 Full 1 4Bit 0 5Bit 1 6Bit 1
True label 0 Full 0 4Bit 0 5Bit 0 6Bit 0
True label 1 Full 1 4Bit 0 5Bit 1 6Bit 1
True label 0 Full 0 4Bit 0 5Bit 0 6Bit 0
True label 1 Full 1 4Bit 0 5Bit 1 6Bit 1
True label 1 Full 0 4Bit 0 5Bit 1 6Bit 0
True label 1 Full 1 4Bit 1 5Bit 1 6Bit 1
True label 1 Full 1 4Bit 0 5Bit 1 6Bit 1
True label 0 Full 0 4Bit 0 5Bit 0 6Bit 0
True label 1 Full 1 4Bit 0 5Bit 1 6Bit 1
True label 1 Full 1 4Bit 0 5Bit 1 6Bit 1
True label 0 Full 0 4Bit 0 5Bit 0 6Bit 0
True label 0 Full 0 4Bit 0 5Bit 1 6Bit 0
True label 0 Full 0 4Bit 0 5Bit 0 6Bit 0
True label 1 Full 1 4Bit 0 5Bit 1 6Bit 1
True label 0 Full 0 4Bit 0 5Bit 0 6Bit 0
True label 1 Full 1 4Bit 0 5Bit 1 6Bit 1
True label 1 Full 1 4Bit 0 5Bit 1 6Bit 1
True label 0 Full 0 4Bit 0 5Bit 0 6Bit 0
True label 0 Full 0 4Bit 0 5Bit 0 6Bit 0
True label 0 Full 0 4Bit 0 5Bit 0 6Bit 0
True label 0 Full 0 4Bit 0 5Bit 0 6Bit 0
True label 1 Full 0 4Bit 0 5Bit 0 6Bit 0
True label 1 Full 1 4Bit 0 5Bit 0 6Bit 1
True label 0 Full 0 4Bit 0 5Bit 0 6Bit 0
True label 1 Full 1 4Bit 1 5Bit 0 6Bit 1
True label 1 Full 1 4Bit 0 5Bit 0 6Bit 1
True label 1 Full 1 4Bit 0 5Bit 1 6Bit 1
True label 0 Full 0 4Bit 0 5Bit 0 6Bit 0
True label 0 Full 1 4Bit 1 5Bit 0 6Bit 1
True label 0 Full 0 4Bit 0 5Bit 1 6Bit 0
True label 1 Full 1 4Bit 0 5Bit 1 6Bit 1
True label 0 Full 0 4Bit 0 5Bit 0 6Bit 0
True label 0 Full 0 4Bit 0 5Bit 0 6Bit 0
True label 1 Full 1 4Bit 1 5Bit 0 6Bit 1
True label 0 Full 0 4Bit 0 5Bit 0 6Bit 0
True label 1 Full 1 4Bit 0 5Bit 1 6Bit 1
True label 1 Full 1 4Bit 0 5Bit 0 6Bit 1
True label 0 Full 0 4Bit 1 5Bit 0 6Bit 0
True label 1 Full 1 4Bit 1 5Bit 0 6Bit 1
True label 0 Full 0 4Bit 0 5Bit 0 6Bit 0
True label 0 Full 0 4Bit 0 5Bit 0 6Bit 0
True label 1 Full 1 4Bit 0 5Bit 1 6Bit 1
True label 1 Full 1 4Bit 0 5Bit 0 6Bit 1
True label 1 Full 1 4Bit 0 5Bit 1 6Bit 1
True label 1 Full 1 4Bit 0 5Bit 1 6Bit 1
True label 1 Full 1 4Bit 0 5Bit 1 6Bit 1
True label 0 Full 0 4Bit 0 5Bit 0 6Bit 0
True label 0 Full 0 4Bit 0 5Bit 0 6Bit 0
True label 1 Full 1 4Bit 0 5Bit 1 6Bit 1
True label 0 Full 0 4Bit 0 5Bit 0 6Bit 0
True label 0 Full 0 4Bit 0 5Bit 0 6Bit 0
True label 1 Full 1 4Bit 0 5Bit 1 6Bit 1
True label 0 Full 0 4Bit 0 5Bit 0 6Bit 0
True label 0 Full 0 4Bit 0 5Bit 0 6Bit 0
True label 1 Full 1 4Bit 1 5Bit 1 6Bit 1
True label 0 Full 0 4Bit 0 5Bit 0 6Bit 0
True label 1 Full 1 4Bit 0 5Bit 1 6Bit 1
True label 0 Full 1 4Bit 0 5Bit 1 6Bit 1
True label 1 Full 1 4Bit 0 5Bit 0 6Bit 1
True label 1 Full 1 4Bit 0 5Bit 1 6Bit 1
True label 1 Full 1 4Bit 0 5Bit 0 6Bit 1
True label 0 Full 1 4Bit 0 5Bit 0 6Bit 1
True label 1 Full 1 4Bit 1 5Bit 1 6Bit 1
True label 0 Full 1 4Bit 0 5Bit 0 6Bit 1
True label 1 Full 1 4Bit 0 5Bit 1 6Bit 1
True label 1 Full 1 4Bit 1 5Bit 1 6Bit 1
True label 0 Full 0 4Bit 0 5Bit 0 6Bit 0
True label 1 Full 1 4Bit 0 5Bit 0 6Bit 1
True label 1 Full 1 4Bit 0 5Bit 1 6Bit 1
True label 0 Full 0 4Bit 0 5Bit 0 6Bit 0
True label 0 Full 0 4Bit 0 5Bit 0 6Bit 0
True label 1 Full 1 4Bit 0 5Bit 0 6Bit 1
True label 1 Full 1 4Bit 0 5Bit 1 6Bit 1
True label 0 Full 1 4Bit 0 5Bit 0 6Bit 1
True label 0 Full 0 4Bit 0 5Bit 0 6Bit 0
True label 1 Full 1 4Bit 0 5Bit 0 6Bit 1
True label 0 Full 0 4Bit 0 5Bit 0 6Bit 0
True label 1 Full 1 4Bit 0 5Bit 0 6Bit 1
True label 1 Full 1 4Bit 1 5Bit 1 6Bit 1
True label 1 Full 1 4Bit 0 5Bit 1 6Bit 1
True label 0 Full 0 4Bit 1 5Bit 0 6Bit 0
True label 0 Full 0 4Bit 0 5Bit 0 6Bit 0
True label 0 Full 0 4Bit 0 5Bit 0 6Bit 0
True label 0 Full 0 4Bit 0 5Bit 0 6Bit 0
True label 0 Full 0 4Bit 0 5Bit 0 6Bit 0
True label 1 Full 1 4Bit 0 5Bit 1 6Bit 1
True label 0 Full 0 4Bit 0 5Bit 0 6Bit 0
True label 0 Full 0 4Bit 0 5Bit 0 6Bit 0
True label 0 Full 0 4Bit 0 5Bit 0 6Bit 0
True label 1 Full 1 4Bit 0 5Bit 1 6Bit 1
True label 0 Full 0 4Bit 0 5Bit 0 6Bit 0
True label 0 Full 0 4Bit 0 5Bit 0 6Bit 0
True label 1 Full 1 4Bit 0 5Bit 0 6Bit 1
True label 0 Full 0 4Bit 0 5Bit 0 6Bit 0
True label 1 Full 1 4Bit 0 5Bit 1 6Bit 1
True label 0 Full 0 4Bit 0 5Bit 0 6Bit 0
True label 1 Full 1 4Bit 0 5Bit 1 6Bit 1
True label 0 Full 0 4Bit 0 5Bit 0 6Bit 0
True label 1 Full 1 4Bit 0 5Bit 1 6Bit 1
True label 1 Full 1 4Bit 0 5Bit 1 6Bit 1
True label 0 Full 0 4Bit 0 5Bit 0 6Bit 0
True label 0 Full 0 4Bit 0 5Bit 0 6Bit 0
True label 0 Full 0 4Bit 0 5Bit 0 6Bit 0
True label 1 Full 1 4Bit 0 5Bit 1 6Bit 1
True label 0 Full 0 4Bit 0 5Bit 0 6Bit 0
True label 1 Full 0 4Bit 0 5Bit 0 6Bit 0
True label 0 Full 0 4Bit 0 5Bit 0 6Bit 0
True label 0 Full 0 4Bit 0 5Bit 0 6Bit 0
True label 0 Full 1 4Bit 0 5Bit 1 6Bit 1
True label 0 Full 0 4Bit 0 5Bit 0 6Bit 0
True label 0 Full 0 4Bit 0 5Bit 0 6Bit 0
True label 0 Full 0 4Bit 0 5Bit 1 6Bit 0
True label 0 Full 0 4Bit 0 5Bit 0 6Bit 0
True label 1 Full 1 4Bit 0 5Bit 1 6Bit 1
True label 1 Full 1 4Bit 0 5Bit 0 6Bit 1
True label 1 Full 1 4Bit 0 5Bit 1 6Bit 1
True label 1 Full 1 4Bit 0 5Bit 1 6Bit 1
True label 1 Full 1 4Bit 0 5Bit 0 6Bit 1
True label 1 Full 1 4Bit 1 5Bit 1 6Bit 1
True label 0 Full 0 4Bit 0 5Bit 0 6Bit 0
True label 0 Full 0 4Bit 0 5Bit 0 6Bit 0
True label 0 Full 0 4Bit 0 5Bit 0 6Bit 0
True label 1 Full 1 4Bit 1 5Bit 0 6Bit 1
True label 1 Full 1 4Bit 0 5Bit 0 6Bit 1
True label 0 Full 0 4Bit 0 5Bit 0 6Bit 0
True label 0 Full 0 4Bit 0 5Bit 0 6Bit 0
True label 1 Full 1 4Bit 0 5Bit 1 6Bit 1
True label 1 Full 1 4Bit 0 5Bit 1 6Bit 1
True label 1 Full 1 4Bit 0 5Bit 0 6Bit 1
True label 0 Full 0 4Bit 0 5Bit 0 6Bit 0
True label 0 Full 0 4Bit 0 5Bit 0 6Bit 0
True label 1 Full 1 4Bit 0 5Bit 1 6Bit 1
True label 0 Full 0 4Bit 0 5Bit 0 6Bit 0
True label 1 Full 1 4Bit 0 5Bit 1 6Bit 1
True label 0 Full 0 4Bit 0 5Bit 0 6Bit 0
True label 1 Full 1 4Bit 0 5Bit 1 6Bit 1
True label 0 Full 0 4Bit 0 5Bit 0 6Bit 0
True label 1 Full 1 4Bit 0 5Bit 1 6Bit 1
True label 1 Full 1 4Bit 0 5Bit 1 6Bit 1
True label 0 Full 0 4Bit 0 5Bit 0 6Bit 0
True label 0 Full 0 4Bit 1 5Bit 0 6Bit 0
True label 0 Full 0 4Bit 0 5Bit 0 6Bit 0
True label 0 Full 0 4Bit 0 5Bit 0 6Bit 0
True label 0 Full 0 4Bit 0 5Bit 1 6Bit 0
True label 1 Full 1 4Bit 1 5Bit 1 6Bit 1
True label 0 Full 0 4Bit 0 5Bit 0 6Bit 0
True label 0 Full 0 4Bit 0 5Bit 0 6Bit 0
True label 1 Full 1 4Bit 1 5Bit 1 6Bit 1
True label 0 Full 0 4Bit 0 5Bit 0 6Bit 0
True label 1 Full 1 4Bit 0 5Bit 0 6Bit 1
True label 0 Full 0 4Bit 0 5Bit 0 6Bit 0
True label 1 Full 1 4Bit 0 5Bit 1 6Bit 1
True label 1 Full 1 4Bit 0 5Bit 1 6Bit 1
True label 0 Full 0 4Bit 0 5Bit 0 6Bit 0
True label 0 Full 0 4Bit 0 5Bit 0 6Bit 0
True label 1 Full 1 4Bit 0 5Bit 1 6Bit 1
True label 1 Full 1 4Bit 0 5Bit 0 6Bit 1
True label 0 Full 0 4Bit 0 5Bit 0 6Bit 0
True label 0 Full 0 4Bit 0 5Bit 0 6Bit 0
True label 0 Full 0 4Bit 0 5Bit 0 6Bit 0
True label 1 Full 1 4Bit 0 5Bit 1 6Bit 1
True label 0 Full 0 4Bit 0 5Bit 0 6Bit 0
True label 1 Full 1 4Bit 0 5Bit 0 6Bit 1
True label 1 Full 1 4Bit 0 5Bit 1 6Bit 1
True label 1 Full 1 4Bit 0 5Bit 1 6Bit 1
True label 1 Full 1 4Bit 1 5Bit 0 6Bit 0
True label 1 Full 1 4Bit 1 5Bit 1 6Bit 1
True label 1 Full 1 4Bit 0 5Bit 1 6Bit 1
True label 1 Full 1 4Bit 0 5Bit 1 6Bit 1
True label 1 Full 1 4Bit 0 5Bit 1 6Bit 1
True label 0 Full 0 4Bit 0 5Bit 0 6Bit 0
True label 1 Full 1 4Bit 0 5Bit 1 6Bit 1
True label 1 Full 1 4Bit 1 5Bit 1 6Bit 1
True label 1 Full 1 4Bit 0 5Bit 1 6Bit 1
True label 0 Full 0 4Bit 0 5Bit 0 6Bit 0
True label 1 Full 1 4Bit 1 5Bit 1 6Bit 1
True label 0 Full 1 4Bit 0 5Bit 0 6Bit 1
True label 0 Full 0 4Bit 0 5Bit 0 6Bit 0
True label 1 Full 0 4Bit 0 5Bit 0 6Bit 0
True label 0 Full 0 4Bit 0 5Bit 0 6Bit 0
True label 1 Full 1 4Bit 1 5Bit 0 6Bit 0
True label 1 Full 1 4Bit 0 5Bit 1 6Bit 1
True label 1 Full 1 4Bit 0 5Bit 1 6Bit 1
True label 0 Full 0 4Bit 0 5Bit 0 6Bit 0
True label 0 Full 0 4Bit 0 5Bit 0 6Bit 0
True label 0 Full 0 4Bit 0 5Bit 0 6Bit 0
True label 1 Full 1 4Bit 0 5Bit 1 6Bit 1
True label 1 Full 0 4Bit 0 5Bit 1 6Bit 1
True label 1 Full 1 4Bit 0 5Bit 0 6Bit 1
True label 1 Full 1 4Bit 0 5Bit 1 6Bit 1
True label 0 Full 0 4Bit 0 5Bit 0 6Bit 0
True label 0 Full 0 4Bit 0 5Bit 0 6Bit 0
True label 1 Full 1 4Bit 0 5Bit 1 6Bit 1
True label 1 Full 1 4Bit 0 5Bit 0 6Bit 1
True label 1 Full 1 4Bit 0 5Bit 1 6Bit 1
True label 0 Full 1 4Bit 0 5Bit 1 6Bit 1
True label 0 Full 0 4Bit 0 5Bit 0 6Bit 0
True label 0 Full 0 4Bit 0 5Bit 0 6Bit 0
True label 0 Full 0 4Bit 0 5Bit 0 6Bit 0
True label 0 Full 0 4Bit 0 5Bit 0 6Bit 0
True label 0 Full 0 4Bit 0 5Bit 0 6Bit 0
True label 1 Full 1 4Bit 0 5Bit 1 6Bit 1
True label 1 Full 0 4Bit 0 5Bit 0 6Bit 0
True label 1 Full 1 4Bit 0 5Bit 0 6Bit 1
True label 1 Full 1 4Bit 0 5Bit 1 6Bit 1
True label 0 Full 0 4Bit 1 5Bit 0 6Bit 0
True label 1 Full 1 4Bit 0 5Bit 0 6Bit 1
True label 1 Full 1 4Bit 0 5Bit 1 6Bit 1
True label 0 Full 0 4Bit 0 5Bit 0 6Bit 0
True label 0 Full 0 4Bit 0 5Bit 0 6Bit 0
True label 1 Full 0 4Bit 0 5Bit 1 6Bit 1
True label 1 Full 1 4Bit 1 5Bit 1 6Bit 1
True label 1 Full 1 4Bit 0 5Bit 1 6Bit 1
True label 0 Full 0 4Bit 0 5Bit 0 6Bit 0
True label 1 Full 1 4Bit 0 5Bit 1 6Bit 1
True label 1 Full 1 4Bit 0 5Bit 0 6Bit 1
True label 0 Full 0 4Bit 0 5Bit 0 6Bit 0
True label 1 Full 1 4Bit 0 5Bit 0 6Bit 1
True label 1 Full 1 4Bit 0 5Bit 1 6Bit 1
True label 0 Full 0 4Bit 0 5Bit 0 6Bit 0
True label 1 Full 1 4Bit 0 5Bit 0 6Bit 1
True label 0 Full 0 4Bit 0 5Bit 0 6Bit 0
True label 0 Full 0 4Bit 0 5Bit 0 6Bit 0
True label 0 Full 0 4Bit 0 5Bit 0 6Bit 1
True label 0 Full 0 4Bit 0 5Bit 0 6Bit 0
True label 1 Full 1 4Bit 1 5Bit 0 6Bit 1
True label 0 Full 0 4Bit 0 5Bit 0 6Bit 0
True label 0 Full 0 4Bit 0 5Bit 0 6Bit 0
True label 1 Full 1 4Bit 0 5Bit 0 6Bit 1
True label 0 Full 0 4Bit 0 5Bit 1 6Bit 0
True label 1 Full 1 4Bit 0 5Bit 1 6Bit 1
True label 0 Full 0 4Bit 0 5Bit 0 6Bit 0
True label 0 Full 0 4Bit 0 5Bit 0 6Bit 0
True label 1 Full 1 4Bit 1 5Bit 1 6Bit 1
True label 1 Full 1 4Bit 0 5Bit 1 6Bit 1
True label 1 Full 1 4Bit 1 5Bit 0 6Bit 1
True label 1 Full 1 4Bit 0 5Bit 1 6Bit 1
True label 1 Full 1 4Bit 0 5Bit 1 6Bit 1
True label 1 Full 1 4Bit 1 5Bit 1 6Bit 1
True label 0 Full 1 4Bit 0 5Bit 1 6Bit 0
True label 1 Full 1 4Bit 0 5Bit 1 6Bit 1
True label 0 Full 0 4Bit 0 5Bit 1 6Bit 0
True label 1 Full 1 4Bit 0 5Bit 1 6Bit 1
True label 0 Full 0 4Bit 0 5Bit 0 6Bit 0
True label 1 Full 1 4Bit 1 5Bit 1 6Bit 1
True label 1 Full 1 4Bit 0 5Bit 1 6Bit 1
True label 1 Full 0 4Bit 0 5Bit 0 6Bit 0
True label 0 Full 0 4Bit 0 5Bit 0 6Bit 0
True label 1 Full 1 4Bit 0 5Bit 1 6Bit 1
True label 1 Full 1 4Bit 0 5Bit 1 6Bit 1
True label 0 Full 0 4Bit 0 5Bit 0 6Bit 0
True label 0 Full 0 4Bit 0 5Bit 0 6Bit 0
True label 0 Full 0 4Bit 0 5Bit 0 6Bit 0
True label 0 Full 0 4Bit 0 5Bit 0 6Bit 0
True label 0 Full 0 4Bit 0 5Bit 0 6Bit 0
True label 1 Full 1 4Bit 0 5Bit 1 6Bit 1
True label 0 Full 0 4Bit 0 5Bit 0 6Bit 0
True label 0 Full 0 4Bit 0 5Bit 0 6Bit 0
True label 1 Full 1 4Bit 0 5Bit 1 6Bit 1
True label 1 Full 1 4Bit 0 5Bit 1 6Bit 1
True label 1 Full 1 4Bit 1 5Bit 1 6Bit 1
True label 1 Full 1 4Bit 0 5Bit 0 6Bit 1
True label 1 Full 0 4Bit 0 5Bit 0 6Bit 0
True label 0 Full 0 4Bit 0 5Bit 0 6Bit 0
True label 1 Full 1 4Bit 0 5Bit 1 6Bit 1
True label 1 Full 1 4Bit 0 5Bit 1 6Bit 1
True label 1 Full 1 4Bit 0 5Bit 1 6Bit 1
True label 1 Full 1 4Bit 0 5Bit 1 6Bit 1
True label 0 Full 0 4Bit 0 5Bit 0 6Bit 0
True label 1 Full 1 4Bit 0 5Bit 0 6Bit 1
True label 1 Full 1 4Bit 0 5Bit 1 6Bit 1
True label 0 Full 0 4Bit 0 5Bit 0 6Bit 0
True label 1 Full 1 4Bit 0 5Bit 1 6Bit 1
True label 0 Full 0 4Bit 0 5Bit 0 6Bit 0
True label 1 Full 1 4Bit 0 5Bit 1 6Bit 1
True label 0 Full 0 4Bit 0 5Bit 0 6Bit 0
True label 0 Full 0 4Bit 0 5Bit 0 6Bit 1
True label 0 Full 0 4Bit 0 5Bit 0 6Bit 0
True label 0 Full 0 4Bit 0 5Bit 0 6Bit 0
True label 1 Full 1 4Bit 0 5Bit 1 6Bit 1
True label 0 Full 0 4Bit 0 5Bit 0 6Bit 0
True label 1 Full 1 4Bit 0 5Bit 0 6Bit 0
True label 1 Full 1 4Bit 1 5Bit 1 6Bit 1
True label 0 Full 1 4Bit 0 5Bit 0 6Bit 0
True label 0 Full 0 4Bit 0 5Bit 0 6Bit 0
True label 1 Full 1 4Bit 0 5Bit 0 6Bit 0
True label 0 Full 0 4Bit 0 5Bit 0 6Bit 0
True label 0 Full 0 4Bit 0 5Bit 1 6Bit 0
True label 1 Full 0 4Bit 0 5Bit 0 6Bit 0
True label 0 Full 0 4Bit 1 5Bit 0 6Bit 0
True label 0 Full 0 4Bit 0 5Bit 0 6Bit 0
True label 1 Full 1 4Bit 0 5Bit 0 6Bit 1
True label 1 Full 1 4Bit 0 5Bit 1 6Bit 1
True label 0 Full 0 4Bit 0 5Bit 0 6Bit 0
True label 1 Full 1 4Bit 0 5Bit 0 6Bit 1
True label 1 Full 1 4Bit 0 5Bit 0 6Bit 1
True label 0 Full 0 4Bit 0 5Bit 0 6Bit 0
True label 1 Full 1 4Bit 0 5Bit 1 6Bit 1
True label 0 Full 0 4Bit 0 5Bit 0 6Bit 0
True label 1 Full 0 4Bit 0 5Bit 0 6Bit 1
True label 0 Full 0 4Bit 0 5Bit 0 6Bit 0
True label 0 Full 0 4Bit 0 5Bit 0 6Bit 0
True label 0 Full 0 4Bit 0 5Bit 0 6Bit 0
True label 1 Full 1 4Bit 0 5Bit 0 6Bit 1
True label 1 Full 1 4Bit 0 5Bit 1 6Bit 1
True label 1 Full 1 4Bit 0 5Bit 0 6Bit 1
True label 0 Full 0 4Bit 0 5Bit 0 6Bit 0
True label 0 Full 0 4Bit 0 5Bit 0 6Bit 0
True label 1 Full 1 4Bit 1 5Bit 1 6Bit 1
True label 1 Full 1 4Bit 0 5Bit 1 6Bit 1
True label 1 Full 1 4Bit 0 5Bit 0 6Bit 0
True label 0 Full 0 4Bit 0 5Bit 0 6Bit 0
True label 1 Full 1 4Bit 0 5Bit 1 6Bit 1
True label 0 Full 1 4Bit 1 5Bit 0 6Bit 1
True label 1 Full 1 4Bit 0 5Bit 0 6Bit 1
True label 1 Full 1 4Bit 0 5Bit 1 6Bit 1
True label 0 Full 1 4Bit 1 5Bit 0 6Bit 1
True label 0 Full 1 4Bit 0 5Bit 0 6Bit 1
True label 0 Full 0 4Bit 0 5Bit 0 6Bit 0
True label 0 Full 0 4Bit 0 5Bit 0 6Bit 1
True label 0 Full 0 4Bit 0 5Bit 0 6Bit 0
True label 0 Full 0 4Bit 0 5Bit 0 6Bit 0
True label 1 Full 1 4Bit 0 5Bit 0 6Bit 1
True label 0 Full 0 4Bit 0 5Bit 0 6Bit 0
True label 0 Full 0 4Bit 0 5Bit 0 6Bit 0
True label 0 Full 1 4Bit 0 5Bit 0 6Bit 1
True label 1 Full 1 4Bit 0 5Bit 0 6Bit 1
True label 1 Full 1 4Bit 0 5Bit 1 6Bit 1
True label 1 Full 1 4Bit 0 5Bit 1 6Bit 1
True label 1 Full 1 4Bit 0 5Bit 1 6Bit 1
True label 1 Full 1 4Bit 0 5Bit 1 6Bit 1
True label 1 Full 1 4Bit 0 5Bit 0 6Bit 1
True label 0 Full 0 4Bit 0 5Bit 0 6Bit 0
True label 0 Full 0 4Bit 0 5Bit 0 6Bit 0
True label 0 Full 0 4Bit 0 5Bit 1 6Bit 0
True label 0 Full 0 4Bit 0 5Bit 1 6Bit 0
True label 0 Full 0 4Bit 0 5Bit 0 6Bit 0
True label 1 Full 1 4Bit 0 5Bit 0 6Bit 1
True label 1 Full 1 4Bit 0 5Bit 1 6Bit 0
True label 0 Full 0 4Bit 0 5Bit 0 6Bit 0
True label 1 Full 1 4Bit 0 5Bit 1 6Bit 1
True label 0 Full 0 4Bit 0 5Bit 0 6Bit 0
True label 0 Full 0 4Bit 0 5Bit 0 6Bit 0
True label 1 Full 0 4Bit 0 5Bit 0 6Bit 0
True label 0 Full 0 4Bit 0 5Bit 0 6Bit 0
True label 1 Full 1 4Bit 1 5Bit 0 6Bit 1
True label 0 Full 0 4Bit 0 5Bit 0 6Bit 0
True label 1 Full 1 4Bit 0 5Bit 1 6Bit 1
True label 0 Full 0 4Bit 0 5Bit 0 6Bit 0
True label 1 Full 1 4Bit 0 5Bit 1 6Bit 1
True label 0 Full 0 4Bit 1 5Bit 0 6Bit 0
True label 1 Full 1 4Bit 0 5Bit 1 6Bit 1
True label 0 Full 0 4Bit 0 5Bit 0 6Bit 0
True label 0 Full 0 4Bit 0 5Bit 1 6Bit 0
True label 1 Full 1 4Bit 0 5Bit 0 6Bit 1
True label 0 Full 0 4Bit 0 5Bit 0 6Bit 0
True label 0 Full 0 4Bit 0 5Bit 0 6Bit 0
True label 0 Full 0 4Bit 0 5Bit 0 6Bit 0
True label 1 Full 1 4Bit 0 5Bit 1 6Bit 1
True label 0 Full 0 4Bit 0 5Bit 0 6Bit 0
True label 0 Full 0 4Bit 0 5Bit 0 6Bit 0
True label 0 Full 1 4Bit 1 5Bit 0 6Bit 1
True label 1 Full 1 4Bit 0 5Bit 1 6Bit 1
True label 1 Full 1 4Bit 1 5Bit 1 6Bit 1
True label 1 Full 1 4Bit 0 5Bit 1 6Bit 1
True label 0 Full 0 4Bit 0 5Bit 0 6Bit 0
True label 1 Full 1 4Bit 0 5Bit 1 6Bit 1
True label 1 Full 1 4Bit 0 5Bit 1 6Bit 1
True label 0 Full 0 4Bit 0 5Bit 0 6Bit 0
True label 0 Full 0 4Bit 0 5Bit 0 6Bit 0
True label 1 Full 1 4Bit 0 5Bit 0 6Bit 0
True label 1 Full 1 4Bit 0 5Bit 1 6Bit 1
True label 0 Full 0 4Bit 0 5Bit 0 6Bit 0
True label 0 Full 0 4Bit 0 5Bit 0 6Bit 0
True label 1 Full 1 4Bit 0 5Bit 0 6Bit 0
True label 1 Full 1 4Bit 1 5Bit 1 6Bit 1
True label 0 Full 0 4Bit 0 5Bit 0 6Bit 0
True label 0 Full 0 4Bit 0 5Bit 0 6Bit 0
True label 0 Full 0 4Bit 0 5Bit 0 6Bit 0
True label 0 Full 0 4Bit 0 5Bit 0 6Bit 0
True label 1 Full 1 4Bit 0 5Bit 1 6Bit 1
True label 0 Full 0 4Bit 0 5Bit 1 6Bit 0
True label 0 Full 0 4Bit 0 5Bit 0 6Bit 0
True label 0 Full 0 4Bit 0 5Bit 0 6Bit 0
True label 1 Full 1 4Bit 0 5Bit 1 6Bit 1
True label 0 Full 0 4Bit 0 5Bit 0 6Bit 0
True label 1 Full 1 4Bit 1 5Bit 1 6Bit 1
True label 1 Full 1 4Bit 0 5Bit 1 6Bit 1
True label 0 Full 0 4Bit 0 5Bit 0 6Bit 0
True label 0 Full 0 4Bit 0 5Bit 0 6Bit 0
True label 0 Full 0 4Bit 0 5Bit 0 6Bit 0
True label 1 Full 1 4Bit 0 5Bit 1 6Bit 1
True label 1 Full 1 4Bit 0 5Bit 1 6Bit 1
True label 0 Full 0 4Bit 0 5Bit 0 6Bit 1
True label 1 Full 1 4Bit 0 5Bit 1 6Bit 1
True label 1 Full 1 4Bit 0 5Bit 1 6Bit 1
True label 0 Full 0 4Bit 0 5Bit 0 6Bit 0
True label 0 Full 0 4Bit 0 5Bit 0 6Bit 0
True label 1 Full 1 4Bit 0 5Bit 1 6Bit 1
True label 1 Full 0 4Bit 0 5Bit 0 6Bit 0
True label 1 Full 1 4Bit 0 5Bit 1 6Bit 1
True label 0 Full 0 4Bit 0 5Bit 0 6Bit 0
True label 0 Full 0 4Bit 0 5Bit 0 6Bit 0
True label 0 Full 0 4Bit 0 5Bit 0 6Bit 0
True label 0 Full 0 4Bit 0 5Bit 0 6Bit 0
True label 1 Full 1 4Bit 0 5Bit 1 6Bit 1
True label 1 Full 1 4Bit 0 5Bit 1 6Bit 1
True label 0 Full 0 4Bit 0 5Bit 0 6Bit 0
True label 0 Full 0 4Bit 0 5Bit 1 6Bit 0
True label 0 Full 0 4Bit 0 5Bit 0 6Bit 0
True label 1 Full 1 4Bit 0 5Bit 1 6Bit 1
True label 0 Full 0 4Bit 0 5Bit 0 6Bit 0
True label 1 Full 0 4Bit 0 5Bit 0 6Bit 0
True label 1 Full 1 4Bit 0 5Bit 1 6Bit 1
True label 0 Full 0 4Bit 0 5Bit 1 6Bit 0
True label 1 Full 1 4Bit 0 5Bit 1 6Bit 1
True label 1 Full 1 4Bit 1 5Bit 1 6Bit 1
True label 1 Full 1 4Bit 0 5Bit 1 6Bit 1
True label 1 Full 1 4Bit 0 5Bit 1 6Bit 1
True label 0 Full 0 4Bit 0 5Bit 0 6Bit 0
True label 1 Full 1 4Bit 0 5Bit 1 6Bit 1
True label 0 Full 0 4Bit 0 5Bit 0 6Bit 0
True label 0 Full 0 4Bit 0 5Bit 0 6Bit 0
True label 1 Full 1 4Bit 0 5Bit 1 6Bit 1
True label 1 Full 1 4Bit 0 5Bit 0 6Bit 1
True label 1 Full 1 4Bit 1 5Bit 1 6Bit 1
True label 1 Full 1 4Bit 0 5Bit 0 6Bit 1
True label 0 Full 0 4Bit 0 5Bit 0 6Bit 0
True label 0 Full 0 4Bit 0 5Bit 0 6Bit 0
True label 0 Full 0 4Bit 0 5Bit 0 6Bit 0
True label 1 Full 1 4Bit 0 5Bit 0 6Bit 0
True label 0 Full 0 4Bit 0 5Bit 0 6Bit 0
True label 0 Full 0 4Bit 0 5Bit 0 6Bit 0
True label 1 Full 1 4Bit 0 5Bit 1 6Bit 1
True label 0 Full 0 4Bit 0 5Bit 0 6Bit 0
True label 0 Full 0 4Bit 0 5Bit 0 6Bit 0
True label 0 Full 0 4Bit 0 5Bit 0 6Bit 0
True label 0 Full 0 4Bit 0 5Bit 0 6Bit 0
True label 1 Full 1 4Bit 0 5Bit 1 6Bit 1
True label 1 Full 1 4Bit 0 5Bit 1 6Bit 1
True label 0 Full 0 4Bit 0 5Bit 0 6Bit 0
True label 0 Full 1 4Bit 0 5Bit 1 6Bit 0
True label 1 Full 1 4Bit 1 5Bit 1 6Bit 1
True label 1 Full 0 4Bit 0 5Bit 0 6Bit 0
True label 0 Full 0 4Bit 0 5Bit 0 6Bit 0
True label 1 Full 1 4Bit 0 5Bit 1 6Bit 1
True label 1 Full 1 4Bit 0 5Bit 1 6Bit 1
True label 1 Full 0 4Bit 0 5Bit 0 6Bit 0
True label 0 Full 0 4Bit 0 5Bit 0 6Bit 0
True label 1 Full 1 4Bit 0 5Bit 1 6Bit 1
True label 1 Full 1 4Bit 0 5Bit 0 6Bit 1
True label 0 Full 1 4Bit 0 5Bit 0 6Bit 1
True label 0 Full 0 4Bit 0 5Bit 0 6Bit 0
True label 0 Full 1 4Bit 0 5Bit 1 6Bit 1
True label 0 Full 0 4Bit 0 5Bit 0 6Bit 0
True label 0 Full 0 4Bit 0 5Bit 0 6Bit 0
True label 1 Full 1 4Bit 0 5Bit 0 6Bit 1
True label 0 Full 0 4Bit 0 5Bit 0 6Bit 0
True label 1 Full 1 4Bit 0 5Bit 1 6Bit 1
True label 0 Full 0 4Bit 0 5Bit 0 6Bit 0
True label 1 Full 1 4Bit 0 5Bit 1 6Bit 1
True label 1 Full 1 4Bit 0 5Bit 1 6Bit 1
True label 1 Full 1 4Bit 0 5Bit 0 6Bit 1
True label 1 Full 1 4Bit 0 5Bit 1 6Bit 1
True label 1 Full 0 4Bit 0 5Bit 0 6Bit 0
True label 0 Full 0 4Bit 1 5Bit 0 6Bit 0
True label 0 Full 0 4Bit 1 5Bit 0 6Bit 0
True label 0 Full 0 4Bit 0 5Bit 0 6Bit 0
True label 1 Full 1 4Bit 0 5Bit 1 6Bit 1
True label 0 Full 0 4Bit 0 5Bit 0 6Bit 0
True label 0 Full 0 4Bit 0 5Bit 0 6Bit 0
True label 0 Full 0 4Bit 0 5Bit 0 6Bit 0
True label 0 Full 0 4Bit 0 5Bit 1 6Bit 1
True label 0 Full 1 4Bit 0 5Bit 0 6Bit 1
True label 1 Full 0 4Bit 0 5Bit 0 6Bit 1
True label 0 Full 0 4Bit 0 5Bit 0 6Bit 0
True label 1 Full 1 4Bit 0 5Bit 1 6Bit 1
True label 0 Full 0 4Bit 0 5Bit 0 6Bit 0
True label 1 Full 1 4Bit 0 5Bit 0 6Bit 1
True label 0 Full 0 4Bit 0 5Bit 0 6Bit 0
True label 0 Full 0 4Bit 0 5Bit 0 6Bit 0
True label 1 Full 1 4Bit 1 5Bit 1 6Bit 1
True label 1 Full 1 4Bit 0 5Bit 1 6Bit 1
True label 0 Full 0 4Bit 0 5Bit 0 6Bit 0
True label 1 Full 1 4Bit 0 5Bit 1 6Bit 1
True label 1 Full 1 4Bit 0 5Bit 0 6Bit 1
True label 0 Full 0 4Bit 0 5Bit 0 6Bit 0
True label 1 Full 0 4Bit 0 5Bit 0 6Bit 1
True label 1 Full 1 4Bit 0 5Bit 0 6Bit 1
True label 0 Full 0 4Bit 0 5Bit 0 6Bit 0
True label 0 Full 1 4Bit 0 5Bit 0 6Bit 1
Test accuracy: Full: 0.908 4bit: 0.525 5bit: 0.792 6bit: 0.897
{'test_acc': [0.908, 0.525, 0.792, 0.897, 0.905], 'final_out_power': [0.5605941414833069, 6.165043830871582, 1.6442012786865234, 0.8330126404762268], 'final_out_mse': [0.002158117713406682, 0.06894692778587341, 0.02968146838247776, 0.004913941957056522], 'mfr': [27.288452083333333, 29.712320052083335, 29.448399739583337, 27.838170312499997], 'dynamics_power': [0.0008866015705280006, 0.0059691802598536015, 0.0025216981302946806, 0.001488152309320867], 'dynamics_mse': [0.0015899705467745662, 0.026733962818980217, 0.009153688326478004, 0.003366396762430668]}
[2020-09-13 18:35:21.519222] test = nan
