No module named 'brian2'
No module named 'brian2'
No module named 'brian2'
No module named 'torch'
No module named 'torch'
No module named 'rpyc'
No module named 'rpyc'
No module named 'rpyc'
cannot import name 'FFExpSynBrian'
/home/ssolin/rockpool/rockpool/utilities/__init__.py:56: UserWarning: Could not load package .gpl.timedarray_shift
  warn("Could not load package " + strModule)
/home/ssolin/rockpool/rockpool/layers/__init__.py:105: UserWarning: Could not load package .gpl.iaf_brian
  warn("Could not load package " + strModule)
/home/ssolin/rockpool/rockpool/layers/__init__.py:105: UserWarning: Could not load package .gpl.exp_synapses_brian
  warn("Could not load package " + strModule)
/home/ssolin/rockpool/rockpool/layers/__init__.py:105: UserWarning: Could not load package .gpl.pytorch.exp_synapses_torch
  warn("Could not load package " + strModule)
/home/ssolin/rockpool/rockpool/layers/__init__.py:105: UserWarning: Could not load package .gpl.pytorch.iaf_torch
  warn("Could not load package " + strModule)
/home/ssolin/rockpool/rockpool/devices/__init__.py:68: UserWarning: Could not load package .dynapse_control_extd
  warn("Could not load package " + strModule)
/home/ssolin/rockpool/rockpool/devices/__init__.py:68: UserWarning: Could not load package .dynapse_control
  warn("Could not load package " + strModule)
/home/ssolin/rockpool/rockpool/layers/__init__.py:105: UserWarning: Could not load package .gpl.devices.dynap_hw
  warn("Could not load package " + strModule)
/home/ssolin/rockpool/rockpool/networks/__init__.py:61: UserWarning: Could not load package .gpl.net_deneve
  warn("Could not load package " + strModule)
[INFO] [2020.9.13 22:43:57 /home/conda/feedstock_root/build_artifacts/nest-simulator_1583214387968/work/nestkernel/rng_manager.cpp:217 @ Network::create_rngs_] : Creating default RNGs
[INFO] [2020.9.13 22:43:57 /home/conda/feedstock_root/build_artifacts/nest-simulator_1583214387968/work/nestkernel/rng_manager.cpp:260 @ Network::create_grng_] : Creating new default global RNG

              -- N E S T --
  Copyright (C) 2004 The NEST Initiative

 Version: nest-2.20.0
 Built: Mar  3 2020 05:50:26

 This program is provided AS IS and comes with
 NO WARRANTY. See the file LICENSE for details.

 Problems or suggestions?
   Visit https://www.nest-simulator.org

 Type 'nest.help()' to find out more about NEST.


Sep 13 22:43:57 ModelManager::clear_models_ [Info]: 
    Models will be cleared and parameters reset.

Sep 13 22:43:57 Network::create_rngs_ [Info]: 
    Deleting existing random number generators

Sep 13 22:43:57 Network::create_rngs_ [Info]: 
    Creating default RNGs

Sep 13 22:43:57 Network::create_grng_ [Info]: 
    Creating new default global RNG
[INFO] [2020.9.13 22:43:57 /home/conda/feedstock_root/build_artifacts/nest-simulator_1583214387968/work/nestkernel/rng_manager.cpp:217 @ Network::create_rngs_] : Creating default RNGs
[INFO] [2020.9.13 22:43:57 /home/conda/feedstock_root/build_artifacts/nest-simulator_1583214387968/work/nestkernel/rng_manager.cpp:260 @ Network::create_grng_] : Creating new default global RNG

              -- N E S T --
  Copyright (C) 2004 The NEST Initiative

 Version: nest-2.20.0
 Built: Mar  3 2020 05:50:26

 This program is provided AS IS and comes with
 NO WARRANTY. See the file LICENSE for details.

 Problems or suggestions?
   Visit https://www.nest-simulator.org

 Type 'nest.help()' to find out more about NEST.


Sep 13 22:43:57 ModelManager::clear_models_ [Info]: 
    Models will be cleared and parameters reset.

Sep 13 22:43:57 Network::create_rngs_ [Info]: 
    Deleting existing random number generators

Sep 13 22:43:57 Network::create_rngs_ [Info]: 
    Creating default RNGs

Sep 13 22:43:57 Network::create_grng_ [Info]: 
    Creating new default global RNG
[INFO] [2020.9.13 22:43:57 /home/conda/feedstock_root/build_artifacts/nest-simulator_1583214387968/work/nestkernel/rng_manager.cpp:217 @ Network::create_rngs_] : Creating default RNGs
[INFO] [2020.9.13 22:43:57 /home/conda/feedstock_root/build_artifacts/nest-simulator_1583214387968/work/nestkernel/rng_manager.cpp:260 @ Network::create_grng_] : Creating new default global RNG

              -- N E S T --
  Copyright (C) 2004 The NEST Initiative

 Version: nest-2.20.0
 Built: Mar  3 2020 05:50:26

 This program is provided AS IS and comes with
 NO WARRANTY. See the file LICENSE for details.

 Problems or suggestions?
   Visit https://www.nest-simulator.org

 Type 'nest.help()' to find out more about NEST.


Sep 13 22:43:57 ModelManager::clear_models_ [Info]: 
    Models will be cleared and parameters reset.

Sep 13 22:43:57 Network::create_rngs_ [Info]: 
    Deleting existing random number generators

Sep 13 22:43:57 Network::create_rngs_ [Info]: 
    Creating default RNGs

Sep 13 22:43:57 Network::create_grng_ [Info]: 
    Creating new default global RNG
[INFO] [2020.9.13 22:43:58 /home/conda/feedstock_root/build_artifacts/nest-simulator_1583214387968/work/nestkernel/rng_manager.cpp:217 @ Network::create_rngs_] : Creating default RNGs
[INFO] [2020.9.13 22:43:58 /home/conda/feedstock_root/build_artifacts/nest-simulator_1583214387968/work/nestkernel/rng_manager.cpp:260 @ Network::create_grng_] : Creating new default global RNG

              -- N E S T --
  Copyright (C) 2004 The NEST Initiative

 Version: nest-2.20.0
 Built: Mar  3 2020 05:50:26

 This program is provided AS IS and comes with
 NO WARRANTY. See the file LICENSE for details.

 Problems or suggestions?
   Visit https://www.nest-simulator.org

 Type 'nest.help()' to find out more about NEST.


Sep 13 22:43:58 ModelManager::clear_models_ [Info]: 
    Models will be cleared and parameters reset.

Sep 13 22:43:58 Network::create_rngs_ [Info]: 
    Deleting existing random number generators

Sep 13 22:43:58 Network::create_rngs_ [Info]: 
    Creating default RNGs

Sep 13 22:43:58 Network::create_grng_ [Info]: 
    Creating new default global RNG
[INFO] [2020.9.13 22:43:58 /home/conda/feedstock_root/build_artifacts/nest-simulator_1583214387968/work/nestkernel/rng_manager.cpp:217 @ Network::create_rngs_] : Creating default RNGs
[INFO] [2020.9.13 22:43:58 /home/conda/feedstock_root/build_artifacts/nest-simulator_1583214387968/work/nestkernel/rng_manager.cpp:260 @ Network::create_grng_] : Creating new default global RNG

              -- N E S T --
  Copyright (C) 2004 The NEST Initiative

 Version: nest-2.20.0
 Built: Mar  3 2020 05:50:26

 This program is provided AS IS and comes with
 NO WARRANTY. See the file LICENSE for details.

 Problems or suggestions?
   Visit https://www.nest-simulator.org

 Type 'nest.help()' to find out more about NEST.


Sep 13 22:43:58 ModelManager::clear_models_ [Info]: 
    Models will be cleared and parameters reset.

Sep 13 22:43:58 Network::create_rngs_ [Info]: 
    Deleting existing random number generators

Sep 13 22:43:58 Network::create_rngs_ [Info]: 
    Creating default RNGs

Sep 13 22:43:58 Network::create_grng_ [Info]: 
    Creating new default global RNG
[INFO] [2020.9.13 22:43:58 /home/conda/feedstock_root/build_artifacts/nest-simulator_1583214387968/work/nestkernel/rng_manager.cpp:217 @ Network::create_rngs_] : Creating default RNGs
[INFO] [2020.9.13 22:43:58 /home/conda/feedstock_root/build_artifacts/nest-simulator_1583214387968/work/nestkernel/rng_manager.cpp:260 @ Network::create_grng_] : Creating new default global RNG

              -- N E S T --
  Copyright (C) 2004 The NEST Initiative

 Version: nest-2.20.0
 Built: Mar  3 2020 05:50:26

 This program is provided AS IS and comes with
 NO WARRANTY. See the file LICENSE for details.

 Problems or suggestions?
   Visit https://www.nest-simulator.org

 Type 'nest.help()' to find out more about NEST.


Sep 13 22:43:58 ModelManager::clear_models_ [Info]: 
    Models will be cleared and parameters reset.

Sep 13 22:43:58 Network::create_rngs_ [Info]: 
    Deleting existing random number generators

Sep 13 22:43:58 Network::create_rngs_ [Info]: 
    Creating default RNGs

Sep 13 22:43:58 Network::create_grng_ [Info]: 
    Creating new default global RNG
[INFO] [2020.9.13 22:43:58 /home/conda/feedstock_root/build_artifacts/nest-simulator_1583214387968/work/nestkernel/rng_manager.cpp:217 @ Network::create_rngs_] : Creating default RNGs
[INFO] [2020.9.13 22:43:58 /home/conda/feedstock_root/build_artifacts/nest-simulator_1583214387968/work/nestkernel/rng_manager.cpp:260 @ Network::create_grng_] : Creating new default global RNG

              -- N E S T --
  Copyright (C) 2004 The NEST Initiative

 Version: nest-2.20.0
 Built: Mar  3 2020 05:50:26

 This program is provided AS IS and comes with
 NO WARRANTY. See the file LICENSE for details.

 Problems or suggestions?
   Visit https://www.nest-simulator.org

 Type 'nest.help()' to find out more about NEST.


Sep 13 22:43:58 ModelManager::clear_models_ [Info]: 
    Models will be cleared and parameters reset.

Sep 13 22:43:58 Network::create_rngs_ [Info]: 
    Deleting existing random number generators

Sep 13 22:43:58 Network::create_rngs_ [Info]: 
    Creating default RNGs

Sep 13 22:43:58 Network::create_grng_ [Info]: 
    Creating new default global RNG
[INFO] [2020.9.13 22:43:58 /home/conda/feedstock_root/build_artifacts/nest-simulator_1583214387968/work/nestkernel/rng_manager.cpp:217 @ Network::create_rngs_] : Creating default RNGs
[INFO] [2020.9.13 22:43:58 /home/conda/feedstock_root/build_artifacts/nest-simulator_1583214387968/work/nestkernel/rng_manager.cpp:260 @ Network::create_grng_] : Creating new default global RNG

              -- N E S T --
  Copyright (C) 2004 The NEST Initiative

 Version: nest-2.20.0
 Built: Mar  3 2020 05:50:26

 This program is provided AS IS and comes with
 NO WARRANTY. See the file LICENSE for details.

 Problems or suggestions?
   Visit https://www.nest-simulator.org

 Type 'nest.help()' to find out more about NEST.


Sep 13 22:43:58 ModelManager::clear_models_ [Info]: 
    Models will be cleared and parameters reset.

Sep 13 22:43:58 Network::create_rngs_ [Info]: 
    Deleting existing random number generators

Sep 13 22:43:58 Network::create_rngs_ [Info]: 
    Creating default RNGs

Sep 13 22:43:58 Network::create_grng_ [Info]: 
    Creating new default global RNG
[INFO] - HeySnips -  Running with tracking deactivated
gain 0.5 val acc 0.524 
gain 0.5 val acc 0.524 
gain 0.5 val acc 0.524 
[2020-09-13 23:48:59.656263] train_loss = 0.0
[2020-09-13 23:48:59.673450] train = nan
[2020-09-13 23:48:59.673467] val = nan
[2020-09-13 23:48:59.673470] test = nan
True label 1 Full 1 4Bit 1 5Bit 1 6Bit 1
True label 1 Full 1 4Bit 1 5Bit 1 6Bit 1
True label 1 Full 1 4Bit 1 5Bit 1 6Bit 1
True label 1 Full 1 4Bit 1 5Bit 1 6Bit 1
True label 0 Full 0 4Bit 1 5Bit 1 6Bit 1
True label 0 Full 0 4Bit 1 5Bit 1 6Bit 1
True label 0 Full 0 4Bit 1 5Bit 1 6Bit 1
True label 0 Full 0 4Bit 1 5Bit 1 6Bit 1
True label 1 Full 1 4Bit 1 5Bit 1 6Bit 1
True label 0 Full 0 4Bit 1 5Bit 1 6Bit 1
True label 1 Full 1 4Bit 1 5Bit 1 6Bit 1
True label 1 Full 1 4Bit 1 5Bit 1 6Bit 1
True label 1 Full 0 4Bit 1 5Bit 1 6Bit 1
True label 0 Full 0 4Bit 1 5Bit 1 6Bit 1
True label 1 Full 1 4Bit 1 5Bit 1 6Bit 1
True label 0 Full 0 4Bit 1 5Bit 1 6Bit 1
True label 0 Full 1 4Bit 1 5Bit 1 6Bit 1
True label 0 Full 0 4Bit 1 5Bit 1 6Bit 1
True label 1 Full 1 4Bit 1 5Bit 1 6Bit 1
True label 1 Full 1 4Bit 1 5Bit 1 6Bit 1
True label 0 Full 0 4Bit 1 5Bit 1 6Bit 1
True label 1 Full 1 4Bit 1 5Bit 1 6Bit 1
True label 1 Full 1 4Bit 1 5Bit 1 6Bit 1
True label 1 Full 1 4Bit 1 5Bit 1 6Bit 1
True label 1 Full 1 4Bit 1 5Bit 1 6Bit 1
True label 0 Full 0 4Bit 1 5Bit 1 6Bit 1
True label 1 Full 1 4Bit 1 5Bit 1 6Bit 1
True label 1 Full 1 4Bit 1 5Bit 1 6Bit 1
True label 1 Full 0 4Bit 1 5Bit 1 6Bit 1
True label 1 Full 1 4Bit 1 5Bit 1 6Bit 1
True label 1 Full 0 4Bit 1 5Bit 1 6Bit 1
True label 1 Full 1 4Bit 1 5Bit 1 6Bit 1
True label 1 Full 1 4Bit 1 5Bit 1 6Bit 1
True label 1 Full 1 4Bit 1 5Bit 1 6Bit 1
True label 0 Full 0 4Bit 1 5Bit 1 6Bit 1
True label 0 Full 0 4Bit 1 5Bit 1 6Bit 1
True label 1 Full 1 4Bit 1 5Bit 1 6Bit 1
True label 0 Full 0 4Bit 1 5Bit 1 6Bit 1
True label 0 Full 0 4Bit 1 5Bit 1 6Bit 1
True label 1 Full 1 4Bit 1 5Bit 1 6Bit 1
True label 1 Full 0 4Bit 1 5Bit 1 6Bit 1
True label 1 Full 1 4Bit 1 5Bit 1 6Bit 1
True label 1 Full 1 4Bit 1 5Bit 1 6Bit 1
True label 1 Full 1 4Bit 1 5Bit 1 6Bit 1
True label 0 Full 0 4Bit 1 5Bit 1 6Bit 1
True label 1 Full 1 4Bit 1 5Bit 1 6Bit 1
True label 1 Full 1 4Bit 1 5Bit 1 6Bit 1
True label 1 Full 1 4Bit 1 5Bit 1 6Bit 1
True label 1 Full 1 4Bit 1 5Bit 1 6Bit 1
True label 1 Full 1 4Bit 1 5Bit 1 6Bit 1
True label 0 Full 0 4Bit 1 5Bit 1 6Bit 1
True label 0 Full 1 4Bit 1 5Bit 1 6Bit 1
True label 1 Full 1 4Bit 1 5Bit 1 6Bit 1
True label 0 Full 0 4Bit 1 5Bit 1 6Bit 1
True label 1 Full 1 4Bit 1 5Bit 1 6Bit 1
True label 1 Full 1 4Bit 1 5Bit 1 6Bit 1
True label 1 Full 1 4Bit 1 5Bit 1 6Bit 1
True label 0 Full 0 4Bit 1 5Bit 1 6Bit 1
True label 1 Full 1 4Bit 1 5Bit 1 6Bit 1
True label 1 Full 1 4Bit 1 5Bit 1 6Bit 1
True label 0 Full 0 4Bit 1 5Bit 1 6Bit 1
True label 1 Full 1 4Bit 1 5Bit 1 6Bit 1
True label 0 Full 0 4Bit 1 5Bit 1 6Bit 1
True label 1 Full 1 4Bit 1 5Bit 1 6Bit 1
True label 0 Full 0 4Bit 1 5Bit 1 6Bit 1
True label 1 Full 1 4Bit 1 5Bit 1 6Bit 1
True label 0 Full 0 4Bit 1 5Bit 1 6Bit 1
True label 0 Full 0 4Bit 1 5Bit 1 6Bit 1
True label 1 Full 1 4Bit 1 5Bit 1 6Bit 1
True label 1 Full 1 4Bit 1 5Bit 1 6Bit 1
True label 1 Full 1 4Bit 1 5Bit 1 6Bit 1
True label 0 Full 0 4Bit 1 5Bit 1 6Bit 1
True label 0 Full 0 4Bit 1 5Bit 1 6Bit 1
True label 1 Full 0 4Bit 1 5Bit 1 6Bit 1
True label 1 Full 1 4Bit 1 5Bit 1 6Bit 1
True label 0 Full 0 4Bit 1 5Bit 1 6Bit 1
True label 1 Full 1 4Bit 1 5Bit 1 6Bit 1
True label 1 Full 1 4Bit 1 5Bit 1 6Bit 1
True label 1 Full 1 4Bit 1 5Bit 1 6Bit 1
True label 0 Full 0 4Bit 1 5Bit 1 6Bit 1
True label 0 Full 0 4Bit 1 5Bit 1 6Bit 1
True label 1 Full 1 4Bit 1 5Bit 1 6Bit 1
True label 1 Full 1 4Bit 1 5Bit 1 6Bit 1
True label 0 Full 0 4Bit 1 5Bit 1 6Bit 1
True label 1 Full 0 4Bit 1 5Bit 1 6Bit 1
True label 1 Full 1 4Bit 1 5Bit 1 6Bit 1
True label 1 Full 1 4Bit 1 5Bit 1 6Bit 1
True label 1 Full 0 4Bit 1 5Bit 1 6Bit 1
True label 1 Full 1 4Bit 1 5Bit 1 6Bit 1
True label 1 Full 1 4Bit 1 5Bit 1 6Bit 1
True label 0 Full 0 4Bit 1 5Bit 1 6Bit 1
True label 1 Full 1 4Bit 1 5Bit 1 6Bit 1
True label 0 Full 0 4Bit 1 5Bit 1 6Bit 1
True label 1 Full 1 4Bit 1 5Bit 1 6Bit 1
True label 1 Full 1 4Bit 1 5Bit 1 6Bit 1
True label 0 Full 0 4Bit 1 5Bit 1 6Bit 1
True label 1 Full 1 4Bit 1 5Bit 1 6Bit 1
True label 1 Full 1 4Bit 1 5Bit 1 6Bit 1
True label 1 Full 1 4Bit 1 5Bit 1 6Bit 1
True label 1 Full 1 4Bit 1 5Bit 1 6Bit 1
True label 0 Full 0 4Bit 1 5Bit 1 6Bit 1
True label 1 Full 1 4Bit 1 5Bit 1 6Bit 1
True label 1 Full 0 4Bit 1 5Bit 1 6Bit 1
True label 1 Full 1 4Bit 1 5Bit 1 6Bit 1
True label 1 Full 1 4Bit 1 5Bit 1 6Bit 1
True label 0 Full 0 4Bit 1 5Bit 1 6Bit 1
True label 0 Full 0 4Bit 1 5Bit 1 6Bit 1
True label 0 Full 0 4Bit 1 5Bit 1 6Bit 1
True label 1 Full 1 4Bit 1 5Bit 1 6Bit 1
True label 1 Full 1 4Bit 1 5Bit 1 6Bit 1
True label 0 Full 0 4Bit 1 5Bit 1 6Bit 1
True label 1 Full 1 4Bit 1 5Bit 1 6Bit 1
True label 1 Full 1 4Bit 1 5Bit 1 6Bit 1
True label 0 Full 0 4Bit 1 5Bit 1 6Bit 1
True label 0 Full 0 4Bit 1 5Bit 1 6Bit 1
True label 1 Full 1 4Bit 1 5Bit 1 6Bit 1
True label 0 Full 0 4Bit 1 5Bit 1 6Bit 1
True label 1 Full 1 4Bit 1 5Bit 1 6Bit 1
True label 1 Full 1 4Bit 1 5Bit 1 6Bit 1
True label 1 Full 1 4Bit 1 5Bit 1 6Bit 1
True label 0 Full 0 4Bit 1 5Bit 1 6Bit 1
True label 0 Full 0 4Bit 1 5Bit 1 6Bit 1
True label 0 Full 0 4Bit 1 5Bit 1 6Bit 1
True label 0 Full 0 4Bit 1 5Bit 1 6Bit 1
True label 1 Full 1 4Bit 1 5Bit 1 6Bit 1
True label 0 Full 0 4Bit 1 5Bit 1 6Bit 1
True label 1 Full 0 4Bit 1 5Bit 1 6Bit 1
True label 1 Full 1 4Bit 1 5Bit 1 6Bit 1
True label 1 Full 0 4Bit 1 5Bit 1 6Bit 1
True label 1 Full 1 4Bit 1 5Bit 1 6Bit 1
True label 0 Full 0 4Bit 1 5Bit 1 6Bit 1
True label 0 Full 0 4Bit 1 5Bit 1 6Bit 1
True label 1 Full 1 4Bit 1 5Bit 1 6Bit 1
True label 0 Full 0 4Bit 1 5Bit 1 6Bit 1
True label 1 Full 1 4Bit 1 5Bit 1 6Bit 1
True label 0 Full 0 4Bit 1 5Bit 1 6Bit 1
True label 0 Full 0 4Bit 1 5Bit 1 6Bit 1
True label 0 Full 0 4Bit 1 5Bit 1 6Bit 1
True label 1 Full 1 4Bit 1 5Bit 1 6Bit 1
True label 0 Full 0 4Bit 1 5Bit 1 6Bit 1
True label 1 Full 1 4Bit 1 5Bit 1 6Bit 1
True label 1 Full 1 4Bit 1 5Bit 1 6Bit 1
True label 1 Full 1 4Bit 1 5Bit 1 6Bit 1
True label 1 Full 1 4Bit 1 5Bit 1 6Bit 1
True label 1 Full 1 4Bit 1 5Bit 1 6Bit 1
True label 0 Full 0 4Bit 1 5Bit 1 6Bit 1
True label 0 Full 1 4Bit 1 5Bit 1 6Bit 1
True label 1 Full 1 4Bit 1 5Bit 1 6Bit 1
True label 0 Full 0 4Bit 1 5Bit 1 6Bit 1
True label 1 Full 1 4Bit 1 5Bit 1 6Bit 1
True label 1 Full 1 4Bit 1 5Bit 1 6Bit 1
True label 0 Full 0 4Bit 1 5Bit 1 6Bit 1
True label 0 Full 0 4Bit 1 5Bit 1 6Bit 1
True label 1 Full 1 4Bit 1 5Bit 1 6Bit 1
True label 0 Full 0 4Bit 1 5Bit 1 6Bit 1
True label 1 Full 1 4Bit 1 5Bit 1 6Bit 1
True label 1 Full 1 4Bit 1 5Bit 1 6Bit 1
True label 0 Full 0 4Bit 1 5Bit 1 6Bit 1
True label 1 Full 1 4Bit 1 5Bit 1 6Bit 1
True label 0 Full 0 4Bit 1 5Bit 1 6Bit 1
True label 1 Full 1 4Bit 1 5Bit 1 6Bit 1
True label 0 Full 0 4Bit 1 5Bit 1 6Bit 1
True label 1 Full 1 4Bit 1 5Bit 1 6Bit 1
True label 0 Full 0 4Bit 1 5Bit 1 6Bit 1
True label 1 Full 1 4Bit 1 5Bit 1 6Bit 1
True label 0 Full 0 4Bit 1 5Bit 1 6Bit 1
True label 0 Full 0 4Bit 1 5Bit 1 6Bit 1
True label 1 Full 1 4Bit 1 5Bit 1 6Bit 1
True label 1 Full 1 4Bit 1 5Bit 1 6Bit 1
True label 0 Full 0 4Bit 1 5Bit 1 6Bit 1
True label 1 Full 1 4Bit 1 5Bit 1 6Bit 1
True label 0 Full 0 4Bit 1 5Bit 1 6Bit 1
True label 1 Full 1 4Bit 1 5Bit 1 6Bit 1
True label 0 Full 0 4Bit 1 5Bit 1 6Bit 1
True label 1 Full 0 4Bit 1 5Bit 1 6Bit 1
True label 1 Full 1 4Bit 1 5Bit 1 6Bit 1
True label 0 Full 0 4Bit 1 5Bit 1 6Bit 1
True label 1 Full 0 4Bit 1 5Bit 1 6Bit 1
True label 0 Full 0 4Bit 1 5Bit 1 6Bit 1
True label 0 Full 0 4Bit 1 5Bit 1 6Bit 1
True label 0 Full 0 4Bit 1 5Bit 1 6Bit 1
True label 0 Full 0 4Bit 1 5Bit 1 6Bit 1
True label 1 Full 1 4Bit 1 5Bit 1 6Bit 1
True label 0 Full 0 4Bit 1 5Bit 1 6Bit 1
True label 0 Full 0 4Bit 1 5Bit 1 6Bit 1
True label 0 Full 0 4Bit 1 5Bit 1 6Bit 1
True label 0 Full 0 4Bit 1 5Bit 1 6Bit 1
True label 1 Full 1 4Bit 1 5Bit 1 6Bit 1
True label 1 Full 1 4Bit 1 5Bit 1 6Bit 1
True label 1 Full 1 4Bit 1 5Bit 1 6Bit 1
True label 0 Full 0 4Bit 1 5Bit 1 6Bit 1
True label 1 Full 1 4Bit 1 5Bit 1 6Bit 1
True label 1 Full 1 4Bit 1 5Bit 1 6Bit 1
True label 1 Full 1 4Bit 1 5Bit 1 6Bit 1
True label 1 Full 1 4Bit 1 5Bit 1 6Bit 1
True label 1 Full 1 4Bit 1 5Bit 1 6Bit 1
True label 1 Full 0 4Bit 1 5Bit 1 6Bit 1
True label 0 Full 0 4Bit 1 5Bit 1 6Bit 1
True label 1 Full 1 4Bit 1 5Bit 1 6Bit 1
True label 1 Full 0 4Bit 1 5Bit 1 6Bit 1
True label 1 Full 1 4Bit 1 5Bit 1 6Bit 1
True label 1 Full 1 4Bit 1 5Bit 1 6Bit 1
True label 0 Full 0 4Bit 1 5Bit 1 6Bit 1
True label 1 Full 1 4Bit 1 5Bit 1 6Bit 1
True label 1 Full 0 4Bit 1 5Bit 1 6Bit 1
True label 1 Full 1 4Bit 1 5Bit 1 6Bit 1
True label 0 Full 0 4Bit 1 5Bit 1 6Bit 1
True label 1 Full 1 4Bit 1 5Bit 1 6Bit 1
True label 1 Full 1 4Bit 1 5Bit 1 6Bit 1
True label 1 Full 1 4Bit 1 5Bit 1 6Bit 1
True label 1 Full 1 4Bit 1 5Bit 1 6Bit 1
True label 1 Full 1 4Bit 1 5Bit 1 6Bit 1
True label 1 Full 1 4Bit 1 5Bit 1 6Bit 1
True label 0 Full 0 4Bit 1 5Bit 1 6Bit 1
True label 0 Full 1 4Bit 1 5Bit 1 6Bit 1
True label 0 Full 0 4Bit 1 5Bit 1 6Bit 1
True label 1 Full 1 4Bit 1 5Bit 1 6Bit 1
True label 1 Full 1 4Bit 1 5Bit 1 6Bit 1
True label 1 Full 1 4Bit 1 5Bit 1 6Bit 1
True label 1 Full 1 4Bit 1 5Bit 1 6Bit 1
True label 1 Full 1 4Bit 1 5Bit 1 6Bit 1
True label 1 Full 1 4Bit 1 5Bit 1 6Bit 1
True label 0 Full 0 4Bit 1 5Bit 1 6Bit 1
True label 0 Full 0 4Bit 1 5Bit 1 6Bit 1
True label 1 Full 1 4Bit 1 5Bit 1 6Bit 1
True label 1 Full 0 4Bit 1 5Bit 1 6Bit 1
True label 0 Full 0 4Bit 1 5Bit 1 6Bit 1
True label 0 Full 0 4Bit 1 5Bit 1 6Bit 1
True label 0 Full 0 4Bit 1 5Bit 1 6Bit 1
True label 1 Full 1 4Bit 1 5Bit 1 6Bit 1
True label 0 Full 0 4Bit 1 5Bit 1 6Bit 1
True label 1 Full 1 4Bit 1 5Bit 1 6Bit 1
True label 1 Full 1 4Bit 1 5Bit 1 6Bit 1
True label 1 Full 1 4Bit 1 5Bit 1 6Bit 1
True label 0 Full 0 4Bit 1 5Bit 1 6Bit 1
True label 1 Full 1 4Bit 1 5Bit 1 6Bit 1
True label 0 Full 0 4Bit 1 5Bit 1 6Bit 1
True label 0 Full 0 4Bit 1 5Bit 1 6Bit 1
True label 0 Full 0 4Bit 1 5Bit 1 6Bit 1
True label 1 Full 1 4Bit 1 5Bit 1 6Bit 1
True label 1 Full 1 4Bit 1 5Bit 1 6Bit 1
True label 1 Full 1 4Bit 1 5Bit 1 6Bit 1
True label 1 Full 1 4Bit 1 5Bit 1 6Bit 1
True label 1 Full 1 4Bit 1 5Bit 1 6Bit 1
True label 0 Full 0 4Bit 1 5Bit 1 6Bit 1
True label 0 Full 0 4Bit 1 5Bit 1 6Bit 1
True label 0 Full 0 4Bit 1 5Bit 1 6Bit 1
True label 1 Full 1 4Bit 1 5Bit 1 6Bit 1
True label 1 Full 1 4Bit 1 5Bit 1 6Bit 1
True label 0 Full 0 4Bit 1 5Bit 1 6Bit 1
True label 1 Full 1 4Bit 1 5Bit 1 6Bit 1
True label 1 Full 1 4Bit 1 5Bit 1 6Bit 1
True label 0 Full 0 4Bit 1 5Bit 1 6Bit 1
True label 1 Full 1 4Bit 1 5Bit 1 6Bit 1
True label 0 Full 0 4Bit 1 5Bit 1 6Bit 1
True label 0 Full 0 4Bit 1 5Bit 1 6Bit 1
True label 1 Full 1 4Bit 1 5Bit 1 6Bit 1
True label 1 Full 0 4Bit 1 5Bit 1 6Bit 1
True label 1 Full 1 4Bit 1 5Bit 1 6Bit 1
True label 0 Full 0 4Bit 1 5Bit 1 6Bit 1
True label 0 Full 0 4Bit 1 5Bit 1 6Bit 1
True label 0 Full 0 4Bit 1 5Bit 1 6Bit 1
True label 0 Full 0 4Bit 1 5Bit 1 6Bit 1
True label 1 Full 1 4Bit 1 5Bit 1 6Bit 1
True label 0 Full 0 4Bit 1 5Bit 1 6Bit 1
True label 0 Full 0 4Bit 1 5Bit 1 6Bit 1
True label 0 Full 0 4Bit 1 5Bit 1 6Bit 1
True label 1 Full 1 4Bit 1 5Bit 1 6Bit 1
True label 0 Full 0 4Bit 1 5Bit 1 6Bit 1
True label 0 Full 0 4Bit 1 5Bit 1 6Bit 1
True label 0 Full 0 4Bit 1 5Bit 1 6Bit 1
True label 0 Full 0 4Bit 1 5Bit 1 6Bit 1
True label 0 Full 1 4Bit 1 5Bit 1 6Bit 1
True label 0 Full 0 4Bit 1 5Bit 1 6Bit 1
True label 0 Full 0 4Bit 1 5Bit 1 6Bit 1
True label 1 Full 1 4Bit 1 5Bit 1 6Bit 1
True label 0 Full 1 4Bit 1 5Bit 1 6Bit 1
True label 0 Full 0 4Bit 1 5Bit 1 6Bit 1
True label 1 Full 1 4Bit 1 5Bit 1 6Bit 1
True label 0 Full 0 4Bit 1 5Bit 1 6Bit 1
True label 0 Full 0 4Bit 1 5Bit 1 6Bit 1
True label 1 Full 1 4Bit 1 5Bit 1 6Bit 1
True label 1 Full 1 4Bit 1 5Bit 1 6Bit 1
True label 1 Full 0 4Bit 1 5Bit 1 6Bit 1
True label 0 Full 0 4Bit 1 5Bit 1 6Bit 1
True label 0 Full 1 4Bit 1 5Bit 1 6Bit 1
True label 1 Full 1 4Bit 1 5Bit 1 6Bit 1
True label 0 Full 0 4Bit 1 5Bit 1 6Bit 1
True label 1 Full 1 4Bit 1 5Bit 1 6Bit 1
True label 1 Full 1 4Bit 1 5Bit 1 6Bit 1
True label 0 Full 0 4Bit 1 5Bit 1 6Bit 1
True label 1 Full 1 4Bit 1 5Bit 1 6Bit 1
True label 1 Full 1 4Bit 1 5Bit 1 6Bit 1
True label 0 Full 0 4Bit 1 5Bit 1 6Bit 1
True label 1 Full 0 4Bit 1 5Bit 1 6Bit 1
True label 1 Full 1 4Bit 1 5Bit 1 6Bit 1
True label 0 Full 0 4Bit 1 5Bit 1 6Bit 1
True label 0 Full 0 4Bit 1 5Bit 1 6Bit 1
True label 1 Full 1 4Bit 1 5Bit 1 6Bit 1
True label 1 Full 0 4Bit 1 5Bit 1 6Bit 1
True label 1 Full 1 4Bit 1 5Bit 1 6Bit 1
True label 1 Full 1 4Bit 1 5Bit 1 6Bit 1
True label 0 Full 0 4Bit 1 5Bit 1 6Bit 1
True label 0 Full 0 4Bit 1 5Bit 1 6Bit 1
True label 1 Full 1 4Bit 1 5Bit 1 6Bit 1
True label 0 Full 1 4Bit 1 5Bit 1 6Bit 1
True label 0 Full 0 4Bit 1 5Bit 1 6Bit 1
True label 1 Full 1 4Bit 1 5Bit 1 6Bit 1
True label 0 Full 1 4Bit 1 5Bit 1 6Bit 1
True label 0 Full 0 4Bit 1 5Bit 1 6Bit 1
True label 1 Full 1 4Bit 1 5Bit 1 6Bit 1
True label 0 Full 0 4Bit 1 5Bit 1 6Bit 1
True label 1 Full 1 4Bit 1 5Bit 1 6Bit 1
True label 0 Full 0 4Bit 1 5Bit 1 6Bit 1
True label 1 Full 1 4Bit 1 5Bit 1 6Bit 1
True label 1 Full 0 4Bit 1 5Bit 1 6Bit 1
True label 1 Full 1 4Bit 1 5Bit 1 6Bit 1
True label 1 Full 1 4Bit 1 5Bit 1 6Bit 1
True label 1 Full 1 4Bit 1 5Bit 1 6Bit 1
True label 0 Full 0 4Bit 1 5Bit 1 6Bit 1
True label 1 Full 1 4Bit 1 5Bit 1 6Bit 1
True label 0 Full 0 4Bit 1 5Bit 1 6Bit 1
True label 1 Full 1 4Bit 1 5Bit 1 6Bit 1
True label 0 Full 0 4Bit 1 5Bit 1 6Bit 1
True label 0 Full 0 4Bit 1 5Bit 1 6Bit 1
True label 0 Full 0 4Bit 1 5Bit 1 6Bit 1
True label 1 Full 1 4Bit 1 5Bit 1 6Bit 1
True label 1 Full 1 4Bit 1 5Bit 1 6Bit 1
True label 1 Full 1 4Bit 1 5Bit 1 6Bit 1
True label 0 Full 0 4Bit 1 5Bit 1 6Bit 1
True label 0 Full 0 4Bit 1 5Bit 1 6Bit 1
True label 0 Full 0 4Bit 1 5Bit 1 6Bit 1
True label 0 Full 0 4Bit 1 5Bit 1 6Bit 1
True label 1 Full 1 4Bit 1 5Bit 1 6Bit 1
True label 1 Full 0 4Bit 1 5Bit 1 6Bit 1
True label 0 Full 0 4Bit 1 5Bit 1 6Bit 1
True label 1 Full 0 4Bit 1 5Bit 1 6Bit 1
True label 0 Full 0 4Bit 1 5Bit 1 6Bit 1
True label 0 Full 1 4Bit 1 5Bit 1 6Bit 1
True label 1 Full 1 4Bit 1 5Bit 1 6Bit 1
True label 1 Full 1 4Bit 1 5Bit 1 6Bit 1
True label 0 Full 0 4Bit 1 5Bit 1 6Bit 1
True label 1 Full 1 4Bit 1 5Bit 1 6Bit 1
True label 0 Full 0 4Bit 1 5Bit 1 6Bit 1
True label 1 Full 0 4Bit 1 5Bit 1 6Bit 1
True label 0 Full 0 4Bit 1 5Bit 1 6Bit 1
True label 1 Full 1 4Bit 1 5Bit 1 6Bit 1
True label 1 Full 1 4Bit 1 5Bit 1 6Bit 1
True label 1 Full 1 4Bit 1 5Bit 1 6Bit 1
True label 1 Full 1 4Bit 1 5Bit 1 6Bit 1
True label 0 Full 0 4Bit 1 5Bit 1 6Bit 1
True label 0 Full 0 4Bit 1 5Bit 1 6Bit 1
True label 0 Full 0 4Bit 1 5Bit 1 6Bit 1
True label 0 Full 1 4Bit 1 5Bit 1 6Bit 1
True label 1 Full 1 4Bit 1 5Bit 1 6Bit 1
True label 1 Full 1 4Bit 1 5Bit 1 6Bit 1
True label 1 Full 1 4Bit 1 5Bit 1 6Bit 1
True label 1 Full 1 4Bit 1 5Bit 1 6Bit 1
True label 1 Full 1 4Bit 1 5Bit 1 6Bit 1
True label 0 Full 0 4Bit 1 5Bit 1 6Bit 1
True label 1 Full 1 4Bit 1 5Bit 1 6Bit 1
True label 1 Full 1 4Bit 1 5Bit 1 6Bit 1
True label 1 Full 1 4Bit 1 5Bit 1 6Bit 1
True label 0 Full 0 4Bit 1 5Bit 1 6Bit 1
True label 1 Full 1 4Bit 1 5Bit 1 6Bit 1
True label 1 Full 1 4Bit 1 5Bit 1 6Bit 1
True label 1 Full 1 4Bit 1 5Bit 1 6Bit 1
True label 0 Full 0 4Bit 1 5Bit 1 6Bit 1
True label 1 Full 1 4Bit 1 5Bit 1 6Bit 1
True label 0 Full 0 4Bit 1 5Bit 1 6Bit 1
True label 1 Full 0 4Bit 1 5Bit 1 6Bit 1
True label 0 Full 0 4Bit 1 5Bit 1 6Bit 1
True label 0 Full 0 4Bit 1 5Bit 1 6Bit 1
True label 1 Full 0 4Bit 1 5Bit 1 6Bit 1
True label 1 Full 1 4Bit 1 5Bit 1 6Bit 1
True label 1 Full 1 4Bit 1 5Bit 1 6Bit 1
True label 1 Full 1 4Bit 1 5Bit 1 6Bit 1
True label 1 Full 1 4Bit 1 5Bit 1 6Bit 1
True label 0 Full 0 4Bit 1 5Bit 1 6Bit 1
True label 1 Full 1 4Bit 1 5Bit 1 6Bit 1
True label 0 Full 0 4Bit 1 5Bit 1 6Bit 1
True label 0 Full 0 4Bit 1 5Bit 1 6Bit 1
True label 1 Full 1 4Bit 1 5Bit 1 6Bit 1
True label 1 Full 1 4Bit 1 5Bit 1 6Bit 1
True label 1 Full 1 4Bit 1 5Bit 1 6Bit 1
True label 0 Full 0 4Bit 1 5Bit 1 6Bit 1
True label 0 Full 0 4Bit 1 5Bit 1 6Bit 1
True label 0 Full 0 4Bit 1 5Bit 1 6Bit 1
True label 1 Full 1 4Bit 1 5Bit 1 6Bit 1
True label 1 Full 1 4Bit 1 5Bit 1 6Bit 1
True label 1 Full 1 4Bit 1 5Bit 1 6Bit 1
True label 0 Full 0 4Bit 1 5Bit 1 6Bit 1
True label 0 Full 0 4Bit 1 5Bit 1 6Bit 1
True label 0 Full 0 4Bit 1 5Bit 1 6Bit 1
True label 1 Full 1 4Bit 1 5Bit 1 6Bit 1
True label 1 Full 1 4Bit 1 5Bit 1 6Bit 1
True label 0 Full 0 4Bit 1 5Bit 1 6Bit 1
True label 1 Full 1 4Bit 1 5Bit 1 6Bit 1
True label 1 Full 1 4Bit 1 5Bit 1 6Bit 1
True label 1 Full 1 4Bit 1 5Bit 1 6Bit 1
True label 0 Full 0 4Bit 1 5Bit 1 6Bit 1
True label 1 Full 1 4Bit 1 5Bit 1 6Bit 1
True label 1 Full 0 4Bit 1 5Bit 1 6Bit 1
True label 0 Full 0 4Bit 1 5Bit 1 6Bit 1
True label 1 Full 1 4Bit 1 5Bit 1 6Bit 1
True label 1 Full 1 4Bit 1 5Bit 1 6Bit 1
True label 1 Full 1 4Bit 1 5Bit 1 6Bit 1
True label 0 Full 1 4Bit 1 5Bit 1 6Bit 1
True label 1 Full 0 4Bit 1 5Bit 1 6Bit 1
True label 1 Full 1 4Bit 1 5Bit 1 6Bit 1
True label 0 Full 0 4Bit 1 5Bit 1 6Bit 1
True label 1 Full 1 4Bit 1 5Bit 1 6Bit 1
True label 0 Full 0 4Bit 1 5Bit 1 6Bit 1
True label 0 Full 0 4Bit 1 5Bit 1 6Bit 1
True label 0 Full 0 4Bit 1 5Bit 1 6Bit 1
True label 1 Full 1 4Bit 1 5Bit 1 6Bit 1
True label 1 Full 1 4Bit 1 5Bit 1 6Bit 1
True label 0 Full 0 4Bit 1 5Bit 1 6Bit 1
True label 0 Full 0 4Bit 1 5Bit 1 6Bit 1
True label 0 Full 0 4Bit 1 5Bit 1 6Bit 1
True label 1 Full 1 4Bit 1 5Bit 1 6Bit 1
True label 0 Full 0 4Bit 1 5Bit 1 6Bit 1
True label 0 Full 0 4Bit 1 5Bit 1 6Bit 1
True label 1 Full 1 4Bit 1 5Bit 1 6Bit 1
True label 0 Full 0 4Bit 1 5Bit 1 6Bit 1
True label 0 Full 0 4Bit 1 5Bit 1 6Bit 1
True label 0 Full 0 4Bit 1 5Bit 1 6Bit 1
True label 0 Full 0 4Bit 1 5Bit 1 6Bit 1
True label 0 Full 0 4Bit 1 5Bit 1 6Bit 1
True label 0 Full 0 4Bit 1 5Bit 1 6Bit 1
True label 1 Full 1 4Bit 1 5Bit 1 6Bit 1
True label 0 Full 0 4Bit 1 5Bit 1 6Bit 1
True label 0 Full 0 4Bit 1 5Bit 1 6Bit 1
True label 1 Full 1 4Bit 1 5Bit 1 6Bit 1
True label 0 Full 0 4Bit 1 5Bit 1 6Bit 1
True label 0 Full 0 4Bit 1 5Bit 1 6Bit 1
True label 1 Full 1 4Bit 1 5Bit 1 6Bit 1
True label 1 Full 1 4Bit 1 5Bit 1 6Bit 1
True label 1 Full 1 4Bit 1 5Bit 1 6Bit 1
True label 0 Full 0 4Bit 1 5Bit 1 6Bit 1
True label 0 Full 0 4Bit 1 5Bit 1 6Bit 1
True label 0 Full 0 4Bit 1 5Bit 1 6Bit 1
True label 1 Full 1 4Bit 1 5Bit 1 6Bit 1
True label 0 Full 0 4Bit 1 5Bit 1 6Bit 1
True label 0 Full 0 4Bit 1 5Bit 1 6Bit 1
True label 0 Full 1 4Bit 1 5Bit 1 6Bit 1
True label 0 Full 0 4Bit 1 5Bit 1 6Bit 1
True label 1 Full 1 4Bit 1 5Bit 1 6Bit 1
True label 1 Full 1 4Bit 1 5Bit 1 6Bit 1
True label 1 Full 1 4Bit 1 5Bit 1 6Bit 1
True label 0 Full 0 4Bit 1 5Bit 1 6Bit 1
True label 0 Full 1 4Bit 1 5Bit 1 6Bit 1
True label 0 Full 0 4Bit 1 5Bit 1 6Bit 1
True label 1 Full 1 4Bit 1 5Bit 1 6Bit 1
True label 0 Full 0 4Bit 1 5Bit 1 6Bit 1
True label 1 Full 1 4Bit 1 5Bit 1 6Bit 1
True label 0 Full 0 4Bit 1 5Bit 1 6Bit 1
True label 1 Full 1 4Bit 1 5Bit 1 6Bit 1
True label 0 Full 0 4Bit 1 5Bit 1 6Bit 1
True label 0 Full 0 4Bit 1 5Bit 1 6Bit 1
True label 1 Full 1 4Bit 1 5Bit 1 6Bit 1
True label 1 Full 1 4Bit 1 5Bit 1 6Bit 1
True label 1 Full 1 4Bit 1 5Bit 1 6Bit 1
True label 0 Full 0 4Bit 1 5Bit 1 6Bit 1
True label 1 Full 1 4Bit 1 5Bit 1 6Bit 1
True label 0 Full 0 4Bit 1 5Bit 1 6Bit 1
True label 0 Full 0 4Bit 1 5Bit 1 6Bit 1
True label 0 Full 0 4Bit 1 5Bit 1 6Bit 1
True label 0 Full 0 4Bit 1 5Bit 1 6Bit 1
True label 1 Full 1 4Bit 1 5Bit 1 6Bit 1
True label 0 Full 0 4Bit 1 5Bit 1 6Bit 1
True label 0 Full 0 4Bit 1 5Bit 1 6Bit 1
True label 1 Full 1 4Bit 1 5Bit 1 6Bit 1
True label 0 Full 0 4Bit 1 5Bit 1 6Bit 1
True label 1 Full 1 4Bit 1 5Bit 1 6Bit 1
True label 1 Full 1 4Bit 1 5Bit 1 6Bit 1
True label 0 Full 0 4Bit 1 5Bit 1 6Bit 1
True label 0 Full 0 4Bit 1 5Bit 1 6Bit 1
True label 1 Full 1 4Bit 1 5Bit 1 6Bit 1
True label 1 Full 1 4Bit 1 5Bit 1 6Bit 1
True label 1 Full 1 4Bit 1 5Bit 1 6Bit 1
True label 0 Full 0 4Bit 1 5Bit 1 6Bit 1
True label 1 Full 1 4Bit 1 5Bit 1 6Bit 1
True label 0 Full 0 4Bit 1 5Bit 1 6Bit 1
True label 1 Full 1 4Bit 1 5Bit 1 6Bit 1
True label 0 Full 0 4Bit 1 5Bit 1 6Bit 1
True label 1 Full 1 4Bit 1 5Bit 1 6Bit 1
True label 1 Full 1 4Bit 1 5Bit 1 6Bit 1
True label 1 Full 1 4Bit 1 5Bit 1 6Bit 1
True label 0 Full 0 4Bit 1 5Bit 1 6Bit 1
True label 0 Full 0 4Bit 1 5Bit 1 6Bit 1
True label 1 Full 1 4Bit 1 5Bit 1 6Bit 1
True label 1 Full 1 4Bit 1 5Bit 1 6Bit 1
True label 0 Full 0 4Bit 1 5Bit 1 6Bit 1
True label 0 Full 0 4Bit 1 5Bit 1 6Bit 1
True label 0 Full 0 4Bit 1 5Bit 1 6Bit 1
True label 1 Full 0 4Bit 1 5Bit 1 6Bit 1
True label 1 Full 1 4Bit 1 5Bit 1 6Bit 1
True label 0 Full 0 4Bit 1 5Bit 1 6Bit 1
True label 0 Full 0 4Bit 1 5Bit 1 6Bit 1
True label 0 Full 0 4Bit 1 5Bit 1 6Bit 1
True label 0 Full 0 4Bit 1 5Bit 1 6Bit 1
True label 1 Full 1 4Bit 1 5Bit 1 6Bit 1
True label 0 Full 0 4Bit 1 5Bit 1 6Bit 1
True label 1 Full 1 4Bit 1 5Bit 1 6Bit 1
True label 0 Full 0 4Bit 1 5Bit 1 6Bit 1
True label 0 Full 0 4Bit 1 5Bit 1 6Bit 1
True label 0 Full 0 4Bit 1 5Bit 1 6Bit 1
True label 1 Full 1 4Bit 1 5Bit 1 6Bit 1
True label 0 Full 0 4Bit 1 5Bit 1 6Bit 1
True label 1 Full 1 4Bit 1 5Bit 1 6Bit 1
True label 0 Full 0 4Bit 1 5Bit 1 6Bit 1
True label 1 Full 1 4Bit 1 5Bit 1 6Bit 1
True label 1 Full 1 4Bit 1 5Bit 1 6Bit 1
True label 1 Full 1 4Bit 1 5Bit 1 6Bit 1
True label 1 Full 1 4Bit 1 5Bit 1 6Bit 1
True label 0 Full 0 4Bit 1 5Bit 1 6Bit 1
True label 1 Full 1 4Bit 1 5Bit 1 6Bit 1
True label 1 Full 1 4Bit 1 5Bit 1 6Bit 1
True label 0 Full 0 4Bit 1 5Bit 1 6Bit 1
True label 0 Full 0 4Bit 1 5Bit 1 6Bit 1
True label 0 Full 0 4Bit 1 5Bit 1 6Bit 1
True label 1 Full 1 4Bit 1 5Bit 1 6Bit 1
True label 0 Full 0 4Bit 1 5Bit 1 6Bit 1
True label 1 Full 1 4Bit 1 5Bit 1 6Bit 1
True label 1 Full 1 4Bit 1 5Bit 1 6Bit 1
True label 0 Full 0 4Bit 1 5Bit 1 6Bit 1
True label 0 Full 0 4Bit 1 5Bit 1 6Bit 1
True label 0 Full 0 4Bit 1 5Bit 1 6Bit 1
True label 0 Full 0 4Bit 1 5Bit 1 6Bit 1
True label 1 Full 0 4Bit 1 5Bit 1 6Bit 1
True label 1 Full 1 4Bit 1 5Bit 1 6Bit 1
True label 0 Full 0 4Bit 1 5Bit 1 6Bit 1
True label 1 Full 1 4Bit 1 5Bit 1 6Bit 1
True label 1 Full 1 4Bit 1 5Bit 1 6Bit 1
True label 1 Full 1 4Bit 1 5Bit 1 6Bit 1
True label 0 Full 1 4Bit 1 5Bit 1 6Bit 1
True label 0 Full 0 4Bit 1 5Bit 1 6Bit 1
True label 0 Full 0 4Bit 1 5Bit 1 6Bit 1
True label 1 Full 1 4Bit 1 5Bit 1 6Bit 1
True label 0 Full 0 4Bit 1 5Bit 1 6Bit 1
True label 0 Full 0 4Bit 1 5Bit 1 6Bit 1
True label 1 Full 1 4Bit 1 5Bit 1 6Bit 1
True label 0 Full 0 4Bit 1 5Bit 1 6Bit 1
True label 1 Full 1 4Bit 1 5Bit 1 6Bit 1
True label 1 Full 0 4Bit 1 5Bit 1 6Bit 1
True label 0 Full 0 4Bit 1 5Bit 1 6Bit 1
True label 1 Full 1 4Bit 1 5Bit 1 6Bit 1
True label 0 Full 0 4Bit 1 5Bit 1 6Bit 1
True label 0 Full 0 4Bit 1 5Bit 1 6Bit 1
True label 1 Full 1 4Bit 1 5Bit 1 6Bit 1
True label 1 Full 0 4Bit 1 5Bit 1 6Bit 1
True label 1 Full 1 4Bit 1 5Bit 1 6Bit 1
True label 1 Full 0 4Bit 1 5Bit 1 6Bit 1
True label 1 Full 1 4Bit 1 5Bit 1 6Bit 1
True label 0 Full 0 4Bit 1 5Bit 1 6Bit 1
True label 0 Full 0 4Bit 1 5Bit 1 6Bit 1
True label 1 Full 1 4Bit 1 5Bit 1 6Bit 1
True label 0 Full 0 4Bit 1 5Bit 1 6Bit 1
True label 0 Full 0 4Bit 1 5Bit 1 6Bit 1
True label 1 Full 1 4Bit 1 5Bit 1 6Bit 1
True label 0 Full 0 4Bit 1 5Bit 1 6Bit 1
True label 0 Full 1 4Bit 1 5Bit 1 6Bit 1
True label 1 Full 0 4Bit 1 5Bit 1 6Bit 1
True label 0 Full 0 4Bit 1 5Bit 1 6Bit 1
True label 1 Full 1 4Bit 1 5Bit 1 6Bit 1
True label 0 Full 1 4Bit 1 5Bit 1 6Bit 1
True label 1 Full 1 4Bit 1 5Bit 1 6Bit 1
True label 1 Full 1 4Bit 1 5Bit 1 6Bit 1
True label 1 Full 1 4Bit 1 5Bit 1 6Bit 1
True label 0 Full 0 4Bit 1 5Bit 1 6Bit 1
True label 1 Full 1 4Bit 1 5Bit 1 6Bit 1
True label 0 Full 0 4Bit 1 5Bit 1 6Bit 1
True label 1 Full 1 4Bit 1 5Bit 1 6Bit 1
True label 1 Full 1 4Bit 1 5Bit 1 6Bit 1
True label 0 Full 0 4Bit 1 5Bit 1 6Bit 1
True label 1 Full 1 4Bit 1 5Bit 1 6Bit 1
True label 1 Full 1 4Bit 1 5Bit 1 6Bit 1
True label 0 Full 0 4Bit 1 5Bit 1 6Bit 1
True label 0 Full 0 4Bit 1 5Bit 1 6Bit 1
True label 1 Full 1 4Bit 1 5Bit 1 6Bit 1
True label 1 Full 1 4Bit 1 5Bit 1 6Bit 1
True label 0 Full 1 4Bit 1 5Bit 1 6Bit 1
True label 0 Full 0 4Bit 1 5Bit 1 6Bit 1
True label 1 Full 0 4Bit 1 5Bit 1 6Bit 1
True label 0 Full 0 4Bit 1 5Bit 1 6Bit 1
True label 1 Full 0 4Bit 1 5Bit 1 6Bit 1
True label 1 Full 1 4Bit 1 5Bit 1 6Bit 1
True label 1 Full 1 4Bit 1 5Bit 1 6Bit 1
True label 0 Full 0 4Bit 1 5Bit 1 6Bit 1
True label 0 Full 0 4Bit 1 5Bit 1 6Bit 1
True label 0 Full 0 4Bit 1 5Bit 1 6Bit 1
True label 0 Full 0 4Bit 1 5Bit 1 6Bit 1
True label 0 Full 0 4Bit 1 5Bit 1 6Bit 1
True label 1 Full 1 4Bit 1 5Bit 1 6Bit 1
True label 0 Full 0 4Bit 1 5Bit 1 6Bit 1
True label 0 Full 0 4Bit 1 5Bit 1 6Bit 1
True label 0 Full 0 4Bit 1 5Bit 1 6Bit 1
True label 1 Full 1 4Bit 1 5Bit 1 6Bit 1
True label 0 Full 0 4Bit 1 5Bit 1 6Bit 1
True label 0 Full 0 4Bit 1 5Bit 1 6Bit 1
True label 1 Full 1 4Bit 1 5Bit 1 6Bit 1
True label 0 Full 0 4Bit 1 5Bit 1 6Bit 1
True label 1 Full 1 4Bit 1 5Bit 1 6Bit 1
True label 0 Full 0 4Bit 1 5Bit 1 6Bit 1
True label 1 Full 1 4Bit 1 5Bit 1 6Bit 1
True label 0 Full 0 4Bit 1 5Bit 1 6Bit 1
True label 1 Full 1 4Bit 1 5Bit 1 6Bit 1
True label 1 Full 1 4Bit 1 5Bit 1 6Bit 1
True label 0 Full 0 4Bit 1 5Bit 1 6Bit 1
True label 0 Full 0 4Bit 1 5Bit 1 6Bit 1
True label 0 Full 0 4Bit 1 5Bit 1 6Bit 1
True label 1 Full 1 4Bit 1 5Bit 1 6Bit 1
True label 0 Full 0 4Bit 1 5Bit 1 6Bit 1
True label 1 Full 1 4Bit 1 5Bit 1 6Bit 1
True label 0 Full 0 4Bit 1 5Bit 1 6Bit 1
True label 0 Full 0 4Bit 1 5Bit 1 6Bit 1
True label 0 Full 0 4Bit 1 5Bit 1 6Bit 1
True label 0 Full 0 4Bit 1 5Bit 1 6Bit 1
True label 0 Full 0 4Bit 1 5Bit 1 6Bit 1
True label 0 Full 0 4Bit 1 5Bit 1 6Bit 1
True label 0 Full 0 4Bit 1 5Bit 1 6Bit 1
True label 1 Full 1 4Bit 1 5Bit 1 6Bit 1
True label 1 Full 0 4Bit 1 5Bit 1 6Bit 1
True label 1 Full 1 4Bit 1 5Bit 1 6Bit 1
True label 1 Full 1 4Bit 1 5Bit 1 6Bit 1
True label 1 Full 1 4Bit 1 5Bit 1 6Bit 1
True label 1 Full 1 4Bit 1 5Bit 1 6Bit 1
True label 0 Full 0 4Bit 1 5Bit 1 6Bit 1
True label 0 Full 0 4Bit 1 5Bit 1 6Bit 1
True label 0 Full 0 4Bit 1 5Bit 1 6Bit 1
True label 1 Full 1 4Bit 1 5Bit 1 6Bit 1
True label 1 Full 1 4Bit 1 5Bit 1 6Bit 1
True label 0 Full 0 4Bit 1 5Bit 1 6Bit 1
True label 0 Full 0 4Bit 1 5Bit 1 6Bit 1
True label 1 Full 0 4Bit 1 5Bit 1 6Bit 1
True label 1 Full 1 4Bit 1 5Bit 1 6Bit 1
True label 1 Full 0 4Bit 1 5Bit 1 6Bit 1
True label 0 Full 0 4Bit 1 5Bit 1 6Bit 1
True label 0 Full 0 4Bit 1 5Bit 1 6Bit 1
True label 1 Full 1 4Bit 1 5Bit 1 6Bit 1
True label 0 Full 0 4Bit 1 5Bit 1 6Bit 1
True label 1 Full 1 4Bit 1 5Bit 1 6Bit 1
True label 0 Full 0 4Bit 1 5Bit 1 6Bit 1
True label 1 Full 1 4Bit 1 5Bit 1 6Bit 1
True label 0 Full 0 4Bit 1 5Bit 1 6Bit 1
True label 1 Full 1 4Bit 1 5Bit 1 6Bit 1
True label 1 Full 1 4Bit 1 5Bit 1 6Bit 1
True label 0 Full 0 4Bit 1 5Bit 1 6Bit 1
True label 0 Full 0 4Bit 1 5Bit 1 6Bit 1
True label 0 Full 0 4Bit 1 5Bit 1 6Bit 1
True label 0 Full 0 4Bit 1 5Bit 1 6Bit 1
True label 0 Full 0 4Bit 1 5Bit 1 6Bit 1
True label 1 Full 1 4Bit 1 5Bit 1 6Bit 1
True label 0 Full 0 4Bit 1 5Bit 1 6Bit 1
True label 0 Full 0 4Bit 1 5Bit 1 6Bit 1
True label 1 Full 1 4Bit 1 5Bit 1 6Bit 1
True label 0 Full 0 4Bit 1 5Bit 1 6Bit 1
True label 1 Full 1 4Bit 1 5Bit 1 6Bit 1
True label 0 Full 0 4Bit 1 5Bit 1 6Bit 1
True label 1 Full 1 4Bit 1 5Bit 1 6Bit 1
True label 1 Full 1 4Bit 1 5Bit 1 6Bit 1
True label 0 Full 0 4Bit 1 5Bit 1 6Bit 1
True label 0 Full 0 4Bit 1 5Bit 1 6Bit 1
True label 1 Full 1 4Bit 1 5Bit 1 6Bit 1
True label 1 Full 0 4Bit 1 5Bit 1 6Bit 1
True label 0 Full 0 4Bit 1 5Bit 1 6Bit 1
True label 0 Full 0 4Bit 1 5Bit 1 6Bit 1
True label 0 Full 0 4Bit 1 5Bit 1 6Bit 1
True label 1 Full 1 4Bit 1 5Bit 1 6Bit 1
True label 0 Full 0 4Bit 1 5Bit 1 6Bit 1
True label 1 Full 0 4Bit 1 5Bit 1 6Bit 1
True label 1 Full 1 4Bit 1 5Bit 1 6Bit 1
True label 1 Full 1 4Bit 1 5Bit 1 6Bit 1
True label 1 Full 1 4Bit 1 5Bit 1 6Bit 1
True label 1 Full 1 4Bit 1 5Bit 1 6Bit 1
True label 1 Full 1 4Bit 1 5Bit 1 6Bit 1
True label 1 Full 1 4Bit 1 5Bit 1 6Bit 1
True label 1 Full 1 4Bit 1 5Bit 1 6Bit 1
True label 0 Full 0 4Bit 1 5Bit 1 6Bit 1
True label 1 Full 1 4Bit 1 5Bit 1 6Bit 1
True label 1 Full 1 4Bit 1 5Bit 1 6Bit 1
True label 1 Full 1 4Bit 1 5Bit 1 6Bit 1
True label 0 Full 0 4Bit 1 5Bit 1 6Bit 1
True label 1 Full 1 4Bit 1 5Bit 1 6Bit 1
True label 0 Full 0 4Bit 1 5Bit 1 6Bit 1
True label 0 Full 0 4Bit 1 5Bit 1 6Bit 1
True label 1 Full 0 4Bit 1 5Bit 1 6Bit 1
True label 0 Full 0 4Bit 1 5Bit 1 6Bit 1
True label 1 Full 0 4Bit 1 5Bit 1 6Bit 1
True label 1 Full 1 4Bit 1 5Bit 1 6Bit 1
True label 1 Full 1 4Bit 1 5Bit 1 6Bit 1
True label 0 Full 0 4Bit 1 5Bit 1 6Bit 1
True label 0 Full 0 4Bit 1 5Bit 1 6Bit 1
True label 0 Full 0 4Bit 1 5Bit 1 6Bit 1
True label 1 Full 1 4Bit 1 5Bit 1 6Bit 1
True label 1 Full 0 4Bit 1 5Bit 1 6Bit 1
True label 1 Full 1 4Bit 1 5Bit 1 6Bit 1
True label 1 Full 0 4Bit 1 5Bit 1 6Bit 1
True label 0 Full 0 4Bit 1 5Bit 1 6Bit 1
True label 0 Full 0 4Bit 1 5Bit 1 6Bit 1
True label 1 Full 1 4Bit 1 5Bit 1 6Bit 1
True label 1 Full 1 4Bit 1 5Bit 1 6Bit 1
True label 1 Full 1 4Bit 1 5Bit 1 6Bit 1
True label 0 Full 1 4Bit 1 5Bit 1 6Bit 1
True label 0 Full 0 4Bit 1 5Bit 1 6Bit 1
True label 0 Full 0 4Bit 1 5Bit 1 6Bit 1
True label 0 Full 0 4Bit 1 5Bit 1 6Bit 1
True label 0 Full 1 4Bit 1 5Bit 1 6Bit 1
True label 0 Full 0 4Bit 1 5Bit 1 6Bit 1
True label 1 Full 1 4Bit 1 5Bit 1 6Bit 1
True label 1 Full 0 4Bit 1 5Bit 1 6Bit 1
True label 1 Full 0 4Bit 1 5Bit 1 6Bit 1
True label 1 Full 1 4Bit 1 5Bit 1 6Bit 1
True label 0 Full 0 4Bit 1 5Bit 1 6Bit 1
True label 1 Full 0 4Bit 1 5Bit 1 6Bit 1
True label 1 Full 1 4Bit 1 5Bit 1 6Bit 1
True label 0 Full 0 4Bit 1 5Bit 1 6Bit 1
True label 0 Full 0 4Bit 1 5Bit 1 6Bit 1
True label 1 Full 1 4Bit 1 5Bit 1 6Bit 1
True label 1 Full 1 4Bit 1 5Bit 1 6Bit 1
True label 1 Full 1 4Bit 1 5Bit 1 6Bit 1
True label 0 Full 0 4Bit 1 5Bit 1 6Bit 1
True label 1 Full 1 4Bit 1 5Bit 1 6Bit 1
True label 1 Full 1 4Bit 1 5Bit 1 6Bit 1
True label 0 Full 1 4Bit 1 5Bit 1 6Bit 1
True label 1 Full 1 4Bit 1 5Bit 1 6Bit 1
True label 1 Full 1 4Bit 1 5Bit 1 6Bit 1
True label 0 Full 0 4Bit 1 5Bit 1 6Bit 1
True label 1 Full 1 4Bit 1 5Bit 1 6Bit 1
True label 0 Full 0 4Bit 1 5Bit 1 6Bit 1
True label 0 Full 0 4Bit 1 5Bit 1 6Bit 1
True label 0 Full 0 4Bit 1 5Bit 1 6Bit 1
True label 0 Full 0 4Bit 1 5Bit 1 6Bit 1
True label 1 Full 1 4Bit 1 5Bit 1 6Bit 1
True label 0 Full 0 4Bit 1 5Bit 1 6Bit 1
True label 0 Full 0 4Bit 1 5Bit 1 6Bit 1
True label 1 Full 1 4Bit 1 5Bit 1 6Bit 1
True label 0 Full 0 4Bit 1 5Bit 1 6Bit 1
True label 1 Full 0 4Bit 1 5Bit 1 6Bit 1
True label 0 Full 0 4Bit 1 5Bit 1 6Bit 1
True label 0 Full 0 4Bit 1 5Bit 1 6Bit 1
True label 1 Full 1 4Bit 1 5Bit 1 6Bit 1
True label 1 Full 1 4Bit 1 5Bit 1 6Bit 1
True label 1 Full 1 4Bit 1 5Bit 1 6Bit 1
True label 1 Full 1 4Bit 1 5Bit 1 6Bit 1
True label 1 Full 1 4Bit 1 5Bit 1 6Bit 1
True label 1 Full 1 4Bit 1 5Bit 1 6Bit 1
True label 0 Full 0 4Bit 1 5Bit 1 6Bit 1
True label 1 Full 1 4Bit 1 5Bit 1 6Bit 1
True label 0 Full 0 4Bit 1 5Bit 1 6Bit 1
True label 1 Full 1 4Bit 1 5Bit 1 6Bit 1
True label 0 Full 0 4Bit 1 5Bit 1 6Bit 1
True label 1 Full 1 4Bit 1 5Bit 1 6Bit 1
True label 1 Full 1 4Bit 1 5Bit 1 6Bit 1
True label 1 Full 0 4Bit 1 5Bit 1 6Bit 0
True label 0 Full 0 4Bit 1 5Bit 1 6Bit 1
True label 1 Full 1 4Bit 1 5Bit 1 6Bit 1
True label 1 Full 1 4Bit 1 5Bit 1 6Bit 1
True label 0 Full 0 4Bit 1 5Bit 1 6Bit 1
True label 0 Full 0 4Bit 1 5Bit 1 6Bit 1
True label 0 Full 0 4Bit 1 5Bit 1 6Bit 1
True label 0 Full 0 4Bit 1 5Bit 1 6Bit 1
True label 0 Full 0 4Bit 1 5Bit 1 6Bit 1
True label 1 Full 1 4Bit 1 5Bit 1 6Bit 1
True label 0 Full 0 4Bit 1 5Bit 1 6Bit 1
True label 0 Full 0 4Bit 1 5Bit 1 6Bit 1
True label 1 Full 1 4Bit 1 5Bit 1 6Bit 1
True label 1 Full 1 4Bit 1 5Bit 1 6Bit 1
True label 1 Full 1 4Bit 1 5Bit 1 6Bit 1
True label 1 Full 0 4Bit 1 5Bit 1 6Bit 1
True label 1 Full 1 4Bit 1 5Bit 1 6Bit 1
True label 0 Full 0 4Bit 1 5Bit 1 6Bit 1
True label 1 Full 1 4Bit 1 5Bit 1 6Bit 1
True label 1 Full 1 4Bit 1 5Bit 1 6Bit 1
True label 1 Full 1 4Bit 1 5Bit 1 6Bit 1
True label 1 Full 1 4Bit 1 5Bit 1 6Bit 1
True label 0 Full 0 4Bit 1 5Bit 1 6Bit 1
True label 1 Full 0 4Bit 1 5Bit 1 6Bit 1
True label 1 Full 1 4Bit 1 5Bit 1 6Bit 1
True label 0 Full 0 4Bit 1 5Bit 1 6Bit 1
True label 1 Full 1 4Bit 1 5Bit 1 6Bit 1
True label 0 Full 0 4Bit 1 5Bit 1 6Bit 1
True label 1 Full 1 4Bit 1 5Bit 1 6Bit 1
True label 0 Full 0 4Bit 1 5Bit 1 6Bit 1
True label 0 Full 0 4Bit 1 5Bit 1 6Bit 1
True label 0 Full 0 4Bit 1 5Bit 1 6Bit 1
True label 0 Full 0 4Bit 1 5Bit 1 6Bit 1
True label 1 Full 1 4Bit 1 5Bit 1 6Bit 1
True label 0 Full 0 4Bit 1 5Bit 1 6Bit 1
True label 1 Full 0 4Bit 1 5Bit 1 6Bit 1
True label 1 Full 1 4Bit 1 5Bit 1 6Bit 1
True label 0 Full 0 4Bit 1 5Bit 1 6Bit 1
True label 0 Full 0 4Bit 1 5Bit 1 6Bit 1
True label 1 Full 1 4Bit 1 5Bit 1 6Bit 1
True label 0 Full 0 4Bit 1 5Bit 1 6Bit 1
True label 0 Full 0 4Bit 1 5Bit 1 6Bit 1
True label 1 Full 1 4Bit 1 5Bit 1 6Bit 1
True label 0 Full 0 4Bit 1 5Bit 1 6Bit 1
True label 0 Full 0 4Bit 1 5Bit 1 6Bit 1
True label 1 Full 1 4Bit 1 5Bit 1 6Bit 1
True label 1 Full 1 4Bit 1 5Bit 1 6Bit 1
True label 0 Full 1 4Bit 1 5Bit 1 6Bit 1
True label 1 Full 1 4Bit 1 5Bit 1 6Bit 1
True label 1 Full 1 4Bit 1 5Bit 1 6Bit 1
True label 0 Full 0 4Bit 1 5Bit 1 6Bit 1
True label 1 Full 1 4Bit 1 5Bit 1 6Bit 1
True label 0 Full 0 4Bit 1 5Bit 1 6Bit 1
True label 1 Full 1 4Bit 1 5Bit 1 6Bit 1
True label 0 Full 0 4Bit 1 5Bit 1 6Bit 1
True label 0 Full 0 4Bit 1 5Bit 1 6Bit 1
True label 0 Full 0 4Bit 1 5Bit 1 6Bit 1
True label 1 Full 1 4Bit 1 5Bit 1 6Bit 1
True label 1 Full 1 4Bit 1 5Bit 1 6Bit 1
True label 1 Full 0 4Bit 1 5Bit 1 6Bit 1
True label 0 Full 0 4Bit 1 5Bit 1 6Bit 1
True label 0 Full 0 4Bit 1 5Bit 1 6Bit 1
True label 1 Full 1 4Bit 1 5Bit 1 6Bit 1
True label 1 Full 1 4Bit 1 5Bit 1 6Bit 1
True label 1 Full 1 4Bit 1 5Bit 1 6Bit 1
True label 0 Full 0 4Bit 1 5Bit 1 6Bit 1
True label 1 Full 1 4Bit 1 5Bit 1 6Bit 1
True label 0 Full 0 4Bit 1 5Bit 1 6Bit 1
True label 1 Full 1 4Bit 1 5Bit 1 6Bit 1
True label 1 Full 1 4Bit 1 5Bit 1 6Bit 1
True label 0 Full 1 4Bit 1 5Bit 1 6Bit 1
True label 0 Full 0 4Bit 1 5Bit 1 6Bit 1
True label 0 Full 0 4Bit 1 5Bit 1 6Bit 1
True label 0 Full 0 4Bit 1 5Bit 1 6Bit 1
True label 0 Full 0 4Bit 1 5Bit 1 6Bit 1
True label 0 Full 0 4Bit 1 5Bit 1 6Bit 1
True label 1 Full 0 4Bit 1 5Bit 1 6Bit 1
True label 0 Full 1 4Bit 1 5Bit 1 6Bit 1
True label 0 Full 0 4Bit 1 5Bit 1 6Bit 1
True label 0 Full 0 4Bit 1 5Bit 1 6Bit 1
True label 1 Full 1 4Bit 1 5Bit 1 6Bit 1
True label 1 Full 1 4Bit 1 5Bit 1 6Bit 1
True label 1 Full 1 4Bit 1 5Bit 1 6Bit 1
True label 1 Full 1 4Bit 1 5Bit 1 6Bit 1
True label 1 Full 1 4Bit 1 5Bit 1 6Bit 1
True label 1 Full 1 4Bit 1 5Bit 1 6Bit 1
True label 0 Full 0 4Bit 1 5Bit 1 6Bit 1
True label 0 Full 1 4Bit 1 5Bit 1 6Bit 1
True label 0 Full 0 4Bit 1 5Bit 1 6Bit 1
True label 0 Full 0 4Bit 1 5Bit 1 6Bit 1
True label 0 Full 0 4Bit 1 5Bit 1 6Bit 1
True label 1 Full 1 4Bit 1 5Bit 1 6Bit 1
True label 1 Full 1 4Bit 1 5Bit 1 6Bit 1
True label 0 Full 0 4Bit 1 5Bit 1 6Bit 1
True label 1 Full 1 4Bit 1 5Bit 1 6Bit 1
True label 0 Full 1 4Bit 1 5Bit 1 6Bit 1
True label 0 Full 0 4Bit 1 5Bit 1 6Bit 1
True label 1 Full 0 4Bit 1 5Bit 1 6Bit 1
True label 0 Full 1 4Bit 1 5Bit 1 6Bit 1
True label 1 Full 0 4Bit 1 5Bit 1 6Bit 1
True label 0 Full 0 4Bit 1 5Bit 1 6Bit 1
True label 1 Full 1 4Bit 1 5Bit 1 6Bit 1
True label 0 Full 0 4Bit 1 5Bit 1 6Bit 1
True label 1 Full 1 4Bit 1 5Bit 1 6Bit 1
True label 0 Full 0 4Bit 1 5Bit 1 6Bit 1
True label 1 Full 1 4Bit 1 5Bit 1 6Bit 1
True label 0 Full 0 4Bit 1 5Bit 1 6Bit 1
True label 0 Full 0 4Bit 1 5Bit 1 6Bit 1
True label 1 Full 0 4Bit 1 5Bit 1 6Bit 1
True label 0 Full 0 4Bit 1 5Bit 1 6Bit 1
True label 0 Full 0 4Bit 1 5Bit 1 6Bit 1
True label 0 Full 0 4Bit 1 5Bit 1 6Bit 1
True label 1 Full 1 4Bit 1 5Bit 1 6Bit 1
True label 0 Full 0 4Bit 1 5Bit 1 6Bit 1
True label 0 Full 0 4Bit 1 5Bit 1 6Bit 1
True label 0 Full 0 4Bit 1 5Bit 1 6Bit 1
True label 1 Full 1 4Bit 1 5Bit 1 6Bit 1
True label 1 Full 1 4Bit 1 5Bit 1 6Bit 1
True label 1 Full 1 4Bit 1 5Bit 1 6Bit 1
True label 0 Full 0 4Bit 1 5Bit 1 6Bit 1
True label 1 Full 1 4Bit 1 5Bit 1 6Bit 1
True label 1 Full 1 4Bit 1 5Bit 1 6Bit 1
True label 0 Full 0 4Bit 1 5Bit 1 6Bit 1
True label 0 Full 0 4Bit 1 5Bit 1 6Bit 1
True label 1 Full 1 4Bit 1 5Bit 1 6Bit 1
True label 1 Full 1 4Bit 1 5Bit 1 6Bit 1
True label 0 Full 0 4Bit 1 5Bit 1 6Bit 1
True label 0 Full 0 4Bit 1 5Bit 1 6Bit 1
True label 1 Full 0 4Bit 1 5Bit 1 6Bit 1
True label 1 Full 1 4Bit 1 5Bit 1 6Bit 1
True label 0 Full 0 4Bit 1 5Bit 1 6Bit 1
True label 0 Full 0 4Bit 1 5Bit 1 6Bit 1
True label 0 Full 1 4Bit 1 5Bit 1 6Bit 1
True label 0 Full 0 4Bit 1 5Bit 1 6Bit 1
True label 1 Full 1 4Bit 1 5Bit 1 6Bit 1
True label 0 Full 0 4Bit 1 5Bit 1 6Bit 1
True label 0 Full 0 4Bit 1 5Bit 1 6Bit 1
True label 0 Full 1 4Bit 1 5Bit 1 6Bit 1
True label 1 Full 1 4Bit 1 5Bit 1 6Bit 1
True label 0 Full 1 4Bit 1 5Bit 1 6Bit 1
True label 1 Full 1 4Bit 1 5Bit 1 6Bit 1
True label 1 Full 1 4Bit 1 5Bit 1 6Bit 1
True label 0 Full 0 4Bit 1 5Bit 1 6Bit 1
True label 0 Full 0 4Bit 1 5Bit 1 6Bit 1
True label 0 Full 0 4Bit 1 5Bit 1 6Bit 1
True label 1 Full 1 4Bit 1 5Bit 1 6Bit 1
True label 1 Full 1 4Bit 1 5Bit 1 6Bit 1
True label 0 Full 1 4Bit 1 5Bit 1 6Bit 1
True label 1 Full 1 4Bit 1 5Bit 1 6Bit 1
True label 1 Full 1 4Bit 1 5Bit 1 6Bit 1
True label 0 Full 0 4Bit 1 5Bit 1 6Bit 1
True label 0 Full 0 4Bit 1 5Bit 1 6Bit 1
True label 1 Full 1 4Bit 1 5Bit 1 6Bit 1
True label 1 Full 0 4Bit 1 5Bit 1 6Bit 1
True label 1 Full 1 4Bit 1 5Bit 1 6Bit 1
True label 0 Full 0 4Bit 1 5Bit 1 6Bit 1
True label 0 Full 0 4Bit 1 5Bit 1 6Bit 1
True label 0 Full 0 4Bit 1 5Bit 1 6Bit 1
True label 0 Full 0 4Bit 1 5Bit 1 6Bit 1
True label 1 Full 1 4Bit 1 5Bit 1 6Bit 1
True label 1 Full 1 4Bit 1 5Bit 1 6Bit 1
True label 0 Full 0 4Bit 1 5Bit 1 6Bit 1
True label 0 Full 0 4Bit 1 5Bit 1 6Bit 1
True label 0 Full 0 4Bit 1 5Bit 1 6Bit 1
True label 1 Full 0 4Bit 1 5Bit 1 6Bit 1
True label 0 Full 0 4Bit 1 5Bit 1 6Bit 1
True label 1 Full 1 4Bit 1 5Bit 1 6Bit 1
True label 1 Full 1 4Bit 1 5Bit 1 6Bit 1
True label 0 Full 0 4Bit 1 5Bit 1 6Bit 1
True label 1 Full 1 4Bit 1 5Bit 1 6Bit 1
True label 1 Full 1 4Bit 1 5Bit 1 6Bit 1
True label 1 Full 1 4Bit 1 5Bit 1 6Bit 1
True label 1 Full 1 4Bit 1 5Bit 1 6Bit 1
True label 0 Full 0 4Bit 1 5Bit 1 6Bit 1
True label 1 Full 1 4Bit 1 5Bit 1 6Bit 1
True label 0 Full 0 4Bit 1 5Bit 1 6Bit 1
True label 0 Full 0 4Bit 1 5Bit 1 6Bit 1
True label 1 Full 1 4Bit 1 5Bit 1 6Bit 1
True label 1 Full 0 4Bit 1 5Bit 1 6Bit 1
True label 1 Full 1 4Bit 1 5Bit 1 6Bit 1
True label 1 Full 1 4Bit 1 5Bit 1 6Bit 1
True label 0 Full 0 4Bit 1 5Bit 1 6Bit 1
True label 0 Full 0 4Bit 1 5Bit 1 6Bit 1
True label 0 Full 1 4Bit 1 5Bit 1 6Bit 1
True label 1 Full 1 4Bit 1 5Bit 1 6Bit 1
True label 0 Full 0 4Bit 1 5Bit 1 6Bit 1
True label 0 Full 0 4Bit 1 5Bit 1 6Bit 1
True label 1 Full 1 4Bit 1 5Bit 1 6Bit 1
True label 0 Full 0 4Bit 1 5Bit 1 6Bit 1
True label 0 Full 0 4Bit 1 5Bit 1 6Bit 1
True label 0 Full 0 4Bit 1 5Bit 1 6Bit 1
True label 0 Full 0 4Bit 1 5Bit 1 6Bit 1
True label 1 Full 1 4Bit 1 5Bit 1 6Bit 1
True label 1 Full 1 4Bit 1 5Bit 1 6Bit 1
True label 0 Full 0 4Bit 1 5Bit 1 6Bit 1
True label 0 Full 0 4Bit 1 5Bit 1 6Bit 1
True label 1 Full 1 4Bit 1 5Bit 1 6Bit 1
True label 1 Full 1 4Bit 1 5Bit 1 6Bit 1
True label 0 Full 0 4Bit 1 5Bit 1 6Bit 1
True label 1 Full 1 4Bit 1 5Bit 1 6Bit 1
True label 1 Full 1 4Bit 1 5Bit 1 6Bit 1
True label 1 Full 0 4Bit 1 5Bit 1 6Bit 1
True label 0 Full 0 4Bit 1 5Bit 1 6Bit 1
True label 1 Full 1 4Bit 1 5Bit 1 6Bit 1
True label 1 Full 1 4Bit 1 5Bit 1 6Bit 1
True label 0 Full 0 4Bit 1 5Bit 1 6Bit 1
True label 0 Full 0 4Bit 1 5Bit 1 6Bit 1
True label 0 Full 0 4Bit 1 5Bit 1 6Bit 1
True label 0 Full 0 4Bit 1 5Bit 1 6Bit 1
True label 0 Full 0 4Bit 1 5Bit 1 6Bit 1
True label 1 Full 1 4Bit 1 5Bit 1 6Bit 1
True label 0 Full 0 4Bit 1 5Bit 1 6Bit 1
True label 1 Full 1 4Bit 1 5Bit 1 6Bit 1
True label 0 Full 0 4Bit 1 5Bit 1 6Bit 1
True label 1 Full 1 4Bit 1 5Bit 1 6Bit 1
True label 1 Full 1 4Bit 1 5Bit 1 6Bit 1
True label 1 Full 1 4Bit 1 5Bit 1 6Bit 1
True label 1 Full 1 4Bit 1 5Bit 1 6Bit 1
True label 1 Full 0 4Bit 1 5Bit 1 6Bit 1
True label 0 Full 1 4Bit 1 5Bit 1 6Bit 1
True label 0 Full 0 4Bit 1 5Bit 1 6Bit 1
True label 0 Full 0 4Bit 1 5Bit 1 6Bit 1
True label 1 Full 1 4Bit 1 5Bit 1 6Bit 1
True label 0 Full 0 4Bit 1 5Bit 1 6Bit 1
True label 0 Full 0 4Bit 1 5Bit 1 6Bit 1
True label 0 Full 0 4Bit 1 5Bit 1 6Bit 1
True label 0 Full 0 4Bit 1 5Bit 1 6Bit 1
True label 0 Full 0 4Bit 1 5Bit 1 6Bit 1
True label 1 Full 0 4Bit 1 5Bit 1 6Bit 1
True label 0 Full 0 4Bit 1 5Bit 1 6Bit 1
True label 1 Full 1 4Bit 1 5Bit 1 6Bit 1
True label 0 Full 0 4Bit 1 5Bit 1 6Bit 1
True label 1 Full 0 4Bit 1 5Bit 1 6Bit 1
True label 0 Full 1 4Bit 1 5Bit 1 6Bit 1
True label 0 Full 0 4Bit 1 5Bit 1 6Bit 1
True label 1 Full 1 4Bit 1 5Bit 1 6Bit 1
True label 1 Full 1 4Bit 1 5Bit 1 6Bit 1
True label 0 Full 0 4Bit 1 5Bit 1 6Bit 1
True label 1 Full 1 4Bit 1 5Bit 1 6Bit 1
True label 1 Full 1 4Bit 1 5Bit 1 6Bit 1
True label 0 Full 0 4Bit 1 5Bit 1 6Bit 1
True label 1 Full 1 4Bit 1 5Bit 1 6Bit 1
True label 1 Full 1 4Bit 1 5Bit 1 6Bit 1
True label 0 Full 0 4Bit 1 5Bit 1 6Bit 1
True label 0 Full 0 4Bit 1 5Bit 1 6Bit 1
Test accuracy: Full: 0.9 4bit: 0.519 5bit: 0.519 6bit: 0.518
{'test_acc': [0.9, 0.519, 0.519, 0.518], 'final_out_mse': [0.01752034849031347, 1.023097047418256, 5.696751480409431, 0.47960498338658497], 'mfr': [125.26648020833333, 121.35343802083334, 124.97969296875, 125.21319479166667]}
[2020-09-14 01:34:26.812768] test = nan
