No module named 'brian2'
No module named 'brian2'
No module named 'brian2'
No module named 'torch'
No module named 'torch'
No module named 'rpyc'
No module named 'rpyc'
No module named 'rpyc'
cannot import name 'FFExpSynBrian'
/home/ssolin/rockpool/rockpool/utilities/__init__.py:56: UserWarning: Could not load package .gpl.timedarray_shift
  warn("Could not load package " + strModule)
/home/ssolin/rockpool/rockpool/layers/__init__.py:105: UserWarning: Could not load package .gpl.iaf_brian
  warn("Could not load package " + strModule)
/home/ssolin/rockpool/rockpool/layers/__init__.py:105: UserWarning: Could not load package .gpl.exp_synapses_brian
  warn("Could not load package " + strModule)
/home/ssolin/rockpool/rockpool/layers/__init__.py:105: UserWarning: Could not load package .gpl.pytorch.exp_synapses_torch
  warn("Could not load package " + strModule)
/home/ssolin/rockpool/rockpool/layers/__init__.py:105: UserWarning: Could not load package .gpl.pytorch.iaf_torch
  warn("Could not load package " + strModule)
/home/ssolin/rockpool/rockpool/devices/__init__.py:68: UserWarning: Could not load package .dynapse_control_extd
  warn("Could not load package " + strModule)
/home/ssolin/rockpool/rockpool/devices/__init__.py:68: UserWarning: Could not load package .dynapse_control
  warn("Could not load package " + strModule)
/home/ssolin/rockpool/rockpool/layers/__init__.py:105: UserWarning: Could not load package .gpl.devices.dynap_hw
  warn("Could not load package " + strModule)
/home/ssolin/rockpool/rockpool/networks/__init__.py:61: UserWarning: Could not load package .gpl.net_deneve
  warn("Could not load package " + strModule)
[INFO] [2020.9.14 15:33:2 /home/conda/feedstock_root/build_artifacts/nest-simulator_1583214387968/work/nestkernel/rng_manager.cpp:217 @ Network::create_rngs_] : Creating default RNGs
[INFO] [2020.9.14 15:33:2 /home/conda/feedstock_root/build_artifacts/nest-simulator_1583214387968/work/nestkernel/rng_manager.cpp:260 @ Network::create_grng_] : Creating new default global RNG

              -- N E S T --
  Copyright (C) 2004 The NEST Initiative

 Version: nest-2.20.0
 Built: Mar  3 2020 05:50:26

 This program is provided AS IS and comes with
 NO WARRANTY. See the file LICENSE for details.

 Problems or suggestions?
   Visit https://www.nest-simulator.org

 Type 'nest.help()' to find out more about NEST.


Sep 14 15:33:02 ModelManager::clear_models_ [Info]: 
    Models will be cleared and parameters reset.

Sep 14 15:33:02 Network::create_rngs_ [Info]: 
    Deleting existing random number generators

Sep 14 15:33:02 Network::create_rngs_ [Info]: 
    Creating default RNGs

Sep 14 15:33:02 Network::create_grng_ [Info]: 
    Creating new default global RNG
[INFO] [2020.9.14 15:33:2 /home/conda/feedstock_root/build_artifacts/nest-simulator_1583214387968/work/nestkernel/rng_manager.cpp:217 @ Network::create_rngs_] : Creating default RNGs
[INFO] [2020.9.14 15:33:2 /home/conda/feedstock_root/build_artifacts/nest-simulator_1583214387968/work/nestkernel/rng_manager.cpp:260 @ Network::create_grng_] : Creating new default global RNG

              -- N E S T --
  Copyright (C) 2004 The NEST Initiative

 Version: nest-2.20.0
 Built: Mar  3 2020 05:50:26

 This program is provided AS IS and comes with
 NO WARRANTY. See the file LICENSE for details.

 Problems or suggestions?
   Visit https://www.nest-simulator.org

 Type 'nest.help()' to find out more about NEST.


Sep 14 15:33:02 ModelManager::clear_models_ [Info]: 
    Models will be cleared and parameters reset.

Sep 14 15:33:02 Network::create_rngs_ [Info]: 
    Deleting existing random number generators

Sep 14 15:33:02 Network::create_rngs_ [Info]: 
    Creating default RNGs

Sep 14 15:33:02 Network::create_grng_ [Info]: 
    Creating new default global RNG
[INFO] [2020.9.14 15:33:2 /home/conda/feedstock_root/build_artifacts/nest-simulator_1583214387968/work/nestkernel/rng_manager.cpp:217 @ Network::create_rngs_] : Creating default RNGs
[INFO] [2020.9.14 15:33:2 /home/conda/feedstock_root/build_artifacts/nest-simulator_1583214387968/work/nestkernel/rng_manager.cpp:260 @ Network::create_grng_] : Creating new default global RNG

              -- N E S T --
  Copyright (C) 2004 The NEST Initiative

 Version: nest-2.20.0
 Built: Mar  3 2020 05:50:26

 This program is provided AS IS and comes with
 NO WARRANTY. See the file LICENSE for details.

 Problems or suggestions?
   Visit https://www.nest-simulator.org

 Type 'nest.help()' to find out more about NEST.


Sep 14 15:33:02 ModelManager::clear_models_ [Info]: 
    Models will be cleared and parameters reset.

Sep 14 15:33:02 Network::create_rngs_ [Info]: 
    Deleting existing random number generators

Sep 14 15:33:02 Network::create_rngs_ [Info]: 
    Creating default RNGs

Sep 14 15:33:02 Network::create_grng_ [Info]: 
    Creating new default global RNG
[INFO] [2020.9.14 15:33:2 /home/conda/feedstock_root/build_artifacts/nest-simulator_1583214387968/work/nestkernel/rng_manager.cpp:217 @ Network::create_rngs_] : Creating default RNGs
[INFO] [2020.9.14 15:33:2 /home/conda/feedstock_root/build_artifacts/nest-simulator_1583214387968/work/nestkernel/rng_manager.cpp:260 @ Network::create_grng_] : Creating new default global RNG

              -- N E S T --
  Copyright (C) 2004 The NEST Initiative

 Version: nest-2.20.0
 Built: Mar  3 2020 05:50:26

 This program is provided AS IS and comes with
 NO WARRANTY. See the file LICENSE for details.

 Problems or suggestions?
   Visit https://www.nest-simulator.org

 Type 'nest.help()' to find out more about NEST.


Sep 14 15:33:02 ModelManager::clear_models_ [Info]: 
    Models will be cleared and parameters reset.

Sep 14 15:33:02 Network::create_rngs_ [Info]: 
    Deleting existing random number generators

Sep 14 15:33:02 Network::create_rngs_ [Info]: 
    Creating default RNGs

Sep 14 15:33:02 Network::create_grng_ [Info]: 
    Creating new default global RNG
[INFO] [2020.9.14 15:33:2 /home/conda/feedstock_root/build_artifacts/nest-simulator_1583214387968/work/nestkernel/rng_manager.cpp:217 @ Network::create_rngs_] : Creating default RNGs
[INFO] [2020.9.14 15:33:2 /home/conda/feedstock_root/build_artifacts/nest-simulator_1583214387968/work/nestkernel/rng_manager.cpp:260 @ Network::create_grng_] : Creating new default global RNG

              -- N E S T --
  Copyright (C) 2004 The NEST Initiative

 Version: nest-2.20.0
 Built: Mar  3 2020 05:50:26

 This program is provided AS IS and comes with
 NO WARRANTY. See the file LICENSE for details.

 Problems or suggestions?
   Visit https://www.nest-simulator.org

 Type 'nest.help()' to find out more about NEST.


Sep 14 15:33:02 ModelManager::clear_models_ [Info]: 
    Models will be cleared and parameters reset.

Sep 14 15:33:02 Network::create_rngs_ [Info]: 
    Deleting existing random number generators

Sep 14 15:33:02 Network::create_rngs_ [Info]: 
    Creating default RNGs

Sep 14 15:33:02 Network::create_grng_ [Info]: 
    Creating new default global RNG
[INFO] [2020.9.14 15:33:3 /home/conda/feedstock_root/build_artifacts/nest-simulator_1583214387968/work/nestkernel/rng_manager.cpp:217 @ Network::create_rngs_] : Creating default RNGs
[INFO] [2020.9.14 15:33:3 /home/conda/feedstock_root/build_artifacts/nest-simulator_1583214387968/work/nestkernel/rng_manager.cpp:260 @ Network::create_grng_] : Creating new default global RNG

              -- N E S T --
  Copyright (C) 2004 The NEST Initiative

 Version: nest-2.20.0
 Built: Mar  3 2020 05:50:26

 This program is provided AS IS and comes with
 NO WARRANTY. See the file LICENSE for details.

 Problems or suggestions?
   Visit https://www.nest-simulator.org

 Type 'nest.help()' to find out more about NEST.


Sep 14 15:33:03 ModelManager::clear_models_ [Info]: 
    Models will be cleared and parameters reset.

Sep 14 15:33:03 Network::create_rngs_ [Info]: 
    Deleting existing random number generators

Sep 14 15:33:03 Network::create_rngs_ [Info]: 
    Creating default RNGs

Sep 14 15:33:03 Network::create_grng_ [Info]: 
    Creating new default global RNG
[INFO] [2020.9.14 15:33:3 /home/conda/feedstock_root/build_artifacts/nest-simulator_1583214387968/work/nestkernel/rng_manager.cpp:217 @ Network::create_rngs_] : Creating default RNGs
[INFO] [2020.9.14 15:33:3 /home/conda/feedstock_root/build_artifacts/nest-simulator_1583214387968/work/nestkernel/rng_manager.cpp:260 @ Network::create_grng_] : Creating new default global RNG

              -- N E S T --
  Copyright (C) 2004 The NEST Initiative

 Version: nest-2.20.0
 Built: Mar  3 2020 05:50:26

 This program is provided AS IS and comes with
 NO WARRANTY. See the file LICENSE for details.

 Problems or suggestions?
   Visit https://www.nest-simulator.org

 Type 'nest.help()' to find out more about NEST.


Sep 14 15:33:03 ModelManager::clear_models_ [Info]: 
    Models will be cleared and parameters reset.

Sep 14 15:33:03 Network::create_rngs_ [Info]: 
    Deleting existing random number generators

Sep 14 15:33:03 Network::create_rngs_ [Info]: 
    Creating default RNGs

Sep 14 15:33:03 Network::create_grng_ [Info]: 
    Creating new default global RNG
[INFO] [2020.9.14 15:33:3 /home/conda/feedstock_root/build_artifacts/nest-simulator_1583214387968/work/nestkernel/rng_manager.cpp:217 @ Network::create_rngs_] : Creating default RNGs
[INFO] [2020.9.14 15:33:3 /home/conda/feedstock_root/build_artifacts/nest-simulator_1583214387968/work/nestkernel/rng_manager.cpp:260 @ Network::create_grng_] : Creating new default global RNG

              -- N E S T --
  Copyright (C) 2004 The NEST Initiative

 Version: nest-2.20.0
 Built: Mar  3 2020 05:50:26

 This program is provided AS IS and comes with
 NO WARRANTY. See the file LICENSE for details.

 Problems or suggestions?
   Visit https://www.nest-simulator.org

 Type 'nest.help()' to find out more about NEST.


Sep 14 15:33:03 ModelManager::clear_models_ [Info]: 
    Models will be cleared and parameters reset.

Sep 14 15:33:03 Network::create_rngs_ [Info]: 
    Deleting existing random number generators

Sep 14 15:33:03 Network::create_rngs_ [Info]: 
    Creating default RNGs

Sep 14 15:33:03 Network::create_grng_ [Info]: 
    Creating new default global RNG
[INFO] [2020.9.14 15:33:3 /home/conda/feedstock_root/build_artifacts/nest-simulator_1583214387968/work/nestkernel/rng_manager.cpp:217 @ Network::create_rngs_] : Creating default RNGs
[INFO] [2020.9.14 15:33:3 /home/conda/feedstock_root/build_artifacts/nest-simulator_1583214387968/work/nestkernel/rng_manager.cpp:260 @ Network::create_grng_] : Creating new default global RNG

              -- N E S T --
  Copyright (C) 2004 The NEST Initiative

 Version: nest-2.20.0
 Built: Mar  3 2020 05:50:26

 This program is provided AS IS and comes with
 NO WARRANTY. See the file LICENSE for details.

 Problems or suggestions?
   Visit https://www.nest-simulator.org

 Type 'nest.help()' to find out more about NEST.


Sep 14 15:33:03 ModelManager::clear_models_ [Info]: 
    Models will be cleared and parameters reset.

Sep 14 15:33:03 Network::create_rngs_ [Info]: 
    Deleting existing random number generators

Sep 14 15:33:03 Network::create_rngs_ [Info]: 
    Creating default RNGs

Sep 14 15:33:03 Network::create_grng_ [Info]: 
    Creating new default global RNG
[INFO] [2020.9.14 15:33:3 /home/conda/feedstock_root/build_artifacts/nest-simulator_1583214387968/work/nestkernel/rng_manager.cpp:217 @ Network::create_rngs_] : Creating default RNGs
[INFO] [2020.9.14 15:33:3 /home/conda/feedstock_root/build_artifacts/nest-simulator_1583214387968/work/nestkernel/rng_manager.cpp:260 @ Network::create_grng_] : Creating new default global RNG

              -- N E S T --
  Copyright (C) 2004 The NEST Initiative

 Version: nest-2.20.0
 Built: Mar  3 2020 05:50:26

 This program is provided AS IS and comes with
 NO WARRANTY. See the file LICENSE for details.

 Problems or suggestions?
   Visit https://www.nest-simulator.org

 Type 'nest.help()' to find out more about NEST.


Sep 14 15:33:03 ModelManager::clear_models_ [Info]: 
    Models will be cleared and parameters reset.

Sep 14 15:33:03 Network::create_rngs_ [Info]: 
    Deleting existing random number generators

Sep 14 15:33:03 Network::create_rngs_ [Info]: 
    Creating default RNGs

Sep 14 15:33:03 Network::create_grng_ [Info]: 
    Creating new default global RNG
[INFO] [2020.9.14 15:33:3 /home/conda/feedstock_root/build_artifacts/nest-simulator_1583214387968/work/nestkernel/rng_manager.cpp:217 @ Network::create_rngs_] : Creating default RNGs
[INFO] [2020.9.14 15:33:3 /home/conda/feedstock_root/build_artifacts/nest-simulator_1583214387968/work/nestkernel/rng_manager.cpp:260 @ Network::create_grng_] : Creating new default global RNG

              -- N E S T --
  Copyright (C) 2004 The NEST Initiative

 Version: nest-2.20.0
 Built: Mar  3 2020 05:50:26

 This program is provided AS IS and comes with
 NO WARRANTY. See the file LICENSE for details.

 Problems or suggestions?
   Visit https://www.nest-simulator.org

 Type 'nest.help()' to find out more about NEST.


Sep 14 15:33:03 ModelManager::clear_models_ [Info]: 
    Models will be cleared and parameters reset.

Sep 14 15:33:03 Network::create_rngs_ [Info]: 
    Deleting existing random number generators

Sep 14 15:33:03 Network::create_rngs_ [Info]: 
    Creating default RNGs

Sep 14 15:33:03 Network::create_grng_ [Info]: 
    Creating new default global RNG
[INFO] [2020.9.14 15:33:3 /home/conda/feedstock_root/build_artifacts/nest-simulator_1583214387968/work/nestkernel/rng_manager.cpp:217 @ Network::create_rngs_] : Creating default RNGs
[INFO] [2020.9.14 15:33:3 /home/conda/feedstock_root/build_artifacts/nest-simulator_1583214387968/work/nestkernel/rng_manager.cpp:260 @ Network::create_grng_] : Creating new default global RNG

              -- N E S T --
  Copyright (C) 2004 The NEST Initiative

 Version: nest-2.20.0
 Built: Mar  3 2020 05:50:26

 This program is provided AS IS and comes with
 NO WARRANTY. See the file LICENSE for details.

 Problems or suggestions?
   Visit https://www.nest-simulator.org

 Type 'nest.help()' to find out more about NEST.


Sep 14 15:33:04 ModelManager::clear_models_ [Info]: 
    Models will be cleared and parameters reset.

Sep 14 15:33:04 Network::create_rngs_ [Info]: 
    Deleting existing random number generators

Sep 14 15:33:04 Network::create_rngs_ [Info]: 
    Creating default RNGs

Sep 14 15:33:04 Network::create_grng_ [Info]: 
    Creating new default global RNG
[INFO] - HeySnips -  Running with tracking deactivated
gain 5.146464646464646 val acc 0.674 
gain 0.5 val acc 0.524 
gain 1.0 val acc 0.5 
gain 0.601010101010101 val acc 0.524 
gain 0.5 val acc 0.524 
[2020-09-14 17:07:54.392591] train_loss = 0.0
[2020-09-14 17:07:54.410517] train = nan
[2020-09-14 17:07:54.410536] val = nan
[2020-09-14 17:07:54.410540] test = nan
True label 1 Full 1 2Bit 1 3Bit 1 4Bit 0 5Bit 1 6Bit 1
True label 1 Full 1 2Bit 1 3Bit 1 4Bit 0 5Bit 1 6Bit 1
True label 1 Full 1 2Bit 1 3Bit 1 4Bit 0 5Bit 1 6Bit 1
True label 1 Full 1 2Bit 1 3Bit 1 4Bit 0 5Bit 1 6Bit 1
True label 0 Full 0 2Bit 0 3Bit 1 4Bit 0 5Bit 1 6Bit 1
True label 0 Full 0 2Bit 0 3Bit 1 4Bit 0 5Bit 1 6Bit 1
True label 0 Full 0 2Bit 0 3Bit 1 4Bit 0 5Bit 1 6Bit 1
True label 0 Full 0 2Bit 0 3Bit 1 4Bit 0 5Bit 1 6Bit 1
True label 1 Full 1 2Bit 1 3Bit 1 4Bit 0 5Bit 1 6Bit 1
True label 0 Full 0 2Bit 0 3Bit 1 4Bit 0 5Bit 1 6Bit 1
True label 1 Full 1 2Bit 1 3Bit 1 4Bit 0 5Bit 1 6Bit 1
True label 1 Full 0 2Bit 0 3Bit 1 4Bit 0 5Bit 1 6Bit 1
True label 1 Full 1 2Bit 0 3Bit 1 4Bit 0 5Bit 1 6Bit 1
True label 0 Full 0 2Bit 0 3Bit 1 4Bit 0 5Bit 1 6Bit 1
True label 1 Full 1 2Bit 1 3Bit 1 4Bit 0 5Bit 1 6Bit 1
True label 0 Full 0 2Bit 0 3Bit 1 4Bit 0 5Bit 1 6Bit 1
True label 0 Full 0 2Bit 0 3Bit 1 4Bit 0 5Bit 1 6Bit 1
True label 0 Full 0 2Bit 0 3Bit 1 4Bit 0 5Bit 1 6Bit 1
True label 1 Full 1 2Bit 1 3Bit 1 4Bit 0 5Bit 1 6Bit 1
True label 1 Full 1 2Bit 1 3Bit 1 4Bit 0 5Bit 1 6Bit 1
True label 0 Full 0 2Bit 0 3Bit 1 4Bit 0 5Bit 1 6Bit 1
True label 1 Full 1 2Bit 0 3Bit 1 4Bit 0 5Bit 1 6Bit 1
True label 1 Full 1 2Bit 0 3Bit 1 4Bit 0 5Bit 1 6Bit 1
True label 1 Full 1 2Bit 1 3Bit 1 4Bit 0 5Bit 1 6Bit 1
True label 1 Full 1 2Bit 0 3Bit 1 4Bit 0 5Bit 1 6Bit 1
True label 0 Full 0 2Bit 1 3Bit 1 4Bit 0 5Bit 1 6Bit 1
True label 1 Full 1 2Bit 0 3Bit 1 4Bit 0 5Bit 1 6Bit 1
True label 1 Full 1 2Bit 1 3Bit 1 4Bit 0 5Bit 1 6Bit 1
True label 1 Full 0 2Bit 1 3Bit 1 4Bit 0 5Bit 1 6Bit 1
True label 1 Full 0 2Bit 0 3Bit 1 4Bit 0 5Bit 1 6Bit 1
True label 1 Full 0 2Bit 0 3Bit 1 4Bit 0 5Bit 1 6Bit 1
True label 1 Full 1 2Bit 0 3Bit 1 4Bit 0 5Bit 1 6Bit 1
True label 1 Full 1 2Bit 0 3Bit 1 4Bit 0 5Bit 1 6Bit 1
True label 1 Full 1 2Bit 1 3Bit 1 4Bit 0 5Bit 1 6Bit 1
True label 0 Full 0 2Bit 0 3Bit 1 4Bit 0 5Bit 1 6Bit 1
True label 0 Full 0 2Bit 1 3Bit 1 4Bit 0 5Bit 1 6Bit 1
True label 1 Full 1 2Bit 1 3Bit 1 4Bit 0 5Bit 1 6Bit 1
True label 0 Full 0 2Bit 0 3Bit 1 4Bit 0 5Bit 1 6Bit 1
True label 0 Full 0 2Bit 0 3Bit 1 4Bit 0 5Bit 1 6Bit 1
True label 1 Full 1 2Bit 1 3Bit 1 4Bit 0 5Bit 1 6Bit 1
True label 1 Full 0 2Bit 0 3Bit 1 4Bit 0 5Bit 1 6Bit 1
True label 1 Full 1 2Bit 0 3Bit 1 4Bit 0 5Bit 1 6Bit 1
True label 1 Full 1 2Bit 1 3Bit 1 4Bit 0 5Bit 1 6Bit 1
True label 1 Full 1 2Bit 1 3Bit 1 4Bit 0 5Bit 1 6Bit 1
True label 0 Full 0 2Bit 1 3Bit 1 4Bit 0 5Bit 1 6Bit 1
True label 1 Full 1 2Bit 1 3Bit 1 4Bit 0 5Bit 1 6Bit 1
True label 1 Full 1 2Bit 0 3Bit 1 4Bit 0 5Bit 1 6Bit 1
True label 1 Full 1 2Bit 0 3Bit 1 4Bit 0 5Bit 1 6Bit 1
True label 1 Full 1 2Bit 1 3Bit 1 4Bit 0 5Bit 1 6Bit 1
True label 1 Full 1 2Bit 1 3Bit 1 4Bit 0 5Bit 1 6Bit 1
True label 0 Full 0 2Bit 0 3Bit 1 4Bit 0 5Bit 1 6Bit 1
True label 0 Full 1 2Bit 0 3Bit 1 4Bit 0 5Bit 1 6Bit 1
True label 1 Full 1 2Bit 1 3Bit 1 4Bit 0 5Bit 1 6Bit 1
True label 0 Full 0 2Bit 1 3Bit 1 4Bit 0 5Bit 1 6Bit 1
True label 1 Full 1 2Bit 1 3Bit 1 4Bit 0 5Bit 1 6Bit 1
True label 1 Full 1 2Bit 1 3Bit 1 4Bit 0 5Bit 1 6Bit 1
True label 1 Full 1 2Bit 1 3Bit 1 4Bit 0 5Bit 1 6Bit 1
True label 0 Full 0 2Bit 0 3Bit 1 4Bit 0 5Bit 1 6Bit 1
True label 1 Full 1 2Bit 0 3Bit 1 4Bit 0 5Bit 1 6Bit 1
True label 1 Full 1 2Bit 1 3Bit 1 4Bit 0 5Bit 1 6Bit 1
True label 0 Full 0 2Bit 1 3Bit 1 4Bit 0 5Bit 1 6Bit 1
True label 1 Full 0 2Bit 0 3Bit 1 4Bit 0 5Bit 1 6Bit 1
True label 0 Full 0 2Bit 1 3Bit 1 4Bit 0 5Bit 1 6Bit 1
True label 1 Full 1 2Bit 0 3Bit 1 4Bit 0 5Bit 1 6Bit 1
True label 0 Full 0 2Bit 0 3Bit 1 4Bit 0 5Bit 1 6Bit 1
True label 1 Full 1 2Bit 1 3Bit 1 4Bit 0 5Bit 1 6Bit 1
True label 0 Full 0 2Bit 0 3Bit 1 4Bit 0 5Bit 1 6Bit 1
True label 0 Full 0 2Bit 1 3Bit 1 4Bit 0 5Bit 1 6Bit 1
True label 1 Full 1 2Bit 1 3Bit 1 4Bit 0 5Bit 1 6Bit 1
True label 1 Full 1 2Bit 1 3Bit 1 4Bit 0 5Bit 1 6Bit 1
True label 1 Full 1 2Bit 1 3Bit 1 4Bit 0 5Bit 1 6Bit 1
True label 0 Full 0 2Bit 1 3Bit 1 4Bit 0 5Bit 1 6Bit 1
True label 0 Full 0 2Bit 0 3Bit 1 4Bit 0 5Bit 1 6Bit 1
True label 1 Full 0 2Bit 0 3Bit 1 4Bit 0 5Bit 1 6Bit 1
True label 1 Full 1 2Bit 0 3Bit 1 4Bit 0 5Bit 1 6Bit 1
True label 0 Full 0 2Bit 0 3Bit 1 4Bit 0 5Bit 1 6Bit 1
True label 1 Full 1 2Bit 0 3Bit 1 4Bit 0 5Bit 1 6Bit 1
True label 1 Full 1 2Bit 0 3Bit 1 4Bit 0 5Bit 1 6Bit 1
True label 1 Full 1 2Bit 1 3Bit 1 4Bit 0 5Bit 1 6Bit 1
True label 0 Full 0 2Bit 1 3Bit 1 4Bit 0 5Bit 1 6Bit 1
True label 0 Full 0 2Bit 1 3Bit 1 4Bit 0 5Bit 1 6Bit 1
True label 1 Full 1 2Bit 1 3Bit 1 4Bit 0 5Bit 1 6Bit 1
True label 1 Full 1 2Bit 0 3Bit 1 4Bit 0 5Bit 1 6Bit 1
True label 0 Full 0 2Bit 0 3Bit 1 4Bit 0 5Bit 1 6Bit 1
True label 1 Full 0 2Bit 0 3Bit 1 4Bit 0 5Bit 1 6Bit 1
True label 1 Full 1 2Bit 0 3Bit 1 4Bit 0 5Bit 1 6Bit 1
True label 1 Full 1 2Bit 1 3Bit 1 4Bit 0 5Bit 1 6Bit 1
True label 1 Full 0 2Bit 0 3Bit 1 4Bit 0 5Bit 1 6Bit 1
True label 1 Full 1 2Bit 1 3Bit 1 4Bit 0 5Bit 1 6Bit 1
True label 1 Full 1 2Bit 0 3Bit 1 4Bit 0 5Bit 1 6Bit 1
True label 0 Full 0 2Bit 1 3Bit 1 4Bit 0 5Bit 1 6Bit 1
True label 1 Full 1 2Bit 0 3Bit 1 4Bit 0 5Bit 1 6Bit 1
True label 0 Full 0 2Bit 0 3Bit 1 4Bit 0 5Bit 1 6Bit 1
True label 1 Full 1 2Bit 1 3Bit 1 4Bit 0 5Bit 1 6Bit 1
True label 1 Full 1 2Bit 0 3Bit 1 4Bit 0 5Bit 1 6Bit 1
True label 0 Full 0 2Bit 0 3Bit 1 4Bit 0 5Bit 1 6Bit 1
True label 1 Full 1 2Bit 1 3Bit 1 4Bit 0 5Bit 1 6Bit 1
True label 1 Full 1 2Bit 1 3Bit 1 4Bit 0 5Bit 1 6Bit 1
True label 1 Full 1 2Bit 1 3Bit 1 4Bit 0 5Bit 1 6Bit 1
True label 1 Full 1 2Bit 1 3Bit 1 4Bit 0 5Bit 1 6Bit 1
True label 0 Full 0 2Bit 0 3Bit 1 4Bit 0 5Bit 1 6Bit 1
True label 1 Full 1 2Bit 0 3Bit 1 4Bit 0 5Bit 1 6Bit 1
True label 1 Full 0 2Bit 0 3Bit 1 4Bit 0 5Bit 1 6Bit 1
True label 1 Full 1 2Bit 0 3Bit 1 4Bit 0 5Bit 1 6Bit 1
True label 1 Full 1 2Bit 1 3Bit 1 4Bit 0 5Bit 1 6Bit 1
True label 0 Full 0 2Bit 1 3Bit 1 4Bit 0 5Bit 1 6Bit 1
True label 0 Full 0 2Bit 0 3Bit 1 4Bit 0 5Bit 1 6Bit 1
True label 0 Full 0 2Bit 0 3Bit 1 4Bit 0 5Bit 1 6Bit 1
True label 1 Full 1 2Bit 1 3Bit 1 4Bit 0 5Bit 1 6Bit 1
True label 1 Full 1 2Bit 1 3Bit 1 4Bit 0 5Bit 1 6Bit 1
True label 0 Full 0 2Bit 0 3Bit 1 4Bit 0 5Bit 1 6Bit 1
True label 1 Full 1 2Bit 0 3Bit 1 4Bit 0 5Bit 1 6Bit 1
True label 1 Full 1 2Bit 1 3Bit 1 4Bit 0 5Bit 1 6Bit 1
True label 0 Full 0 2Bit 1 3Bit 1 4Bit 0 5Bit 1 6Bit 1
True label 0 Full 0 2Bit 0 3Bit 1 4Bit 0 5Bit 1 6Bit 1
True label 1 Full 1 2Bit 1 3Bit 1 4Bit 0 5Bit 1 6Bit 1
True label 0 Full 0 2Bit 0 3Bit 1 4Bit 0 5Bit 1 6Bit 1
True label 1 Full 0 2Bit 1 3Bit 1 4Bit 0 5Bit 1 6Bit 1
True label 1 Full 1 2Bit 1 3Bit 1 4Bit 0 5Bit 1 6Bit 1
True label 1 Full 1 2Bit 1 3Bit 1 4Bit 0 5Bit 1 6Bit 1
True label 0 Full 1 2Bit 0 3Bit 1 4Bit 0 5Bit 1 6Bit 1
True label 0 Full 0 2Bit 0 3Bit 1 4Bit 0 5Bit 1 6Bit 1
True label 0 Full 0 2Bit 0 3Bit 1 4Bit 0 5Bit 1 6Bit 1
True label 0 Full 0 2Bit 1 3Bit 1 4Bit 0 5Bit 1 6Bit 1
True label 1 Full 1 2Bit 1 3Bit 1 4Bit 0 5Bit 1 6Bit 1
True label 0 Full 0 2Bit 0 3Bit 1 4Bit 0 5Bit 1 6Bit 1
True label 1 Full 0 2Bit 0 3Bit 1 4Bit 0 5Bit 1 6Bit 1
True label 1 Full 1 2Bit 1 3Bit 1 4Bit 0 5Bit 1 6Bit 1
True label 1 Full 1 2Bit 1 3Bit 1 4Bit 0 5Bit 1 6Bit 1
True label 1 Full 1 2Bit 1 3Bit 1 4Bit 0 5Bit 1 6Bit 1
True label 0 Full 0 2Bit 0 3Bit 1 4Bit 0 5Bit 1 6Bit 1
True label 0 Full 0 2Bit 0 3Bit 1 4Bit 0 5Bit 1 6Bit 1
True label 1 Full 1 2Bit 1 3Bit 1 4Bit 0 5Bit 1 6Bit 1
True label 0 Full 0 2Bit 0 3Bit 1 4Bit 0 5Bit 1 6Bit 1
True label 1 Full 1 2Bit 1 3Bit 1 4Bit 0 5Bit 1 6Bit 1
True label 0 Full 0 2Bit 0 3Bit 1 4Bit 0 5Bit 1 6Bit 1
True label 0 Full 0 2Bit 0 3Bit 1 4Bit 0 5Bit 1 6Bit 1
True label 0 Full 0 2Bit 0 3Bit 1 4Bit 0 5Bit 1 6Bit 1
True label 1 Full 1 2Bit 1 3Bit 1 4Bit 0 5Bit 1 6Bit 1
True label 0 Full 0 2Bit 0 3Bit 1 4Bit 0 5Bit 1 6Bit 1
True label 1 Full 1 2Bit 1 3Bit 1 4Bit 0 5Bit 1 6Bit 1
True label 1 Full 1 2Bit 1 3Bit 1 4Bit 0 5Bit 1 6Bit 1
True label 1 Full 1 2Bit 1 3Bit 1 4Bit 0 5Bit 1 6Bit 1
True label 1 Full 1 2Bit 1 3Bit 1 4Bit 0 5Bit 1 6Bit 1
True label 1 Full 1 2Bit 1 3Bit 1 4Bit 0 5Bit 1 6Bit 1
True label 0 Full 0 2Bit 1 3Bit 1 4Bit 0 5Bit 1 6Bit 1
True label 0 Full 1 2Bit 0 3Bit 1 4Bit 0 5Bit 1 6Bit 1
True label 1 Full 1 2Bit 1 3Bit 1 4Bit 0 5Bit 1 6Bit 1
True label 0 Full 0 2Bit 0 3Bit 1 4Bit 0 5Bit 1 6Bit 1
True label 1 Full 1 2Bit 1 3Bit 1 4Bit 0 5Bit 1 6Bit 1
True label 1 Full 1 2Bit 1 3Bit 1 4Bit 0 5Bit 1 6Bit 1
True label 0 Full 0 2Bit 0 3Bit 1 4Bit 0 5Bit 1 6Bit 1
True label 0 Full 0 2Bit 0 3Bit 1 4Bit 0 5Bit 1 6Bit 1
True label 1 Full 1 2Bit 1 3Bit 1 4Bit 0 5Bit 1 6Bit 1
True label 0 Full 0 2Bit 0 3Bit 1 4Bit 0 5Bit 1 6Bit 1
True label 1 Full 1 2Bit 0 3Bit 1 4Bit 0 5Bit 1 6Bit 1
True label 1 Full 1 2Bit 1 3Bit 1 4Bit 0 5Bit 1 6Bit 1
True label 0 Full 0 2Bit 0 3Bit 1 4Bit 0 5Bit 1 6Bit 1
True label 1 Full 1 2Bit 1 3Bit 1 4Bit 0 5Bit 1 6Bit 1
True label 0 Full 0 2Bit 0 3Bit 1 4Bit 0 5Bit 1 6Bit 1
True label 1 Full 1 2Bit 1 3Bit 1 4Bit 0 5Bit 1 6Bit 1
True label 0 Full 0 2Bit 0 3Bit 1 4Bit 0 5Bit 1 6Bit 1
True label 1 Full 1 2Bit 1 3Bit 1 4Bit 0 5Bit 1 6Bit 1
True label 0 Full 0 2Bit 0 3Bit 1 4Bit 0 5Bit 1 6Bit 1
True label 1 Full 1 2Bit 1 3Bit 1 4Bit 0 5Bit 1 6Bit 1
True label 0 Full 0 2Bit 1 3Bit 1 4Bit 0 5Bit 1 6Bit 1
True label 0 Full 0 2Bit 0 3Bit 1 4Bit 0 5Bit 1 6Bit 1
True label 1 Full 1 2Bit 1 3Bit 1 4Bit 0 5Bit 1 6Bit 1
True label 1 Full 1 2Bit 1 3Bit 1 4Bit 0 5Bit 1 6Bit 1
True label 0 Full 0 2Bit 0 3Bit 1 4Bit 0 5Bit 1 6Bit 1
True label 1 Full 1 2Bit 0 3Bit 1 4Bit 0 5Bit 1 6Bit 1
True label 0 Full 0 2Bit 1 3Bit 1 4Bit 0 5Bit 1 6Bit 1
True label 1 Full 1 2Bit 0 3Bit 1 4Bit 0 5Bit 1 6Bit 1
True label 0 Full 0 2Bit 0 3Bit 1 4Bit 0 5Bit 1 6Bit 1
True label 1 Full 0 2Bit 0 3Bit 1 4Bit 0 5Bit 1 6Bit 1
True label 1 Full 1 2Bit 0 3Bit 1 4Bit 0 5Bit 1 6Bit 1
True label 0 Full 0 2Bit 0 3Bit 1 4Bit 0 5Bit 1 6Bit 1
True label 1 Full 0 2Bit 0 3Bit 1 4Bit 0 5Bit 1 6Bit 1
True label 0 Full 0 2Bit 0 3Bit 1 4Bit 0 5Bit 1 6Bit 1
True label 0 Full 0 2Bit 0 3Bit 1 4Bit 0 5Bit 1 6Bit 1
True label 0 Full 0 2Bit 0 3Bit 1 4Bit 0 5Bit 1 6Bit 1
True label 0 Full 0 2Bit 1 3Bit 1 4Bit 0 5Bit 1 6Bit 1
True label 1 Full 1 2Bit 1 3Bit 1 4Bit 0 5Bit 1 6Bit 1
True label 0 Full 0 2Bit 0 3Bit 1 4Bit 0 5Bit 1 6Bit 1
True label 0 Full 0 2Bit 0 3Bit 1 4Bit 0 5Bit 1 6Bit 1
True label 0 Full 1 2Bit 1 3Bit 1 4Bit 0 5Bit 1 6Bit 1
True label 0 Full 0 2Bit 0 3Bit 1 4Bit 0 5Bit 1 6Bit 1
True label 1 Full 1 2Bit 1 3Bit 1 4Bit 0 5Bit 1 6Bit 1
True label 1 Full 1 2Bit 0 3Bit 1 4Bit 0 5Bit 1 6Bit 1
True label 1 Full 1 2Bit 0 3Bit 1 4Bit 0 5Bit 1 6Bit 1
True label 0 Full 0 2Bit 0 3Bit 1 4Bit 0 5Bit 1 6Bit 1
True label 1 Full 1 2Bit 1 3Bit 1 4Bit 0 5Bit 1 6Bit 1
True label 1 Full 1 2Bit 1 3Bit 1 4Bit 0 5Bit 1 6Bit 1
True label 1 Full 0 2Bit 0 3Bit 1 4Bit 0 5Bit 1 6Bit 1
True label 1 Full 1 2Bit 1 3Bit 1 4Bit 0 5Bit 1 6Bit 1
True label 1 Full 1 2Bit 1 3Bit 1 4Bit 0 5Bit 1 6Bit 1
True label 1 Full 0 2Bit 0 3Bit 1 4Bit 0 5Bit 1 6Bit 1
True label 0 Full 0 2Bit 0 3Bit 1 4Bit 0 5Bit 1 6Bit 1
True label 1 Full 1 2Bit 1 3Bit 1 4Bit 0 5Bit 1 6Bit 1
True label 1 Full 0 2Bit 0 3Bit 1 4Bit 0 5Bit 1 6Bit 1
True label 1 Full 1 2Bit 1 3Bit 1 4Bit 0 5Bit 1 6Bit 1
True label 1 Full 1 2Bit 1 3Bit 1 4Bit 0 5Bit 1 6Bit 1
True label 0 Full 0 2Bit 1 3Bit 1 4Bit 0 5Bit 1 6Bit 1
True label 1 Full 1 2Bit 0 3Bit 1 4Bit 0 5Bit 1 6Bit 1
True label 1 Full 0 2Bit 0 3Bit 1 4Bit 0 5Bit 1 6Bit 1
True label 1 Full 1 2Bit 0 3Bit 1 4Bit 0 5Bit 1 6Bit 1
True label 0 Full 0 2Bit 0 3Bit 1 4Bit 0 5Bit 1 6Bit 1
True label 1 Full 1 2Bit 1 3Bit 1 4Bit 0 5Bit 1 6Bit 1
True label 1 Full 1 2Bit 1 3Bit 1 4Bit 0 5Bit 1 6Bit 1
True label 1 Full 1 2Bit 1 3Bit 1 4Bit 0 5Bit 1 6Bit 1
True label 1 Full 1 2Bit 1 3Bit 1 4Bit 0 5Bit 1 6Bit 1
True label 1 Full 1 2Bit 1 3Bit 1 4Bit 0 5Bit 1 6Bit 1
True label 1 Full 1 2Bit 1 3Bit 1 4Bit 0 5Bit 1 6Bit 1
True label 0 Full 0 2Bit 0 3Bit 1 4Bit 0 5Bit 1 6Bit 1
True label 0 Full 0 2Bit 1 3Bit 1 4Bit 0 5Bit 1 6Bit 1
True label 0 Full 0 2Bit 0 3Bit 1 4Bit 0 5Bit 1 6Bit 1
True label 1 Full 1 2Bit 1 3Bit 1 4Bit 0 5Bit 1 6Bit 1
True label 1 Full 1 2Bit 1 3Bit 1 4Bit 0 5Bit 1 6Bit 1
True label 1 Full 1 2Bit 1 3Bit 1 4Bit 0 5Bit 1 6Bit 1
True label 1 Full 1 2Bit 1 3Bit 1 4Bit 0 5Bit 1 6Bit 1
True label 1 Full 1 2Bit 0 3Bit 1 4Bit 0 5Bit 1 6Bit 1
True label 1 Full 1 2Bit 1 3Bit 1 4Bit 0 5Bit 1 6Bit 1
True label 0 Full 0 2Bit 0 3Bit 1 4Bit 0 5Bit 1 6Bit 1
True label 0 Full 0 2Bit 0 3Bit 1 4Bit 0 5Bit 1 6Bit 1
True label 1 Full 1 2Bit 1 3Bit 1 4Bit 0 5Bit 1 6Bit 1
True label 1 Full 0 2Bit 1 3Bit 1 4Bit 0 5Bit 1 6Bit 1
True label 0 Full 0 2Bit 1 3Bit 1 4Bit 0 5Bit 1 6Bit 1
True label 0 Full 0 2Bit 0 3Bit 1 4Bit 0 5Bit 1 6Bit 1
True label 0 Full 0 2Bit 0 3Bit 1 4Bit 0 5Bit 1 6Bit 1
True label 1 Full 1 2Bit 1 3Bit 1 4Bit 0 5Bit 1 6Bit 1
True label 0 Full 0 2Bit 0 3Bit 1 4Bit 0 5Bit 1 6Bit 1
True label 1 Full 1 2Bit 1 3Bit 1 4Bit 0 5Bit 1 6Bit 1
True label 1 Full 1 2Bit 0 3Bit 1 4Bit 0 5Bit 1 6Bit 1
True label 1 Full 1 2Bit 1 3Bit 1 4Bit 0 5Bit 1 6Bit 1
True label 0 Full 0 2Bit 0 3Bit 1 4Bit 0 5Bit 1 6Bit 1
True label 1 Full 1 2Bit 1 3Bit 1 4Bit 0 5Bit 1 6Bit 1
True label 0 Full 0 2Bit 1 3Bit 1 4Bit 0 5Bit 1 6Bit 1
True label 0 Full 0 2Bit 0 3Bit 1 4Bit 0 5Bit 1 6Bit 1
True label 0 Full 0 2Bit 0 3Bit 1 4Bit 0 5Bit 1 6Bit 1
True label 1 Full 1 2Bit 1 3Bit 1 4Bit 0 5Bit 1 6Bit 1
True label 1 Full 1 2Bit 1 3Bit 1 4Bit 0 5Bit 1 6Bit 1
True label 1 Full 1 2Bit 0 3Bit 1 4Bit 0 5Bit 1 6Bit 1
True label 1 Full 1 2Bit 1 3Bit 1 4Bit 0 5Bit 1 6Bit 1
True label 1 Full 1 2Bit 1 3Bit 1 4Bit 0 5Bit 1 6Bit 1
True label 0 Full 0 2Bit 0 3Bit 1 4Bit 0 5Bit 1 6Bit 1
True label 0 Full 0 2Bit 1 3Bit 1 4Bit 0 5Bit 1 6Bit 1
True label 0 Full 0 2Bit 1 3Bit 1 4Bit 0 5Bit 1 6Bit 1
True label 1 Full 1 2Bit 1 3Bit 1 4Bit 0 5Bit 1 6Bit 1
True label 1 Full 1 2Bit 1 3Bit 1 4Bit 0 5Bit 1 6Bit 1
True label 0 Full 0 2Bit 0 3Bit 1 4Bit 0 5Bit 1 6Bit 1
True label 1 Full 1 2Bit 0 3Bit 1 4Bit 0 5Bit 1 6Bit 1
True label 1 Full 1 2Bit 1 3Bit 1 4Bit 0 5Bit 1 6Bit 1
True label 0 Full 0 2Bit 0 3Bit 1 4Bit 0 5Bit 1 6Bit 1
True label 1 Full 1 2Bit 0 3Bit 1 4Bit 0 5Bit 1 6Bit 1
True label 0 Full 0 2Bit 0 3Bit 1 4Bit 0 5Bit 1 6Bit 1
True label 0 Full 0 2Bit 1 3Bit 1 4Bit 0 5Bit 1 6Bit 1
True label 1 Full 1 2Bit 1 3Bit 1 4Bit 0 5Bit 1 6Bit 1
True label 1 Full 1 2Bit 0 3Bit 1 4Bit 0 5Bit 1 6Bit 1
True label 1 Full 1 2Bit 1 3Bit 1 4Bit 0 5Bit 1 6Bit 1
True label 0 Full 0 2Bit 0 3Bit 1 4Bit 0 5Bit 1 6Bit 1
True label 0 Full 1 2Bit 1 3Bit 1 4Bit 0 5Bit 1 6Bit 1
True label 0 Full 0 2Bit 0 3Bit 1 4Bit 0 5Bit 1 6Bit 1
True label 0 Full 0 2Bit 1 3Bit 1 4Bit 0 5Bit 1 6Bit 1
True label 1 Full 1 2Bit 0 3Bit 1 4Bit 0 5Bit 1 6Bit 1
True label 0 Full 0 2Bit 1 3Bit 1 4Bit 0 5Bit 1 6Bit 1
True label 0 Full 1 2Bit 0 3Bit 1 4Bit 0 5Bit 1 6Bit 1
True label 0 Full 0 2Bit 0 3Bit 1 4Bit 0 5Bit 1 6Bit 1
True label 1 Full 1 2Bit 1 3Bit 1 4Bit 0 5Bit 1 6Bit 1
True label 0 Full 0 2Bit 0 3Bit 1 4Bit 0 5Bit 1 6Bit 1
True label 0 Full 0 2Bit 1 3Bit 1 4Bit 0 5Bit 1 6Bit 1
True label 0 Full 0 2Bit 0 3Bit 1 4Bit 0 5Bit 1 6Bit 1
True label 0 Full 0 2Bit 0 3Bit 1 4Bit 0 5Bit 1 6Bit 1
True label 0 Full 1 2Bit 0 3Bit 1 4Bit 0 5Bit 1 6Bit 1
True label 0 Full 0 2Bit 0 3Bit 1 4Bit 0 5Bit 1 6Bit 1
True label 0 Full 0 2Bit 0 3Bit 1 4Bit 0 5Bit 1 6Bit 1
True label 1 Full 1 2Bit 0 3Bit 1 4Bit 0 5Bit 1 6Bit 1
True label 0 Full 1 2Bit 0 3Bit 1 4Bit 0 5Bit 1 6Bit 1
True label 0 Full 0 2Bit 0 3Bit 1 4Bit 0 5Bit 1 6Bit 1
True label 1 Full 1 2Bit 0 3Bit 1 4Bit 0 5Bit 1 6Bit 1
True label 0 Full 0 2Bit 1 3Bit 1 4Bit 0 5Bit 1 6Bit 1
True label 0 Full 0 2Bit 0 3Bit 1 4Bit 0 5Bit 1 6Bit 1
True label 1 Full 1 2Bit 0 3Bit 1 4Bit 0 5Bit 1 6Bit 1
True label 1 Full 1 2Bit 1 3Bit 1 4Bit 0 5Bit 1 6Bit 1
True label 1 Full 0 2Bit 1 3Bit 1 4Bit 0 5Bit 1 6Bit 1
True label 0 Full 0 2Bit 0 3Bit 1 4Bit 0 5Bit 1 6Bit 1
True label 0 Full 0 2Bit 0 3Bit 1 4Bit 0 5Bit 1 6Bit 1
True label 1 Full 1 2Bit 1 3Bit 1 4Bit 0 5Bit 1 6Bit 1
True label 0 Full 0 2Bit 0 3Bit 1 4Bit 0 5Bit 1 6Bit 1
True label 1 Full 1 2Bit 0 3Bit 1 4Bit 0 5Bit 1 6Bit 1
True label 1 Full 1 2Bit 1 3Bit 1 4Bit 0 5Bit 1 6Bit 1
True label 0 Full 0 2Bit 1 3Bit 1 4Bit 0 5Bit 1 6Bit 1
True label 1 Full 1 2Bit 0 3Bit 1 4Bit 0 5Bit 1 6Bit 1
True label 1 Full 1 2Bit 1 3Bit 1 4Bit 0 5Bit 1 6Bit 1
True label 0 Full 0 2Bit 0 3Bit 1 4Bit 0 5Bit 1 6Bit 1
True label 1 Full 0 2Bit 0 3Bit 1 4Bit 0 5Bit 1 6Bit 1
True label 1 Full 1 2Bit 1 3Bit 1 4Bit 0 5Bit 1 6Bit 1
True label 0 Full 0 2Bit 1 3Bit 1 4Bit 0 5Bit 1 6Bit 1
True label 0 Full 0 2Bit 0 3Bit 1 4Bit 0 5Bit 1 6Bit 1
True label 1 Full 1 2Bit 0 3Bit 1 4Bit 0 5Bit 1 6Bit 1
True label 1 Full 0 2Bit 0 3Bit 1 4Bit 0 5Bit 1 6Bit 1
True label 1 Full 0 2Bit 1 3Bit 1 4Bit 0 5Bit 1 6Bit 1
True label 1 Full 1 2Bit 0 3Bit 1 4Bit 0 5Bit 1 6Bit 1
True label 0 Full 0 2Bit 0 3Bit 1 4Bit 0 5Bit 1 6Bit 1
True label 0 Full 0 2Bit 0 3Bit 1 4Bit 0 5Bit 1 6Bit 1
True label 1 Full 1 2Bit 1 3Bit 1 4Bit 0 5Bit 1 6Bit 1
True label 0 Full 0 2Bit 0 3Bit 1 4Bit 0 5Bit 1 6Bit 1
True label 0 Full 0 2Bit 0 3Bit 1 4Bit 0 5Bit 1 6Bit 1
True label 1 Full 1 2Bit 1 3Bit 1 4Bit 0 5Bit 1 6Bit 1
True label 0 Full 1 2Bit 0 3Bit 1 4Bit 0 5Bit 1 6Bit 1
True label 0 Full 0 2Bit 0 3Bit 1 4Bit 0 5Bit 1 6Bit 1
True label 1 Full 1 2Bit 1 3Bit 1 4Bit 0 5Bit 1 6Bit 1
True label 0 Full 0 2Bit 0 3Bit 1 4Bit 0 5Bit 1 6Bit 1
True label 1 Full 1 2Bit 1 3Bit 1 4Bit 0 5Bit 1 6Bit 1
True label 0 Full 0 2Bit 0 3Bit 1 4Bit 0 5Bit 1 6Bit 1
True label 1 Full 1 2Bit 1 3Bit 1 4Bit 0 5Bit 1 6Bit 1
True label 1 Full 1 2Bit 0 3Bit 1 4Bit 0 5Bit 1 6Bit 1
True label 1 Full 1 2Bit 1 3Bit 1 4Bit 0 5Bit 1 6Bit 1
True label 1 Full 0 2Bit 0 3Bit 1 4Bit 0 5Bit 1 6Bit 1
True label 1 Full 1 2Bit 1 3Bit 1 4Bit 0 5Bit 1 6Bit 1
True label 0 Full 0 2Bit 0 3Bit 1 4Bit 0 5Bit 1 6Bit 1
True label 1 Full 1 2Bit 1 3Bit 1 4Bit 0 5Bit 1 6Bit 1
True label 0 Full 0 2Bit 0 3Bit 1 4Bit 0 5Bit 1 6Bit 1
True label 1 Full 1 2Bit 0 3Bit 1 4Bit 0 5Bit 1 6Bit 1
True label 0 Full 0 2Bit 0 3Bit 1 4Bit 0 5Bit 1 6Bit 1
True label 0 Full 0 2Bit 0 3Bit 1 4Bit 0 5Bit 1 6Bit 1
True label 0 Full 0 2Bit 0 3Bit 1 4Bit 0 5Bit 1 6Bit 1
True label 1 Full 1 2Bit 1 3Bit 1 4Bit 0 5Bit 1 6Bit 1
True label 1 Full 1 2Bit 1 3Bit 1 4Bit 0 5Bit 1 6Bit 1
True label 1 Full 1 2Bit 1 3Bit 1 4Bit 0 5Bit 1 6Bit 1
True label 0 Full 0 2Bit 1 3Bit 1 4Bit 0 5Bit 1 6Bit 1
True label 0 Full 0 2Bit 0 3Bit 1 4Bit 0 5Bit 1 6Bit 1
True label 0 Full 0 2Bit 0 3Bit 1 4Bit 0 5Bit 1 6Bit 1
True label 0 Full 0 2Bit 1 3Bit 1 4Bit 0 5Bit 1 6Bit 1
True label 1 Full 1 2Bit 0 3Bit 1 4Bit 0 5Bit 1 6Bit 1
True label 1 Full 0 2Bit 1 3Bit 1 4Bit 0 5Bit 1 6Bit 1
True label 0 Full 0 2Bit 1 3Bit 1 4Bit 0 5Bit 1 6Bit 1
True label 1 Full 0 2Bit 0 3Bit 1 4Bit 0 5Bit 1 6Bit 1
True label 0 Full 0 2Bit 0 3Bit 1 4Bit 0 5Bit 1 6Bit 1
True label 0 Full 1 2Bit 0 3Bit 1 4Bit 0 5Bit 1 6Bit 1
True label 1 Full 1 2Bit 0 3Bit 1 4Bit 0 5Bit 1 6Bit 1
True label 1 Full 1 2Bit 0 3Bit 1 4Bit 0 5Bit 1 6Bit 1
True label 0 Full 0 2Bit 0 3Bit 1 4Bit 0 5Bit 1 6Bit 1
True label 1 Full 0 2Bit 1 3Bit 1 4Bit 0 5Bit 1 6Bit 1
True label 0 Full 0 2Bit 1 3Bit 1 4Bit 0 5Bit 1 6Bit 1
True label 1 Full 0 2Bit 0 3Bit 1 4Bit 0 5Bit 1 6Bit 1
True label 0 Full 0 2Bit 0 3Bit 1 4Bit 0 5Bit 1 6Bit 1
True label 1 Full 1 2Bit 1 3Bit 1 4Bit 0 5Bit 1 6Bit 1
True label 1 Full 1 2Bit 1 3Bit 1 4Bit 0 5Bit 1 6Bit 1
True label 1 Full 1 2Bit 1 3Bit 1 4Bit 0 5Bit 1 6Bit 1
True label 1 Full 1 2Bit 0 3Bit 1 4Bit 0 5Bit 1 6Bit 1
True label 0 Full 0 2Bit 1 3Bit 1 4Bit 0 5Bit 1 6Bit 1
True label 0 Full 0 2Bit 0 3Bit 1 4Bit 0 5Bit 1 6Bit 1
True label 0 Full 0 2Bit 0 3Bit 1 4Bit 0 5Bit 1 6Bit 1
True label 0 Full 1 2Bit 0 3Bit 1 4Bit 0 5Bit 1 6Bit 1
True label 1 Full 1 2Bit 1 3Bit 1 4Bit 0 5Bit 1 6Bit 1
True label 1 Full 1 2Bit 0 3Bit 1 4Bit 0 5Bit 1 6Bit 1
True label 1 Full 1 2Bit 1 3Bit 1 4Bit 0 5Bit 1 6Bit 1
True label 1 Full 1 2Bit 1 3Bit 1 4Bit 0 5Bit 1 6Bit 1
True label 1 Full 0 2Bit 0 3Bit 1 4Bit 0 5Bit 1 6Bit 1
True label 0 Full 0 2Bit 1 3Bit 1 4Bit 0 5Bit 1 6Bit 1
True label 1 Full 1 2Bit 0 3Bit 1 4Bit 0 5Bit 1 6Bit 1
True label 1 Full 1 2Bit 1 3Bit 1 4Bit 0 5Bit 1 6Bit 1
True label 1 Full 1 2Bit 1 3Bit 1 4Bit 0 5Bit 1 6Bit 1
True label 0 Full 0 2Bit 0 3Bit 1 4Bit 0 5Bit 1 6Bit 1
True label 1 Full 1 2Bit 1 3Bit 1 4Bit 0 5Bit 1 6Bit 1
True label 1 Full 1 2Bit 1 3Bit 1 4Bit 0 5Bit 1 6Bit 1
True label 1 Full 0 2Bit 1 3Bit 1 4Bit 0 5Bit 1 6Bit 1
True label 0 Full 0 2Bit 0 3Bit 1 4Bit 0 5Bit 1 6Bit 1
True label 1 Full 1 2Bit 1 3Bit 1 4Bit 0 5Bit 1 6Bit 1
True label 0 Full 0 2Bit 0 3Bit 1 4Bit 0 5Bit 1 6Bit 1
True label 1 Full 0 2Bit 0 3Bit 1 4Bit 0 5Bit 1 6Bit 1
True label 0 Full 0 2Bit 0 3Bit 1 4Bit 0 5Bit 1 6Bit 1
True label 0 Full 0 2Bit 0 3Bit 1 4Bit 0 5Bit 1 6Bit 1
True label 1 Full 0 2Bit 1 3Bit 1 4Bit 0 5Bit 1 6Bit 1
True label 1 Full 1 2Bit 1 3Bit 1 4Bit 0 5Bit 1 6Bit 1
True label 1 Full 1 2Bit 1 3Bit 1 4Bit 0 5Bit 1 6Bit 1
True label 1 Full 1 2Bit 0 3Bit 1 4Bit 0 5Bit 1 6Bit 1
True label 1 Full 1 2Bit 1 3Bit 1 4Bit 0 5Bit 1 6Bit 1
True label 0 Full 0 2Bit 0 3Bit 1 4Bit 0 5Bit 1 6Bit 1
True label 1 Full 1 2Bit 1 3Bit 1 4Bit 0 5Bit 1 6Bit 1
True label 0 Full 0 2Bit 0 3Bit 1 4Bit 0 5Bit 1 6Bit 1
True label 0 Full 0 2Bit 1 3Bit 1 4Bit 0 5Bit 1 6Bit 1
True label 1 Full 1 2Bit 1 3Bit 1 4Bit 0 5Bit 1 6Bit 1
True label 1 Full 1 2Bit 1 3Bit 1 4Bit 0 5Bit 1 6Bit 1
True label 1 Full 1 2Bit 0 3Bit 1 4Bit 0 5Bit 1 6Bit 1
True label 0 Full 0 2Bit 1 3Bit 1 4Bit 0 5Bit 1 6Bit 1
True label 0 Full 0 2Bit 1 3Bit 1 4Bit 0 5Bit 1 6Bit 1
True label 0 Full 0 2Bit 0 3Bit 1 4Bit 0 5Bit 1 6Bit 1
True label 1 Full 1 2Bit 0 3Bit 1 4Bit 0 5Bit 1 6Bit 1
True label 1 Full 1 2Bit 1 3Bit 1 4Bit 0 5Bit 1 6Bit 1
True label 1 Full 0 2Bit 0 3Bit 1 4Bit 0 5Bit 1 6Bit 1
True label 0 Full 0 2Bit 0 3Bit 1 4Bit 0 5Bit 1 6Bit 1
True label 0 Full 0 2Bit 0 3Bit 1 4Bit 0 5Bit 1 6Bit 1
True label 0 Full 0 2Bit 0 3Bit 1 4Bit 0 5Bit 1 6Bit 1
True label 1 Full 1 2Bit 1 3Bit 1 4Bit 0 5Bit 1 6Bit 1
True label 1 Full 1 2Bit 1 3Bit 1 4Bit 0 5Bit 1 6Bit 1
True label 0 Full 0 2Bit 0 3Bit 1 4Bit 0 5Bit 1 6Bit 1
True label 1 Full 1 2Bit 1 3Bit 1 4Bit 0 5Bit 1 6Bit 1
True label 1 Full 1 2Bit 1 3Bit 1 4Bit 0 5Bit 1 6Bit 1
True label 1 Full 1 2Bit 1 3Bit 1 4Bit 0 5Bit 1 6Bit 1
True label 0 Full 0 2Bit 0 3Bit 1 4Bit 0 5Bit 1 6Bit 1
True label 1 Full 1 2Bit 1 3Bit 1 4Bit 0 5Bit 1 6Bit 1
True label 1 Full 0 2Bit 0 3Bit 1 4Bit 0 5Bit 1 6Bit 1
True label 0 Full 0 2Bit 0 3Bit 1 4Bit 0 5Bit 1 6Bit 1
True label 1 Full 1 2Bit 0 3Bit 1 4Bit 0 5Bit 1 6Bit 1
True label 1 Full 1 2Bit 0 3Bit 1 4Bit 0 5Bit 1 6Bit 1
True label 1 Full 1 2Bit 0 3Bit 1 4Bit 0 5Bit 1 6Bit 1
True label 0 Full 1 2Bit 1 3Bit 1 4Bit 0 5Bit 1 6Bit 1
True label 1 Full 1 2Bit 1 3Bit 1 4Bit 0 5Bit 1 6Bit 1
True label 1 Full 1 2Bit 0 3Bit 1 4Bit 0 5Bit 1 6Bit 1
True label 0 Full 0 2Bit 0 3Bit 1 4Bit 0 5Bit 1 6Bit 1
True label 1 Full 1 2Bit 1 3Bit 1 4Bit 0 5Bit 1 6Bit 1
True label 0 Full 0 2Bit 1 3Bit 1 4Bit 0 5Bit 1 6Bit 1
True label 0 Full 0 2Bit 1 3Bit 1 4Bit 0 5Bit 1 6Bit 1
True label 0 Full 0 2Bit 0 3Bit 1 4Bit 0 5Bit 1 6Bit 1
True label 1 Full 1 2Bit 1 3Bit 1 4Bit 0 5Bit 1 6Bit 1
True label 1 Full 1 2Bit 0 3Bit 1 4Bit 0 5Bit 1 6Bit 1
True label 0 Full 0 2Bit 0 3Bit 1 4Bit 0 5Bit 1 6Bit 1
True label 0 Full 0 2Bit 1 3Bit 1 4Bit 0 5Bit 1 6Bit 1
True label 0 Full 0 2Bit 0 3Bit 1 4Bit 0 5Bit 1 6Bit 1
True label 1 Full 1 2Bit 0 3Bit 1 4Bit 0 5Bit 1 6Bit 1
True label 0 Full 0 2Bit 0 3Bit 1 4Bit 0 5Bit 1 6Bit 1
True label 0 Full 0 2Bit 0 3Bit 1 4Bit 0 5Bit 1 6Bit 1
True label 1 Full 1 2Bit 1 3Bit 1 4Bit 0 5Bit 1 6Bit 1
True label 0 Full 0 2Bit 0 3Bit 1 4Bit 0 5Bit 1 6Bit 1
True label 0 Full 0 2Bit 0 3Bit 1 4Bit 0 5Bit 1 6Bit 1
True label 0 Full 0 2Bit 0 3Bit 1 4Bit 0 5Bit 1 6Bit 1
True label 0 Full 0 2Bit 0 3Bit 1 4Bit 0 5Bit 1 6Bit 1
True label 0 Full 0 2Bit 0 3Bit 1 4Bit 0 5Bit 1 6Bit 1
True label 0 Full 0 2Bit 0 3Bit 1 4Bit 0 5Bit 1 6Bit 1
True label 1 Full 0 2Bit 0 3Bit 1 4Bit 0 5Bit 1 6Bit 1
True label 0 Full 0 2Bit 1 3Bit 1 4Bit 0 5Bit 1 6Bit 1
True label 0 Full 0 2Bit 0 3Bit 1 4Bit 0 5Bit 1 6Bit 1
True label 1 Full 1 2Bit 1 3Bit 1 4Bit 0 5Bit 1 6Bit 1
True label 0 Full 0 2Bit 0 3Bit 1 4Bit 0 5Bit 1 6Bit 1
True label 0 Full 0 2Bit 0 3Bit 1 4Bit 0 5Bit 1 6Bit 1
True label 1 Full 1 2Bit 0 3Bit 1 4Bit 0 5Bit 1 6Bit 1
True label 1 Full 1 2Bit 0 3Bit 1 4Bit 0 5Bit 1 6Bit 1
True label 1 Full 1 2Bit 0 3Bit 1 4Bit 0 5Bit 1 6Bit 1
True label 0 Full 0 2Bit 0 3Bit 1 4Bit 0 5Bit 1 6Bit 1
True label 0 Full 0 2Bit 0 3Bit 1 4Bit 0 5Bit 1 6Bit 1
True label 0 Full 0 2Bit 0 3Bit 1 4Bit 0 5Bit 1 6Bit 1
True label 1 Full 1 2Bit 1 3Bit 1 4Bit 0 5Bit 1 6Bit 1
True label 0 Full 0 2Bit 0 3Bit 1 4Bit 0 5Bit 1 6Bit 1
True label 0 Full 0 2Bit 0 3Bit 1 4Bit 0 5Bit 1 6Bit 1
True label 0 Full 1 2Bit 0 3Bit 1 4Bit 0 5Bit 1 6Bit 1
True label 0 Full 0 2Bit 1 3Bit 1 4Bit 0 5Bit 1 6Bit 1
True label 1 Full 1 2Bit 0 3Bit 1 4Bit 0 5Bit 1 6Bit 1
True label 1 Full 1 2Bit 0 3Bit 1 4Bit 0 5Bit 1 6Bit 1
True label 1 Full 1 2Bit 0 3Bit 1 4Bit 0 5Bit 1 6Bit 1
True label 0 Full 0 2Bit 1 3Bit 1 4Bit 0 5Bit 1 6Bit 1
True label 0 Full 1 2Bit 0 3Bit 1 4Bit 0 5Bit 1 6Bit 1
True label 0 Full 0 2Bit 0 3Bit 1 4Bit 0 5Bit 1 6Bit 1
True label 1 Full 1 2Bit 1 3Bit 1 4Bit 0 5Bit 1 6Bit 1
True label 0 Full 0 2Bit 0 3Bit 1 4Bit 0 5Bit 1 6Bit 1
True label 1 Full 1 2Bit 1 3Bit 1 4Bit 0 5Bit 1 6Bit 1
True label 0 Full 0 2Bit 0 3Bit 1 4Bit 0 5Bit 1 6Bit 1
True label 1 Full 1 2Bit 1 3Bit 1 4Bit 0 5Bit 1 6Bit 1
True label 0 Full 0 2Bit 0 3Bit 1 4Bit 0 5Bit 1 6Bit 1
True label 0 Full 0 2Bit 0 3Bit 1 4Bit 0 5Bit 1 6Bit 1
True label 1 Full 1 2Bit 0 3Bit 1 4Bit 0 5Bit 1 6Bit 1
True label 1 Full 1 2Bit 1 3Bit 1 4Bit 0 5Bit 1 6Bit 1
True label 1 Full 1 2Bit 0 3Bit 1 4Bit 0 5Bit 1 6Bit 1
True label 0 Full 1 2Bit 1 3Bit 1 4Bit 0 5Bit 1 6Bit 1
True label 1 Full 1 2Bit 0 3Bit 1 4Bit 0 5Bit 1 6Bit 1
True label 0 Full 0 2Bit 1 3Bit 1 4Bit 0 5Bit 1 6Bit 1
True label 0 Full 0 2Bit 1 3Bit 1 4Bit 0 5Bit 1 6Bit 1
True label 0 Full 0 2Bit 0 3Bit 1 4Bit 0 5Bit 1 6Bit 1
True label 0 Full 0 2Bit 0 3Bit 1 4Bit 0 5Bit 1 6Bit 1
True label 1 Full 1 2Bit 0 3Bit 1 4Bit 0 5Bit 1 6Bit 1
True label 0 Full 0 2Bit 0 3Bit 1 4Bit 0 5Bit 1 6Bit 1
True label 0 Full 1 2Bit 0 3Bit 1 4Bit 0 5Bit 1 6Bit 1
True label 1 Full 1 2Bit 1 3Bit 1 4Bit 0 5Bit 1 6Bit 1
True label 0 Full 0 2Bit 0 3Bit 1 4Bit 0 5Bit 1 6Bit 1
True label 1 Full 1 2Bit 1 3Bit 1 4Bit 0 5Bit 1 6Bit 1
True label 1 Full 1 2Bit 1 3Bit 1 4Bit 0 5Bit 1 6Bit 1
True label 0 Full 0 2Bit 0 3Bit 1 4Bit 0 5Bit 1 6Bit 1
True label 0 Full 0 2Bit 0 3Bit 1 4Bit 0 5Bit 1 6Bit 1
True label 1 Full 1 2Bit 1 3Bit 1 4Bit 0 5Bit 1 6Bit 1
True label 1 Full 1 2Bit 1 3Bit 1 4Bit 0 5Bit 1 6Bit 1
True label 1 Full 1 2Bit 1 3Bit 1 4Bit 0 5Bit 1 6Bit 1
True label 0 Full 0 2Bit 0 3Bit 1 4Bit 0 5Bit 1 6Bit 1
True label 1 Full 1 2Bit 1 3Bit 1 4Bit 0 5Bit 1 6Bit 1
True label 0 Full 0 2Bit 0 3Bit 1 4Bit 0 5Bit 1 6Bit 1
True label 1 Full 1 2Bit 0 3Bit 1 4Bit 0 5Bit 1 6Bit 1
True label 0 Full 0 2Bit 0 3Bit 1 4Bit 0 5Bit 1 6Bit 1
True label 1 Full 1 2Bit 0 3Bit 1 4Bit 0 5Bit 1 6Bit 1
True label 1 Full 1 2Bit 0 3Bit 1 4Bit 0 5Bit 1 6Bit 1
True label 1 Full 1 2Bit 0 3Bit 1 4Bit 0 5Bit 1 6Bit 1
True label 0 Full 0 2Bit 0 3Bit 1 4Bit 0 5Bit 1 6Bit 1
True label 0 Full 0 2Bit 0 3Bit 1 4Bit 0 5Bit 1 6Bit 1
True label 1 Full 1 2Bit 0 3Bit 1 4Bit 0 5Bit 1 6Bit 1
True label 1 Full 1 2Bit 1 3Bit 1 4Bit 0 5Bit 1 6Bit 1
True label 0 Full 0 2Bit 0 3Bit 1 4Bit 0 5Bit 1 6Bit 1
True label 0 Full 0 2Bit 0 3Bit 1 4Bit 0 5Bit 1 6Bit 1
True label 0 Full 0 2Bit 0 3Bit 1 4Bit 0 5Bit 1 6Bit 1
True label 1 Full 0 2Bit 1 3Bit 1 4Bit 0 5Bit 1 6Bit 1
True label 1 Full 1 2Bit 0 3Bit 1 4Bit 0 5Bit 1 6Bit 1
True label 0 Full 0 2Bit 0 3Bit 1 4Bit 0 5Bit 1 6Bit 1
True label 0 Full 0 2Bit 0 3Bit 1 4Bit 0 5Bit 1 6Bit 1
True label 0 Full 0 2Bit 0 3Bit 1 4Bit 0 5Bit 1 6Bit 1
True label 0 Full 0 2Bit 1 3Bit 1 4Bit 0 5Bit 1 6Bit 1
True label 1 Full 0 2Bit 0 3Bit 1 4Bit 0 5Bit 1 6Bit 1
True label 0 Full 0 2Bit 0 3Bit 1 4Bit 0 5Bit 1 6Bit 1
True label 1 Full 1 2Bit 0 3Bit 1 4Bit 0 5Bit 1 6Bit 1
True label 0 Full 0 2Bit 0 3Bit 1 4Bit 0 5Bit 1 6Bit 1
True label 0 Full 0 2Bit 1 3Bit 1 4Bit 0 5Bit 1 6Bit 1
True label 0 Full 0 2Bit 0 3Bit 1 4Bit 0 5Bit 1 6Bit 1
True label 1 Full 1 2Bit 1 3Bit 1 4Bit 0 5Bit 1 6Bit 1
True label 0 Full 0 2Bit 0 3Bit 1 4Bit 0 5Bit 1 6Bit 1
True label 1 Full 1 2Bit 0 3Bit 1 4Bit 0 5Bit 1 6Bit 1
True label 0 Full 0 2Bit 0 3Bit 1 4Bit 0 5Bit 1 6Bit 1
True label 1 Full 1 2Bit 1 3Bit 1 4Bit 0 5Bit 1 6Bit 1
True label 1 Full 1 2Bit 1 3Bit 1 4Bit 0 5Bit 1 6Bit 1
True label 1 Full 1 2Bit 1 3Bit 1 4Bit 0 5Bit 1 6Bit 1
True label 1 Full 1 2Bit 0 3Bit 1 4Bit 0 5Bit 1 6Bit 1
True label 0 Full 0 2Bit 1 3Bit 1 4Bit 0 5Bit 1 6Bit 1
True label 1 Full 1 2Bit 0 3Bit 1 4Bit 0 5Bit 1 6Bit 1
True label 1 Full 1 2Bit 0 3Bit 1 4Bit 0 5Bit 1 6Bit 1
True label 0 Full 0 2Bit 0 3Bit 1 4Bit 0 5Bit 1 6Bit 1
True label 0 Full 0 2Bit 0 3Bit 1 4Bit 0 5Bit 1 6Bit 1
True label 0 Full 0 2Bit 0 3Bit 1 4Bit 0 5Bit 1 6Bit 1
True label 1 Full 1 2Bit 1 3Bit 1 4Bit 0 5Bit 1 6Bit 1
True label 0 Full 0 2Bit 1 3Bit 1 4Bit 0 5Bit 1 6Bit 1
True label 1 Full 1 2Bit 0 3Bit 1 4Bit 0 5Bit 1 6Bit 1
True label 1 Full 1 2Bit 1 3Bit 1 4Bit 0 5Bit 1 6Bit 1
True label 0 Full 0 2Bit 0 3Bit 1 4Bit 0 5Bit 1 6Bit 1
True label 0 Full 0 2Bit 0 3Bit 1 4Bit 0 5Bit 1 6Bit 1
True label 0 Full 0 2Bit 0 3Bit 1 4Bit 0 5Bit 1 6Bit 1
True label 0 Full 1 2Bit 0 3Bit 1 4Bit 0 5Bit 1 6Bit 1
True label 1 Full 0 2Bit 0 3Bit 1 4Bit 0 5Bit 1 6Bit 1
True label 1 Full 1 2Bit 1 3Bit 1 4Bit 0 5Bit 1 6Bit 1
True label 0 Full 0 2Bit 0 3Bit 1 4Bit 0 5Bit 1 6Bit 1
True label 1 Full 1 2Bit 0 3Bit 1 4Bit 0 5Bit 1 6Bit 1
True label 1 Full 1 2Bit 0 3Bit 1 4Bit 0 5Bit 1 6Bit 1
True label 1 Full 1 2Bit 1 3Bit 1 4Bit 0 5Bit 1 6Bit 1
True label 0 Full 0 2Bit 0 3Bit 1 4Bit 0 5Bit 1 6Bit 1
True label 0 Full 0 2Bit 0 3Bit 1 4Bit 0 5Bit 1 6Bit 1
True label 0 Full 0 2Bit 1 3Bit 1 4Bit 0 5Bit 1 6Bit 1
True label 1 Full 1 2Bit 0 3Bit 1 4Bit 0 5Bit 1 6Bit 1
True label 0 Full 0 2Bit 0 3Bit 1 4Bit 0 5Bit 1 6Bit 1
True label 0 Full 0 2Bit 0 3Bit 1 4Bit 0 5Bit 1 6Bit 1
True label 1 Full 1 2Bit 1 3Bit 1 4Bit 0 5Bit 1 6Bit 1
True label 0 Full 0 2Bit 0 3Bit 1 4Bit 0 5Bit 1 6Bit 1
True label 1 Full 1 2Bit 1 3Bit 1 4Bit 0 5Bit 1 6Bit 1
True label 1 Full 1 2Bit 0 3Bit 1 4Bit 0 5Bit 1 6Bit 1
True label 0 Full 0 2Bit 0 3Bit 1 4Bit 0 5Bit 1 6Bit 1
True label 1 Full 1 2Bit 0 3Bit 1 4Bit 0 5Bit 1 6Bit 1
True label 0 Full 0 2Bit 0 3Bit 1 4Bit 0 5Bit 1 6Bit 1
True label 0 Full 0 2Bit 1 3Bit 1 4Bit 0 5Bit 1 6Bit 1
True label 1 Full 1 2Bit 1 3Bit 1 4Bit 0 5Bit 1 6Bit 1
True label 1 Full 0 2Bit 0 3Bit 1 4Bit 0 5Bit 1 6Bit 1
True label 1 Full 1 2Bit 1 3Bit 1 4Bit 0 5Bit 1 6Bit 1
True label 1 Full 0 2Bit 0 3Bit 1 4Bit 0 5Bit 1 6Bit 1
True label 1 Full 1 2Bit 1 3Bit 1 4Bit 0 5Bit 1 6Bit 1
True label 0 Full 0 2Bit 0 3Bit 1 4Bit 0 5Bit 1 6Bit 1
True label 0 Full 0 2Bit 0 3Bit 1 4Bit 0 5Bit 1 6Bit 1
True label 1 Full 1 2Bit 1 3Bit 1 4Bit 0 5Bit 1 6Bit 1
True label 0 Full 0 2Bit 0 3Bit 1 4Bit 0 5Bit 1 6Bit 1
True label 0 Full 0 2Bit 0 3Bit 1 4Bit 0 5Bit 1 6Bit 1
True label 1 Full 1 2Bit 1 3Bit 1 4Bit 0 5Bit 1 6Bit 1
True label 0 Full 0 2Bit 1 3Bit 1 4Bit 0 5Bit 1 6Bit 1
True label 0 Full 0 2Bit 1 3Bit 1 4Bit 0 5Bit 1 6Bit 1
True label 1 Full 0 2Bit 0 3Bit 1 4Bit 0 5Bit 1 6Bit 1
True label 0 Full 0 2Bit 0 3Bit 1 4Bit 0 5Bit 1 6Bit 1
True label 1 Full 1 2Bit 1 3Bit 1 4Bit 0 5Bit 1 6Bit 1
True label 0 Full 1 2Bit 0 3Bit 1 4Bit 0 5Bit 1 6Bit 1
True label 1 Full 1 2Bit 0 3Bit 1 4Bit 0 5Bit 1 6Bit 1
True label 1 Full 1 2Bit 1 3Bit 1 4Bit 0 5Bit 1 6Bit 1
True label 1 Full 1 2Bit 0 3Bit 1 4Bit 0 5Bit 1 6Bit 1
True label 0 Full 0 2Bit 1 3Bit 1 4Bit 0 5Bit 1 6Bit 1
True label 1 Full 1 2Bit 1 3Bit 1 4Bit 0 5Bit 1 6Bit 1
True label 0 Full 0 2Bit 0 3Bit 1 4Bit 0 5Bit 1 6Bit 1
True label 1 Full 1 2Bit 0 3Bit 1 4Bit 0 5Bit 1 6Bit 1
True label 1 Full 1 2Bit 1 3Bit 1 4Bit 0 5Bit 1 6Bit 1
True label 0 Full 0 2Bit 0 3Bit 1 4Bit 0 5Bit 1 6Bit 1
True label 1 Full 1 2Bit 0 3Bit 1 4Bit 0 5Bit 1 6Bit 1
True label 1 Full 1 2Bit 1 3Bit 1 4Bit 0 5Bit 1 6Bit 1
True label 0 Full 0 2Bit 0 3Bit 1 4Bit 0 5Bit 1 6Bit 1
True label 0 Full 0 2Bit 0 3Bit 1 4Bit 0 5Bit 1 6Bit 1
True label 1 Full 1 2Bit 1 3Bit 1 4Bit 0 5Bit 1 6Bit 1
True label 1 Full 1 2Bit 0 3Bit 1 4Bit 0 5Bit 1 6Bit 1
True label 0 Full 1 2Bit 0 3Bit 1 4Bit 0 5Bit 1 6Bit 1
True label 0 Full 1 2Bit 1 3Bit 1 4Bit 0 5Bit 1 6Bit 1
True label 1 Full 0 2Bit 0 3Bit 1 4Bit 0 5Bit 1 6Bit 1
True label 0 Full 0 2Bit 0 3Bit 1 4Bit 0 5Bit 1 6Bit 1
True label 1 Full 0 2Bit 0 3Bit 1 4Bit 0 5Bit 1 6Bit 1
True label 1 Full 0 2Bit 0 3Bit 1 4Bit 0 5Bit 1 6Bit 1
True label 1 Full 1 2Bit 0 3Bit 1 4Bit 0 5Bit 1 6Bit 1
True label 0 Full 0 2Bit 0 3Bit 1 4Bit 0 5Bit 1 6Bit 1
True label 0 Full 0 2Bit 0 3Bit 1 4Bit 0 5Bit 1 6Bit 1
True label 0 Full 0 2Bit 0 3Bit 1 4Bit 0 5Bit 1 6Bit 1
True label 0 Full 0 2Bit 0 3Bit 1 4Bit 0 5Bit 1 6Bit 1
True label 0 Full 0 2Bit 0 3Bit 1 4Bit 0 5Bit 1 6Bit 1
True label 1 Full 1 2Bit 1 3Bit 1 4Bit 0 5Bit 1 6Bit 1
True label 0 Full 0 2Bit 0 3Bit 1 4Bit 0 5Bit 1 6Bit 1
True label 0 Full 0 2Bit 1 3Bit 1 4Bit 0 5Bit 1 6Bit 1
True label 0 Full 0 2Bit 0 3Bit 1 4Bit 0 5Bit 1 6Bit 1
True label 1 Full 1 2Bit 1 3Bit 1 4Bit 0 5Bit 1 6Bit 1
True label 0 Full 0 2Bit 0 3Bit 1 4Bit 0 5Bit 1 6Bit 1
True label 0 Full 0 2Bit 0 3Bit 1 4Bit 0 5Bit 1 6Bit 1
True label 1 Full 1 2Bit 1 3Bit 1 4Bit 0 5Bit 1 6Bit 1
True label 0 Full 0 2Bit 0 3Bit 1 4Bit 0 5Bit 1 6Bit 1
True label 1 Full 1 2Bit 1 3Bit 1 4Bit 0 5Bit 1 6Bit 1
True label 0 Full 0 2Bit 0 3Bit 1 4Bit 0 5Bit 1 6Bit 1
True label 1 Full 1 2Bit 1 3Bit 1 4Bit 0 5Bit 1 6Bit 1
True label 0 Full 0 2Bit 0 3Bit 1 4Bit 0 5Bit 1 6Bit 1
True label 1 Full 1 2Bit 0 3Bit 1 4Bit 0 5Bit 1 6Bit 1
True label 1 Full 1 2Bit 0 3Bit 1 4Bit 0 5Bit 1 6Bit 1
True label 0 Full 0 2Bit 1 3Bit 1 4Bit 0 5Bit 1 6Bit 1
True label 0 Full 0 2Bit 0 3Bit 1 4Bit 0 5Bit 1 6Bit 1
True label 0 Full 0 2Bit 0 3Bit 1 4Bit 0 5Bit 1 6Bit 1
True label 1 Full 1 2Bit 0 3Bit 1 4Bit 0 5Bit 1 6Bit 1
True label 0 Full 0 2Bit 0 3Bit 1 4Bit 0 5Bit 1 6Bit 1
True label 1 Full 1 2Bit 1 3Bit 1 4Bit 0 5Bit 1 6Bit 1
True label 0 Full 0 2Bit 0 3Bit 1 4Bit 0 5Bit 1 6Bit 1
True label 0 Full 0 2Bit 0 3Bit 1 4Bit 0 5Bit 1 6Bit 1
True label 0 Full 0 2Bit 0 3Bit 1 4Bit 0 5Bit 1 6Bit 1
True label 0 Full 0 2Bit 0 3Bit 1 4Bit 0 5Bit 1 6Bit 1
True label 0 Full 0 2Bit 0 3Bit 1 4Bit 0 5Bit 1 6Bit 1
True label 0 Full 0 2Bit 1 3Bit 1 4Bit 0 5Bit 1 6Bit 1
True label 0 Full 0 2Bit 0 3Bit 1 4Bit 0 5Bit 1 6Bit 1
True label 1 Full 1 2Bit 1 3Bit 1 4Bit 0 5Bit 1 6Bit 1
True label 1 Full 1 2Bit 0 3Bit 1 4Bit 0 5Bit 1 6Bit 1
True label 1 Full 1 2Bit 1 3Bit 1 4Bit 0 5Bit 1 6Bit 1
True label 1 Full 1 2Bit 1 3Bit 1 4Bit 0 5Bit 1 6Bit 1
True label 1 Full 1 2Bit 0 3Bit 1 4Bit 0 5Bit 1 6Bit 1
True label 1 Full 1 2Bit 0 3Bit 1 4Bit 0 5Bit 1 6Bit 1
True label 0 Full 0 2Bit 0 3Bit 1 4Bit 0 5Bit 1 6Bit 1
True label 0 Full 0 2Bit 0 3Bit 1 4Bit 0 5Bit 1 6Bit 1
True label 0 Full 0 2Bit 0 3Bit 1 4Bit 0 5Bit 1 6Bit 1
True label 1 Full 1 2Bit 1 3Bit 1 4Bit 0 5Bit 1 6Bit 1
True label 1 Full 1 2Bit 0 3Bit 1 4Bit 0 5Bit 1 6Bit 1
True label 0 Full 0 2Bit 0 3Bit 1 4Bit 0 5Bit 1 6Bit 1
True label 0 Full 0 2Bit 0 3Bit 1 4Bit 0 5Bit 1 6Bit 1
True label 1 Full 1 2Bit 1 3Bit 1 4Bit 0 5Bit 1 6Bit 1
True label 1 Full 1 2Bit 0 3Bit 1 4Bit 0 5Bit 1 6Bit 1
True label 1 Full 1 2Bit 1 3Bit 1 4Bit 0 5Bit 1 6Bit 1
True label 0 Full 0 2Bit 0 3Bit 1 4Bit 0 5Bit 1 6Bit 1
True label 0 Full 0 2Bit 0 3Bit 1 4Bit 0 5Bit 1 6Bit 1
True label 1 Full 1 2Bit 1 3Bit 1 4Bit 0 5Bit 1 6Bit 1
True label 0 Full 0 2Bit 0 3Bit 1 4Bit 0 5Bit 1 6Bit 1
True label 1 Full 1 2Bit 0 3Bit 1 4Bit 0 5Bit 1 6Bit 1
True label 0 Full 0 2Bit 0 3Bit 1 4Bit 0 5Bit 1 6Bit 1
True label 1 Full 1 2Bit 1 3Bit 1 4Bit 0 5Bit 1 6Bit 1
True label 0 Full 0 2Bit 0 3Bit 1 4Bit 0 5Bit 1 6Bit 1
True label 1 Full 1 2Bit 1 3Bit 1 4Bit 0 5Bit 1 6Bit 1
True label 1 Full 1 2Bit 1 3Bit 1 4Bit 0 5Bit 1 6Bit 1
True label 0 Full 0 2Bit 0 3Bit 1 4Bit 0 5Bit 1 6Bit 1
True label 0 Full 0 2Bit 0 3Bit 1 4Bit 0 5Bit 1 6Bit 1
True label 0 Full 0 2Bit 1 3Bit 1 4Bit 0 5Bit 1 6Bit 1
True label 0 Full 0 2Bit 1 3Bit 1 4Bit 0 5Bit 1 6Bit 1
True label 0 Full 0 2Bit 1 3Bit 1 4Bit 0 5Bit 1 6Bit 1
True label 1 Full 1 2Bit 1 3Bit 1 4Bit 0 5Bit 1 6Bit 1
True label 0 Full 0 2Bit 0 3Bit 1 4Bit 0 5Bit 1 6Bit 1
True label 0 Full 0 2Bit 0 3Bit 1 4Bit 0 5Bit 1 6Bit 1
True label 1 Full 1 2Bit 0 3Bit 1 4Bit 0 5Bit 1 6Bit 1
True label 0 Full 0 2Bit 0 3Bit 1 4Bit 0 5Bit 1 6Bit 1
True label 1 Full 1 2Bit 0 3Bit 1 4Bit 0 5Bit 1 6Bit 1
True label 0 Full 0 2Bit 0 3Bit 1 4Bit 0 5Bit 1 6Bit 1
True label 1 Full 1 2Bit 1 3Bit 1 4Bit 0 5Bit 1 6Bit 1
True label 1 Full 1 2Bit 1 3Bit 1 4Bit 0 5Bit 1 6Bit 1
True label 0 Full 0 2Bit 1 3Bit 1 4Bit 0 5Bit 1 6Bit 1
True label 0 Full 0 2Bit 0 3Bit 1 4Bit 0 5Bit 1 6Bit 1
True label 1 Full 1 2Bit 0 3Bit 1 4Bit 0 5Bit 1 6Bit 1
True label 1 Full 1 2Bit 1 3Bit 1 4Bit 0 5Bit 1 6Bit 1
True label 0 Full 0 2Bit 1 3Bit 1 4Bit 0 5Bit 1 6Bit 1
True label 0 Full 0 2Bit 0 3Bit 1 4Bit 0 5Bit 1 6Bit 1
True label 0 Full 0 2Bit 0 3Bit 1 4Bit 0 5Bit 1 6Bit 1
True label 1 Full 1 2Bit 1 3Bit 1 4Bit 0 5Bit 1 6Bit 1
True label 0 Full 0 2Bit 0 3Bit 1 4Bit 0 5Bit 1 6Bit 1
True label 1 Full 0 2Bit 0 3Bit 1 4Bit 0 5Bit 1 6Bit 1
True label 1 Full 1 2Bit 1 3Bit 1 4Bit 0 5Bit 1 6Bit 1
True label 1 Full 1 2Bit 1 3Bit 1 4Bit 0 5Bit 1 6Bit 1
True label 1 Full 0 2Bit 0 3Bit 1 4Bit 0 5Bit 1 6Bit 1
True label 1 Full 1 2Bit 0 3Bit 1 4Bit 0 5Bit 1 6Bit 1
True label 1 Full 1 2Bit 0 3Bit 1 4Bit 0 5Bit 1 6Bit 1
True label 1 Full 1 2Bit 0 3Bit 1 4Bit 0 5Bit 1 6Bit 1
True label 1 Full 1 2Bit 1 3Bit 1 4Bit 0 5Bit 1 6Bit 1
True label 0 Full 0 2Bit 0 3Bit 1 4Bit 0 5Bit 1 6Bit 1
True label 1 Full 1 2Bit 1 3Bit 1 4Bit 0 5Bit 1 6Bit 1
True label 1 Full 1 2Bit 1 3Bit 1 4Bit 0 5Bit 1 6Bit 1
True label 1 Full 1 2Bit 1 3Bit 1 4Bit 0 5Bit 1 6Bit 1
True label 0 Full 0 2Bit 0 3Bit 1 4Bit 0 5Bit 1 6Bit 1
True label 1 Full 1 2Bit 1 3Bit 1 4Bit 0 5Bit 1 6Bit 1
True label 0 Full 0 2Bit 1 3Bit 1 4Bit 0 5Bit 1 6Bit 1
True label 0 Full 0 2Bit 0 3Bit 1 4Bit 0 5Bit 1 6Bit 1
True label 1 Full 0 2Bit 0 3Bit 1 4Bit 0 5Bit 1 6Bit 1
True label 0 Full 0 2Bit 0 3Bit 1 4Bit 0 5Bit 1 6Bit 1
True label 1 Full 0 2Bit 0 3Bit 1 4Bit 0 5Bit 1 6Bit 1
True label 1 Full 1 2Bit 1 3Bit 1 4Bit 0 5Bit 1 6Bit 1
True label 1 Full 1 2Bit 1 3Bit 1 4Bit 0 5Bit 1 6Bit 1
True label 0 Full 0 2Bit 0 3Bit 1 4Bit 0 5Bit 1 6Bit 1
True label 0 Full 1 2Bit 1 3Bit 1 4Bit 0 5Bit 1 6Bit 1
True label 0 Full 0 2Bit 1 3Bit 1 4Bit 0 5Bit 1 6Bit 1
True label 1 Full 1 2Bit 1 3Bit 1 4Bit 0 5Bit 1 6Bit 1
True label 1 Full 0 2Bit 1 3Bit 1 4Bit 0 5Bit 1 6Bit 1
True label 1 Full 1 2Bit 0 3Bit 1 4Bit 0 5Bit 1 6Bit 1
True label 1 Full 1 2Bit 0 3Bit 1 4Bit 0 5Bit 1 6Bit 1
True label 0 Full 0 2Bit 0 3Bit 1 4Bit 0 5Bit 1 6Bit 1
True label 0 Full 0 2Bit 0 3Bit 1 4Bit 0 5Bit 1 6Bit 1
True label 1 Full 1 2Bit 0 3Bit 1 4Bit 0 5Bit 1 6Bit 1
True label 1 Full 1 2Bit 0 3Bit 1 4Bit 0 5Bit 1 6Bit 1
True label 1 Full 1 2Bit 1 3Bit 1 4Bit 0 5Bit 1 6Bit 1
True label 0 Full 0 2Bit 1 3Bit 1 4Bit 0 5Bit 1 6Bit 1
True label 0 Full 0 2Bit 0 3Bit 1 4Bit 0 5Bit 1 6Bit 1
True label 0 Full 0 2Bit 0 3Bit 1 4Bit 0 5Bit 1 6Bit 1
True label 0 Full 0 2Bit 0 3Bit 1 4Bit 0 5Bit 1 6Bit 1
True label 0 Full 0 2Bit 0 3Bit 1 4Bit 0 5Bit 1 6Bit 1
True label 0 Full 0 2Bit 0 3Bit 1 4Bit 0 5Bit 1 6Bit 1
True label 1 Full 1 2Bit 1 3Bit 1 4Bit 0 5Bit 1 6Bit 1
True label 1 Full 0 2Bit 0 3Bit 1 4Bit 0 5Bit 1 6Bit 1
True label 1 Full 0 2Bit 0 3Bit 1 4Bit 0 5Bit 1 6Bit 1
True label 1 Full 1 2Bit 0 3Bit 1 4Bit 0 5Bit 1 6Bit 1
True label 0 Full 0 2Bit 0 3Bit 1 4Bit 0 5Bit 1 6Bit 1
True label 1 Full 1 2Bit 1 3Bit 1 4Bit 0 5Bit 1 6Bit 1
True label 1 Full 1 2Bit 1 3Bit 1 4Bit 0 5Bit 1 6Bit 1
True label 0 Full 0 2Bit 0 3Bit 1 4Bit 0 5Bit 1 6Bit 1
True label 0 Full 0 2Bit 0 3Bit 1 4Bit 0 5Bit 1 6Bit 1
True label 1 Full 1 2Bit 1 3Bit 1 4Bit 0 5Bit 1 6Bit 1
True label 1 Full 1 2Bit 0 3Bit 1 4Bit 0 5Bit 1 6Bit 1
True label 1 Full 1 2Bit 1 3Bit 1 4Bit 0 5Bit 1 6Bit 1
True label 0 Full 0 2Bit 0 3Bit 1 4Bit 0 5Bit 1 6Bit 1
True label 1 Full 1 2Bit 0 3Bit 1 4Bit 0 5Bit 1 6Bit 1
True label 1 Full 0 2Bit 0 3Bit 1 4Bit 0 5Bit 1 6Bit 1
True label 0 Full 1 2Bit 0 3Bit 1 4Bit 0 5Bit 1 6Bit 1
True label 1 Full 1 2Bit 1 3Bit 1 4Bit 0 5Bit 1 6Bit 1
True label 1 Full 1 2Bit 1 3Bit 1 4Bit 0 5Bit 1 6Bit 1
True label 0 Full 0 2Bit 0 3Bit 1 4Bit 0 5Bit 1 6Bit 1
True label 1 Full 0 2Bit 0 3Bit 1 4Bit 0 5Bit 1 6Bit 1
True label 0 Full 0 2Bit 0 3Bit 1 4Bit 0 5Bit 1 6Bit 1
True label 0 Full 0 2Bit 0 3Bit 1 4Bit 0 5Bit 1 6Bit 1
True label 0 Full 0 2Bit 0 3Bit 1 4Bit 0 5Bit 1 6Bit 1
True label 0 Full 0 2Bit 0 3Bit 1 4Bit 0 5Bit 1 6Bit 1
True label 1 Full 1 2Bit 1 3Bit 1 4Bit 0 5Bit 1 6Bit 1
True label 0 Full 0 2Bit 0 3Bit 1 4Bit 0 5Bit 1 6Bit 1
True label 0 Full 0 2Bit 0 3Bit 1 4Bit 0 5Bit 1 6Bit 1
True label 1 Full 1 2Bit 1 3Bit 1 4Bit 0 5Bit 1 6Bit 1
True label 0 Full 0 2Bit 1 3Bit 1 4Bit 0 5Bit 1 6Bit 1
True label 1 Full 0 2Bit 0 3Bit 1 4Bit 0 5Bit 1 6Bit 1
True label 0 Full 1 2Bit 0 3Bit 1 4Bit 0 5Bit 1 6Bit 1
True label 0 Full 0 2Bit 0 3Bit 1 4Bit 0 5Bit 1 6Bit 1
True label 1 Full 1 2Bit 1 3Bit 1 4Bit 0 5Bit 1 6Bit 1
True label 1 Full 1 2Bit 1 3Bit 1 4Bit 0 5Bit 1 6Bit 1
True label 1 Full 1 2Bit 0 3Bit 1 4Bit 0 5Bit 1 6Bit 1
True label 1 Full 1 2Bit 1 3Bit 1 4Bit 0 5Bit 1 6Bit 1
True label 1 Full 1 2Bit 0 3Bit 1 4Bit 0 5Bit 1 6Bit 1
True label 1 Full 1 2Bit 1 3Bit 1 4Bit 0 5Bit 1 6Bit 1
True label 0 Full 0 2Bit 1 3Bit 1 4Bit 0 5Bit 1 6Bit 1
True label 1 Full 1 2Bit 0 3Bit 1 4Bit 0 5Bit 1 6Bit 1
True label 0 Full 0 2Bit 1 3Bit 1 4Bit 0 5Bit 1 6Bit 1
True label 1 Full 1 2Bit 1 3Bit 1 4Bit 0 5Bit 1 6Bit 1
True label 0 Full 0 2Bit 1 3Bit 1 4Bit 0 5Bit 1 6Bit 1
True label 1 Full 1 2Bit 0 3Bit 1 4Bit 0 5Bit 1 6Bit 1
True label 1 Full 1 2Bit 1 3Bit 1 4Bit 0 5Bit 1 6Bit 1
True label 1 Full 0 2Bit 0 3Bit 0 4Bit 0 5Bit 0 6Bit 1
True label 0 Full 0 2Bit 0 3Bit 1 4Bit 0 5Bit 1 6Bit 1
True label 1 Full 1 2Bit 0 3Bit 1 4Bit 0 5Bit 1 6Bit 1
True label 1 Full 1 2Bit 1 3Bit 1 4Bit 0 5Bit 1 6Bit 1
True label 0 Full 0 2Bit 0 3Bit 1 4Bit 0 5Bit 1 6Bit 1
True label 0 Full 0 2Bit 0 3Bit 1 4Bit 0 5Bit 1 6Bit 1
True label 0 Full 0 2Bit 0 3Bit 1 4Bit 0 5Bit 1 6Bit 1
True label 0 Full 0 2Bit 0 3Bit 1 4Bit 0 5Bit 1 6Bit 1
True label 0 Full 0 2Bit 0 3Bit 1 4Bit 0 5Bit 1 6Bit 1
True label 1 Full 1 2Bit 1 3Bit 1 4Bit 0 5Bit 1 6Bit 1
True label 0 Full 0 2Bit 0 3Bit 1 4Bit 0 5Bit 1 6Bit 1
True label 0 Full 0 2Bit 0 3Bit 1 4Bit 0 5Bit 1 6Bit 1
True label 1 Full 1 2Bit 1 3Bit 1 4Bit 0 5Bit 1 6Bit 1
True label 1 Full 1 2Bit 1 3Bit 1 4Bit 0 5Bit 1 6Bit 1
True label 1 Full 1 2Bit 0 3Bit 1 4Bit 0 5Bit 1 6Bit 1
True label 1 Full 0 2Bit 0 3Bit 1 4Bit 0 5Bit 1 6Bit 1
True label 1 Full 1 2Bit 1 3Bit 1 4Bit 0 5Bit 1 6Bit 1
True label 0 Full 0 2Bit 0 3Bit 1 4Bit 0 5Bit 1 6Bit 1
True label 1 Full 1 2Bit 1 3Bit 1 4Bit 0 5Bit 1 6Bit 1
True label 1 Full 1 2Bit 1 3Bit 1 4Bit 0 5Bit 1 6Bit 1
True label 1 Full 1 2Bit 1 3Bit 1 4Bit 0 5Bit 1 6Bit 1
True label 1 Full 1 2Bit 0 3Bit 1 4Bit 0 5Bit 1 6Bit 1
True label 0 Full 0 2Bit 0 3Bit 1 4Bit 0 5Bit 1 6Bit 1
True label 1 Full 0 2Bit 1 3Bit 1 4Bit 0 5Bit 1 6Bit 1
True label 1 Full 1 2Bit 0 3Bit 1 4Bit 0 5Bit 1 6Bit 1
True label 0 Full 0 2Bit 1 3Bit 1 4Bit 0 5Bit 1 6Bit 1
True label 1 Full 1 2Bit 0 3Bit 1 4Bit 0 5Bit 1 6Bit 1
True label 0 Full 0 2Bit 0 3Bit 1 4Bit 0 5Bit 1 6Bit 1
True label 1 Full 1 2Bit 1 3Bit 1 4Bit 0 5Bit 1 6Bit 1
True label 0 Full 0 2Bit 0 3Bit 1 4Bit 0 5Bit 1 6Bit 1
True label 0 Full 0 2Bit 0 3Bit 1 4Bit 0 5Bit 1 6Bit 1
True label 0 Full 0 2Bit 1 3Bit 1 4Bit 0 5Bit 1 6Bit 1
True label 0 Full 0 2Bit 0 3Bit 1 4Bit 0 5Bit 1 6Bit 1
True label 1 Full 1 2Bit 1 3Bit 1 4Bit 0 5Bit 1 6Bit 1
True label 0 Full 0 2Bit 0 3Bit 1 4Bit 0 5Bit 1 6Bit 1
True label 1 Full 0 2Bit 0 3Bit 1 4Bit 0 5Bit 1 6Bit 1
True label 1 Full 1 2Bit 1 3Bit 1 4Bit 0 5Bit 1 6Bit 1
True label 0 Full 0 2Bit 0 3Bit 1 4Bit 0 5Bit 1 6Bit 1
True label 0 Full 0 2Bit 0 3Bit 1 4Bit 0 5Bit 1 6Bit 1
True label 1 Full 1 2Bit 0 3Bit 1 4Bit 0 5Bit 1 6Bit 1
True label 0 Full 0 2Bit 0 3Bit 1 4Bit 0 5Bit 1 6Bit 1
True label 0 Full 0 2Bit 0 3Bit 1 4Bit 0 5Bit 1 6Bit 1
True label 1 Full 1 2Bit 1 3Bit 1 4Bit 0 5Bit 1 6Bit 1
True label 0 Full 0 2Bit 0 3Bit 1 4Bit 0 5Bit 1 6Bit 1
True label 0 Full 0 2Bit 0 3Bit 1 4Bit 0 5Bit 1 6Bit 1
True label 1 Full 1 2Bit 0 3Bit 1 4Bit 0 5Bit 1 6Bit 1
True label 1 Full 1 2Bit 0 3Bit 1 4Bit 0 5Bit 1 6Bit 1
True label 0 Full 0 2Bit 0 3Bit 1 4Bit 0 5Bit 1 6Bit 1
True label 1 Full 1 2Bit 0 3Bit 1 4Bit 0 5Bit 1 6Bit 1
True label 1 Full 1 2Bit 1 3Bit 1 4Bit 0 5Bit 1 6Bit 1
True label 0 Full 0 2Bit 0 3Bit 1 4Bit 0 5Bit 1 6Bit 1
True label 1 Full 1 2Bit 0 3Bit 1 4Bit 0 5Bit 1 6Bit 1
True label 0 Full 0 2Bit 0 3Bit 1 4Bit 0 5Bit 1 6Bit 1
True label 1 Full 1 2Bit 0 3Bit 1 4Bit 0 5Bit 1 6Bit 1
True label 0 Full 0 2Bit 0 3Bit 1 4Bit 0 5Bit 1 6Bit 1
True label 0 Full 0 2Bit 1 3Bit 1 4Bit 0 5Bit 1 6Bit 1
True label 0 Full 0 2Bit 0 3Bit 1 4Bit 0 5Bit 1 6Bit 1
True label 1 Full 1 2Bit 0 3Bit 1 4Bit 0 5Bit 1 6Bit 1
True label 1 Full 1 2Bit 1 3Bit 1 4Bit 0 5Bit 1 6Bit 1
True label 1 Full 1 2Bit 0 3Bit 1 4Bit 0 5Bit 1 6Bit 1
True label 0 Full 0 2Bit 0 3Bit 1 4Bit 0 5Bit 1 6Bit 1
True label 0 Full 0 2Bit 0 3Bit 1 4Bit 0 5Bit 1 6Bit 1
True label 1 Full 1 2Bit 1 3Bit 1 4Bit 0 5Bit 1 6Bit 1
True label 1 Full 1 2Bit 1 3Bit 1 4Bit 0 5Bit 1 6Bit 1
True label 1 Full 1 2Bit 0 3Bit 1 4Bit 0 5Bit 1 6Bit 1
True label 0 Full 0 2Bit 0 3Bit 1 4Bit 0 5Bit 1 6Bit 1
True label 1 Full 1 2Bit 1 3Bit 1 4Bit 0 5Bit 1 6Bit 1
True label 0 Full 0 2Bit 0 3Bit 1 4Bit 0 5Bit 1 6Bit 1
True label 1 Full 1 2Bit 0 3Bit 1 4Bit 0 5Bit 1 6Bit 1
True label 1 Full 1 2Bit 1 3Bit 1 4Bit 0 5Bit 1 6Bit 1
True label 0 Full 1 2Bit 1 3Bit 1 4Bit 0 5Bit 1 6Bit 1
True label 0 Full 1 2Bit 0 3Bit 1 4Bit 0 5Bit 1 6Bit 1
True label 0 Full 0 2Bit 1 3Bit 1 4Bit 0 5Bit 1 6Bit 1
True label 0 Full 0 2Bit 0 3Bit 1 4Bit 0 5Bit 1 6Bit 1
True label 0 Full 0 2Bit 1 3Bit 1 4Bit 0 5Bit 1 6Bit 1
True label 0 Full 0 2Bit 1 3Bit 1 4Bit 0 5Bit 1 6Bit 1
True label 1 Full 0 2Bit 0 3Bit 1 4Bit 0 5Bit 1 6Bit 1
True label 0 Full 0 2Bit 0 3Bit 1 4Bit 0 5Bit 1 6Bit 1
True label 0 Full 0 2Bit 0 3Bit 1 4Bit 0 5Bit 1 6Bit 1
True label 0 Full 1 2Bit 0 3Bit 1 4Bit 0 5Bit 1 6Bit 1
True label 1 Full 0 2Bit 0 3Bit 1 4Bit 0 5Bit 1 6Bit 1
True label 1 Full 1 2Bit 0 3Bit 1 4Bit 0 5Bit 1 6Bit 1
True label 1 Full 1 2Bit 1 3Bit 1 4Bit 0 5Bit 1 6Bit 1
True label 1 Full 1 2Bit 1 3Bit 1 4Bit 0 5Bit 1 6Bit 1
True label 1 Full 1 2Bit 1 3Bit 1 4Bit 0 5Bit 1 6Bit 1
True label 1 Full 1 2Bit 0 3Bit 1 4Bit 0 5Bit 1 6Bit 1
True label 0 Full 0 2Bit 0 3Bit 1 4Bit 0 5Bit 1 6Bit 1
True label 0 Full 1 2Bit 1 3Bit 1 4Bit 0 5Bit 1 6Bit 1
True label 0 Full 0 2Bit 1 3Bit 1 4Bit 0 5Bit 1 6Bit 1
True label 0 Full 1 2Bit 1 3Bit 1 4Bit 0 5Bit 1 6Bit 1
True label 0 Full 0 2Bit 0 3Bit 1 4Bit 0 5Bit 1 6Bit 1
True label 1 Full 1 2Bit 0 3Bit 1 4Bit 0 5Bit 1 6Bit 1
True label 1 Full 1 2Bit 0 3Bit 1 4Bit 0 5Bit 1 6Bit 1
True label 0 Full 0 2Bit 0 3Bit 1 4Bit 0 5Bit 1 6Bit 1
True label 1 Full 1 2Bit 0 3Bit 1 4Bit 0 5Bit 1 6Bit 1
True label 0 Full 1 2Bit 0 3Bit 1 4Bit 0 5Bit 1 6Bit 1
True label 0 Full 0 2Bit 0 3Bit 1 4Bit 0 5Bit 1 6Bit 1
True label 1 Full 0 2Bit 0 3Bit 1 4Bit 0 5Bit 1 6Bit 1
True label 0 Full 0 2Bit 0 3Bit 1 4Bit 0 5Bit 1 6Bit 1
True label 1 Full 1 2Bit 1 3Bit 1 4Bit 0 5Bit 1 6Bit 1
True label 0 Full 0 2Bit 0 3Bit 1 4Bit 0 5Bit 1 6Bit 1
True label 1 Full 1 2Bit 0 3Bit 1 4Bit 0 5Bit 1 6Bit 1
True label 0 Full 0 2Bit 0 3Bit 1 4Bit 0 5Bit 1 6Bit 1
True label 1 Full 1 2Bit 0 3Bit 1 4Bit 0 5Bit 1 6Bit 1
True label 0 Full 0 2Bit 0 3Bit 1 4Bit 0 5Bit 1 6Bit 1
True label 1 Full 1 2Bit 1 3Bit 1 4Bit 0 5Bit 1 6Bit 1
True label 0 Full 0 2Bit 0 3Bit 1 4Bit 0 5Bit 1 6Bit 1
True label 0 Full 0 2Bit 1 3Bit 1 4Bit 0 5Bit 1 6Bit 1
True label 1 Full 1 2Bit 1 3Bit 1 4Bit 0 5Bit 1 6Bit 1
True label 0 Full 0 2Bit 0 3Bit 1 4Bit 0 5Bit 1 6Bit 1
True label 0 Full 0 2Bit 0 3Bit 1 4Bit 0 5Bit 1 6Bit 1
True label 0 Full 0 2Bit 0 3Bit 1 4Bit 0 5Bit 1 6Bit 1
True label 1 Full 1 2Bit 0 3Bit 1 4Bit 0 5Bit 1 6Bit 1
True label 0 Full 0 2Bit 0 3Bit 1 4Bit 0 5Bit 1 6Bit 1
True label 0 Full 0 2Bit 0 3Bit 1 4Bit 0 5Bit 1 6Bit 1
True label 0 Full 0 2Bit 0 3Bit 1 4Bit 0 5Bit 1 6Bit 1
True label 1 Full 1 2Bit 0 3Bit 1 4Bit 0 5Bit 1 6Bit 1
True label 1 Full 1 2Bit 0 3Bit 1 4Bit 0 5Bit 1 6Bit 1
True label 1 Full 1 2Bit 1 3Bit 1 4Bit 0 5Bit 1 6Bit 1
True label 0 Full 0 2Bit 0 3Bit 1 4Bit 0 5Bit 1 6Bit 1
True label 1 Full 1 2Bit 1 3Bit 1 4Bit 0 5Bit 1 6Bit 1
True label 1 Full 1 2Bit 1 3Bit 1 4Bit 0 5Bit 1 6Bit 1
True label 0 Full 0 2Bit 0 3Bit 1 4Bit 0 5Bit 1 6Bit 1
True label 0 Full 0 2Bit 0 3Bit 1 4Bit 0 5Bit 1 6Bit 1
True label 1 Full 1 2Bit 0 3Bit 1 4Bit 0 5Bit 1 6Bit 1
True label 1 Full 1 2Bit 1 3Bit 1 4Bit 0 5Bit 1 6Bit 1
True label 0 Full 0 2Bit 0 3Bit 1 4Bit 0 5Bit 1 6Bit 1
True label 0 Full 0 2Bit 0 3Bit 1 4Bit 0 5Bit 1 6Bit 1
True label 1 Full 0 2Bit 0 3Bit 1 4Bit 0 5Bit 1 6Bit 1
True label 1 Full 1 2Bit 1 3Bit 1 4Bit 0 5Bit 1 6Bit 1
True label 0 Full 0 2Bit 0 3Bit 1 4Bit 0 5Bit 1 6Bit 1
True label 0 Full 0 2Bit 1 3Bit 1 4Bit 0 5Bit 1 6Bit 1
True label 0 Full 1 2Bit 1 3Bit 1 4Bit 0 5Bit 1 6Bit 1
True label 0 Full 0 2Bit 0 3Bit 1 4Bit 0 5Bit 1 6Bit 1
True label 1 Full 1 2Bit 1 3Bit 1 4Bit 0 5Bit 1 6Bit 1
True label 0 Full 0 2Bit 1 3Bit 1 4Bit 0 5Bit 1 6Bit 1
True label 0 Full 0 2Bit 0 3Bit 1 4Bit 0 5Bit 1 6Bit 1
True label 0 Full 0 2Bit 0 3Bit 1 4Bit 0 5Bit 1 6Bit 1
True label 1 Full 1 2Bit 1 3Bit 1 4Bit 0 5Bit 1 6Bit 1
True label 0 Full 1 2Bit 1 3Bit 1 4Bit 0 5Bit 1 6Bit 1
True label 1 Full 1 2Bit 0 3Bit 1 4Bit 0 5Bit 1 6Bit 1
True label 1 Full 1 2Bit 0 3Bit 1 4Bit 0 5Bit 1 6Bit 1
True label 0 Full 0 2Bit 0 3Bit 1 4Bit 0 5Bit 1 6Bit 1
True label 0 Full 0 2Bit 0 3Bit 1 4Bit 0 5Bit 1 6Bit 1
True label 0 Full 0 2Bit 0 3Bit 1 4Bit 0 5Bit 1 6Bit 1
True label 1 Full 1 2Bit 0 3Bit 1 4Bit 0 5Bit 1 6Bit 1
True label 1 Full 1 2Bit 1 3Bit 1 4Bit 0 5Bit 1 6Bit 1
True label 0 Full 1 2Bit 0 3Bit 1 4Bit 0 5Bit 1 6Bit 1
True label 1 Full 1 2Bit 0 3Bit 1 4Bit 0 5Bit 1 6Bit 1
True label 1 Full 1 2Bit 1 3Bit 1 4Bit 0 5Bit 1 6Bit 1
True label 0 Full 0 2Bit 0 3Bit 1 4Bit 0 5Bit 1 6Bit 1
True label 0 Full 0 2Bit 1 3Bit 1 4Bit 0 5Bit 1 6Bit 1
True label 1 Full 1 2Bit 1 3Bit 1 4Bit 0 5Bit 1 6Bit 1
True label 1 Full 0 2Bit 1 3Bit 1 4Bit 0 5Bit 1 6Bit 1
True label 1 Full 1 2Bit 1 3Bit 1 4Bit 0 5Bit 1 6Bit 1
True label 0 Full 0 2Bit 0 3Bit 1 4Bit 0 5Bit 1 6Bit 1
True label 0 Full 0 2Bit 0 3Bit 1 4Bit 0 5Bit 1 6Bit 1
True label 0 Full 0 2Bit 0 3Bit 1 4Bit 0 5Bit 1 6Bit 1
True label 0 Full 0 2Bit 0 3Bit 1 4Bit 0 5Bit 1 6Bit 1
True label 1 Full 1 2Bit 1 3Bit 1 4Bit 0 5Bit 1 6Bit 1
True label 1 Full 1 2Bit 1 3Bit 1 4Bit 0 5Bit 1 6Bit 1
True label 0 Full 0 2Bit 0 3Bit 1 4Bit 0 5Bit 1 6Bit 1
True label 0 Full 0 2Bit 1 3Bit 1 4Bit 0 5Bit 1 6Bit 1
True label 0 Full 0 2Bit 0 3Bit 1 4Bit 0 5Bit 1 6Bit 1
True label 1 Full 1 2Bit 1 3Bit 1 4Bit 0 5Bit 1 6Bit 1
True label 0 Full 0 2Bit 1 3Bit 1 4Bit 0 5Bit 1 6Bit 1
True label 1 Full 1 2Bit 1 3Bit 1 4Bit 0 5Bit 1 6Bit 1
True label 1 Full 1 2Bit 0 3Bit 1 4Bit 0 5Bit 1 6Bit 1
True label 0 Full 0 2Bit 1 3Bit 1 4Bit 0 5Bit 1 6Bit 1
True label 1 Full 1 2Bit 1 3Bit 1 4Bit 0 5Bit 1 6Bit 1
True label 1 Full 1 2Bit 0 3Bit 1 4Bit 0 5Bit 1 6Bit 1
True label 1 Full 1 2Bit 0 3Bit 1 4Bit 0 5Bit 1 6Bit 1
True label 1 Full 1 2Bit 1 3Bit 1 4Bit 0 5Bit 1 6Bit 1
True label 0 Full 0 2Bit 0 3Bit 1 4Bit 0 5Bit 1 6Bit 1
True label 1 Full 1 2Bit 1 3Bit 1 4Bit 0 5Bit 1 6Bit 1
True label 0 Full 0 2Bit 0 3Bit 1 4Bit 0 5Bit 1 6Bit 1
True label 0 Full 1 2Bit 0 3Bit 1 4Bit 0 5Bit 1 6Bit 1
True label 1 Full 1 2Bit 1 3Bit 1 4Bit 0 5Bit 1 6Bit 1
True label 1 Full 0 2Bit 0 3Bit 1 4Bit 0 5Bit 1 6Bit 1
True label 1 Full 1 2Bit 1 3Bit 1 4Bit 0 5Bit 1 6Bit 1
True label 1 Full 1 2Bit 0 3Bit 1 4Bit 0 5Bit 1 6Bit 1
True label 0 Full 0 2Bit 1 3Bit 1 4Bit 0 5Bit 1 6Bit 1
True label 0 Full 0 2Bit 1 3Bit 1 4Bit 0 5Bit 1 6Bit 1
True label 0 Full 1 2Bit 1 3Bit 1 4Bit 0 5Bit 1 6Bit 1
True label 1 Full 1 2Bit 0 3Bit 1 4Bit 0 5Bit 1 6Bit 1
True label 0 Full 0 2Bit 0 3Bit 1 4Bit 0 5Bit 1 6Bit 1
True label 0 Full 0 2Bit 0 3Bit 1 4Bit 0 5Bit 1 6Bit 1
True label 1 Full 1 2Bit 1 3Bit 1 4Bit 0 5Bit 1 6Bit 1
True label 0 Full 0 2Bit 0 3Bit 1 4Bit 0 5Bit 1 6Bit 1
True label 0 Full 0 2Bit 0 3Bit 1 4Bit 0 5Bit 1 6Bit 1
True label 0 Full 0 2Bit 0 3Bit 1 4Bit 0 5Bit 1 6Bit 1
True label 0 Full 0 2Bit 0 3Bit 1 4Bit 0 5Bit 1 6Bit 1
True label 1 Full 1 2Bit 0 3Bit 1 4Bit 0 5Bit 1 6Bit 1
True label 1 Full 1 2Bit 1 3Bit 1 4Bit 0 5Bit 1 6Bit 1
True label 0 Full 0 2Bit 0 3Bit 1 4Bit 0 5Bit 1 6Bit 1
True label 0 Full 0 2Bit 1 3Bit 1 4Bit 0 5Bit 1 6Bit 1
True label 1 Full 1 2Bit 0 3Bit 1 4Bit 0 5Bit 1 6Bit 1
True label 1 Full 1 2Bit 1 3Bit 1 4Bit 0 5Bit 1 6Bit 1
True label 0 Full 0 2Bit 0 3Bit 1 4Bit 0 5Bit 1 6Bit 1
True label 1 Full 1 2Bit 1 3Bit 1 4Bit 0 5Bit 1 6Bit 1
True label 1 Full 1 2Bit 0 3Bit 1 4Bit 0 5Bit 1 6Bit 1
True label 1 Full 1 2Bit 0 3Bit 1 4Bit 0 5Bit 1 6Bit 1
True label 0 Full 0 2Bit 1 3Bit 1 4Bit 0 5Bit 1 6Bit 1
True label 1 Full 1 2Bit 1 3Bit 1 4Bit 0 5Bit 1 6Bit 1
True label 1 Full 1 2Bit 1 3Bit 1 4Bit 0 5Bit 1 6Bit 1
True label 0 Full 0 2Bit 0 3Bit 1 4Bit 0 5Bit 1 6Bit 1
True label 0 Full 0 2Bit 0 3Bit 1 4Bit 0 5Bit 1 6Bit 1
True label 0 Full 0 2Bit 1 3Bit 1 4Bit 0 5Bit 1 6Bit 1
True label 0 Full 0 2Bit 1 3Bit 1 4Bit 0 5Bit 1 6Bit 1
True label 0 Full 0 2Bit 0 3Bit 1 4Bit 0 5Bit 1 6Bit 1
True label 1 Full 1 2Bit 0 3Bit 1 4Bit 0 5Bit 1 6Bit 1
True label 0 Full 0 2Bit 0 3Bit 1 4Bit 0 5Bit 1 6Bit 1
True label 1 Full 1 2Bit 1 3Bit 1 4Bit 0 5Bit 1 6Bit 1
True label 0 Full 0 2Bit 0 3Bit 1 4Bit 0 5Bit 1 6Bit 1
True label 1 Full 1 2Bit 0 3Bit 1 4Bit 0 5Bit 1 6Bit 1
True label 1 Full 1 2Bit 1 3Bit 1 4Bit 0 5Bit 1 6Bit 1
True label 1 Full 1 2Bit 1 3Bit 1 4Bit 0 5Bit 1 6Bit 1
True label 1 Full 1 2Bit 0 3Bit 1 4Bit 0 5Bit 1 6Bit 1
True label 1 Full 0 2Bit 0 3Bit 1 4Bit 0 5Bit 1 6Bit 1
True label 0 Full 1 2Bit 0 3Bit 1 4Bit 0 5Bit 1 6Bit 1
True label 0 Full 0 2Bit 0 3Bit 1 4Bit 0 5Bit 1 6Bit 1
True label 0 Full 0 2Bit 0 3Bit 1 4Bit 0 5Bit 1 6Bit 1
True label 1 Full 1 2Bit 1 3Bit 1 4Bit 0 5Bit 1 6Bit 1
True label 0 Full 0 2Bit 1 3Bit 1 4Bit 0 5Bit 1 6Bit 1
True label 0 Full 0 2Bit 0 3Bit 1 4Bit 0 5Bit 1 6Bit 1
True label 0 Full 0 2Bit 0 3Bit 1 4Bit 0 5Bit 1 6Bit 1
True label 0 Full 1 2Bit 1 3Bit 1 4Bit 0 5Bit 1 6Bit 1
True label 0 Full 0 2Bit 0 3Bit 1 4Bit 0 5Bit 1 6Bit 1
True label 1 Full 0 2Bit 0 3Bit 1 4Bit 0 5Bit 1 6Bit 1
True label 0 Full 0 2Bit 0 3Bit 1 4Bit 0 5Bit 1 6Bit 1
True label 1 Full 1 2Bit 0 3Bit 1 4Bit 0 5Bit 1 6Bit 1
True label 0 Full 0 2Bit 0 3Bit 1 4Bit 0 5Bit 1 6Bit 1
True label 1 Full 0 2Bit 0 3Bit 1 4Bit 0 5Bit 1 6Bit 1
True label 0 Full 1 2Bit 1 3Bit 1 4Bit 0 5Bit 1 6Bit 1
True label 0 Full 0 2Bit 0 3Bit 1 4Bit 0 5Bit 1 6Bit 1
True label 1 Full 1 2Bit 1 3Bit 1 4Bit 0 5Bit 1 6Bit 1
True label 1 Full 1 2Bit 1 3Bit 1 4Bit 0 5Bit 1 6Bit 1
True label 0 Full 0 2Bit 0 3Bit 1 4Bit 0 5Bit 1 6Bit 1
True label 1 Full 1 2Bit 1 3Bit 1 4Bit 0 5Bit 1 6Bit 1
True label 1 Full 1 2Bit 1 3Bit 1 4Bit 0 5Bit 1 6Bit 1
True label 0 Full 0 2Bit 0 3Bit 1 4Bit 0 5Bit 1 6Bit 1
True label 1 Full 1 2Bit 0 3Bit 1 4Bit 0 5Bit 1 6Bit 1
True label 1 Full 1 2Bit 1 3Bit 1 4Bit 0 5Bit 1 6Bit 1
True label 0 Full 0 2Bit 0 3Bit 1 4Bit 0 5Bit 1 6Bit 1
True label 0 Full 0 2Bit 0 3Bit 1 4Bit 0 5Bit 1 6Bit 1
Test accuracy: Full: 0.896 2bit: 0.674 3bit: 0.518 4bit: 0.481 5bit: 0.518 6bit: 0.519
{'test_acc': [0.896, 0.674, 0.518, 0.481, 0.518, 0.519], 'final_out_mse': [0.018794676431041945, 0.09245568809309941, 0.5024837565136967, 66.55943413614435, 0.31067505758513153, 1.6671388389439534], 'mfr': [116.29956145833334, 81.34681979166668, 115.5413828125, 112.99033958333332, 115.97392630208333, 116.32010260416666]}
[2020-09-14 19:43:21.953136] test = nan
