No module named 'brian2'
No module named 'brian2'
No module named 'brian2'
No module named 'torch'
No module named 'torch'
No module named 'nest'.
No module named 'nest'.
No module named 'rpyc'
No module named 'rpyc'
No module named 'rpyc'
No module named 'nest'.
cannot import name 'FFExpSynBrian'
Loaded pretrained network
[INFO] - HeySnips -  Running with tracking deactivated
gain 1.6616161616161615 val acc 0.608 
gain 1.7121212121212122 val acc 0.74 
gain 1.7626262626262625 val acc 0.866 
gain 1.106060606060606 val acc 0.862 
gain 0.904040404040404 val acc 0.86 
[2020-09-14 16:56:10.110243] train_loss = 0.0
[2020-09-14 16:56:10.129176] train = nan
[2020-09-14 16:56:10.129194] val = nan
[2020-09-14 16:56:10.129197] test = nan
True label 1 Full 1 3Bit 1 3Bit 1 4Bit 1 5Bit 1 6Bit 1
True label 1 Full 0 3Bit 0 3Bit 0 4Bit 0 5Bit 0 6Bit 0
True label 1 Full 1 3Bit 1 3Bit 1 4Bit 1 5Bit 1 6Bit 1
True label 1 Full 1 3Bit 1 3Bit 1 4Bit 1 5Bit 1 6Bit 1
True label 0 Full 0 3Bit 0 3Bit 0 4Bit 0 5Bit 0 6Bit 0
True label 0 Full 0 3Bit 0 3Bit 0 4Bit 0 5Bit 0 6Bit 0
True label 0 Full 0 3Bit 0 3Bit 0 4Bit 0 5Bit 0 6Bit 0
True label 0 Full 0 3Bit 0 3Bit 0 4Bit 0 5Bit 0 6Bit 0
True label 1 Full 1 3Bit 1 3Bit 1 4Bit 1 5Bit 1 6Bit 1
True label 0 Full 0 3Bit 0 3Bit 0 4Bit 0 5Bit 0 6Bit 0
True label 1 Full 1 3Bit 1 3Bit 1 4Bit 1 5Bit 1 6Bit 1
True label 1 Full 1 3Bit 0 3Bit 0 4Bit 1 5Bit 0 6Bit 1
True label 1 Full 1 3Bit 1 3Bit 1 4Bit 1 5Bit 1 6Bit 1
True label 0 Full 0 3Bit 0 3Bit 0 4Bit 0 5Bit 0 6Bit 0
True label 1 Full 1 3Bit 1 3Bit 1 4Bit 1 5Bit 1 6Bit 1
True label 0 Full 0 3Bit 0 3Bit 0 4Bit 0 5Bit 0 6Bit 0
True label 0 Full 1 3Bit 1 3Bit 1 4Bit 1 5Bit 1 6Bit 1
True label 0 Full 0 3Bit 0 3Bit 0 4Bit 0 5Bit 0 6Bit 0
True label 1 Full 1 3Bit 1 3Bit 1 4Bit 1 5Bit 1 6Bit 1
True label 1 Full 1 3Bit 1 3Bit 1 4Bit 1 5Bit 1 6Bit 1
True label 0 Full 0 3Bit 0 3Bit 0 4Bit 0 5Bit 0 6Bit 0
True label 1 Full 1 3Bit 1 3Bit 1 4Bit 1 5Bit 1 6Bit 1
True label 1 Full 1 3Bit 0 3Bit 0 4Bit 1 5Bit 1 6Bit 1
True label 1 Full 1 3Bit 1 3Bit 1 4Bit 1 5Bit 1 6Bit 1
True label 1 Full 1 3Bit 1 3Bit 1 4Bit 1 5Bit 1 6Bit 1
True label 0 Full 0 3Bit 1 3Bit 1 4Bit 0 5Bit 0 6Bit 0
True label 1 Full 1 3Bit 1 3Bit 1 4Bit 1 5Bit 1 6Bit 1
True label 1 Full 1 3Bit 1 3Bit 1 4Bit 1 5Bit 1 6Bit 1
True label 1 Full 1 3Bit 0 3Bit 0 4Bit 0 5Bit 0 6Bit 0
True label 1 Full 1 3Bit 1 3Bit 1 4Bit 1 5Bit 1 6Bit 1
True label 1 Full 1 3Bit 1 3Bit 1 4Bit 1 5Bit 1 6Bit 1
True label 1 Full 1 3Bit 0 3Bit 0 4Bit 1 5Bit 1 6Bit 1
True label 1 Full 1 3Bit 1 3Bit 1 4Bit 1 5Bit 1 6Bit 1
True label 1 Full 1 3Bit 1 3Bit 1 4Bit 1 5Bit 1 6Bit 1
True label 0 Full 0 3Bit 0 3Bit 0 4Bit 0 5Bit 0 6Bit 0
True label 0 Full 0 3Bit 0 3Bit 0 4Bit 0 5Bit 0 6Bit 0
True label 1 Full 1 3Bit 1 3Bit 1 4Bit 1 5Bit 1 6Bit 1
True label 0 Full 0 3Bit 0 3Bit 0 4Bit 0 5Bit 0 6Bit 0
True label 0 Full 0 3Bit 0 3Bit 0 4Bit 0 5Bit 0 6Bit 0
True label 1 Full 1 3Bit 1 3Bit 1 4Bit 1 5Bit 1 6Bit 1
True label 1 Full 1 3Bit 1 3Bit 1 4Bit 1 5Bit 1 6Bit 1
True label 1 Full 1 3Bit 0 3Bit 0 4Bit 0 5Bit 1 6Bit 1
True label 1 Full 1 3Bit 1 3Bit 1 4Bit 1 5Bit 1 6Bit 1
True label 1 Full 1 3Bit 1 3Bit 1 4Bit 1 5Bit 1 6Bit 1
True label 0 Full 0 3Bit 0 3Bit 0 4Bit 0 5Bit 0 6Bit 0
True label 1 Full 1 3Bit 1 3Bit 1 4Bit 1 5Bit 1 6Bit 1
True label 1 Full 1 3Bit 0 3Bit 0 4Bit 1 5Bit 1 6Bit 1
True label 1 Full 1 3Bit 1 3Bit 1 4Bit 1 5Bit 1 6Bit 1
True label 1 Full 1 3Bit 1 3Bit 1 4Bit 1 5Bit 1 6Bit 1
True label 1 Full 1 3Bit 1 3Bit 1 4Bit 0 5Bit 1 6Bit 1
True label 0 Full 0 3Bit 0 3Bit 0 4Bit 0 5Bit 0 6Bit 0
True label 0 Full 1 3Bit 1 3Bit 1 4Bit 1 5Bit 1 6Bit 1
True label 1 Full 1 3Bit 1 3Bit 1 4Bit 1 5Bit 1 6Bit 1
True label 0 Full 0 3Bit 0 3Bit 0 4Bit 0 5Bit 0 6Bit 0
True label 1 Full 1 3Bit 0 3Bit 0 4Bit 1 5Bit 1 6Bit 1
True label 1 Full 1 3Bit 1 3Bit 1 4Bit 1 5Bit 1 6Bit 1
True label 1 Full 1 3Bit 1 3Bit 1 4Bit 1 5Bit 1 6Bit 1
True label 0 Full 0 3Bit 0 3Bit 0 4Bit 0 5Bit 0 6Bit 0
True label 1 Full 0 3Bit 1 3Bit 1 4Bit 0 5Bit 0 6Bit 0
True label 1 Full 1 3Bit 0 3Bit 0 4Bit 1 5Bit 1 6Bit 1
True label 0 Full 0 3Bit 1 3Bit 1 4Bit 0 5Bit 0 6Bit 0
True label 1 Full 1 3Bit 1 3Bit 1 4Bit 1 5Bit 1 6Bit 1
True label 0 Full 0 3Bit 1 3Bit 1 4Bit 0 5Bit 0 6Bit 0
True label 1 Full 1 3Bit 1 3Bit 1 4Bit 1 5Bit 1 6Bit 1
True label 0 Full 0 3Bit 1 3Bit 1 4Bit 0 5Bit 0 6Bit 0
True label 1 Full 1 3Bit 1 3Bit 1 4Bit 1 5Bit 1 6Bit 1
True label 0 Full 0 3Bit 0 3Bit 0 4Bit 0 5Bit 0 6Bit 0
True label 0 Full 0 3Bit 0 3Bit 0 4Bit 0 5Bit 0 6Bit 0
True label 1 Full 1 3Bit 1 3Bit 1 4Bit 1 5Bit 1 6Bit 1
True label 1 Full 1 3Bit 1 3Bit 1 4Bit 1 5Bit 1 6Bit 1
True label 1 Full 1 3Bit 1 3Bit 1 4Bit 1 5Bit 1 6Bit 1
True label 0 Full 0 3Bit 0 3Bit 0 4Bit 1 5Bit 1 6Bit 1
True label 0 Full 0 3Bit 1 3Bit 1 4Bit 0 5Bit 0 6Bit 0
True label 1 Full 0 3Bit 0 3Bit 0 4Bit 0 5Bit 0 6Bit 0
True label 1 Full 1 3Bit 1 3Bit 1 4Bit 1 5Bit 1 6Bit 1
True label 0 Full 1 3Bit 0 3Bit 0 4Bit 0 5Bit 1 6Bit 0
True label 1 Full 1 3Bit 1 3Bit 1 4Bit 1 5Bit 1 6Bit 1
True label 1 Full 1 3Bit 0 3Bit 0 4Bit 1 5Bit 1 6Bit 1
True label 1 Full 1 3Bit 1 3Bit 1 4Bit 1 5Bit 1 6Bit 1
True label 0 Full 0 3Bit 1 3Bit 1 4Bit 0 5Bit 0 6Bit 0
True label 0 Full 0 3Bit 1 3Bit 1 4Bit 0 5Bit 0 6Bit 0
True label 1 Full 1 3Bit 1 3Bit 1 4Bit 1 5Bit 1 6Bit 1
True label 1 Full 1 3Bit 1 3Bit 1 4Bit 0 5Bit 1 6Bit 1
True label 0 Full 0 3Bit 0 3Bit 0 4Bit 0 5Bit 0 6Bit 0
True label 1 Full 0 3Bit 0 3Bit 0 4Bit 0 5Bit 0 6Bit 1
True label 1 Full 1 3Bit 1 3Bit 1 4Bit 1 5Bit 1 6Bit 1
True label 1 Full 1 3Bit 0 3Bit 0 4Bit 1 5Bit 1 6Bit 1
True label 1 Full 1 3Bit 1 3Bit 1 4Bit 1 5Bit 1 6Bit 1
True label 1 Full 1 3Bit 1 3Bit 1 4Bit 1 5Bit 1 6Bit 1
True label 1 Full 1 3Bit 1 3Bit 1 4Bit 1 5Bit 1 6Bit 1
True label 0 Full 0 3Bit 1 3Bit 1 4Bit 0 5Bit 0 6Bit 0
True label 1 Full 1 3Bit 1 3Bit 1 4Bit 1 5Bit 1 6Bit 1
True label 0 Full 0 3Bit 0 3Bit 0 4Bit 0 5Bit 0 6Bit 0
True label 1 Full 1 3Bit 0 3Bit 0 4Bit 1 5Bit 1 6Bit 0
True label 1 Full 1 3Bit 1 3Bit 1 4Bit 1 5Bit 1 6Bit 1
True label 0 Full 0 3Bit 0 3Bit 0 4Bit 0 5Bit 0 6Bit 0
True label 1 Full 1 3Bit 0 3Bit 0 4Bit 1 5Bit 1 6Bit 1
True label 1 Full 1 3Bit 1 3Bit 1 4Bit 1 5Bit 1 6Bit 1
True label 1 Full 1 3Bit 1 3Bit 1 4Bit 1 5Bit 1 6Bit 1
True label 1 Full 1 3Bit 1 3Bit 1 4Bit 1 5Bit 1 6Bit 1
True label 0 Full 0 3Bit 0 3Bit 0 4Bit 0 5Bit 0 6Bit 0
True label 1 Full 1 3Bit 0 3Bit 0 4Bit 1 5Bit 1 6Bit 1
True label 1 Full 1 3Bit 0 3Bit 0 4Bit 0 5Bit 0 6Bit 0
True label 1 Full 1 3Bit 1 3Bit 1 4Bit 1 5Bit 1 6Bit 1
True label 1 Full 1 3Bit 1 3Bit 1 4Bit 0 5Bit 1 6Bit 1
True label 0 Full 0 3Bit 0 3Bit 0 4Bit 0 5Bit 0 6Bit 0
True label 0 Full 0 3Bit 0 3Bit 0 4Bit 0 5Bit 0 6Bit 0
True label 0 Full 0 3Bit 0 3Bit 0 4Bit 0 5Bit 0 6Bit 0
True label 1 Full 1 3Bit 1 3Bit 1 4Bit 1 5Bit 1 6Bit 1
True label 1 Full 1 3Bit 1 3Bit 1 4Bit 1 5Bit 1 6Bit 1
True label 0 Full 0 3Bit 0 3Bit 0 4Bit 0 5Bit 0 6Bit 0
True label 1 Full 1 3Bit 1 3Bit 1 4Bit 1 5Bit 1 6Bit 1
True label 1 Full 1 3Bit 1 3Bit 1 4Bit 1 5Bit 1 6Bit 1
True label 0 Full 0 3Bit 0 3Bit 0 4Bit 0 5Bit 0 6Bit 0
True label 0 Full 0 3Bit 0 3Bit 0 4Bit 0 5Bit 0 6Bit 0
True label 1 Full 1 3Bit 1 3Bit 1 4Bit 1 5Bit 1 6Bit 1
True label 0 Full 0 3Bit 0 3Bit 0 4Bit 0 5Bit 0 6Bit 0
True label 1 Full 1 3Bit 1 3Bit 1 4Bit 1 5Bit 1 6Bit 1
True label 1 Full 1 3Bit 0 3Bit 0 4Bit 1 5Bit 1 6Bit 1
True label 1 Full 1 3Bit 1 3Bit 1 4Bit 1 5Bit 1 6Bit 1
True label 0 Full 0 3Bit 0 3Bit 0 4Bit 0 5Bit 0 6Bit 0
True label 0 Full 0 3Bit 0 3Bit 0 4Bit 0 5Bit 0 6Bit 0
True label 0 Full 0 3Bit 0 3Bit 0 4Bit 0 5Bit 0 6Bit 0
True label 0 Full 0 3Bit 0 3Bit 0 4Bit 0 5Bit 0 6Bit 0
True label 1 Full 1 3Bit 1 3Bit 1 4Bit 1 5Bit 1 6Bit 1
True label 0 Full 0 3Bit 0 3Bit 0 4Bit 0 5Bit 0 6Bit 0
True label 1 Full 0 3Bit 0 3Bit 0 4Bit 1 5Bit 0 6Bit 0
True label 1 Full 1 3Bit 1 3Bit 1 4Bit 1 5Bit 1 6Bit 1
True label 1 Full 0 3Bit 0 3Bit 0 4Bit 0 5Bit 0 6Bit 0
True label 1 Full 1 3Bit 1 3Bit 1 4Bit 1 5Bit 1 6Bit 1
True label 0 Full 0 3Bit 0 3Bit 0 4Bit 0 5Bit 0 6Bit 0
True label 0 Full 0 3Bit 0 3Bit 0 4Bit 0 5Bit 0 6Bit 0
True label 1 Full 1 3Bit 1 3Bit 1 4Bit 1 5Bit 1 6Bit 1
True label 0 Full 0 3Bit 0 3Bit 0 4Bit 0 5Bit 0 6Bit 0
True label 1 Full 1 3Bit 0 3Bit 0 4Bit 1 5Bit 1 6Bit 1
True label 0 Full 0 3Bit 0 3Bit 0 4Bit 0 5Bit 0 6Bit 0
True label 0 Full 0 3Bit 0 3Bit 0 4Bit 0 5Bit 0 6Bit 0
True label 0 Full 0 3Bit 0 3Bit 0 4Bit 0 5Bit 0 6Bit 0
True label 1 Full 1 3Bit 1 3Bit 1 4Bit 1 5Bit 1 6Bit 1
True label 0 Full 0 3Bit 0 3Bit 0 4Bit 0 5Bit 0 6Bit 0
True label 1 Full 1 3Bit 1 3Bit 1 4Bit 1 5Bit 1 6Bit 1
True label 1 Full 1 3Bit 1 3Bit 1 4Bit 1 5Bit 1 6Bit 1
True label 1 Full 1 3Bit 1 3Bit 1 4Bit 1 5Bit 1 6Bit 1
True label 1 Full 1 3Bit 1 3Bit 1 4Bit 1 5Bit 1 6Bit 1
True label 1 Full 1 3Bit 1 3Bit 1 4Bit 1 5Bit 1 6Bit 1
True label 0 Full 0 3Bit 0 3Bit 0 4Bit 0 5Bit 0 6Bit 0
True label 0 Full 0 3Bit 0 3Bit 0 4Bit 0 5Bit 0 6Bit 1
True label 1 Full 1 3Bit 1 3Bit 1 4Bit 1 5Bit 1 6Bit 1
True label 0 Full 0 3Bit 0 3Bit 0 4Bit 0 5Bit 0 6Bit 0
True label 1 Full 1 3Bit 0 3Bit 0 4Bit 1 5Bit 1 6Bit 1
True label 1 Full 1 3Bit 1 3Bit 1 4Bit 1 5Bit 1 6Bit 1
True label 0 Full 0 3Bit 0 3Bit 0 4Bit 0 5Bit 0 6Bit 0
True label 0 Full 0 3Bit 0 3Bit 0 4Bit 0 5Bit 0 6Bit 0
True label 1 Full 1 3Bit 1 3Bit 1 4Bit 1 5Bit 1 6Bit 1
True label 0 Full 0 3Bit 0 3Bit 0 4Bit 0 5Bit 0 6Bit 0
True label 1 Full 1 3Bit 0 3Bit 0 4Bit 0 5Bit 1 6Bit 1
True label 1 Full 1 3Bit 0 3Bit 0 4Bit 1 5Bit 1 6Bit 1
True label 0 Full 1 3Bit 0 3Bit 0 4Bit 1 5Bit 1 6Bit 1
True label 1 Full 1 3Bit 1 3Bit 1 4Bit 1 5Bit 1 6Bit 1
True label 0 Full 0 3Bit 0 3Bit 0 4Bit 0 5Bit 0 6Bit 0
True label 1 Full 1 3Bit 0 3Bit 0 4Bit 1 5Bit 1 6Bit 1
True label 0 Full 0 3Bit 0 3Bit 0 4Bit 0 5Bit 0 6Bit 0
True label 1 Full 1 3Bit 1 3Bit 1 4Bit 1 5Bit 1 6Bit 1
True label 0 Full 0 3Bit 0 3Bit 0 4Bit 0 5Bit 0 6Bit 0
True label 1 Full 1 3Bit 1 3Bit 1 4Bit 1 5Bit 1 6Bit 1
True label 0 Full 1 3Bit 1 3Bit 1 4Bit 1 5Bit 1 6Bit 1
True label 0 Full 0 3Bit 0 3Bit 0 4Bit 0 5Bit 0 6Bit 0
True label 1 Full 1 3Bit 1 3Bit 1 4Bit 1 5Bit 1 6Bit 1
True label 1 Full 1 3Bit 1 3Bit 1 4Bit 1 5Bit 1 6Bit 1
True label 0 Full 0 3Bit 0 3Bit 0 4Bit 0 5Bit 0 6Bit 0
True label 1 Full 1 3Bit 0 3Bit 0 4Bit 1 5Bit 1 6Bit 1
True label 0 Full 0 3Bit 0 3Bit 0 4Bit 0 5Bit 0 6Bit 0
True label 1 Full 1 3Bit 1 3Bit 1 4Bit 1 5Bit 1 6Bit 1
True label 0 Full 0 3Bit 0 3Bit 0 4Bit 0 5Bit 0 6Bit 0
True label 1 Full 0 3Bit 0 3Bit 0 4Bit 1 5Bit 1 6Bit 0
True label 1 Full 1 3Bit 1 3Bit 1 4Bit 1 5Bit 1 6Bit 1
True label 0 Full 0 3Bit 0 3Bit 0 4Bit 0 5Bit 0 6Bit 0
True label 1 Full 1 3Bit 0 3Bit 0 4Bit 1 5Bit 1 6Bit 1
True label 0 Full 0 3Bit 0 3Bit 0 4Bit 0 5Bit 0 6Bit 0
True label 0 Full 1 3Bit 0 3Bit 0 4Bit 0 5Bit 1 6Bit 0
True label 0 Full 0 3Bit 0 3Bit 0 4Bit 0 5Bit 0 6Bit 0
True label 0 Full 0 3Bit 0 3Bit 0 4Bit 0 5Bit 0 6Bit 0
True label 1 Full 1 3Bit 1 3Bit 1 4Bit 1 5Bit 1 6Bit 1
True label 0 Full 0 3Bit 0 3Bit 0 4Bit 0 5Bit 0 6Bit 0
True label 0 Full 0 3Bit 0 3Bit 0 4Bit 0 5Bit 0 6Bit 0
True label 0 Full 0 3Bit 0 3Bit 0 4Bit 0 5Bit 0 6Bit 0
True label 0 Full 0 3Bit 0 3Bit 0 4Bit 0 5Bit 0 6Bit 0
True label 1 Full 1 3Bit 1 3Bit 1 4Bit 1 5Bit 1 6Bit 1
True label 1 Full 0 3Bit 0 3Bit 0 4Bit 0 5Bit 0 6Bit 0
True label 1 Full 1 3Bit 0 3Bit 0 4Bit 1 5Bit 1 6Bit 1
True label 0 Full 0 3Bit 0 3Bit 0 4Bit 0 5Bit 0 6Bit 0
True label 1 Full 1 3Bit 1 3Bit 1 4Bit 1 5Bit 1 6Bit 1
True label 1 Full 1 3Bit 1 3Bit 1 4Bit 1 5Bit 1 6Bit 1
True label 1 Full 1 3Bit 0 3Bit 0 4Bit 0 5Bit 1 6Bit 1
True label 1 Full 1 3Bit 0 3Bit 0 4Bit 1 5Bit 1 6Bit 0
True label 1 Full 1 3Bit 1 3Bit 1 4Bit 1 5Bit 1 6Bit 1
True label 1 Full 0 3Bit 0 3Bit 0 4Bit 0 5Bit 0 6Bit 0
True label 0 Full 1 3Bit 0 3Bit 0 4Bit 1 5Bit 0 6Bit 1
True label 1 Full 1 3Bit 1 3Bit 1 4Bit 1 5Bit 1 6Bit 1
True label 1 Full 0 3Bit 0 3Bit 0 4Bit 1 5Bit 0 6Bit 0
True label 1 Full 1 3Bit 0 3Bit 0 4Bit 1 5Bit 1 6Bit 1
True label 1 Full 1 3Bit 1 3Bit 1 4Bit 1 5Bit 1 6Bit 1
True label 0 Full 0 3Bit 1 3Bit 1 4Bit 0 5Bit 0 6Bit 0
True label 1 Full 1 3Bit 0 3Bit 0 4Bit 1 5Bit 1 6Bit 1
True label 1 Full 1 3Bit 1 3Bit 1 4Bit 1 5Bit 1 6Bit 0
True label 1 Full 1 3Bit 0 3Bit 0 4Bit 0 5Bit 0 6Bit 0
True label 0 Full 0 3Bit 0 3Bit 0 4Bit 0 5Bit 0 6Bit 0
True label 1 Full 1 3Bit 1 3Bit 1 4Bit 1 5Bit 1 6Bit 1
True label 1 Full 1 3Bit 1 3Bit 1 4Bit 1 5Bit 1 6Bit 1
True label 1 Full 1 3Bit 1 3Bit 1 4Bit 1 5Bit 1 6Bit 1
True label 1 Full 1 3Bit 1 3Bit 1 4Bit 1 5Bit 1 6Bit 1
True label 1 Full 1 3Bit 1 3Bit 1 4Bit 1 5Bit 1 6Bit 1
True label 1 Full 1 3Bit 1 3Bit 1 4Bit 1 5Bit 1 6Bit 1
True label 0 Full 0 3Bit 0 3Bit 0 4Bit 0 5Bit 0 6Bit 0
True label 0 Full 0 3Bit 0 3Bit 0 4Bit 0 5Bit 0 6Bit 0
True label 0 Full 0 3Bit 0 3Bit 0 4Bit 0 5Bit 0 6Bit 0
True label 1 Full 1 3Bit 1 3Bit 1 4Bit 1 5Bit 1 6Bit 1
True label 1 Full 1 3Bit 1 3Bit 1 4Bit 1 5Bit 1 6Bit 1
True label 1 Full 1 3Bit 1 3Bit 1 4Bit 1 5Bit 1 6Bit 1
True label 1 Full 1 3Bit 1 3Bit 1 4Bit 1 5Bit 1 6Bit 1
True label 1 Full 1 3Bit 0 3Bit 0 4Bit 1 5Bit 1 6Bit 1
True label 1 Full 1 3Bit 1 3Bit 1 4Bit 1 5Bit 1 6Bit 1
True label 0 Full 0 3Bit 0 3Bit 0 4Bit 0 5Bit 0 6Bit 0
True label 0 Full 0 3Bit 1 3Bit 1 4Bit 0 5Bit 0 6Bit 0
True label 1 Full 1 3Bit 1 3Bit 1 4Bit 1 5Bit 1 6Bit 1
True label 1 Full 1 3Bit 1 3Bit 1 4Bit 1 5Bit 0 6Bit 1
True label 0 Full 0 3Bit 0 3Bit 0 4Bit 0 5Bit 0 6Bit 0
True label 0 Full 0 3Bit 0 3Bit 0 4Bit 0 5Bit 0 6Bit 0
True label 0 Full 0 3Bit 0 3Bit 0 4Bit 0 5Bit 0 6Bit 0
True label 1 Full 1 3Bit 1 3Bit 1 4Bit 1 5Bit 1 6Bit 1
True label 0 Full 1 3Bit 0 3Bit 0 4Bit 1 5Bit 0 6Bit 1
True label 1 Full 1 3Bit 0 3Bit 0 4Bit 1 5Bit 1 6Bit 1
True label 1 Full 1 3Bit 1 3Bit 1 4Bit 1 5Bit 1 6Bit 1
True label 1 Full 1 3Bit 1 3Bit 1 4Bit 1 5Bit 1 6Bit 1
True label 0 Full 0 3Bit 0 3Bit 0 4Bit 0 5Bit 0 6Bit 0
True label 1 Full 1 3Bit 1 3Bit 1 4Bit 1 5Bit 1 6Bit 1
True label 0 Full 0 3Bit 0 3Bit 0 4Bit 0 5Bit 0 6Bit 0
True label 0 Full 0 3Bit 0 3Bit 0 4Bit 0 5Bit 0 6Bit 0
True label 0 Full 0 3Bit 0 3Bit 0 4Bit 0 5Bit 0 6Bit 0
True label 1 Full 0 3Bit 0 3Bit 0 4Bit 0 5Bit 0 6Bit 0
True label 1 Full 1 3Bit 1 3Bit 1 4Bit 1 5Bit 1 6Bit 1
True label 1 Full 1 3Bit 1 3Bit 1 4Bit 1 5Bit 1 6Bit 1
True label 1 Full 1 3Bit 0 3Bit 0 4Bit 1 5Bit 1 6Bit 1
True label 1 Full 1 3Bit 1 3Bit 1 4Bit 1 5Bit 1 6Bit 1
True label 0 Full 0 3Bit 1 3Bit 1 4Bit 0 5Bit 0 6Bit 0
True label 0 Full 0 3Bit 0 3Bit 0 4Bit 0 5Bit 0 6Bit 0
True label 0 Full 0 3Bit 0 3Bit 0 4Bit 0 5Bit 0 6Bit 0
True label 1 Full 1 3Bit 1 3Bit 1 4Bit 1 5Bit 1 6Bit 1
True label 1 Full 1 3Bit 1 3Bit 1 4Bit 1 5Bit 1 6Bit 1
True label 0 Full 1 3Bit 0 3Bit 0 4Bit 0 5Bit 1 6Bit 1
True label 1 Full 1 3Bit 0 3Bit 0 4Bit 1 5Bit 1 6Bit 1
True label 1 Full 1 3Bit 1 3Bit 1 4Bit 1 5Bit 1 6Bit 1
True label 0 Full 0 3Bit 0 3Bit 0 4Bit 0 5Bit 0 6Bit 0
True label 1 Full 1 3Bit 1 3Bit 1 4Bit 1 5Bit 1 6Bit 1
True label 0 Full 0 3Bit 0 3Bit 0 4Bit 0 5Bit 0 6Bit 0
True label 0 Full 0 3Bit 0 3Bit 0 4Bit 0 5Bit 0 6Bit 0
True label 1 Full 1 3Bit 0 3Bit 0 4Bit 1 5Bit 1 6Bit 1
True label 1 Full 0 3Bit 0 3Bit 0 4Bit 0 5Bit 0 6Bit 0
True label 1 Full 1 3Bit 1 3Bit 1 4Bit 1 5Bit 1 6Bit 1
True label 0 Full 0 3Bit 0 3Bit 0 4Bit 0 5Bit 0 6Bit 0
True label 0 Full 0 3Bit 0 3Bit 0 4Bit 0 5Bit 0 6Bit 0
True label 0 Full 0 3Bit 0 3Bit 0 4Bit 0 5Bit 0 6Bit 0
True label 0 Full 1 3Bit 0 3Bit 0 4Bit 0 5Bit 1 6Bit 1
True label 1 Full 1 3Bit 1 3Bit 1 4Bit 1 5Bit 1 6Bit 1
True label 0 Full 0 3Bit 0 3Bit 0 4Bit 0 5Bit 0 6Bit 0
True label 0 Full 1 3Bit 1 3Bit 1 4Bit 1 5Bit 1 6Bit 1
True label 0 Full 0 3Bit 1 3Bit 1 4Bit 0 5Bit 0 6Bit 0
True label 1 Full 1 3Bit 1 3Bit 1 4Bit 1 5Bit 1 6Bit 1
True label 0 Full 1 3Bit 0 3Bit 0 4Bit 1 5Bit 1 6Bit 1
True label 0 Full 0 3Bit 1 3Bit 1 4Bit 0 5Bit 0 6Bit 0
True label 0 Full 0 3Bit 1 3Bit 1 4Bit 0 5Bit 0 6Bit 0
True label 0 Full 0 3Bit 0 3Bit 0 4Bit 0 5Bit 0 6Bit 0
True label 0 Full 0 3Bit 1 3Bit 1 4Bit 0 5Bit 0 6Bit 0
True label 0 Full 0 3Bit 0 3Bit 0 4Bit 0 5Bit 0 6Bit 0
True label 0 Full 0 3Bit 0 3Bit 0 4Bit 0 5Bit 0 6Bit 0
True label 1 Full 1 3Bit 0 3Bit 0 4Bit 1 5Bit 1 6Bit 1
True label 0 Full 1 3Bit 1 3Bit 1 4Bit 0 5Bit 1 6Bit 1
True label 0 Full 0 3Bit 0 3Bit 0 4Bit 0 5Bit 0 6Bit 0
True label 1 Full 1 3Bit 0 3Bit 0 4Bit 1 5Bit 0 6Bit 1
True label 0 Full 0 3Bit 1 3Bit 1 4Bit 0 5Bit 0 6Bit 0
True label 0 Full 0 3Bit 0 3Bit 0 4Bit 0 5Bit 0 6Bit 0
True label 1 Full 1 3Bit 1 3Bit 1 4Bit 1 5Bit 1 6Bit 1
True label 1 Full 1 3Bit 1 3Bit 1 4Bit 1 5Bit 1 6Bit 1
True label 1 Full 1 3Bit 0 3Bit 0 4Bit 0 5Bit 0 6Bit 1
True label 0 Full 0 3Bit 0 3Bit 0 4Bit 0 5Bit 0 6Bit 0
True label 0 Full 0 3Bit 0 3Bit 0 4Bit 0 5Bit 0 6Bit 0
True label 1 Full 1 3Bit 1 3Bit 1 4Bit 1 5Bit 1 6Bit 1
True label 0 Full 0 3Bit 0 3Bit 0 4Bit 0 5Bit 0 6Bit 0
True label 1 Full 1 3Bit 1 3Bit 1 4Bit 1 5Bit 1 6Bit 1
True label 1 Full 1 3Bit 1 3Bit 1 4Bit 1 5Bit 1 6Bit 1
True label 0 Full 0 3Bit 0 3Bit 0 4Bit 0 5Bit 0 6Bit 0
True label 1 Full 1 3Bit 1 3Bit 1 4Bit 1 5Bit 1 6Bit 1
True label 1 Full 1 3Bit 1 3Bit 1 4Bit 1 5Bit 1 6Bit 1
True label 0 Full 0 3Bit 0 3Bit 0 4Bit 0 5Bit 0 6Bit 0
True label 1 Full 1 3Bit 0 3Bit 0 4Bit 1 5Bit 1 6Bit 1
True label 1 Full 1 3Bit 1 3Bit 1 4Bit 1 5Bit 1 6Bit 1
True label 0 Full 0 3Bit 0 3Bit 0 4Bit 0 5Bit 0 6Bit 0
True label 0 Full 0 3Bit 1 3Bit 1 4Bit 0 5Bit 0 6Bit 0
True label 1 Full 1 3Bit 1 3Bit 1 4Bit 1 5Bit 1 6Bit 1
True label 1 Full 1 3Bit 1 3Bit 1 4Bit 1 5Bit 1 6Bit 1
True label 1 Full 1 3Bit 0 3Bit 0 4Bit 0 5Bit 1 6Bit 1
True label 1 Full 1 3Bit 0 3Bit 0 4Bit 0 5Bit 0 6Bit 0
True label 0 Full 0 3Bit 0 3Bit 0 4Bit 0 5Bit 1 6Bit 0
True label 0 Full 0 3Bit 0 3Bit 0 4Bit 0 5Bit 0 6Bit 0
True label 1 Full 1 3Bit 1 3Bit 1 4Bit 1 5Bit 1 6Bit 1
True label 0 Full 0 3Bit 0 3Bit 0 4Bit 0 5Bit 0 6Bit 0
True label 0 Full 0 3Bit 0 3Bit 0 4Bit 0 5Bit 0 6Bit 0
True label 1 Full 1 3Bit 1 3Bit 1 4Bit 1 5Bit 1 6Bit 1
True label 0 Full 0 3Bit 0 3Bit 0 4Bit 0 5Bit 0 6Bit 0
True label 0 Full 0 3Bit 0 3Bit 0 4Bit 0 5Bit 0 6Bit 0
True label 1 Full 1 3Bit 1 3Bit 1 4Bit 1 5Bit 1 6Bit 1
True label 0 Full 0 3Bit 0 3Bit 0 4Bit 0 5Bit 0 6Bit 0
True label 1 Full 1 3Bit 1 3Bit 1 4Bit 1 5Bit 1 6Bit 1
True label 0 Full 0 3Bit 0 3Bit 0 4Bit 0 5Bit 0 6Bit 0
True label 1 Full 1 3Bit 1 3Bit 1 4Bit 1 5Bit 1 6Bit 1
True label 1 Full 1 3Bit 1 3Bit 1 4Bit 1 5Bit 1 6Bit 1
True label 1 Full 1 3Bit 1 3Bit 1 4Bit 1 5Bit 1 6Bit 1
True label 1 Full 1 3Bit 1 3Bit 1 4Bit 1 5Bit 1 6Bit 1
True label 1 Full 1 3Bit 0 3Bit 0 4Bit 1 5Bit 1 6Bit 1
True label 0 Full 0 3Bit 0 3Bit 0 4Bit 0 5Bit 0 6Bit 0
True label 1 Full 1 3Bit 1 3Bit 1 4Bit 1 5Bit 1 6Bit 1
True label 0 Full 0 3Bit 0 3Bit 0 4Bit 0 5Bit 0 6Bit 0
True label 1 Full 0 3Bit 1 3Bit 1 4Bit 1 5Bit 1 6Bit 0
True label 0 Full 0 3Bit 0 3Bit 0 4Bit 0 5Bit 0 6Bit 0
True label 0 Full 0 3Bit 0 3Bit 0 4Bit 0 5Bit 0 6Bit 0
True label 0 Full 0 3Bit 0 3Bit 0 4Bit 0 5Bit 0 6Bit 0
True label 1 Full 1 3Bit 0 3Bit 0 4Bit 1 5Bit 1 6Bit 1
True label 1 Full 1 3Bit 1 3Bit 1 4Bit 1 5Bit 1 6Bit 1
True label 1 Full 1 3Bit 1 3Bit 1 4Bit 1 5Bit 1 6Bit 1
True label 0 Full 0 3Bit 0 3Bit 0 4Bit 0 5Bit 0 6Bit 0
True label 0 Full 1 3Bit 1 3Bit 1 4Bit 0 5Bit 0 6Bit 0
True label 0 Full 0 3Bit 0 3Bit 0 4Bit 0 5Bit 0 6Bit 0
True label 0 Full 0 3Bit 0 3Bit 0 4Bit 0 5Bit 0 6Bit 0
True label 1 Full 1 3Bit 1 3Bit 1 4Bit 1 5Bit 1 6Bit 1
True label 1 Full 1 3Bit 1 3Bit 1 4Bit 1 5Bit 1 6Bit 1
True label 0 Full 0 3Bit 0 3Bit 0 4Bit 0 5Bit 0 6Bit 0
True label 1 Full 0 3Bit 0 3Bit 0 4Bit 0 5Bit 0 6Bit 0
True label 0 Full 0 3Bit 0 3Bit 0 4Bit 0 5Bit 0 6Bit 0
True label 0 Full 0 3Bit 0 3Bit 0 4Bit 0 5Bit 0 6Bit 0
True label 1 Full 1 3Bit 1 3Bit 1 4Bit 1 5Bit 1 6Bit 1
True label 1 Full 1 3Bit 1 3Bit 1 4Bit 1 5Bit 1 6Bit 1
True label 0 Full 0 3Bit 1 3Bit 1 4Bit 0 5Bit 0 6Bit 0
True label 1 Full 1 3Bit 1 3Bit 1 4Bit 1 5Bit 1 6Bit 1
True label 0 Full 0 3Bit 1 3Bit 1 4Bit 0 5Bit 0 6Bit 0
True label 1 Full 1 3Bit 0 3Bit 0 4Bit 1 5Bit 1 6Bit 1
True label 0 Full 0 3Bit 0 3Bit 0 4Bit 0 5Bit 1 6Bit 1
True label 1 Full 1 3Bit 0 3Bit 0 4Bit 1 5Bit 1 6Bit 1
True label 1 Full 1 3Bit 1 3Bit 1 4Bit 1 5Bit 1 6Bit 1
True label 1 Full 1 3Bit 1 3Bit 1 4Bit 1 5Bit 1 6Bit 1
True label 1 Full 1 3Bit 0 3Bit 0 4Bit 1 5Bit 1 6Bit 1
True label 0 Full 0 3Bit 0 3Bit 0 4Bit 1 5Bit 0 6Bit 0
True label 0 Full 0 3Bit 0 3Bit 0 4Bit 0 5Bit 0 6Bit 0
True label 0 Full 0 3Bit 0 3Bit 0 4Bit 0 5Bit 0 6Bit 0
True label 0 Full 0 3Bit 0 3Bit 0 4Bit 0 5Bit 0 6Bit 0
True label 1 Full 1 3Bit 1 3Bit 1 4Bit 1 5Bit 1 6Bit 1
True label 1 Full 1 3Bit 0 3Bit 0 4Bit 1 5Bit 1 6Bit 1
True label 1 Full 1 3Bit 1 3Bit 1 4Bit 1 5Bit 1 6Bit 1
True label 1 Full 1 3Bit 1 3Bit 1 4Bit 1 5Bit 1 6Bit 1
True label 1 Full 1 3Bit 1 3Bit 1 4Bit 1 5Bit 1 6Bit 0
True label 0 Full 0 3Bit 0 3Bit 0 4Bit 0 5Bit 0 6Bit 0
True label 1 Full 1 3Bit 0 3Bit 0 4Bit 1 5Bit 1 6Bit 1
True label 1 Full 1 3Bit 1 3Bit 1 4Bit 1 5Bit 1 6Bit 1
True label 1 Full 1 3Bit 1 3Bit 1 4Bit 1 5Bit 1 6Bit 1
True label 0 Full 0 3Bit 0 3Bit 0 4Bit 0 5Bit 0 6Bit 0
True label 1 Full 1 3Bit 1 3Bit 1 4Bit 1 5Bit 1 6Bit 1
True label 1 Full 1 3Bit 1 3Bit 1 4Bit 1 5Bit 1 6Bit 1
True label 1 Full 1 3Bit 1 3Bit 1 4Bit 1 5Bit 1 6Bit 1
True label 0 Full 0 3Bit 0 3Bit 0 4Bit 0 5Bit 0 6Bit 0
True label 1 Full 1 3Bit 1 3Bit 1 4Bit 1 5Bit 1 6Bit 1
True label 0 Full 0 3Bit 0 3Bit 0 4Bit 0 5Bit 0 6Bit 0
True label 1 Full 0 3Bit 0 3Bit 0 4Bit 0 5Bit 0 6Bit 0
True label 0 Full 0 3Bit 0 3Bit 0 4Bit 0 5Bit 0 6Bit 0
True label 0 Full 0 3Bit 0 3Bit 0 4Bit 0 5Bit 0 6Bit 0
True label 1 Full 1 3Bit 1 3Bit 1 4Bit 1 5Bit 1 6Bit 1
True label 1 Full 1 3Bit 1 3Bit 1 4Bit 1 5Bit 1 6Bit 1
True label 1 Full 1 3Bit 1 3Bit 1 4Bit 1 5Bit 1 6Bit 1
True label 1 Full 1 3Bit 0 3Bit 0 4Bit 1 5Bit 1 6Bit 1
True label 1 Full 1 3Bit 1 3Bit 1 4Bit 1 5Bit 1 6Bit 1
True label 0 Full 0 3Bit 0 3Bit 0 4Bit 0 5Bit 0 6Bit 0
True label 1 Full 1 3Bit 0 3Bit 0 4Bit 1 5Bit 1 6Bit 1
True label 0 Full 0 3Bit 0 3Bit 0 4Bit 0 5Bit 0 6Bit 0
True label 0 Full 1 3Bit 1 3Bit 1 4Bit 1 5Bit 0 6Bit 0
True label 1 Full 1 3Bit 1 3Bit 1 4Bit 1 5Bit 1 6Bit 1
True label 1 Full 1 3Bit 0 3Bit 0 4Bit 1 5Bit 1 6Bit 1
True label 1 Full 1 3Bit 0 3Bit 0 4Bit 1 5Bit 1 6Bit 1
True label 0 Full 0 3Bit 0 3Bit 0 4Bit 1 5Bit 0 6Bit 0
True label 0 Full 0 3Bit 0 3Bit 0 4Bit 0 5Bit 0 6Bit 0
True label 0 Full 0 3Bit 0 3Bit 0 4Bit 0 5Bit 0 6Bit 0
True label 1 Full 1 3Bit 1 3Bit 1 4Bit 1 5Bit 1 6Bit 1
True label 1 Full 1 3Bit 1 3Bit 1 4Bit 1 5Bit 1 6Bit 1
True label 1 Full 1 3Bit 0 3Bit 0 4Bit 1 5Bit 0 6Bit 1
True label 0 Full 0 3Bit 0 3Bit 0 4Bit 0 5Bit 0 6Bit 0
True label 0 Full 0 3Bit 0 3Bit 0 4Bit 0 5Bit 0 6Bit 0
True label 0 Full 0 3Bit 0 3Bit 0 4Bit 0 5Bit 0 6Bit 0
True label 1 Full 1 3Bit 1 3Bit 1 4Bit 1 5Bit 1 6Bit 1
True label 1 Full 1 3Bit 1 3Bit 1 4Bit 1 5Bit 1 6Bit 1
True label 0 Full 0 3Bit 0 3Bit 0 4Bit 0 5Bit 0 6Bit 0
True label 1 Full 1 3Bit 0 3Bit 0 4Bit 0 5Bit 1 6Bit 1
True label 1 Full 1 3Bit 1 3Bit 1 4Bit 1 5Bit 1 6Bit 1
True label 1 Full 1 3Bit 1 3Bit 1 4Bit 1 5Bit 1 6Bit 1
True label 0 Full 0 3Bit 1 3Bit 1 4Bit 1 5Bit 0 6Bit 0
True label 1 Full 0 3Bit 0 3Bit 0 4Bit 0 5Bit 0 6Bit 0
True label 1 Full 1 3Bit 1 3Bit 1 4Bit 1 5Bit 1 6Bit 1
True label 0 Full 0 3Bit 0 3Bit 0 4Bit 0 5Bit 0 6Bit 0
True label 1 Full 1 3Bit 0 3Bit 0 4Bit 0 5Bit 1 6Bit 1
True label 1 Full 1 3Bit 0 3Bit 0 4Bit 0 5Bit 1 6Bit 1
True label 1 Full 1 3Bit 1 3Bit 1 4Bit 1 5Bit 1 6Bit 1
True label 0 Full 0 3Bit 1 3Bit 1 4Bit 0 5Bit 0 6Bit 0
True label 1 Full 1 3Bit 1 3Bit 1 4Bit 1 5Bit 1 6Bit 1
True label 1 Full 1 3Bit 1 3Bit 1 4Bit 1 5Bit 1 6Bit 1
True label 0 Full 0 3Bit 0 3Bit 0 4Bit 0 5Bit 0 6Bit 0
True label 1 Full 1 3Bit 1 3Bit 1 4Bit 1 5Bit 1 6Bit 1
True label 0 Full 0 3Bit 0 3Bit 0 4Bit 0 5Bit 0 6Bit 0
True label 0 Full 0 3Bit 0 3Bit 0 4Bit 0 5Bit 0 6Bit 0
True label 0 Full 0 3Bit 0 3Bit 0 4Bit 0 5Bit 0 6Bit 0
True label 1 Full 1 3Bit 1 3Bit 1 4Bit 1 5Bit 1 6Bit 1
True label 1 Full 1 3Bit 1 3Bit 1 4Bit 1 5Bit 1 6Bit 1
True label 0 Full 0 3Bit 0 3Bit 0 4Bit 0 5Bit 0 6Bit 0
True label 0 Full 0 3Bit 0 3Bit 0 4Bit 0 5Bit 0 6Bit 0
True label 0 Full 0 3Bit 0 3Bit 0 4Bit 0 5Bit 0 6Bit 0
True label 1 Full 1 3Bit 1 3Bit 1 4Bit 1 5Bit 1 6Bit 1
True label 0 Full 0 3Bit 0 3Bit 0 4Bit 0 5Bit 0 6Bit 0
True label 0 Full 0 3Bit 0 3Bit 0 4Bit 0 5Bit 0 6Bit 0
True label 1 Full 1 3Bit 1 3Bit 1 4Bit 1 5Bit 1 6Bit 1
True label 0 Full 0 3Bit 0 3Bit 0 4Bit 0 5Bit 0 6Bit 0
True label 0 Full 0 3Bit 0 3Bit 0 4Bit 0 5Bit 0 6Bit 0
True label 0 Full 0 3Bit 1 3Bit 1 4Bit 0 5Bit 0 6Bit 0
True label 0 Full 0 3Bit 0 3Bit 0 4Bit 0 5Bit 0 6Bit 0
True label 0 Full 0 3Bit 0 3Bit 0 4Bit 0 5Bit 0 6Bit 0
True label 0 Full 0 3Bit 0 3Bit 0 4Bit 0 5Bit 0 6Bit 0
True label 1 Full 1 3Bit 1 3Bit 1 4Bit 1 5Bit 1 6Bit 1
True label 0 Full 0 3Bit 0 3Bit 0 4Bit 0 5Bit 0 6Bit 0
True label 0 Full 1 3Bit 0 3Bit 0 4Bit 0 5Bit 0 6Bit 0
True label 1 Full 1 3Bit 0 3Bit 0 4Bit 1 5Bit 1 6Bit 1
True label 0 Full 0 3Bit 1 3Bit 1 4Bit 0 5Bit 0 6Bit 0
True label 0 Full 0 3Bit 0 3Bit 0 4Bit 0 5Bit 0 6Bit 0
True label 1 Full 1 3Bit 1 3Bit 1 4Bit 1 5Bit 1 6Bit 1
True label 1 Full 1 3Bit 1 3Bit 1 4Bit 1 5Bit 1 6Bit 1
True label 1 Full 1 3Bit 1 3Bit 1 4Bit 0 5Bit 1 6Bit 1
True label 0 Full 0 3Bit 0 3Bit 0 4Bit 0 5Bit 0 6Bit 0
True label 0 Full 0 3Bit 0 3Bit 0 4Bit 0 5Bit 0 6Bit 0
True label 0 Full 0 3Bit 0 3Bit 0 4Bit 0 5Bit 0 6Bit 0
True label 1 Full 1 3Bit 1 3Bit 1 4Bit 1 5Bit 1 6Bit 1
True label 0 Full 0 3Bit 0 3Bit 0 4Bit 0 5Bit 0 6Bit 0
True label 0 Full 0 3Bit 0 3Bit 0 4Bit 0 5Bit 0 6Bit 0
True label 0 Full 1 3Bit 1 3Bit 1 4Bit 1 5Bit 1 6Bit 1
True label 0 Full 0 3Bit 0 3Bit 0 4Bit 0 5Bit 0 6Bit 0
True label 1 Full 1 3Bit 0 3Bit 0 4Bit 1 5Bit 1 6Bit 1
True label 1 Full 1 3Bit 1 3Bit 1 4Bit 1 5Bit 1 6Bit 1
True label 1 Full 1 3Bit 1 3Bit 1 4Bit 1 5Bit 1 6Bit 1
True label 0 Full 1 3Bit 1 3Bit 1 4Bit 1 5Bit 1 6Bit 1
True label 0 Full 0 3Bit 0 3Bit 0 4Bit 0 5Bit 0 6Bit 0
True label 0 Full 0 3Bit 0 3Bit 0 4Bit 0 5Bit 0 6Bit 0
True label 1 Full 1 3Bit 1 3Bit 1 4Bit 1 5Bit 1 6Bit 1
True label 0 Full 0 3Bit 0 3Bit 0 4Bit 0 5Bit 0 6Bit 0
True label 1 Full 1 3Bit 1 3Bit 1 4Bit 1 5Bit 1 6Bit 1
True label 0 Full 0 3Bit 0 3Bit 0 4Bit 0 5Bit 0 6Bit 0
True label 1 Full 1 3Bit 1 3Bit 1 4Bit 1 5Bit 1 6Bit 1
True label 0 Full 0 3Bit 0 3Bit 0 4Bit 0 5Bit 0 6Bit 0
True label 0 Full 0 3Bit 0 3Bit 0 4Bit 0 5Bit 0 6Bit 0
True label 1 Full 1 3Bit 1 3Bit 1 4Bit 1 5Bit 1 6Bit 1
True label 1 Full 0 3Bit 0 3Bit 0 4Bit 0 5Bit 0 6Bit 0
True label 1 Full 1 3Bit 1 3Bit 1 4Bit 1 5Bit 1 6Bit 1
True label 0 Full 0 3Bit 0 3Bit 0 4Bit 0 5Bit 0 6Bit 0
True label 1 Full 1 3Bit 1 3Bit 1 4Bit 1 5Bit 1 6Bit 1
True label 0 Full 0 3Bit 1 3Bit 1 4Bit 0 5Bit 0 6Bit 0
True label 0 Full 0 3Bit 0 3Bit 0 4Bit 0 5Bit 0 6Bit 0
True label 0 Full 0 3Bit 0 3Bit 0 4Bit 0 5Bit 0 6Bit 0
True label 0 Full 0 3Bit 0 3Bit 0 4Bit 0 5Bit 0 6Bit 0
True label 1 Full 1 3Bit 1 3Bit 1 4Bit 1 5Bit 1 6Bit 1
True label 0 Full 0 3Bit 0 3Bit 0 4Bit 0 5Bit 0 6Bit 0
True label 0 Full 0 3Bit 1 3Bit 1 4Bit 0 5Bit 0 6Bit 0
True label 1 Full 0 3Bit 0 3Bit 0 4Bit 0 5Bit 0 6Bit 0
True label 0 Full 0 3Bit 0 3Bit 0 4Bit 0 5Bit 0 6Bit 0
True label 1 Full 1 3Bit 1 3Bit 1 4Bit 1 5Bit 1 6Bit 1
True label 1 Full 1 3Bit 0 3Bit 0 4Bit 1 5Bit 1 6Bit 1
True label 0 Full 0 3Bit 0 3Bit 0 4Bit 0 5Bit 0 6Bit 0
True label 0 Full 0 3Bit 0 3Bit 0 4Bit 0 5Bit 0 6Bit 0
True label 1 Full 1 3Bit 0 3Bit 0 4Bit 1 5Bit 1 6Bit 1
True label 1 Full 1 3Bit 1 3Bit 1 4Bit 1 5Bit 1 6Bit 1
True label 1 Full 1 3Bit 1 3Bit 1 4Bit 1 5Bit 1 6Bit 1
True label 0 Full 0 3Bit 0 3Bit 0 4Bit 0 5Bit 0 6Bit 0
True label 1 Full 1 3Bit 1 3Bit 1 4Bit 1 5Bit 1 6Bit 1
True label 0 Full 0 3Bit 0 3Bit 0 4Bit 0 5Bit 0 6Bit 0
True label 1 Full 1 3Bit 1 3Bit 1 4Bit 1 5Bit 1 6Bit 1
True label 0 Full 0 3Bit 0 3Bit 0 4Bit 0 5Bit 0 6Bit 0
True label 1 Full 1 3Bit 1 3Bit 1 4Bit 1 5Bit 1 6Bit 1
True label 1 Full 1 3Bit 1 3Bit 1 4Bit 1 5Bit 1 6Bit 1
True label 1 Full 1 3Bit 1 3Bit 1 4Bit 1 5Bit 1 6Bit 1
True label 0 Full 0 3Bit 0 3Bit 0 4Bit 0 5Bit 0 6Bit 0
True label 0 Full 0 3Bit 0 3Bit 0 4Bit 0 5Bit 0 6Bit 0
True label 1 Full 1 3Bit 1 3Bit 1 4Bit 1 5Bit 1 6Bit 1
True label 1 Full 1 3Bit 1 3Bit 1 4Bit 1 5Bit 1 6Bit 1
True label 0 Full 0 3Bit 0 3Bit 0 4Bit 0 5Bit 0 6Bit 0
True label 0 Full 0 3Bit 0 3Bit 0 4Bit 0 5Bit 0 6Bit 0
True label 0 Full 0 3Bit 0 3Bit 0 4Bit 0 5Bit 0 6Bit 0
True label 1 Full 1 3Bit 1 3Bit 1 4Bit 1 5Bit 1 6Bit 1
True label 1 Full 1 3Bit 1 3Bit 1 4Bit 1 5Bit 1 6Bit 1
True label 0 Full 0 3Bit 0 3Bit 0 4Bit 0 5Bit 0 6Bit 0
True label 0 Full 0 3Bit 0 3Bit 0 4Bit 0 5Bit 0 6Bit 0
True label 0 Full 0 3Bit 1 3Bit 1 4Bit 0 5Bit 0 6Bit 0
True label 0 Full 0 3Bit 0 3Bit 0 4Bit 0 5Bit 0 6Bit 0
True label 1 Full 1 3Bit 0 3Bit 0 4Bit 1 5Bit 1 6Bit 1
True label 0 Full 0 3Bit 0 3Bit 0 4Bit 0 5Bit 0 6Bit 0
True label 1 Full 1 3Bit 1 3Bit 1 4Bit 1 5Bit 1 6Bit 1
True label 0 Full 0 3Bit 0 3Bit 0 4Bit 0 5Bit 0 6Bit 0
True label 0 Full 0 3Bit 0 3Bit 0 4Bit 0 5Bit 0 6Bit 0
True label 0 Full 0 3Bit 1 3Bit 1 4Bit 0 5Bit 0 6Bit 0
True label 1 Full 1 3Bit 1 3Bit 1 4Bit 1 5Bit 1 6Bit 1
True label 0 Full 0 3Bit 1 3Bit 1 4Bit 0 5Bit 0 6Bit 0
True label 1 Full 0 3Bit 0 3Bit 0 4Bit 0 5Bit 0 6Bit 0
True label 0 Full 0 3Bit 0 3Bit 0 4Bit 0 5Bit 0 6Bit 0
True label 1 Full 1 3Bit 0 3Bit 0 4Bit 0 5Bit 1 6Bit 1
True label 1 Full 1 3Bit 1 3Bit 1 4Bit 1 5Bit 1 6Bit 1
True label 1 Full 1 3Bit 1 3Bit 1 4Bit 1 5Bit 1 6Bit 1
True label 1 Full 1 3Bit 1 3Bit 1 4Bit 1 5Bit 1 6Bit 1
True label 0 Full 0 3Bit 0 3Bit 0 4Bit 0 5Bit 0 6Bit 0
True label 1 Full 1 3Bit 1 3Bit 1 4Bit 1 5Bit 1 6Bit 1
True label 1 Full 1 3Bit 1 3Bit 1 4Bit 1 5Bit 1 6Bit 1
True label 0 Full 0 3Bit 0 3Bit 0 4Bit 0 5Bit 0 6Bit 0
True label 0 Full 0 3Bit 1 3Bit 1 4Bit 0 5Bit 0 6Bit 0
True label 0 Full 0 3Bit 0 3Bit 0 4Bit 0 5Bit 0 6Bit 0
True label 1 Full 1 3Bit 1 3Bit 1 4Bit 1 5Bit 1 6Bit 1
True label 0 Full 0 3Bit 0 3Bit 0 4Bit 0 5Bit 0 6Bit 0
True label 1 Full 1 3Bit 1 3Bit 1 4Bit 1 5Bit 1 6Bit 1
True label 1 Full 1 3Bit 1 3Bit 1 4Bit 1 5Bit 1 6Bit 1
True label 0 Full 0 3Bit 0 3Bit 0 4Bit 0 5Bit 0 6Bit 0
True label 0 Full 0 3Bit 0 3Bit 0 4Bit 0 5Bit 0 6Bit 0
True label 0 Full 0 3Bit 0 3Bit 0 4Bit 0 5Bit 0 6Bit 0
True label 0 Full 0 3Bit 0 3Bit 0 4Bit 0 5Bit 0 6Bit 0
True label 1 Full 1 3Bit 0 3Bit 0 4Bit 0 5Bit 0 6Bit 0
True label 1 Full 1 3Bit 0 3Bit 0 4Bit 1 5Bit 1 6Bit 1
True label 0 Full 1 3Bit 0 3Bit 0 4Bit 0 5Bit 1 6Bit 1
True label 1 Full 1 3Bit 1 3Bit 1 4Bit 1 5Bit 1 6Bit 1
True label 1 Full 1 3Bit 1 3Bit 1 4Bit 1 5Bit 1 6Bit 1
True label 1 Full 1 3Bit 1 3Bit 1 4Bit 1 5Bit 1 6Bit 1
True label 0 Full 0 3Bit 0 3Bit 0 4Bit 0 5Bit 1 6Bit 0
True label 0 Full 0 3Bit 1 3Bit 1 4Bit 0 5Bit 0 6Bit 0
True label 0 Full 0 3Bit 0 3Bit 0 4Bit 0 5Bit 0 6Bit 0
True label 1 Full 1 3Bit 1 3Bit 1 4Bit 1 5Bit 1 6Bit 1
True label 0 Full 0 3Bit 0 3Bit 0 4Bit 0 5Bit 0 6Bit 0
True label 0 Full 0 3Bit 0 3Bit 0 4Bit 0 5Bit 0 6Bit 0
True label 1 Full 1 3Bit 1 3Bit 1 4Bit 1 5Bit 1 6Bit 1
True label 0 Full 1 3Bit 0 3Bit 0 4Bit 1 5Bit 1 6Bit 1
True label 1 Full 1 3Bit 1 3Bit 1 4Bit 1 5Bit 1 6Bit 1
True label 1 Full 1 3Bit 1 3Bit 1 4Bit 1 5Bit 1 6Bit 1
True label 0 Full 0 3Bit 0 3Bit 0 4Bit 0 5Bit 0 6Bit 0
True label 1 Full 0 3Bit 0 3Bit 0 4Bit 0 5Bit 0 6Bit 0
True label 0 Full 0 3Bit 0 3Bit 0 4Bit 0 5Bit 0 6Bit 0
True label 0 Full 0 3Bit 0 3Bit 0 4Bit 0 5Bit 0 6Bit 0
True label 1 Full 1 3Bit 0 3Bit 0 4Bit 1 5Bit 1 6Bit 1
True label 1 Full 1 3Bit 0 3Bit 0 4Bit 1 5Bit 0 6Bit 1
True label 1 Full 1 3Bit 1 3Bit 1 4Bit 1 5Bit 1 6Bit 1
True label 1 Full 1 3Bit 0 3Bit 0 4Bit 1 5Bit 1 6Bit 1
True label 1 Full 1 3Bit 1 3Bit 1 4Bit 1 5Bit 1 6Bit 1
True label 0 Full 0 3Bit 0 3Bit 0 4Bit 0 5Bit 0 6Bit 0
True label 0 Full 0 3Bit 0 3Bit 0 4Bit 0 5Bit 0 6Bit 0
True label 1 Full 1 3Bit 1 3Bit 1 4Bit 1 5Bit 1 6Bit 1
True label 0 Full 0 3Bit 1 3Bit 1 4Bit 0 5Bit 0 6Bit 0
True label 0 Full 0 3Bit 0 3Bit 0 4Bit 0 5Bit 0 6Bit 0
True label 1 Full 1 3Bit 1 3Bit 1 4Bit 1 5Bit 1 6Bit 1
True label 0 Full 0 3Bit 0 3Bit 0 4Bit 0 5Bit 0 6Bit 0
True label 0 Full 1 3Bit 1 3Bit 1 4Bit 1 5Bit 1 6Bit 0
True label 1 Full 1 3Bit 1 3Bit 1 4Bit 1 5Bit 1 6Bit 1
True label 0 Full 0 3Bit 0 3Bit 0 4Bit 0 5Bit 0 6Bit 0
True label 1 Full 1 3Bit 1 3Bit 1 4Bit 1 5Bit 1 6Bit 1
True label 0 Full 1 3Bit 0 3Bit 0 4Bit 1 5Bit 1 6Bit 1
True label 1 Full 1 3Bit 0 3Bit 0 4Bit 1 5Bit 1 6Bit 1
True label 1 Full 1 3Bit 1 3Bit 1 4Bit 1 5Bit 1 6Bit 1
True label 1 Full 1 3Bit 1 3Bit 1 4Bit 1 5Bit 1 6Bit 1
True label 0 Full 1 3Bit 1 3Bit 1 4Bit 1 5Bit 1 6Bit 1
True label 1 Full 1 3Bit 1 3Bit 1 4Bit 1 5Bit 1 6Bit 1
True label 0 Full 0 3Bit 0 3Bit 0 4Bit 0 5Bit 0 6Bit 0
True label 1 Full 1 3Bit 0 3Bit 0 4Bit 1 5Bit 1 6Bit 1
True label 1 Full 1 3Bit 1 3Bit 1 4Bit 1 5Bit 1 6Bit 1
True label 0 Full 0 3Bit 0 3Bit 0 4Bit 0 5Bit 0 6Bit 0
True label 1 Full 1 3Bit 0 3Bit 0 4Bit 1 5Bit 1 6Bit 1
True label 1 Full 1 3Bit 1 3Bit 1 4Bit 1 5Bit 1 6Bit 1
True label 0 Full 1 3Bit 0 3Bit 0 4Bit 1 5Bit 0 6Bit 1
True label 0 Full 0 3Bit 0 3Bit 0 4Bit 0 5Bit 0 6Bit 0
True label 1 Full 1 3Bit 0 3Bit 0 4Bit 1 5Bit 1 6Bit 1
True label 1 Full 1 3Bit 0 3Bit 0 4Bit 1 5Bit 1 6Bit 1
True label 0 Full 0 3Bit 0 3Bit 0 4Bit 0 5Bit 0 6Bit 0
True label 0 Full 1 3Bit 0 3Bit 0 4Bit 1 5Bit 1 6Bit 1
True label 1 Full 1 3Bit 0 3Bit 0 4Bit 1 5Bit 0 6Bit 1
True label 0 Full 0 3Bit 0 3Bit 0 4Bit 0 5Bit 0 6Bit 0
True label 1 Full 0 3Bit 1 3Bit 1 4Bit 1 5Bit 1 6Bit 1
True label 1 Full 1 3Bit 0 3Bit 0 4Bit 1 5Bit 1 6Bit 1
True label 1 Full 1 3Bit 1 3Bit 1 4Bit 1 5Bit 1 6Bit 1
True label 0 Full 1 3Bit 0 3Bit 0 4Bit 1 5Bit 1 6Bit 1
True label 0 Full 0 3Bit 0 3Bit 0 4Bit 0 5Bit 0 6Bit 0
True label 0 Full 0 3Bit 0 3Bit 0 4Bit 0 5Bit 0 6Bit 0
True label 0 Full 0 3Bit 1 3Bit 1 4Bit 1 5Bit 0 6Bit 0
True label 0 Full 0 3Bit 0 3Bit 0 4Bit 0 5Bit 0 6Bit 0
True label 1 Full 1 3Bit 1 3Bit 1 4Bit 1 5Bit 1 6Bit 1
True label 0 Full 0 3Bit 0 3Bit 0 4Bit 0 5Bit 0 6Bit 0
True label 0 Full 0 3Bit 0 3Bit 0 4Bit 0 5Bit 0 6Bit 0
True label 0 Full 0 3Bit 0 3Bit 0 4Bit 0 5Bit 0 6Bit 0
True label 1 Full 1 3Bit 0 3Bit 0 4Bit 1 5Bit 1 6Bit 1
True label 0 Full 0 3Bit 0 3Bit 0 4Bit 0 5Bit 0 6Bit 0
True label 0 Full 0 3Bit 0 3Bit 0 4Bit 0 5Bit 0 6Bit 0
True label 1 Full 1 3Bit 0 3Bit 0 4Bit 0 5Bit 0 6Bit 0
True label 0 Full 0 3Bit 0 3Bit 0 4Bit 0 5Bit 0 6Bit 0
True label 1 Full 1 3Bit 1 3Bit 1 4Bit 1 5Bit 1 6Bit 1
True label 0 Full 0 3Bit 0 3Bit 0 4Bit 0 5Bit 0 6Bit 0
True label 1 Full 1 3Bit 1 3Bit 1 4Bit 1 5Bit 1 6Bit 1
True label 0 Full 0 3Bit 0 3Bit 0 4Bit 0 5Bit 0 6Bit 0
True label 1 Full 1 3Bit 0 3Bit 0 4Bit 1 5Bit 0 6Bit 0
True label 1 Full 1 3Bit 1 3Bit 1 4Bit 1 5Bit 1 6Bit 1
True label 0 Full 0 3Bit 0 3Bit 0 4Bit 0 5Bit 0 6Bit 0
True label 0 Full 0 3Bit 0 3Bit 0 4Bit 0 5Bit 0 6Bit 0
True label 0 Full 0 3Bit 0 3Bit 0 4Bit 0 5Bit 0 6Bit 0
True label 1 Full 1 3Bit 1 3Bit 1 4Bit 1 5Bit 1 6Bit 1
True label 0 Full 0 3Bit 0 3Bit 0 4Bit 0 5Bit 0 6Bit 0
True label 1 Full 1 3Bit 1 3Bit 1 4Bit 1 5Bit 1 6Bit 1
True label 0 Full 0 3Bit 0 3Bit 0 4Bit 0 5Bit 0 6Bit 0
True label 0 Full 0 3Bit 0 3Bit 0 4Bit 0 5Bit 0 6Bit 0
True label 0 Full 0 3Bit 0 3Bit 0 4Bit 0 5Bit 0 6Bit 0
True label 0 Full 0 3Bit 0 3Bit 0 4Bit 0 5Bit 0 6Bit 0
True label 0 Full 0 3Bit 0 3Bit 0 4Bit 0 5Bit 0 6Bit 0
True label 0 Full 0 3Bit 0 3Bit 0 4Bit 0 5Bit 0 6Bit 0
True label 0 Full 1 3Bit 1 3Bit 1 4Bit 0 5Bit 1 6Bit 1
True label 1 Full 1 3Bit 0 3Bit 0 4Bit 1 5Bit 1 6Bit 1
True label 1 Full 1 3Bit 1 3Bit 1 4Bit 1 5Bit 0 6Bit 1
True label 1 Full 1 3Bit 1 3Bit 1 4Bit 1 5Bit 1 6Bit 1
True label 1 Full 1 3Bit 1 3Bit 1 4Bit 1 5Bit 1 6Bit 1
True label 1 Full 1 3Bit 1 3Bit 1 4Bit 1 5Bit 1 6Bit 1
True label 1 Full 1 3Bit 1 3Bit 1 4Bit 1 5Bit 1 6Bit 1
True label 0 Full 0 3Bit 0 3Bit 0 4Bit 0 5Bit 0 6Bit 0
True label 0 Full 0 3Bit 0 3Bit 0 4Bit 0 5Bit 0 6Bit 0
True label 0 Full 0 3Bit 0 3Bit 0 4Bit 0 5Bit 0 6Bit 0
True label 1 Full 1 3Bit 0 3Bit 0 4Bit 1 5Bit 1 6Bit 1
True label 1 Full 1 3Bit 0 3Bit 0 4Bit 1 5Bit 1 6Bit 1
True label 0 Full 0 3Bit 0 3Bit 0 4Bit 0 5Bit 0 6Bit 0
True label 0 Full 0 3Bit 0 3Bit 0 4Bit 0 5Bit 0 6Bit 0
True label 1 Full 1 3Bit 0 3Bit 0 4Bit 0 5Bit 0 6Bit 0
True label 1 Full 1 3Bit 0 3Bit 0 4Bit 1 5Bit 1 6Bit 1
True label 1 Full 1 3Bit 1 3Bit 1 4Bit 1 5Bit 1 6Bit 1
True label 0 Full 0 3Bit 0 3Bit 0 4Bit 0 5Bit 0 6Bit 0
True label 0 Full 0 3Bit 0 3Bit 0 4Bit 0 5Bit 0 6Bit 0
True label 1 Full 1 3Bit 1 3Bit 1 4Bit 1 5Bit 1 6Bit 1
True label 0 Full 0 3Bit 0 3Bit 0 4Bit 0 5Bit 0 6Bit 0
True label 1 Full 1 3Bit 1 3Bit 1 4Bit 1 5Bit 1 6Bit 1
True label 0 Full 0 3Bit 0 3Bit 0 4Bit 0 5Bit 0 6Bit 0
True label 1 Full 1 3Bit 1 3Bit 1 4Bit 1 5Bit 1 6Bit 1
True label 0 Full 0 3Bit 0 3Bit 0 4Bit 0 5Bit 0 6Bit 0
True label 1 Full 1 3Bit 1 3Bit 1 4Bit 1 5Bit 1 6Bit 1
True label 1 Full 1 3Bit 0 3Bit 0 4Bit 1 5Bit 1 6Bit 1
True label 0 Full 0 3Bit 1 3Bit 1 4Bit 0 5Bit 0 6Bit 0
True label 0 Full 0 3Bit 0 3Bit 0 4Bit 0 5Bit 0 6Bit 0
True label 0 Full 0 3Bit 0 3Bit 0 4Bit 0 5Bit 0 6Bit 0
True label 0 Full 0 3Bit 0 3Bit 0 4Bit 0 5Bit 0 6Bit 0
True label 0 Full 0 3Bit 0 3Bit 0 4Bit 0 5Bit 0 6Bit 0
True label 1 Full 1 3Bit 1 3Bit 1 4Bit 1 5Bit 1 6Bit 1
True label 0 Full 0 3Bit 0 3Bit 0 4Bit 0 5Bit 0 6Bit 0
True label 0 Full 0 3Bit 0 3Bit 0 4Bit 0 5Bit 0 6Bit 0
True label 1 Full 1 3Bit 1 3Bit 1 4Bit 1 5Bit 1 6Bit 1
True label 0 Full 1 3Bit 0 3Bit 0 4Bit 0 5Bit 0 6Bit 0
True label 1 Full 1 3Bit 0 3Bit 0 4Bit 1 5Bit 1 6Bit 1
True label 0 Full 0 3Bit 1 3Bit 1 4Bit 0 5Bit 0 6Bit 0
True label 1 Full 1 3Bit 1 3Bit 1 4Bit 1 5Bit 1 6Bit 1
True label 1 Full 1 3Bit 1 3Bit 1 4Bit 1 5Bit 1 6Bit 1
True label 0 Full 0 3Bit 0 3Bit 0 4Bit 0 5Bit 0 6Bit 0
True label 0 Full 0 3Bit 0 3Bit 0 4Bit 0 5Bit 0 6Bit 0
True label 1 Full 1 3Bit 1 3Bit 1 4Bit 1 5Bit 1 6Bit 1
True label 1 Full 1 3Bit 1 3Bit 1 4Bit 1 5Bit 1 6Bit 1
True label 0 Full 0 3Bit 0 3Bit 0 4Bit 0 5Bit 0 6Bit 0
True label 0 Full 0 3Bit 0 3Bit 0 4Bit 0 5Bit 0 6Bit 0
True label 0 Full 0 3Bit 0 3Bit 0 4Bit 0 5Bit 0 6Bit 0
True label 1 Full 1 3Bit 1 3Bit 1 4Bit 1 5Bit 1 6Bit 1
True label 0 Full 0 3Bit 0 3Bit 0 4Bit 0 5Bit 0 6Bit 0
True label 1 Full 1 3Bit 1 3Bit 1 4Bit 1 5Bit 0 6Bit 1
True label 1 Full 1 3Bit 1 3Bit 1 4Bit 1 5Bit 1 6Bit 1
True label 1 Full 1 3Bit 1 3Bit 1 4Bit 1 5Bit 1 6Bit 1
True label 1 Full 1 3Bit 0 3Bit 0 4Bit 1 5Bit 1 6Bit 1
True label 1 Full 1 3Bit 1 3Bit 1 4Bit 1 5Bit 1 6Bit 1
True label 1 Full 0 3Bit 0 3Bit 0 4Bit 1 5Bit 0 6Bit 0
True label 1 Full 1 3Bit 1 3Bit 1 4Bit 1 5Bit 1 6Bit 1
True label 1 Full 1 3Bit 0 3Bit 0 4Bit 0 5Bit 1 6Bit 1
True label 0 Full 0 3Bit 0 3Bit 0 4Bit 0 5Bit 0 6Bit 0
True label 1 Full 1 3Bit 1 3Bit 1 4Bit 1 5Bit 1 6Bit 1
True label 1 Full 1 3Bit 1 3Bit 1 4Bit 1 5Bit 1 6Bit 1
True label 1 Full 1 3Bit 1 3Bit 1 4Bit 1 5Bit 1 6Bit 1
True label 0 Full 0 3Bit 0 3Bit 0 4Bit 0 5Bit 0 6Bit 0
True label 1 Full 1 3Bit 1 3Bit 1 4Bit 1 5Bit 1 6Bit 1
True label 0 Full 1 3Bit 0 3Bit 0 4Bit 1 5Bit 1 6Bit 1
True label 0 Full 0 3Bit 1 3Bit 1 4Bit 1 5Bit 0 6Bit 1
True label 1 Full 1 3Bit 0 3Bit 0 4Bit 1 5Bit 1 6Bit 1
True label 0 Full 0 3Bit 0 3Bit 0 4Bit 0 5Bit 0 6Bit 0
True label 1 Full 1 3Bit 1 3Bit 1 4Bit 1 5Bit 1 6Bit 1
True label 1 Full 1 3Bit 1 3Bit 1 4Bit 1 5Bit 1 6Bit 1
True label 1 Full 1 3Bit 1 3Bit 1 4Bit 1 5Bit 1 6Bit 1
True label 0 Full 0 3Bit 0 3Bit 0 4Bit 0 5Bit 0 6Bit 0
True label 0 Full 0 3Bit 0 3Bit 0 4Bit 0 5Bit 0 6Bit 0
True label 0 Full 0 3Bit 0 3Bit 0 4Bit 0 5Bit 0 6Bit 0
True label 1 Full 1 3Bit 1 3Bit 1 4Bit 1 5Bit 1 6Bit 1
True label 1 Full 1 3Bit 0 3Bit 0 4Bit 0 5Bit 0 6Bit 1
True label 1 Full 1 3Bit 1 3Bit 1 4Bit 1 5Bit 1 6Bit 1
True label 1 Full 1 3Bit 1 3Bit 1 4Bit 1 5Bit 1 6Bit 1
True label 0 Full 1 3Bit 0 3Bit 0 4Bit 0 5Bit 1 6Bit 1
True label 0 Full 0 3Bit 0 3Bit 0 4Bit 0 5Bit 0 6Bit 0
True label 1 Full 1 3Bit 1 3Bit 1 4Bit 1 5Bit 1 6Bit 1
True label 1 Full 0 3Bit 1 3Bit 1 4Bit 0 5Bit 0 6Bit 0
True label 1 Full 1 3Bit 1 3Bit 1 4Bit 1 5Bit 1 6Bit 1
True label 0 Full 1 3Bit 0 3Bit 0 4Bit 0 5Bit 0 6Bit 0
True label 0 Full 0 3Bit 0 3Bit 0 4Bit 0 5Bit 0 6Bit 0
True label 0 Full 0 3Bit 1 3Bit 1 4Bit 0 5Bit 0 6Bit 0
True label 0 Full 0 3Bit 1 3Bit 1 4Bit 0 5Bit 0 6Bit 0
True label 0 Full 0 3Bit 0 3Bit 0 4Bit 0 5Bit 0 6Bit 0
True label 0 Full 1 3Bit 0 3Bit 0 4Bit 0 5Bit 0 6Bit 0
True label 1 Full 1 3Bit 1 3Bit 1 4Bit 1 5Bit 1 6Bit 1
True label 1 Full 1 3Bit 0 3Bit 0 4Bit 1 5Bit 1 6Bit 1
True label 1 Full 1 3Bit 0 3Bit 0 4Bit 1 5Bit 0 6Bit 1
True label 1 Full 1 3Bit 1 3Bit 1 4Bit 1 5Bit 1 6Bit 1
True label 0 Full 0 3Bit 1 3Bit 1 4Bit 0 5Bit 0 6Bit 0
True label 1 Full 1 3Bit 0 3Bit 0 4Bit 0 5Bit 0 6Bit 1
True label 1 Full 1 3Bit 1 3Bit 1 4Bit 1 5Bit 1 6Bit 1
True label 0 Full 1 3Bit 1 3Bit 1 4Bit 1 5Bit 1 6Bit 1
True label 0 Full 0 3Bit 0 3Bit 0 4Bit 0 5Bit 0 6Bit 0
True label 1 Full 1 3Bit 1 3Bit 1 4Bit 1 5Bit 1 6Bit 1
True label 1 Full 1 3Bit 1 3Bit 1 4Bit 1 5Bit 1 6Bit 1
True label 1 Full 1 3Bit 1 3Bit 1 4Bit 1 5Bit 1 6Bit 1
True label 0 Full 0 3Bit 0 3Bit 0 4Bit 0 5Bit 0 6Bit 0
True label 1 Full 1 3Bit 1 3Bit 1 4Bit 1 5Bit 1 6Bit 1
True label 1 Full 1 3Bit 1 3Bit 1 4Bit 1 5Bit 1 6Bit 1
True label 0 Full 0 3Bit 0 3Bit 0 4Bit 1 5Bit 0 6Bit 0
True label 1 Full 1 3Bit 1 3Bit 1 4Bit 1 5Bit 1 6Bit 1
True label 1 Full 1 3Bit 1 3Bit 1 4Bit 1 5Bit 1 6Bit 1
True label 0 Full 0 3Bit 1 3Bit 1 4Bit 0 5Bit 0 6Bit 0
True label 1 Full 1 3Bit 1 3Bit 1 4Bit 1 5Bit 1 6Bit 1
True label 0 Full 0 3Bit 0 3Bit 0 4Bit 0 5Bit 0 6Bit 0
True label 0 Full 0 3Bit 0 3Bit 0 4Bit 0 5Bit 0 6Bit 0
True label 0 Full 0 3Bit 0 3Bit 0 4Bit 0 5Bit 0 6Bit 0
True label 0 Full 0 3Bit 0 3Bit 0 4Bit 0 5Bit 0 6Bit 0
True label 1 Full 1 3Bit 1 3Bit 1 4Bit 1 5Bit 1 6Bit 1
True label 0 Full 0 3Bit 0 3Bit 0 4Bit 0 5Bit 0 6Bit 0
True label 0 Full 0 3Bit 0 3Bit 0 4Bit 0 5Bit 0 6Bit 0
True label 1 Full 1 3Bit 1 3Bit 1 4Bit 1 5Bit 1 6Bit 1
True label 0 Full 0 3Bit 0 3Bit 0 4Bit 0 5Bit 0 6Bit 0
True label 1 Full 0 3Bit 0 3Bit 0 4Bit 0 5Bit 0 6Bit 0
True label 0 Full 1 3Bit 1 3Bit 1 4Bit 1 5Bit 1 6Bit 1
True label 0 Full 0 3Bit 0 3Bit 0 4Bit 0 5Bit 0 6Bit 0
True label 1 Full 1 3Bit 1 3Bit 1 4Bit 1 5Bit 1 6Bit 1
True label 1 Full 1 3Bit 1 3Bit 1 4Bit 1 5Bit 1 6Bit 1
True label 1 Full 1 3Bit 1 3Bit 1 4Bit 1 5Bit 1 6Bit 1
True label 1 Full 1 3Bit 1 3Bit 1 4Bit 1 5Bit 1 6Bit 1
True label 1 Full 1 3Bit 1 3Bit 1 4Bit 1 5Bit 1 6Bit 1
True label 1 Full 1 3Bit 1 3Bit 1 4Bit 1 5Bit 1 6Bit 1
True label 0 Full 0 3Bit 0 3Bit 0 4Bit 0 5Bit 0 6Bit 0
True label 1 Full 1 3Bit 0 3Bit 0 4Bit 1 5Bit 1 6Bit 1
True label 0 Full 0 3Bit 0 3Bit 0 4Bit 0 5Bit 1 6Bit 0
True label 1 Full 1 3Bit 0 3Bit 0 4Bit 0 5Bit 0 6Bit 0
True label 0 Full 0 3Bit 0 3Bit 0 4Bit 0 5Bit 0 6Bit 0
True label 1 Full 1 3Bit 1 3Bit 1 4Bit 1 5Bit 1 6Bit 1
True label 1 Full 1 3Bit 1 3Bit 1 4Bit 1 5Bit 1 6Bit 1
True label 1 Full 0 3Bit 1 3Bit 1 4Bit 0 5Bit 0 6Bit 0
True label 0 Full 0 3Bit 0 3Bit 0 4Bit 0 5Bit 0 6Bit 0
True label 1 Full 1 3Bit 1 3Bit 1 4Bit 1 5Bit 1 6Bit 1
True label 1 Full 1 3Bit 1 3Bit 1 4Bit 1 5Bit 1 6Bit 1
True label 0 Full 0 3Bit 0 3Bit 0 4Bit 0 5Bit 0 6Bit 0
True label 0 Full 0 3Bit 0 3Bit 0 4Bit 0 5Bit 0 6Bit 0
True label 0 Full 0 3Bit 0 3Bit 0 4Bit 0 5Bit 0 6Bit 0
True label 0 Full 0 3Bit 0 3Bit 0 4Bit 0 5Bit 0 6Bit 0
True label 0 Full 0 3Bit 0 3Bit 0 4Bit 0 5Bit 0 6Bit 0
True label 1 Full 1 3Bit 0 3Bit 0 4Bit 1 5Bit 1 6Bit 1
True label 0 Full 0 3Bit 0 3Bit 0 4Bit 0 5Bit 0 6Bit 0
True label 0 Full 1 3Bit 0 3Bit 0 4Bit 0 5Bit 1 6Bit 0
True label 1 Full 1 3Bit 1 3Bit 1 4Bit 1 5Bit 1 6Bit 1
True label 1 Full 1 3Bit 1 3Bit 1 4Bit 1 5Bit 1 6Bit 1
True label 1 Full 1 3Bit 1 3Bit 1 4Bit 1 5Bit 1 6Bit 1
True label 1 Full 0 3Bit 0 3Bit 0 4Bit 0 5Bit 0 6Bit 0
True label 1 Full 1 3Bit 1 3Bit 1 4Bit 1 5Bit 1 6Bit 1
True label 0 Full 0 3Bit 0 3Bit 0 4Bit 0 5Bit 0 6Bit 0
True label 1 Full 1 3Bit 1 3Bit 1 4Bit 1 5Bit 1 6Bit 1
True label 1 Full 1 3Bit 1 3Bit 1 4Bit 1 5Bit 1 6Bit 1
True label 1 Full 1 3Bit 1 3Bit 1 4Bit 1 5Bit 1 6Bit 1
True label 1 Full 0 3Bit 0 3Bit 0 4Bit 0 5Bit 0 6Bit 0
True label 0 Full 0 3Bit 0 3Bit 0 4Bit 0 5Bit 0 6Bit 0
True label 1 Full 1 3Bit 1 3Bit 1 4Bit 1 5Bit 1 6Bit 1
True label 1 Full 1 3Bit 1 3Bit 1 4Bit 1 5Bit 1 6Bit 1
True label 0 Full 0 3Bit 0 3Bit 0 4Bit 0 5Bit 0 6Bit 0
True label 1 Full 0 3Bit 1 3Bit 1 4Bit 0 5Bit 0 6Bit 0
True label 0 Full 0 3Bit 0 3Bit 0 4Bit 0 5Bit 0 6Bit 0
True label 1 Full 1 3Bit 0 3Bit 0 4Bit 1 5Bit 1 6Bit 1
True label 0 Full 0 3Bit 0 3Bit 0 4Bit 0 5Bit 0 6Bit 0
True label 0 Full 0 3Bit 0 3Bit 0 4Bit 0 5Bit 0 6Bit 0
True label 0 Full 0 3Bit 0 3Bit 0 4Bit 0 5Bit 0 6Bit 0
True label 0 Full 0 3Bit 0 3Bit 0 4Bit 0 5Bit 0 6Bit 0
True label 1 Full 1 3Bit 1 3Bit 1 4Bit 1 5Bit 1 6Bit 1
True label 0 Full 0 3Bit 0 3Bit 0 4Bit 0 5Bit 0 6Bit 0
True label 1 Full 0 3Bit 0 3Bit 0 4Bit 0 5Bit 0 6Bit 0
True label 1 Full 1 3Bit 1 3Bit 1 4Bit 1 5Bit 1 6Bit 1
True label 0 Full 1 3Bit 0 3Bit 0 4Bit 1 5Bit 1 6Bit 1
True label 0 Full 0 3Bit 0 3Bit 0 4Bit 0 5Bit 0 6Bit 0
True label 1 Full 1 3Bit 1 3Bit 1 4Bit 1 5Bit 1 6Bit 1
True label 0 Full 0 3Bit 0 3Bit 0 4Bit 0 5Bit 0 6Bit 0
True label 0 Full 0 3Bit 0 3Bit 0 4Bit 0 5Bit 0 6Bit 0
True label 1 Full 1 3Bit 0 3Bit 0 4Bit 0 5Bit 0 6Bit 1
True label 0 Full 0 3Bit 0 3Bit 0 4Bit 0 5Bit 0 6Bit 0
True label 0 Full 0 3Bit 0 3Bit 0 4Bit 0 5Bit 0 6Bit 0
True label 1 Full 1 3Bit 1 3Bit 1 4Bit 1 5Bit 1 6Bit 1
True label 1 Full 0 3Bit 0 3Bit 0 4Bit 0 5Bit 0 6Bit 0
True label 0 Full 0 3Bit 0 3Bit 0 4Bit 0 5Bit 0 6Bit 0
True label 1 Full 1 3Bit 1 3Bit 1 4Bit 1 5Bit 1 6Bit 1
True label 1 Full 1 3Bit 0 3Bit 0 4Bit 1 5Bit 1 6Bit 1
True label 0 Full 0 3Bit 0 3Bit 0 4Bit 0 5Bit 0 6Bit 0
True label 1 Full 1 3Bit 1 3Bit 1 4Bit 1 5Bit 1 6Bit 1
True label 0 Full 0 3Bit 1 3Bit 1 4Bit 0 5Bit 0 6Bit 0
True label 1 Full 1 3Bit 0 3Bit 0 4Bit 0 5Bit 0 6Bit 0
True label 0 Full 0 3Bit 0 3Bit 0 4Bit 0 5Bit 0 6Bit 0
True label 0 Full 0 3Bit 0 3Bit 0 4Bit 0 5Bit 0 6Bit 0
True label 0 Full 0 3Bit 0 3Bit 0 4Bit 0 5Bit 0 6Bit 0
True label 1 Full 1 3Bit 1 3Bit 1 4Bit 1 5Bit 1 6Bit 1
True label 1 Full 1 3Bit 1 3Bit 1 4Bit 1 5Bit 1 6Bit 1
True label 1 Full 0 3Bit 0 3Bit 0 4Bit 0 5Bit 0 6Bit 0
True label 0 Full 0 3Bit 1 3Bit 1 4Bit 0 5Bit 0 6Bit 0
True label 0 Full 0 3Bit 0 3Bit 0 4Bit 0 5Bit 0 6Bit 0
True label 1 Full 1 3Bit 1 3Bit 1 4Bit 1 5Bit 1 6Bit 1
True label 1 Full 1 3Bit 0 3Bit 0 4Bit 1 5Bit 1 6Bit 1
True label 1 Full 1 3Bit 0 3Bit 0 4Bit 1 5Bit 1 6Bit 1
True label 0 Full 0 3Bit 0 3Bit 0 4Bit 0 5Bit 0 6Bit 0
True label 1 Full 1 3Bit 1 3Bit 1 4Bit 1 5Bit 1 6Bit 1
True label 0 Full 1 3Bit 0 3Bit 0 4Bit 1 5Bit 1 6Bit 1
True label 1 Full 1 3Bit 1 3Bit 1 4Bit 0 5Bit 1 6Bit 1
True label 1 Full 1 3Bit 1 3Bit 1 4Bit 1 5Bit 1 6Bit 1
True label 0 Full 1 3Bit 0 3Bit 0 4Bit 0 5Bit 1 6Bit 1
True label 0 Full 0 3Bit 0 3Bit 0 4Bit 0 5Bit 0 6Bit 0
True label 0 Full 0 3Bit 0 3Bit 0 4Bit 0 5Bit 0 6Bit 0
True label 0 Full 0 3Bit 0 3Bit 0 4Bit 0 5Bit 0 6Bit 0
True label 0 Full 0 3Bit 0 3Bit 0 4Bit 0 5Bit 0 6Bit 0
True label 0 Full 0 3Bit 1 3Bit 1 4Bit 1 5Bit 1 6Bit 0
True label 1 Full 1 3Bit 1 3Bit 1 4Bit 1 5Bit 1 6Bit 1
True label 0 Full 0 3Bit 0 3Bit 0 4Bit 0 5Bit 0 6Bit 0
True label 0 Full 0 3Bit 1 3Bit 1 4Bit 0 5Bit 0 6Bit 0
True label 0 Full 1 3Bit 1 3Bit 1 4Bit 1 5Bit 1 6Bit 1
True label 1 Full 1 3Bit 1 3Bit 1 4Bit 1 5Bit 0 6Bit 1
True label 1 Full 1 3Bit 1 3Bit 1 4Bit 1 5Bit 1 6Bit 1
True label 1 Full 1 3Bit 0 3Bit 0 4Bit 1 5Bit 1 6Bit 1
True label 1 Full 1 3Bit 1 3Bit 1 4Bit 1 5Bit 1 6Bit 1
True label 1 Full 1 3Bit 1 3Bit 1 4Bit 1 5Bit 1 6Bit 1
True label 1 Full 1 3Bit 1 3Bit 1 4Bit 1 5Bit 1 6Bit 1
True label 0 Full 0 3Bit 0 3Bit 0 4Bit 0 5Bit 0 6Bit 0
True label 0 Full 0 3Bit 0 3Bit 0 4Bit 0 5Bit 0 6Bit 0
True label 0 Full 0 3Bit 0 3Bit 0 4Bit 0 5Bit 0 6Bit 0
True label 0 Full 1 3Bit 0 3Bit 0 4Bit 1 5Bit 1 6Bit 0
True label 0 Full 0 3Bit 0 3Bit 0 4Bit 0 5Bit 0 6Bit 0
True label 1 Full 1 3Bit 1 3Bit 1 4Bit 1 5Bit 1 6Bit 1
True label 1 Full 1 3Bit 1 3Bit 1 4Bit 1 5Bit 1 6Bit 1
True label 0 Full 0 3Bit 0 3Bit 0 4Bit 0 5Bit 0 6Bit 0
True label 1 Full 1 3Bit 0 3Bit 0 4Bit 1 5Bit 1 6Bit 1
True label 0 Full 0 3Bit 0 3Bit 0 4Bit 1 5Bit 0 6Bit 0
True label 0 Full 0 3Bit 0 3Bit 0 4Bit 0 5Bit 0 6Bit 0
True label 1 Full 1 3Bit 1 3Bit 1 4Bit 1 5Bit 1 6Bit 1
True label 0 Full 0 3Bit 0 3Bit 0 4Bit 0 5Bit 0 6Bit 0
True label 1 Full 1 3Bit 1 3Bit 1 4Bit 0 5Bit 1 6Bit 1
True label 0 Full 0 3Bit 0 3Bit 0 4Bit 0 5Bit 0 6Bit 0
True label 1 Full 1 3Bit 1 3Bit 1 4Bit 1 5Bit 1 6Bit 1
True label 0 Full 0 3Bit 0 3Bit 0 4Bit 0 5Bit 0 6Bit 0
True label 1 Full 1 3Bit 1 3Bit 1 4Bit 1 5Bit 1 6Bit 1
True label 0 Full 0 3Bit 0 3Bit 0 4Bit 0 5Bit 0 6Bit 0
True label 1 Full 1 3Bit 1 3Bit 1 4Bit 1 5Bit 1 6Bit 1
True label 0 Full 0 3Bit 0 3Bit 0 4Bit 0 5Bit 0 6Bit 0
True label 0 Full 0 3Bit 0 3Bit 0 4Bit 0 5Bit 0 6Bit 0
True label 1 Full 1 3Bit 0 3Bit 0 4Bit 0 5Bit 1 6Bit 0
True label 0 Full 0 3Bit 0 3Bit 0 4Bit 0 5Bit 0 6Bit 0
True label 0 Full 0 3Bit 0 3Bit 0 4Bit 0 5Bit 0 6Bit 0
True label 0 Full 0 3Bit 0 3Bit 0 4Bit 0 5Bit 0 6Bit 0
True label 1 Full 1 3Bit 1 3Bit 1 4Bit 1 5Bit 1 6Bit 1
True label 0 Full 0 3Bit 0 3Bit 0 4Bit 0 5Bit 0 6Bit 0
True label 0 Full 0 3Bit 0 3Bit 0 4Bit 0 5Bit 0 6Bit 0
True label 0 Full 0 3Bit 0 3Bit 0 4Bit 0 5Bit 0 6Bit 0
True label 1 Full 1 3Bit 1 3Bit 1 4Bit 1 5Bit 1 6Bit 1
True label 1 Full 1 3Bit 1 3Bit 1 4Bit 1 5Bit 1 6Bit 1
True label 1 Full 1 3Bit 1 3Bit 1 4Bit 1 5Bit 1 6Bit 1
True label 0 Full 0 3Bit 0 3Bit 0 4Bit 0 5Bit 0 6Bit 0
True label 1 Full 1 3Bit 1 3Bit 1 4Bit 1 5Bit 1 6Bit 1
True label 1 Full 1 3Bit 1 3Bit 1 4Bit 1 5Bit 1 6Bit 1
True label 0 Full 0 3Bit 0 3Bit 0 4Bit 0 5Bit 0 6Bit 0
True label 0 Full 1 3Bit 0 3Bit 0 4Bit 0 5Bit 1 6Bit 1
True label 1 Full 1 3Bit 1 3Bit 1 4Bit 1 5Bit 1 6Bit 1
True label 1 Full 1 3Bit 1 3Bit 1 4Bit 1 5Bit 1 6Bit 1
True label 0 Full 0 3Bit 0 3Bit 0 4Bit 0 5Bit 0 6Bit 0
True label 0 Full 0 3Bit 0 3Bit 0 4Bit 0 5Bit 0 6Bit 0
True label 1 Full 1 3Bit 0 3Bit 0 4Bit 1 5Bit 1 6Bit 1
True label 1 Full 1 3Bit 1 3Bit 1 4Bit 1 5Bit 1 6Bit 1
True label 0 Full 0 3Bit 0 3Bit 0 4Bit 0 5Bit 0 6Bit 0
True label 0 Full 0 3Bit 0 3Bit 0 4Bit 0 5Bit 0 6Bit 0
True label 0 Full 0 3Bit 0 3Bit 0 4Bit 0 5Bit 0 6Bit 0
True label 0 Full 0 3Bit 1 3Bit 1 4Bit 0 5Bit 0 6Bit 0
True label 1 Full 1 3Bit 1 3Bit 1 4Bit 1 5Bit 1 6Bit 1
True label 0 Full 0 3Bit 0 3Bit 0 4Bit 0 5Bit 0 6Bit 0
True label 0 Full 0 3Bit 1 3Bit 1 4Bit 0 5Bit 0 6Bit 0
True label 0 Full 0 3Bit 0 3Bit 0 4Bit 0 5Bit 0 6Bit 0
True label 1 Full 1 3Bit 1 3Bit 1 4Bit 1 5Bit 1 6Bit 1
True label 0 Full 0 3Bit 0 3Bit 0 4Bit 0 5Bit 0 6Bit 0
True label 1 Full 1 3Bit 1 3Bit 1 4Bit 1 5Bit 1 6Bit 1
True label 1 Full 1 3Bit 0 3Bit 0 4Bit 0 5Bit 1 6Bit 1
True label 0 Full 0 3Bit 0 3Bit 0 4Bit 0 5Bit 0 6Bit 0
True label 0 Full 0 3Bit 0 3Bit 0 4Bit 0 5Bit 0 6Bit 0
True label 0 Full 0 3Bit 0 3Bit 0 4Bit 0 5Bit 0 6Bit 0
True label 1 Full 1 3Bit 1 3Bit 1 4Bit 1 5Bit 1 6Bit 1
True label 1 Full 1 3Bit 1 3Bit 1 4Bit 1 5Bit 1 6Bit 1
True label 0 Full 1 3Bit 0 3Bit 0 4Bit 1 5Bit 1 6Bit 1
True label 1 Full 1 3Bit 1 3Bit 1 4Bit 1 5Bit 1 6Bit 1
True label 1 Full 0 3Bit 0 3Bit 0 4Bit 0 5Bit 0 6Bit 1
True label 0 Full 0 3Bit 0 3Bit 0 4Bit 0 5Bit 0 6Bit 0
True label 0 Full 0 3Bit 0 3Bit 0 4Bit 0 5Bit 0 6Bit 0
True label 1 Full 1 3Bit 1 3Bit 1 4Bit 1 5Bit 1 6Bit 1
True label 1 Full 0 3Bit 1 3Bit 1 4Bit 0 5Bit 0 6Bit 0
True label 1 Full 1 3Bit 0 3Bit 0 4Bit 1 5Bit 1 6Bit 0
True label 0 Full 0 3Bit 0 3Bit 0 4Bit 0 5Bit 0 6Bit 0
True label 0 Full 0 3Bit 0 3Bit 0 4Bit 0 5Bit 0 6Bit 0
True label 0 Full 0 3Bit 0 3Bit 0 4Bit 0 5Bit 0 6Bit 0
True label 0 Full 0 3Bit 0 3Bit 0 4Bit 0 5Bit 0 6Bit 0
True label 1 Full 1 3Bit 1 3Bit 1 4Bit 1 5Bit 1 6Bit 1
True label 1 Full 1 3Bit 1 3Bit 1 4Bit 1 5Bit 1 6Bit 1
True label 0 Full 1 3Bit 0 3Bit 0 4Bit 0 5Bit 1 6Bit 1
True label 0 Full 0 3Bit 1 3Bit 1 4Bit 0 5Bit 0 6Bit 0
True label 0 Full 0 3Bit 0 3Bit 0 4Bit 0 5Bit 0 6Bit 0
True label 1 Full 1 3Bit 1 3Bit 1 4Bit 1 5Bit 1 6Bit 1
True label 0 Full 0 3Bit 0 3Bit 0 4Bit 0 5Bit 0 6Bit 0
True label 1 Full 0 3Bit 0 3Bit 0 4Bit 0 5Bit 0 6Bit 0
True label 1 Full 1 3Bit 1 3Bit 1 4Bit 1 5Bit 1 6Bit 1
True label 0 Full 1 3Bit 1 3Bit 1 4Bit 1 5Bit 1 6Bit 0
True label 1 Full 1 3Bit 1 3Bit 1 4Bit 1 5Bit 1 6Bit 1
True label 1 Full 1 3Bit 1 3Bit 1 4Bit 1 5Bit 1 6Bit 1
True label 1 Full 1 3Bit 1 3Bit 1 4Bit 1 5Bit 1 6Bit 1
True label 1 Full 1 3Bit 1 3Bit 1 4Bit 1 5Bit 1 6Bit 1
True label 0 Full 0 3Bit 0 3Bit 0 4Bit 0 5Bit 0 6Bit 0
True label 1 Full 0 3Bit 1 3Bit 1 4Bit 0 5Bit 0 6Bit 0
True label 0 Full 0 3Bit 0 3Bit 0 4Bit 0 5Bit 0 6Bit 0
True label 0 Full 0 3Bit 0 3Bit 0 4Bit 0 5Bit 0 6Bit 0
True label 1 Full 1 3Bit 1 3Bit 1 4Bit 1 5Bit 1 6Bit 1
True label 1 Full 1 3Bit 1 3Bit 1 4Bit 1 5Bit 1 6Bit 1
True label 1 Full 1 3Bit 0 3Bit 0 4Bit 1 5Bit 1 6Bit 1
True label 1 Full 1 3Bit 1 3Bit 1 4Bit 1 5Bit 1 6Bit 1
True label 0 Full 0 3Bit 1 3Bit 1 4Bit 0 5Bit 0 6Bit 0
True label 0 Full 0 3Bit 0 3Bit 0 4Bit 0 5Bit 0 6Bit 0
True label 0 Full 1 3Bit 0 3Bit 0 4Bit 0 5Bit 1 6Bit 1
True label 1 Full 1 3Bit 1 3Bit 1 4Bit 1 5Bit 1 6Bit 1
True label 0 Full 0 3Bit 0 3Bit 0 4Bit 0 5Bit 0 6Bit 0
True label 0 Full 0 3Bit 0 3Bit 0 4Bit 0 5Bit 0 6Bit 0
True label 1 Full 1 3Bit 0 3Bit 0 4Bit 1 5Bit 1 6Bit 1
True label 0 Full 0 3Bit 0 3Bit 0 4Bit 0 5Bit 0 6Bit 0
True label 0 Full 0 3Bit 1 3Bit 1 4Bit 0 5Bit 0 6Bit 0
True label 0 Full 0 3Bit 0 3Bit 0 4Bit 0 5Bit 0 6Bit 0
True label 0 Full 0 3Bit 0 3Bit 0 4Bit 0 5Bit 0 6Bit 0
True label 1 Full 1 3Bit 1 3Bit 1 4Bit 1 5Bit 1 6Bit 1
True label 1 Full 1 3Bit 1 3Bit 1 4Bit 1 5Bit 1 6Bit 1
True label 0 Full 0 3Bit 0 3Bit 0 4Bit 0 5Bit 0 6Bit 0
True label 0 Full 0 3Bit 0 3Bit 0 4Bit 1 5Bit 1 6Bit 0
True label 1 Full 1 3Bit 1 3Bit 1 4Bit 1 5Bit 1 6Bit 1
True label 1 Full 0 3Bit 0 3Bit 0 4Bit 0 5Bit 0 6Bit 0
True label 0 Full 0 3Bit 0 3Bit 0 4Bit 0 5Bit 0 6Bit 0
True label 1 Full 1 3Bit 1 3Bit 1 4Bit 1 5Bit 1 6Bit 1
True label 1 Full 1 3Bit 0 3Bit 0 4Bit 1 5Bit 1 6Bit 1
True label 1 Full 0 3Bit 0 3Bit 0 4Bit 0 5Bit 0 6Bit 0
True label 0 Full 0 3Bit 1 3Bit 1 4Bit 0 5Bit 0 6Bit 0
True label 1 Full 1 3Bit 1 3Bit 1 4Bit 1 5Bit 1 6Bit 1
True label 1 Full 1 3Bit 1 3Bit 1 4Bit 1 5Bit 1 6Bit 1
True label 0 Full 0 3Bit 0 3Bit 0 4Bit 0 5Bit 0 6Bit 0
True label 0 Full 0 3Bit 0 3Bit 0 4Bit 0 5Bit 0 6Bit 0
True label 0 Full 1 3Bit 1 3Bit 1 4Bit 1 5Bit 1 6Bit 1
True label 0 Full 0 3Bit 0 3Bit 0 4Bit 0 5Bit 0 6Bit 0
True label 0 Full 0 3Bit 0 3Bit 0 4Bit 0 5Bit 0 6Bit 0
True label 1 Full 1 3Bit 0 3Bit 0 4Bit 1 5Bit 1 6Bit 1
True label 0 Full 0 3Bit 0 3Bit 0 4Bit 0 5Bit 0 6Bit 0
True label 1 Full 1 3Bit 1 3Bit 1 4Bit 1 5Bit 1 6Bit 1
True label 0 Full 0 3Bit 0 3Bit 0 4Bit 0 5Bit 0 6Bit 0
True label 1 Full 1 3Bit 1 3Bit 1 4Bit 0 5Bit 0 6Bit 1
True label 1 Full 1 3Bit 1 3Bit 1 4Bit 1 5Bit 1 6Bit 1
True label 1 Full 1 3Bit 1 3Bit 1 4Bit 1 5Bit 1 6Bit 1
True label 1 Full 1 3Bit 0 3Bit 0 4Bit 1 5Bit 1 6Bit 1
True label 1 Full 0 3Bit 0 3Bit 0 4Bit 0 5Bit 0 6Bit 0
True label 0 Full 0 3Bit 0 3Bit 0 4Bit 1 5Bit 0 6Bit 1
True label 0 Full 0 3Bit 1 3Bit 1 4Bit 0 5Bit 0 6Bit 0
True label 0 Full 0 3Bit 0 3Bit 0 4Bit 0 5Bit 0 6Bit 0
True label 1 Full 1 3Bit 1 3Bit 1 4Bit 1 5Bit 1 6Bit 1
True label 0 Full 0 3Bit 0 3Bit 0 4Bit 0 5Bit 0 6Bit 0
True label 0 Full 0 3Bit 0 3Bit 0 4Bit 0 5Bit 0 6Bit 0
True label 0 Full 0 3Bit 0 3Bit 0 4Bit 1 5Bit 1 6Bit 1
True label 0 Full 0 3Bit 1 3Bit 1 4Bit 0 5Bit 0 6Bit 0
True label 0 Full 0 3Bit 0 3Bit 0 4Bit 0 5Bit 0 6Bit 0
True label 1 Full 1 3Bit 0 3Bit 0 4Bit 1 5Bit 1 6Bit 1
True label 0 Full 0 3Bit 0 3Bit 0 4Bit 0 5Bit 0 6Bit 0
True label 1 Full 1 3Bit 1 3Bit 1 4Bit 1 5Bit 1 6Bit 1
True label 0 Full 0 3Bit 0 3Bit 0 4Bit 0 5Bit 0 6Bit 0
True label 1 Full 1 3Bit 0 3Bit 0 4Bit 1 5Bit 1 6Bit 0
True label 0 Full 0 3Bit 0 3Bit 0 4Bit 0 5Bit 0 6Bit 0
True label 0 Full 1 3Bit 0 3Bit 0 4Bit 0 5Bit 1 6Bit 0
True label 1 Full 1 3Bit 1 3Bit 1 4Bit 1 5Bit 1 6Bit 1
True label 1 Full 1 3Bit 0 3Bit 0 4Bit 1 5Bit 1 6Bit 1
True label 0 Full 0 3Bit 1 3Bit 1 4Bit 0 5Bit 0 6Bit 0
True label 1 Full 1 3Bit 1 3Bit 1 4Bit 1 5Bit 1 6Bit 1
True label 1 Full 1 3Bit 1 3Bit 1 4Bit 1 5Bit 1 6Bit 1
True label 0 Full 0 3Bit 0 3Bit 0 4Bit 0 5Bit 0 6Bit 0
True label 1 Full 1 3Bit 1 3Bit 1 4Bit 1 5Bit 1 6Bit 1
True label 1 Full 0 3Bit 0 3Bit 0 4Bit 0 5Bit 0 6Bit 0
True label 0 Full 0 3Bit 0 3Bit 0 4Bit 0 5Bit 0 6Bit 0
True label 0 Full 0 3Bit 0 3Bit 0 4Bit 0 5Bit 0 6Bit 0
Test accuracy: Full: 0.914 2bit: 0.613 3bit: 0.788 4bit: 0.896 5bit: 0.893 6bit: 0.907
{'test_acc': [0.914, 0.613, 0.788, 0.896, 0.893, 0.907], 'final_out_mse': [0.012601030059158802, 0.14861668646335602, 0.05345838889479637, 0.026266487315297127, 0.015635190531611443, 0.012989601120352745]}
[2020-09-14 17:09:47.103310] test = nan
