No module named 'brian2'
No module named 'brian2'
No module named 'brian2'
No module named 'torch'
No module named 'torch'
No module named 'nest'.
No module named 'nest'.
No module named 'rpyc'
No module named 'rpyc'
No module named 'rpyc'
No module named 'nest'.
cannot import name 'FFExpSynBrian'
Loaded pretrained network
[INFO] - HeySnips -  Running with tracking deactivated
gain 1.6616161616161615 val acc 0.524 
gain 4.48989898989899 val acc 0.738 
gain 1.308080808080808 val acc 0.826 
gain 1.0050505050505052 val acc 0.852 
gain 1.0555555555555556 val acc 0.84 
[2020-09-14 17:32:50.926103] train_loss = 0.0
[2020-09-14 17:32:50.944279] train = nan
[2020-09-14 17:32:50.944295] val = nan
[2020-09-14 17:32:50.944298] test = nan
True label 1 Full 1 3Bit 1 3Bit 1 4Bit 1 5Bit 1 6Bit 1
True label 1 Full 0 3Bit 1 3Bit 1 4Bit 1 5Bit 0 6Bit 0
True label 1 Full 1 3Bit 1 3Bit 1 4Bit 1 5Bit 1 6Bit 1
True label 1 Full 1 3Bit 1 3Bit 1 4Bit 1 5Bit 1 6Bit 1
True label 0 Full 0 3Bit 1 3Bit 1 4Bit 0 5Bit 0 6Bit 0
True label 0 Full 0 3Bit 0 3Bit 0 4Bit 0 5Bit 0 6Bit 0
True label 0 Full 0 3Bit 0 3Bit 0 4Bit 0 5Bit 0 6Bit 0
True label 0 Full 0 3Bit 1 3Bit 1 4Bit 0 5Bit 0 6Bit 0
True label 1 Full 1 3Bit 1 3Bit 1 4Bit 1 5Bit 1 6Bit 1
True label 0 Full 0 3Bit 0 3Bit 0 4Bit 0 5Bit 0 6Bit 0
True label 1 Full 1 3Bit 1 3Bit 1 4Bit 1 5Bit 1 6Bit 1
True label 1 Full 1 3Bit 1 3Bit 1 4Bit 1 5Bit 1 6Bit 0
True label 1 Full 0 3Bit 1 3Bit 1 4Bit 0 5Bit 0 6Bit 0
True label 0 Full 0 3Bit 1 3Bit 1 4Bit 0 5Bit 0 6Bit 0
True label 1 Full 1 3Bit 1 3Bit 1 4Bit 1 5Bit 1 6Bit 1
True label 0 Full 0 3Bit 0 3Bit 0 4Bit 0 5Bit 0 6Bit 0
True label 0 Full 1 3Bit 0 3Bit 0 4Bit 1 5Bit 1 6Bit 1
True label 0 Full 0 3Bit 0 3Bit 0 4Bit 0 5Bit 0 6Bit 0
True label 1 Full 1 3Bit 1 3Bit 1 4Bit 1 5Bit 1 6Bit 1
True label 1 Full 1 3Bit 0 3Bit 0 4Bit 1 5Bit 1 6Bit 1
True label 0 Full 0 3Bit 0 3Bit 0 4Bit 0 5Bit 0 6Bit 0
True label 1 Full 1 3Bit 1 3Bit 1 4Bit 1 5Bit 1 6Bit 1
True label 1 Full 1 3Bit 1 3Bit 1 4Bit 1 5Bit 1 6Bit 1
True label 1 Full 1 3Bit 1 3Bit 1 4Bit 1 5Bit 1 6Bit 1
True label 1 Full 1 3Bit 1 3Bit 1 4Bit 1 5Bit 1 6Bit 1
True label 0 Full 0 3Bit 0 3Bit 0 4Bit 0 5Bit 0 6Bit 0
True label 1 Full 1 3Bit 1 3Bit 1 4Bit 1 5Bit 1 6Bit 1
True label 1 Full 1 3Bit 1 3Bit 1 4Bit 1 5Bit 1 6Bit 1
True label 1 Full 0 3Bit 0 3Bit 0 4Bit 0 5Bit 0 6Bit 0
True label 1 Full 1 3Bit 1 3Bit 1 4Bit 1 5Bit 1 6Bit 1
True label 1 Full 1 3Bit 1 3Bit 1 4Bit 1 5Bit 1 6Bit 1
True label 1 Full 1 3Bit 1 3Bit 1 4Bit 1 5Bit 0 6Bit 1
True label 1 Full 1 3Bit 1 3Bit 1 4Bit 1 5Bit 0 6Bit 1
True label 1 Full 1 3Bit 1 3Bit 1 4Bit 1 5Bit 1 6Bit 1
True label 0 Full 0 3Bit 0 3Bit 0 4Bit 0 5Bit 0 6Bit 0
True label 0 Full 0 3Bit 1 3Bit 1 4Bit 1 5Bit 0 6Bit 0
True label 1 Full 1 3Bit 1 3Bit 1 4Bit 1 5Bit 1 6Bit 1
True label 0 Full 0 3Bit 0 3Bit 0 4Bit 0 5Bit 0 6Bit 0
True label 0 Full 0 3Bit 0 3Bit 0 4Bit 0 5Bit 0 6Bit 0
True label 1 Full 1 3Bit 1 3Bit 1 4Bit 1 5Bit 1 6Bit 1
True label 1 Full 1 3Bit 1 3Bit 1 4Bit 1 5Bit 1 6Bit 1
True label 1 Full 1 3Bit 1 3Bit 1 4Bit 0 5Bit 0 6Bit 1
True label 1 Full 1 3Bit 1 3Bit 1 4Bit 1 5Bit 1 6Bit 1
True label 1 Full 1 3Bit 1 3Bit 1 4Bit 1 5Bit 1 6Bit 1
True label 0 Full 0 3Bit 0 3Bit 0 4Bit 0 5Bit 0 6Bit 0
True label 1 Full 1 3Bit 1 3Bit 1 4Bit 1 5Bit 0 6Bit 1
True label 1 Full 1 3Bit 1 3Bit 1 4Bit 1 5Bit 1 6Bit 1
True label 1 Full 1 3Bit 1 3Bit 1 4Bit 1 5Bit 1 6Bit 1
True label 1 Full 1 3Bit 1 3Bit 1 4Bit 1 5Bit 1 6Bit 1
True label 1 Full 1 3Bit 1 3Bit 1 4Bit 1 5Bit 1 6Bit 1
True label 0 Full 0 3Bit 0 3Bit 0 4Bit 0 5Bit 0 6Bit 0
True label 0 Full 1 3Bit 1 3Bit 1 4Bit 1 5Bit 1 6Bit 1
True label 1 Full 1 3Bit 1 3Bit 1 4Bit 1 5Bit 1 6Bit 1
True label 0 Full 0 3Bit 1 3Bit 1 4Bit 0 5Bit 0 6Bit 0
True label 1 Full 1 3Bit 0 3Bit 0 4Bit 1 5Bit 0 6Bit 1
True label 1 Full 1 3Bit 1 3Bit 1 4Bit 1 5Bit 1 6Bit 1
True label 1 Full 1 3Bit 1 3Bit 1 4Bit 1 5Bit 1 6Bit 1
True label 0 Full 0 3Bit 0 3Bit 0 4Bit 0 5Bit 0 6Bit 0
True label 1 Full 1 3Bit 1 3Bit 1 4Bit 1 5Bit 0 6Bit 1
True label 1 Full 1 3Bit 1 3Bit 1 4Bit 1 5Bit 1 6Bit 1
True label 0 Full 1 3Bit 1 3Bit 1 4Bit 1 5Bit 1 6Bit 1
True label 1 Full 1 3Bit 1 3Bit 1 4Bit 1 5Bit 1 6Bit 1
True label 0 Full 0 3Bit 0 3Bit 0 4Bit 0 5Bit 0 6Bit 0
True label 1 Full 1 3Bit 1 3Bit 1 4Bit 1 5Bit 1 6Bit 1
True label 0 Full 0 3Bit 0 3Bit 0 4Bit 0 5Bit 0 6Bit 0
True label 1 Full 1 3Bit 1 3Bit 1 4Bit 1 5Bit 1 6Bit 1
True label 0 Full 0 3Bit 0 3Bit 0 4Bit 0 5Bit 0 6Bit 0
True label 0 Full 0 3Bit 1 3Bit 1 4Bit 0 5Bit 0 6Bit 0
True label 1 Full 1 3Bit 1 3Bit 1 4Bit 1 5Bit 1 6Bit 1
True label 1 Full 1 3Bit 1 3Bit 1 4Bit 1 5Bit 1 6Bit 1
True label 1 Full 1 3Bit 1 3Bit 1 4Bit 1 5Bit 1 6Bit 1
True label 0 Full 0 3Bit 0 3Bit 0 4Bit 1 5Bit 0 6Bit 1
True label 0 Full 0 3Bit 0 3Bit 0 4Bit 0 5Bit 0 6Bit 0
True label 1 Full 0 3Bit 1 3Bit 1 4Bit 0 5Bit 0 6Bit 0
True label 1 Full 1 3Bit 1 3Bit 1 4Bit 1 5Bit 1 6Bit 1
True label 0 Full 0 3Bit 1 3Bit 1 4Bit 0 5Bit 0 6Bit 0
True label 1 Full 1 3Bit 1 3Bit 1 4Bit 1 5Bit 1 6Bit 1
True label 1 Full 1 3Bit 0 3Bit 0 4Bit 1 5Bit 1 6Bit 1
True label 1 Full 1 3Bit 1 3Bit 1 4Bit 1 5Bit 1 6Bit 1
True label 0 Full 0 3Bit 0 3Bit 0 4Bit 0 5Bit 0 6Bit 0
True label 0 Full 0 3Bit 0 3Bit 0 4Bit 0 5Bit 0 6Bit 0
True label 1 Full 1 3Bit 1 3Bit 1 4Bit 1 5Bit 1 6Bit 1
True label 1 Full 1 3Bit 1 3Bit 1 4Bit 1 5Bit 1 6Bit 1
True label 0 Full 0 3Bit 0 3Bit 0 4Bit 0 5Bit 0 6Bit 0
True label 1 Full 0 3Bit 1 3Bit 1 4Bit 1 5Bit 1 6Bit 0
True label 1 Full 1 3Bit 1 3Bit 1 4Bit 1 5Bit 1 6Bit 1
True label 1 Full 1 3Bit 1 3Bit 1 4Bit 1 5Bit 1 6Bit 1
True label 1 Full 0 3Bit 1 3Bit 1 4Bit 1 5Bit 0 6Bit 1
True label 1 Full 1 3Bit 1 3Bit 1 4Bit 1 5Bit 1 6Bit 1
True label 1 Full 1 3Bit 1 3Bit 1 4Bit 1 5Bit 1 6Bit 1
True label 0 Full 0 3Bit 0 3Bit 0 4Bit 0 5Bit 0 6Bit 0
True label 1 Full 1 3Bit 1 3Bit 1 4Bit 1 5Bit 1 6Bit 1
True label 0 Full 0 3Bit 0 3Bit 0 4Bit 0 5Bit 0 6Bit 0
True label 1 Full 1 3Bit 1 3Bit 1 4Bit 0 5Bit 0 6Bit 1
True label 1 Full 1 3Bit 1 3Bit 1 4Bit 1 5Bit 1 6Bit 1
True label 0 Full 0 3Bit 1 3Bit 1 4Bit 0 5Bit 0 6Bit 0
True label 1 Full 1 3Bit 0 3Bit 0 4Bit 1 5Bit 1 6Bit 1
True label 1 Full 1 3Bit 1 3Bit 1 4Bit 1 5Bit 1 6Bit 1
True label 1 Full 1 3Bit 1 3Bit 1 4Bit 1 5Bit 1 6Bit 1
True label 1 Full 1 3Bit 1 3Bit 1 4Bit 1 5Bit 1 6Bit 1
True label 0 Full 0 3Bit 0 3Bit 0 4Bit 0 5Bit 0 6Bit 0
True label 1 Full 1 3Bit 1 3Bit 1 4Bit 1 5Bit 1 6Bit 1
True label 1 Full 0 3Bit 0 3Bit 0 4Bit 1 5Bit 0 6Bit 1
True label 1 Full 1 3Bit 1 3Bit 1 4Bit 1 5Bit 1 6Bit 1
True label 1 Full 1 3Bit 0 3Bit 0 4Bit 1 5Bit 0 6Bit 0
True label 0 Full 0 3Bit 0 3Bit 0 4Bit 0 5Bit 0 6Bit 0
True label 0 Full 0 3Bit 0 3Bit 0 4Bit 0 5Bit 0 6Bit 0
True label 0 Full 0 3Bit 0 3Bit 0 4Bit 0 5Bit 0 6Bit 0
True label 1 Full 1 3Bit 0 3Bit 0 4Bit 1 5Bit 1 6Bit 1
True label 1 Full 1 3Bit 1 3Bit 1 4Bit 1 5Bit 1 6Bit 1
True label 0 Full 0 3Bit 1 3Bit 1 4Bit 0 5Bit 0 6Bit 0
True label 1 Full 1 3Bit 1 3Bit 1 4Bit 1 5Bit 1 6Bit 1
True label 1 Full 1 3Bit 1 3Bit 1 4Bit 1 5Bit 1 6Bit 1
True label 0 Full 0 3Bit 0 3Bit 0 4Bit 0 5Bit 0 6Bit 0
True label 0 Full 0 3Bit 0 3Bit 0 4Bit 0 5Bit 0 6Bit 0
True label 1 Full 1 3Bit 1 3Bit 1 4Bit 1 5Bit 1 6Bit 1
True label 0 Full 0 3Bit 0 3Bit 0 4Bit 0 5Bit 0 6Bit 0
True label 1 Full 1 3Bit 1 3Bit 1 4Bit 1 5Bit 1 6Bit 1
True label 1 Full 1 3Bit 1 3Bit 1 4Bit 1 5Bit 1 6Bit 1
True label 1 Full 1 3Bit 1 3Bit 1 4Bit 1 5Bit 1 6Bit 1
True label 0 Full 0 3Bit 0 3Bit 0 4Bit 0 5Bit 0 6Bit 0
True label 0 Full 0 3Bit 0 3Bit 0 4Bit 0 5Bit 0 6Bit 0
True label 0 Full 0 3Bit 1 3Bit 1 4Bit 0 5Bit 0 6Bit 0
True label 0 Full 0 3Bit 0 3Bit 0 4Bit 0 5Bit 0 6Bit 0
True label 1 Full 1 3Bit 1 3Bit 1 4Bit 1 5Bit 1 6Bit 1
True label 0 Full 0 3Bit 1 3Bit 1 4Bit 0 5Bit 0 6Bit 0
True label 1 Full 0 3Bit 1 3Bit 1 4Bit 1 5Bit 0 6Bit 0
True label 1 Full 1 3Bit 1 3Bit 1 4Bit 1 5Bit 1 6Bit 1
True label 1 Full 0 3Bit 1 3Bit 1 4Bit 1 5Bit 1 6Bit 1
True label 1 Full 1 3Bit 1 3Bit 1 4Bit 1 5Bit 1 6Bit 1
True label 0 Full 0 3Bit 0 3Bit 0 4Bit 0 5Bit 0 6Bit 0
True label 0 Full 0 3Bit 0 3Bit 0 4Bit 0 5Bit 0 6Bit 0
True label 1 Full 1 3Bit 1 3Bit 1 4Bit 1 5Bit 1 6Bit 1
True label 0 Full 0 3Bit 1 3Bit 1 4Bit 0 5Bit 0 6Bit 0
True label 1 Full 1 3Bit 1 3Bit 1 4Bit 1 5Bit 1 6Bit 1
True label 0 Full 0 3Bit 0 3Bit 0 4Bit 1 5Bit 0 6Bit 0
True label 0 Full 0 3Bit 0 3Bit 0 4Bit 0 5Bit 0 6Bit 0
True label 0 Full 0 3Bit 0 3Bit 0 4Bit 0 5Bit 0 6Bit 0
True label 1 Full 1 3Bit 1 3Bit 1 4Bit 1 5Bit 1 6Bit 1
True label 0 Full 0 3Bit 0 3Bit 0 4Bit 0 5Bit 0 6Bit 0
True label 1 Full 1 3Bit 1 3Bit 1 4Bit 1 5Bit 1 6Bit 1
True label 1 Full 1 3Bit 1 3Bit 1 4Bit 1 5Bit 1 6Bit 1
True label 1 Full 1 3Bit 1 3Bit 1 4Bit 1 5Bit 1 6Bit 1
True label 1 Full 1 3Bit 1 3Bit 1 4Bit 1 5Bit 1 6Bit 1
True label 1 Full 1 3Bit 1 3Bit 1 4Bit 1 5Bit 1 6Bit 1
True label 0 Full 0 3Bit 0 3Bit 0 4Bit 0 5Bit 0 6Bit 0
True label 0 Full 0 3Bit 0 3Bit 0 4Bit 1 5Bit 0 6Bit 0
True label 1 Full 1 3Bit 1 3Bit 1 4Bit 1 5Bit 1 6Bit 1
True label 0 Full 0 3Bit 0 3Bit 0 4Bit 0 5Bit 0 6Bit 0
True label 1 Full 1 3Bit 1 3Bit 1 4Bit 1 5Bit 0 6Bit 0
True label 1 Full 1 3Bit 1 3Bit 1 4Bit 1 5Bit 1 6Bit 1
True label 0 Full 0 3Bit 0 3Bit 0 4Bit 0 5Bit 0 6Bit 0
True label 0 Full 0 3Bit 0 3Bit 0 4Bit 1 5Bit 0 6Bit 0
True label 1 Full 1 3Bit 1 3Bit 1 4Bit 1 5Bit 1 6Bit 1
True label 0 Full 0 3Bit 0 3Bit 0 4Bit 0 5Bit 0 6Bit 0
True label 1 Full 1 3Bit 0 3Bit 0 4Bit 0 5Bit 1 6Bit 1
True label 1 Full 1 3Bit 1 3Bit 1 4Bit 1 5Bit 1 6Bit 1
True label 0 Full 0 3Bit 0 3Bit 0 4Bit 0 5Bit 0 6Bit 1
True label 1 Full 1 3Bit 1 3Bit 1 4Bit 1 5Bit 1 6Bit 1
True label 0 Full 0 3Bit 0 3Bit 0 4Bit 0 5Bit 0 6Bit 0
True label 1 Full 1 3Bit 1 3Bit 1 4Bit 1 5Bit 1 6Bit 1
True label 0 Full 0 3Bit 0 3Bit 0 4Bit 0 5Bit 0 6Bit 0
True label 1 Full 1 3Bit 1 3Bit 1 4Bit 1 5Bit 1 6Bit 1
True label 0 Full 0 3Bit 0 3Bit 0 4Bit 0 5Bit 0 6Bit 0
True label 1 Full 0 3Bit 0 3Bit 0 4Bit 1 5Bit 0 6Bit 0
True label 0 Full 1 3Bit 0 3Bit 0 4Bit 1 5Bit 1 6Bit 1
True label 0 Full 0 3Bit 0 3Bit 0 4Bit 0 5Bit 0 6Bit 0
True label 1 Full 1 3Bit 1 3Bit 1 4Bit 1 5Bit 1 6Bit 1
True label 1 Full 1 3Bit 1 3Bit 1 4Bit 1 5Bit 1 6Bit 1
True label 0 Full 0 3Bit 0 3Bit 0 4Bit 0 5Bit 0 6Bit 0
True label 1 Full 1 3Bit 1 3Bit 1 4Bit 0 5Bit 1 6Bit 1
True label 0 Full 0 3Bit 0 3Bit 0 4Bit 0 5Bit 0 6Bit 0
True label 1 Full 1 3Bit 1 3Bit 1 4Bit 1 5Bit 1 6Bit 1
True label 0 Full 0 3Bit 0 3Bit 0 4Bit 1 5Bit 0 6Bit 0
True label 1 Full 0 3Bit 0 3Bit 0 4Bit 0 5Bit 0 6Bit 0
True label 1 Full 1 3Bit 1 3Bit 1 4Bit 1 5Bit 1 6Bit 1
True label 0 Full 0 3Bit 0 3Bit 0 4Bit 0 5Bit 0 6Bit 0
True label 1 Full 1 3Bit 1 3Bit 1 4Bit 1 5Bit 1 6Bit 1
True label 0 Full 0 3Bit 0 3Bit 0 4Bit 0 5Bit 0 6Bit 0
True label 0 Full 1 3Bit 0 3Bit 0 4Bit 1 5Bit 1 6Bit 1
True label 0 Full 0 3Bit 0 3Bit 0 4Bit 0 5Bit 0 6Bit 0
True label 0 Full 0 3Bit 0 3Bit 0 4Bit 0 5Bit 1 6Bit 0
True label 1 Full 1 3Bit 1 3Bit 1 4Bit 1 5Bit 1 6Bit 1
True label 0 Full 0 3Bit 0 3Bit 0 4Bit 0 5Bit 0 6Bit 0
True label 0 Full 0 3Bit 0 3Bit 0 4Bit 0 5Bit 0 6Bit 0
True label 0 Full 0 3Bit 1 3Bit 1 4Bit 1 5Bit 0 6Bit 0
True label 0 Full 0 3Bit 0 3Bit 0 4Bit 0 5Bit 0 6Bit 0
True label 1 Full 1 3Bit 1 3Bit 1 4Bit 1 5Bit 1 6Bit 1
True label 1 Full 0 3Bit 1 3Bit 1 4Bit 1 5Bit 1 6Bit 1
True label 1 Full 1 3Bit 0 3Bit 0 4Bit 1 5Bit 1 6Bit 1
True label 0 Full 0 3Bit 1 3Bit 1 4Bit 0 5Bit 0 6Bit 0
True label 1 Full 1 3Bit 1 3Bit 1 4Bit 1 5Bit 1 6Bit 1
True label 1 Full 1 3Bit 1 3Bit 1 4Bit 1 5Bit 1 6Bit 1
True label 1 Full 0 3Bit 1 3Bit 1 4Bit 0 5Bit 0 6Bit 0
True label 1 Full 1 3Bit 1 3Bit 1 4Bit 1 5Bit 1 6Bit 1
True label 1 Full 1 3Bit 1 3Bit 1 4Bit 1 5Bit 1 6Bit 1
True label 1 Full 0 3Bit 1 3Bit 1 4Bit 0 5Bit 0 6Bit 0
True label 0 Full 1 3Bit 0 3Bit 0 4Bit 0 5Bit 0 6Bit 1
True label 1 Full 1 3Bit 1 3Bit 1 4Bit 1 5Bit 1 6Bit 1
True label 1 Full 0 3Bit 1 3Bit 1 4Bit 0 5Bit 0 6Bit 0
True label 1 Full 1 3Bit 1 3Bit 1 4Bit 1 5Bit 1 6Bit 1
True label 1 Full 1 3Bit 1 3Bit 1 4Bit 1 5Bit 1 6Bit 1
True label 0 Full 0 3Bit 0 3Bit 0 4Bit 0 5Bit 0 6Bit 0
True label 1 Full 1 3Bit 0 3Bit 0 4Bit 1 5Bit 1 6Bit 1
True label 1 Full 1 3Bit 1 3Bit 1 4Bit 1 5Bit 1 6Bit 1
True label 1 Full 0 3Bit 1 3Bit 1 4Bit 1 5Bit 1 6Bit 0
True label 0 Full 0 3Bit 1 3Bit 1 4Bit 0 5Bit 0 6Bit 0
True label 1 Full 1 3Bit 0 3Bit 0 4Bit 1 5Bit 1 6Bit 1
True label 1 Full 1 3Bit 1 3Bit 1 4Bit 1 5Bit 1 6Bit 1
True label 1 Full 1 3Bit 1 3Bit 1 4Bit 1 5Bit 1 6Bit 1
True label 1 Full 1 3Bit 1 3Bit 1 4Bit 1 5Bit 1 6Bit 1
True label 1 Full 1 3Bit 1 3Bit 1 4Bit 1 5Bit 1 6Bit 1
True label 1 Full 1 3Bit 1 3Bit 1 4Bit 1 5Bit 1 6Bit 1
True label 0 Full 0 3Bit 0 3Bit 0 4Bit 0 5Bit 0 6Bit 0
True label 0 Full 0 3Bit 0 3Bit 0 4Bit 0 5Bit 1 6Bit 0
True label 0 Full 0 3Bit 0 3Bit 0 4Bit 0 5Bit 0 6Bit 0
True label 1 Full 1 3Bit 1 3Bit 1 4Bit 1 5Bit 1 6Bit 1
True label 1 Full 1 3Bit 1 3Bit 1 4Bit 1 5Bit 1 6Bit 1
True label 1 Full 1 3Bit 1 3Bit 1 4Bit 1 5Bit 1 6Bit 1
True label 1 Full 1 3Bit 1 3Bit 1 4Bit 1 5Bit 1 6Bit 1
True label 1 Full 0 3Bit 0 3Bit 0 4Bit 1 5Bit 1 6Bit 1
True label 1 Full 1 3Bit 1 3Bit 1 4Bit 1 5Bit 1 6Bit 1
True label 0 Full 0 3Bit 1 3Bit 1 4Bit 0 5Bit 0 6Bit 0
True label 0 Full 0 3Bit 0 3Bit 0 4Bit 0 5Bit 0 6Bit 0
True label 1 Full 1 3Bit 1 3Bit 1 4Bit 1 5Bit 1 6Bit 1
True label 1 Full 0 3Bit 1 3Bit 1 4Bit 0 5Bit 0 6Bit 0
True label 0 Full 0 3Bit 0 3Bit 0 4Bit 0 5Bit 0 6Bit 0
True label 0 Full 0 3Bit 0 3Bit 0 4Bit 0 5Bit 0 6Bit 0
True label 0 Full 0 3Bit 0 3Bit 0 4Bit 0 5Bit 0 6Bit 0
True label 1 Full 1 3Bit 1 3Bit 1 4Bit 1 5Bit 1 6Bit 1
True label 0 Full 1 3Bit 1 3Bit 1 4Bit 1 5Bit 0 6Bit 0
True label 1 Full 1 3Bit 1 3Bit 1 4Bit 1 5Bit 1 6Bit 1
True label 1 Full 1 3Bit 1 3Bit 1 4Bit 1 5Bit 1 6Bit 1
True label 1 Full 1 3Bit 1 3Bit 1 4Bit 1 5Bit 1 6Bit 1
True label 0 Full 0 3Bit 1 3Bit 1 4Bit 0 5Bit 0 6Bit 0
True label 1 Full 1 3Bit 1 3Bit 1 4Bit 1 5Bit 1 6Bit 1
True label 0 Full 0 3Bit 0 3Bit 0 4Bit 0 5Bit 0 6Bit 0
True label 0 Full 0 3Bit 0 3Bit 0 4Bit 0 5Bit 0 6Bit 0
True label 0 Full 0 3Bit 0 3Bit 0 4Bit 0 5Bit 0 6Bit 0
True label 1 Full 0 3Bit 0 3Bit 0 4Bit 0 5Bit 0 6Bit 0
True label 1 Full 1 3Bit 1 3Bit 1 4Bit 1 5Bit 1 6Bit 1
True label 1 Full 1 3Bit 1 3Bit 1 4Bit 1 5Bit 1 6Bit 1
True label 1 Full 1 3Bit 0 3Bit 0 4Bit 1 5Bit 0 6Bit 1
True label 1 Full 1 3Bit 1 3Bit 1 4Bit 1 5Bit 1 6Bit 1
True label 0 Full 0 3Bit 0 3Bit 0 4Bit 0 5Bit 0 6Bit 0
True label 0 Full 0 3Bit 0 3Bit 0 4Bit 0 5Bit 0 6Bit 0
True label 0 Full 0 3Bit 0 3Bit 0 4Bit 0 5Bit 0 6Bit 0
True label 1 Full 1 3Bit 1 3Bit 1 4Bit 1 5Bit 1 6Bit 1
True label 1 Full 1 3Bit 1 3Bit 1 4Bit 1 5Bit 1 6Bit 1
True label 0 Full 0 3Bit 1 3Bit 1 4Bit 0 5Bit 0 6Bit 0
True label 1 Full 1 3Bit 1 3Bit 1 4Bit 1 5Bit 1 6Bit 1
True label 1 Full 1 3Bit 1 3Bit 1 4Bit 1 5Bit 1 6Bit 1
True label 0 Full 0 3Bit 1 3Bit 1 4Bit 1 5Bit 1 6Bit 0
True label 1 Full 1 3Bit 1 3Bit 1 4Bit 1 5Bit 1 6Bit 1
True label 0 Full 0 3Bit 0 3Bit 0 4Bit 0 5Bit 0 6Bit 0
True label 0 Full 0 3Bit 0 3Bit 0 4Bit 0 5Bit 0 6Bit 0
True label 1 Full 1 3Bit 1 3Bit 1 4Bit 1 5Bit 1 6Bit 1
True label 1 Full 0 3Bit 0 3Bit 0 4Bit 1 5Bit 0 6Bit 1
True label 1 Full 1 3Bit 1 3Bit 1 4Bit 1 5Bit 1 6Bit 1
True label 0 Full 0 3Bit 0 3Bit 0 4Bit 0 5Bit 0 6Bit 0
True label 0 Full 0 3Bit 0 3Bit 0 4Bit 0 5Bit 0 6Bit 0
True label 0 Full 0 3Bit 0 3Bit 0 4Bit 0 5Bit 0 6Bit 0
True label 0 Full 0 3Bit 1 3Bit 1 4Bit 0 5Bit 0 6Bit 1
True label 1 Full 1 3Bit 1 3Bit 1 4Bit 1 5Bit 1 6Bit 1
True label 0 Full 0 3Bit 0 3Bit 0 4Bit 0 5Bit 0 6Bit 0
True label 0 Full 1 3Bit 1 3Bit 1 4Bit 1 5Bit 1 6Bit 1
True label 0 Full 0 3Bit 0 3Bit 0 4Bit 0 5Bit 0 6Bit 0
True label 1 Full 1 3Bit 1 3Bit 1 4Bit 1 5Bit 1 6Bit 1
True label 0 Full 1 3Bit 0 3Bit 0 4Bit 1 5Bit 1 6Bit 1
True label 0 Full 0 3Bit 0 3Bit 0 4Bit 0 5Bit 0 6Bit 0
True label 0 Full 0 3Bit 0 3Bit 0 4Bit 0 5Bit 0 6Bit 0
True label 0 Full 0 3Bit 1 3Bit 1 4Bit 0 5Bit 0 6Bit 0
True label 0 Full 0 3Bit 0 3Bit 0 4Bit 0 5Bit 0 6Bit 0
True label 0 Full 0 3Bit 0 3Bit 0 4Bit 0 5Bit 0 6Bit 0
True label 0 Full 0 3Bit 0 3Bit 0 4Bit 0 5Bit 0 6Bit 0
True label 1 Full 1 3Bit 1 3Bit 1 4Bit 1 5Bit 1 6Bit 1
True label 0 Full 1 3Bit 1 3Bit 1 4Bit 1 5Bit 1 6Bit 1
True label 0 Full 0 3Bit 1 3Bit 1 4Bit 0 5Bit 0 6Bit 0
True label 1 Full 1 3Bit 1 3Bit 1 4Bit 1 5Bit 1 6Bit 1
True label 0 Full 0 3Bit 1 3Bit 1 4Bit 0 5Bit 0 6Bit 0
True label 0 Full 0 3Bit 0 3Bit 0 4Bit 0 5Bit 0 6Bit 0
True label 1 Full 1 3Bit 1 3Bit 1 4Bit 1 5Bit 1 6Bit 1
True label 1 Full 1 3Bit 1 3Bit 1 4Bit 1 5Bit 1 6Bit 1
True label 1 Full 0 3Bit 1 3Bit 1 4Bit 0 5Bit 0 6Bit 0
True label 0 Full 0 3Bit 0 3Bit 0 4Bit 0 5Bit 0 6Bit 0
True label 0 Full 0 3Bit 1 3Bit 1 4Bit 1 5Bit 0 6Bit 0
True label 1 Full 1 3Bit 1 3Bit 1 4Bit 1 5Bit 1 6Bit 1
True label 0 Full 0 3Bit 0 3Bit 0 4Bit 0 5Bit 0 6Bit 0
True label 1 Full 1 3Bit 1 3Bit 1 4Bit 1 5Bit 1 6Bit 1
True label 1 Full 1 3Bit 1 3Bit 1 4Bit 1 5Bit 1 6Bit 1
True label 0 Full 0 3Bit 0 3Bit 0 4Bit 0 5Bit 0 6Bit 0
True label 1 Full 1 3Bit 1 3Bit 1 4Bit 1 5Bit 1 6Bit 1
True label 1 Full 1 3Bit 1 3Bit 1 4Bit 1 5Bit 1 6Bit 1
True label 0 Full 0 3Bit 0 3Bit 0 4Bit 0 5Bit 0 6Bit 0
True label 1 Full 1 3Bit 1 3Bit 1 4Bit 1 5Bit 1 6Bit 1
True label 1 Full 1 3Bit 1 3Bit 1 4Bit 1 5Bit 1 6Bit 1
True label 0 Full 0 3Bit 0 3Bit 0 4Bit 0 5Bit 0 6Bit 0
True label 0 Full 0 3Bit 0 3Bit 0 4Bit 0 5Bit 0 6Bit 0
True label 1 Full 1 3Bit 1 3Bit 1 4Bit 1 5Bit 1 6Bit 1
True label 1 Full 0 3Bit 1 3Bit 1 4Bit 1 5Bit 0 6Bit 0
True label 1 Full 1 3Bit 1 3Bit 1 4Bit 1 5Bit 0 6Bit 0
True label 1 Full 1 3Bit 0 3Bit 0 4Bit 1 5Bit 0 6Bit 1
True label 0 Full 0 3Bit 1 3Bit 1 4Bit 1 5Bit 0 6Bit 1
True label 0 Full 0 3Bit 0 3Bit 0 4Bit 0 5Bit 0 6Bit 0
True label 1 Full 1 3Bit 1 3Bit 1 4Bit 1 5Bit 1 6Bit 1
True label 0 Full 0 3Bit 0 3Bit 0 4Bit 0 5Bit 0 6Bit 0
True label 0 Full 0 3Bit 0 3Bit 0 4Bit 0 5Bit 0 6Bit 0
True label 1 Full 1 3Bit 1 3Bit 1 4Bit 1 5Bit 1 6Bit 1
True label 0 Full 0 3Bit 0 3Bit 0 4Bit 0 5Bit 0 6Bit 0
True label 0 Full 0 3Bit 0 3Bit 0 4Bit 0 5Bit 0 6Bit 0
True label 1 Full 1 3Bit 1 3Bit 1 4Bit 1 5Bit 1 6Bit 1
True label 0 Full 0 3Bit 0 3Bit 0 4Bit 0 5Bit 0 6Bit 0
True label 1 Full 1 3Bit 1 3Bit 1 4Bit 1 5Bit 1 6Bit 1
True label 0 Full 0 3Bit 0 3Bit 0 4Bit 0 5Bit 0 6Bit 0
True label 1 Full 1 3Bit 1 3Bit 1 4Bit 1 5Bit 1 6Bit 1
True label 1 Full 1 3Bit 1 3Bit 1 4Bit 1 5Bit 1 6Bit 1
True label 1 Full 1 3Bit 1 3Bit 1 4Bit 1 5Bit 1 6Bit 1
True label 1 Full 1 3Bit 1 3Bit 1 4Bit 1 5Bit 1 6Bit 1
True label 1 Full 1 3Bit 1 3Bit 1 4Bit 1 5Bit 1 6Bit 1
True label 0 Full 0 3Bit 0 3Bit 0 4Bit 0 5Bit 0 6Bit 0
True label 1 Full 1 3Bit 1 3Bit 1 4Bit 1 5Bit 1 6Bit 1
True label 0 Full 0 3Bit 0 3Bit 0 4Bit 0 5Bit 0 6Bit 0
True label 1 Full 1 3Bit 1 3Bit 1 4Bit 1 5Bit 1 6Bit 1
True label 0 Full 0 3Bit 0 3Bit 0 4Bit 0 5Bit 0 6Bit 0
True label 0 Full 0 3Bit 1 3Bit 1 4Bit 0 5Bit 0 6Bit 0
True label 0 Full 0 3Bit 1 3Bit 1 4Bit 0 5Bit 0 6Bit 0
True label 1 Full 1 3Bit 1 3Bit 1 4Bit 1 5Bit 1 6Bit 1
True label 1 Full 1 3Bit 1 3Bit 1 4Bit 1 5Bit 1 6Bit 1
True label 1 Full 1 3Bit 1 3Bit 1 4Bit 1 5Bit 1 6Bit 1
True label 0 Full 0 3Bit 0 3Bit 0 4Bit 0 5Bit 0 6Bit 0
True label 0 Full 0 3Bit 1 3Bit 1 4Bit 1 5Bit 1 6Bit 1
True label 0 Full 0 3Bit 1 3Bit 1 4Bit 0 5Bit 0 6Bit 0
True label 0 Full 0 3Bit 0 3Bit 0 4Bit 0 5Bit 0 6Bit 0
True label 1 Full 1 3Bit 1 3Bit 1 4Bit 1 5Bit 1 6Bit 1
True label 1 Full 1 3Bit 1 3Bit 1 4Bit 1 5Bit 0 6Bit 1
True label 0 Full 0 3Bit 0 3Bit 0 4Bit 0 5Bit 0 6Bit 0
True label 1 Full 0 3Bit 1 3Bit 1 4Bit 0 5Bit 0 6Bit 0
True label 0 Full 0 3Bit 1 3Bit 1 4Bit 0 5Bit 0 6Bit 0
True label 0 Full 0 3Bit 0 3Bit 0 4Bit 0 5Bit 0 6Bit 0
True label 1 Full 1 3Bit 1 3Bit 1 4Bit 1 5Bit 1 6Bit 1
True label 1 Full 1 3Bit 1 3Bit 1 4Bit 1 5Bit 1 6Bit 1
True label 0 Full 0 3Bit 1 3Bit 1 4Bit 1 5Bit 0 6Bit 0
True label 1 Full 1 3Bit 1 3Bit 1 4Bit 1 5Bit 1 6Bit 1
True label 0 Full 0 3Bit 0 3Bit 0 4Bit 0 5Bit 0 6Bit 0
True label 1 Full 1 3Bit 1 3Bit 1 4Bit 1 5Bit 0 6Bit 1
True label 0 Full 0 3Bit 0 3Bit 0 4Bit 0 5Bit 0 6Bit 0
True label 1 Full 1 3Bit 1 3Bit 1 4Bit 1 5Bit 0 6Bit 1
True label 1 Full 1 3Bit 1 3Bit 1 4Bit 1 5Bit 1 6Bit 1
True label 1 Full 1 3Bit 1 3Bit 1 4Bit 1 5Bit 1 6Bit 1
True label 1 Full 1 3Bit 1 3Bit 1 4Bit 1 5Bit 0 6Bit 1
True label 0 Full 0 3Bit 1 3Bit 1 4Bit 1 5Bit 1 6Bit 1
True label 0 Full 0 3Bit 0 3Bit 0 4Bit 0 5Bit 0 6Bit 0
True label 0 Full 0 3Bit 0 3Bit 0 4Bit 0 5Bit 0 6Bit 0
True label 0 Full 0 3Bit 0 3Bit 0 4Bit 0 5Bit 0 6Bit 0
True label 1 Full 1 3Bit 1 3Bit 1 4Bit 1 5Bit 1 6Bit 1
True label 1 Full 1 3Bit 1 3Bit 1 4Bit 1 5Bit 1 6Bit 1
True label 1 Full 1 3Bit 1 3Bit 1 4Bit 1 5Bit 1 6Bit 1
True label 1 Full 1 3Bit 1 3Bit 1 4Bit 1 5Bit 1 6Bit 1
True label 1 Full 0 3Bit 1 3Bit 1 4Bit 0 5Bit 0 6Bit 0
True label 0 Full 0 3Bit 0 3Bit 0 4Bit 0 5Bit 0 6Bit 0
True label 1 Full 1 3Bit 1 3Bit 1 4Bit 1 5Bit 1 6Bit 1
True label 1 Full 1 3Bit 1 3Bit 1 4Bit 1 5Bit 1 6Bit 1
True label 1 Full 1 3Bit 1 3Bit 1 4Bit 1 5Bit 1 6Bit 1
True label 0 Full 0 3Bit 0 3Bit 0 4Bit 0 5Bit 0 6Bit 0
True label 1 Full 1 3Bit 0 3Bit 0 4Bit 1 5Bit 1 6Bit 1
True label 1 Full 1 3Bit 1 3Bit 1 4Bit 1 5Bit 1 6Bit 1
True label 1 Full 1 3Bit 1 3Bit 1 4Bit 1 5Bit 1 6Bit 1
True label 0 Full 0 3Bit 0 3Bit 0 4Bit 0 5Bit 0 6Bit 0
True label 1 Full 1 3Bit 1 3Bit 1 4Bit 1 5Bit 1 6Bit 1
True label 0 Full 0 3Bit 1 3Bit 1 4Bit 0 5Bit 0 6Bit 0
True label 1 Full 0 3Bit 1 3Bit 1 4Bit 0 5Bit 0 6Bit 0
True label 0 Full 0 3Bit 0 3Bit 0 4Bit 0 5Bit 0 6Bit 0
True label 0 Full 0 3Bit 0 3Bit 0 4Bit 0 5Bit 0 6Bit 0
True label 1 Full 1 3Bit 1 3Bit 1 4Bit 0 5Bit 1 6Bit 1
True label 1 Full 1 3Bit 1 3Bit 1 4Bit 1 5Bit 1 6Bit 1
True label 1 Full 1 3Bit 1 3Bit 1 4Bit 1 5Bit 1 6Bit 1
True label 1 Full 1 3Bit 1 3Bit 1 4Bit 1 5Bit 1 6Bit 1
True label 1 Full 1 3Bit 1 3Bit 1 4Bit 1 5Bit 1 6Bit 1
True label 0 Full 0 3Bit 1 3Bit 1 4Bit 0 5Bit 0 6Bit 0
True label 1 Full 0 3Bit 1 3Bit 1 4Bit 1 5Bit 1 6Bit 1
True label 0 Full 0 3Bit 0 3Bit 0 4Bit 0 5Bit 0 6Bit 0
True label 0 Full 1 3Bit 1 3Bit 1 4Bit 1 5Bit 1 6Bit 1
True label 1 Full 1 3Bit 1 3Bit 1 4Bit 1 5Bit 1 6Bit 1
True label 1 Full 1 3Bit 1 3Bit 1 4Bit 1 5Bit 1 6Bit 1
True label 1 Full 1 3Bit 1 3Bit 1 4Bit 1 5Bit 0 6Bit 1
True label 0 Full 0 3Bit 0 3Bit 0 4Bit 1 5Bit 0 6Bit 0
True label 0 Full 0 3Bit 0 3Bit 0 4Bit 0 5Bit 0 6Bit 0
True label 0 Full 0 3Bit 1 3Bit 1 4Bit 0 5Bit 0 6Bit 0
True label 1 Full 1 3Bit 1 3Bit 1 4Bit 1 5Bit 1 6Bit 1
True label 1 Full 1 3Bit 1 3Bit 1 4Bit 1 5Bit 1 6Bit 1
True label 1 Full 1 3Bit 1 3Bit 1 4Bit 1 5Bit 0 6Bit 1
True label 0 Full 0 3Bit 0 3Bit 0 4Bit 0 5Bit 0 6Bit 0
True label 0 Full 0 3Bit 0 3Bit 0 4Bit 0 5Bit 0 6Bit 0
True label 0 Full 0 3Bit 0 3Bit 0 4Bit 0 5Bit 0 6Bit 0
True label 1 Full 1 3Bit 1 3Bit 1 4Bit 1 5Bit 1 6Bit 1
True label 1 Full 1 3Bit 1 3Bit 1 4Bit 1 5Bit 1 6Bit 1
True label 0 Full 0 3Bit 0 3Bit 0 4Bit 0 5Bit 0 6Bit 0
True label 1 Full 1 3Bit 0 3Bit 0 4Bit 0 5Bit 1 6Bit 1
True label 1 Full 1 3Bit 1 3Bit 1 4Bit 1 5Bit 1 6Bit 1
True label 1 Full 1 3Bit 1 3Bit 1 4Bit 1 5Bit 1 6Bit 1
True label 0 Full 0 3Bit 0 3Bit 0 4Bit 1 5Bit 1 6Bit 0
True label 1 Full 0 3Bit 1 3Bit 1 4Bit 1 5Bit 0 6Bit 1
True label 1 Full 1 3Bit 1 3Bit 1 4Bit 1 5Bit 1 6Bit 1
True label 0 Full 0 3Bit 0 3Bit 0 4Bit 0 5Bit 0 6Bit 0
True label 1 Full 1 3Bit 1 3Bit 1 4Bit 1 5Bit 1 6Bit 1
True label 1 Full 1 3Bit 1 3Bit 1 4Bit 1 5Bit 1 6Bit 1
True label 1 Full 1 3Bit 1 3Bit 1 4Bit 1 5Bit 1 6Bit 1
True label 0 Full 0 3Bit 0 3Bit 0 4Bit 0 5Bit 0 6Bit 0
True label 1 Full 1 3Bit 1 3Bit 1 4Bit 1 5Bit 1 6Bit 1
True label 1 Full 1 3Bit 1 3Bit 1 4Bit 1 5Bit 1 6Bit 1
True label 0 Full 0 3Bit 0 3Bit 0 4Bit 0 5Bit 0 6Bit 0
True label 1 Full 1 3Bit 0 3Bit 0 4Bit 1 5Bit 1 6Bit 1
True label 0 Full 0 3Bit 0 3Bit 0 4Bit 0 5Bit 0 6Bit 0
True label 0 Full 0 3Bit 0 3Bit 0 4Bit 0 5Bit 0 6Bit 0
True label 0 Full 0 3Bit 0 3Bit 0 4Bit 0 5Bit 0 6Bit 0
True label 1 Full 1 3Bit 1 3Bit 1 4Bit 1 5Bit 1 6Bit 1
True label 1 Full 1 3Bit 0 3Bit 0 4Bit 1 5Bit 1 6Bit 1
True label 0 Full 0 3Bit 1 3Bit 1 4Bit 0 5Bit 0 6Bit 0
True label 0 Full 0 3Bit 0 3Bit 0 4Bit 0 5Bit 0 6Bit 0
True label 0 Full 0 3Bit 0 3Bit 0 4Bit 0 5Bit 0 6Bit 0
True label 1 Full 1 3Bit 1 3Bit 1 4Bit 1 5Bit 1 6Bit 1
True label 0 Full 0 3Bit 0 3Bit 0 4Bit 0 5Bit 0 6Bit 0
True label 0 Full 0 3Bit 0 3Bit 0 4Bit 0 5Bit 0 6Bit 0
True label 1 Full 1 3Bit 1 3Bit 1 4Bit 1 5Bit 1 6Bit 1
True label 0 Full 0 3Bit 0 3Bit 0 4Bit 0 5Bit 0 6Bit 0
True label 0 Full 0 3Bit 0 3Bit 0 4Bit 0 5Bit 0 6Bit 0
True label 0 Full 0 3Bit 0 3Bit 0 4Bit 0 5Bit 0 6Bit 0
True label 0 Full 0 3Bit 0 3Bit 0 4Bit 0 5Bit 0 6Bit 0
True label 0 Full 0 3Bit 1 3Bit 1 4Bit 0 5Bit 0 6Bit 0
True label 0 Full 0 3Bit 0 3Bit 0 4Bit 0 5Bit 0 6Bit 0
True label 1 Full 1 3Bit 1 3Bit 1 4Bit 1 5Bit 1 6Bit 1
True label 0 Full 0 3Bit 0 3Bit 0 4Bit 0 5Bit 0 6Bit 0
True label 0 Full 0 3Bit 0 3Bit 0 4Bit 0 5Bit 0 6Bit 0
True label 1 Full 1 3Bit 1 3Bit 1 4Bit 1 5Bit 1 6Bit 1
True label 0 Full 0 3Bit 0 3Bit 0 4Bit 0 5Bit 0 6Bit 0
True label 0 Full 0 3Bit 0 3Bit 0 4Bit 0 5Bit 0 6Bit 0
True label 1 Full 1 3Bit 1 3Bit 1 4Bit 1 5Bit 1 6Bit 1
True label 1 Full 1 3Bit 1 3Bit 1 4Bit 1 5Bit 1 6Bit 1
True label 1 Full 1 3Bit 0 3Bit 0 4Bit 1 5Bit 1 6Bit 1
True label 0 Full 0 3Bit 0 3Bit 0 4Bit 1 5Bit 0 6Bit 0
True label 0 Full 0 3Bit 0 3Bit 0 4Bit 0 5Bit 0 6Bit 0
True label 0 Full 0 3Bit 0 3Bit 0 4Bit 0 5Bit 0 6Bit 0
True label 1 Full 0 3Bit 1 3Bit 1 4Bit 1 5Bit 0 6Bit 0
True label 0 Full 0 3Bit 0 3Bit 0 4Bit 0 5Bit 0 6Bit 0
True label 0 Full 0 3Bit 0 3Bit 0 4Bit 0 5Bit 0 6Bit 0
True label 0 Full 1 3Bit 1 3Bit 1 4Bit 1 5Bit 1 6Bit 1
True label 0 Full 0 3Bit 1 3Bit 1 4Bit 0 5Bit 0 6Bit 0
True label 1 Full 0 3Bit 0 3Bit 0 4Bit 0 5Bit 0 6Bit 1
True label 1 Full 1 3Bit 1 3Bit 1 4Bit 1 5Bit 1 6Bit 1
True label 1 Full 0 3Bit 0 3Bit 0 4Bit 0 5Bit 0 6Bit 1
True label 0 Full 1 3Bit 1 3Bit 1 4Bit 1 5Bit 1 6Bit 1
True label 0 Full 0 3Bit 0 3Bit 0 4Bit 0 5Bit 0 6Bit 0
True label 0 Full 0 3Bit 0 3Bit 0 4Bit 0 5Bit 0 6Bit 0
True label 1 Full 1 3Bit 0 3Bit 0 4Bit 1 5Bit 0 6Bit 1
True label 0 Full 0 3Bit 0 3Bit 0 4Bit 0 5Bit 0 6Bit 0
True label 1 Full 1 3Bit 1 3Bit 1 4Bit 1 5Bit 1 6Bit 1
True label 0 Full 0 3Bit 0 3Bit 0 4Bit 0 5Bit 0 6Bit 0
True label 1 Full 1 3Bit 1 3Bit 1 4Bit 1 5Bit 1 6Bit 1
True label 0 Full 0 3Bit 0 3Bit 0 4Bit 0 5Bit 0 6Bit 0
True label 0 Full 0 3Bit 0 3Bit 0 4Bit 0 5Bit 0 6Bit 0
True label 1 Full 1 3Bit 1 3Bit 1 4Bit 1 5Bit 1 6Bit 1
True label 1 Full 0 3Bit 0 3Bit 0 4Bit 0 5Bit 0 6Bit 0
True label 1 Full 1 3Bit 1 3Bit 1 4Bit 1 5Bit 1 6Bit 1
True label 0 Full 0 3Bit 0 3Bit 0 4Bit 0 5Bit 1 6Bit 0
True label 1 Full 1 3Bit 1 3Bit 1 4Bit 1 5Bit 1 6Bit 1
True label 0 Full 0 3Bit 0 3Bit 0 4Bit 0 5Bit 0 6Bit 0
True label 0 Full 0 3Bit 0 3Bit 0 4Bit 0 5Bit 0 6Bit 0
True label 0 Full 0 3Bit 0 3Bit 0 4Bit 0 5Bit 0 6Bit 0
True label 0 Full 0 3Bit 1 3Bit 1 4Bit 0 5Bit 0 6Bit 0
True label 1 Full 0 3Bit 1 3Bit 1 4Bit 1 5Bit 0 6Bit 0
True label 0 Full 0 3Bit 0 3Bit 0 4Bit 0 5Bit 0 6Bit 0
True label 0 Full 0 3Bit 1 3Bit 1 4Bit 1 5Bit 0 6Bit 0
True label 1 Full 0 3Bit 0 3Bit 0 4Bit 0 5Bit 1 6Bit 1
True label 0 Full 0 3Bit 0 3Bit 0 4Bit 0 5Bit 0 6Bit 0
True label 1 Full 1 3Bit 1 3Bit 1 4Bit 1 5Bit 1 6Bit 1
True label 1 Full 1 3Bit 0 3Bit 0 4Bit 1 5Bit 1 6Bit 1
True label 0 Full 0 3Bit 0 3Bit 0 4Bit 0 5Bit 0 6Bit 0
True label 0 Full 0 3Bit 0 3Bit 0 4Bit 0 5Bit 0 6Bit 0
True label 1 Full 1 3Bit 1 3Bit 1 4Bit 0 5Bit 1 6Bit 1
True label 1 Full 1 3Bit 1 3Bit 1 4Bit 1 5Bit 1 6Bit 1
True label 1 Full 1 3Bit 1 3Bit 1 4Bit 1 5Bit 1 6Bit 1
True label 0 Full 0 3Bit 0 3Bit 0 4Bit 0 5Bit 0 6Bit 0
True label 1 Full 1 3Bit 1 3Bit 1 4Bit 1 5Bit 1 6Bit 1
True label 0 Full 0 3Bit 0 3Bit 0 4Bit 0 5Bit 0 6Bit 0
True label 1 Full 1 3Bit 1 3Bit 1 4Bit 1 5Bit 1 6Bit 1
True label 0 Full 0 3Bit 0 3Bit 0 4Bit 0 5Bit 0 6Bit 0
True label 1 Full 1 3Bit 1 3Bit 1 4Bit 1 5Bit 1 6Bit 1
True label 1 Full 1 3Bit 1 3Bit 1 4Bit 1 5Bit 1 6Bit 1
True label 1 Full 1 3Bit 1 3Bit 1 4Bit 1 5Bit 1 6Bit 1
True label 0 Full 0 3Bit 0 3Bit 0 4Bit 0 5Bit 0 6Bit 0
True label 0 Full 0 3Bit 0 3Bit 0 4Bit 0 5Bit 0 6Bit 0
True label 1 Full 1 3Bit 1 3Bit 1 4Bit 1 5Bit 1 6Bit 1
True label 1 Full 1 3Bit 1 3Bit 1 4Bit 1 5Bit 1 6Bit 1
True label 0 Full 0 3Bit 0 3Bit 0 4Bit 0 5Bit 0 6Bit 0
True label 0 Full 0 3Bit 0 3Bit 0 4Bit 0 5Bit 0 6Bit 0
True label 0 Full 0 3Bit 0 3Bit 0 4Bit 0 5Bit 0 6Bit 0
True label 1 Full 1 3Bit 1 3Bit 1 4Bit 1 5Bit 1 6Bit 1
True label 1 Full 1 3Bit 1 3Bit 1 4Bit 1 5Bit 1 6Bit 1
True label 0 Full 0 3Bit 1 3Bit 1 4Bit 0 5Bit 0 6Bit 0
True label 0 Full 0 3Bit 0 3Bit 0 4Bit 0 5Bit 0 6Bit 0
True label 0 Full 0 3Bit 0 3Bit 0 4Bit 0 5Bit 0 6Bit 0
True label 0 Full 1 3Bit 1 3Bit 1 4Bit 0 5Bit 0 6Bit 1
True label 1 Full 0 3Bit 0 3Bit 0 4Bit 1 5Bit 0 6Bit 0
True label 0 Full 0 3Bit 0 3Bit 0 4Bit 0 5Bit 1 6Bit 0
True label 1 Full 1 3Bit 1 3Bit 1 4Bit 1 5Bit 1 6Bit 1
True label 0 Full 0 3Bit 1 3Bit 1 4Bit 0 5Bit 0 6Bit 0
True label 0 Full 0 3Bit 0 3Bit 0 4Bit 0 5Bit 0 6Bit 0
True label 0 Full 0 3Bit 0 3Bit 0 4Bit 0 5Bit 0 6Bit 0
True label 1 Full 1 3Bit 1 3Bit 1 4Bit 1 5Bit 1 6Bit 1
True label 0 Full 0 3Bit 0 3Bit 0 4Bit 0 5Bit 0 6Bit 0
True label 1 Full 1 3Bit 0 3Bit 0 4Bit 0 5Bit 0 6Bit 0
True label 0 Full 0 3Bit 0 3Bit 0 4Bit 0 5Bit 0 6Bit 0
True label 1 Full 1 3Bit 0 3Bit 0 4Bit 0 5Bit 1 6Bit 1
True label 1 Full 1 3Bit 1 3Bit 1 4Bit 1 5Bit 1 6Bit 1
True label 1 Full 1 3Bit 1 3Bit 1 4Bit 1 5Bit 1 6Bit 1
True label 1 Full 1 3Bit 1 3Bit 1 4Bit 1 5Bit 1 6Bit 1
True label 0 Full 0 3Bit 0 3Bit 0 4Bit 0 5Bit 0 6Bit 0
True label 1 Full 1 3Bit 1 3Bit 1 4Bit 1 5Bit 1 6Bit 1
True label 1 Full 1 3Bit 1 3Bit 1 4Bit 1 5Bit 1 6Bit 1
True label 0 Full 0 3Bit 0 3Bit 0 4Bit 0 5Bit 0 6Bit 0
True label 0 Full 0 3Bit 0 3Bit 0 4Bit 0 5Bit 0 6Bit 0
True label 0 Full 0 3Bit 0 3Bit 0 4Bit 0 5Bit 0 6Bit 0
True label 1 Full 1 3Bit 1 3Bit 1 4Bit 1 5Bit 1 6Bit 1
True label 0 Full 0 3Bit 0 3Bit 0 4Bit 0 5Bit 0 6Bit 0
True label 1 Full 1 3Bit 1 3Bit 1 4Bit 1 5Bit 1 6Bit 1
True label 1 Full 1 3Bit 1 3Bit 1 4Bit 1 5Bit 1 6Bit 1
True label 0 Full 0 3Bit 0 3Bit 0 4Bit 0 5Bit 0 6Bit 0
True label 0 Full 0 3Bit 1 3Bit 1 4Bit 0 5Bit 0 6Bit 0
True label 0 Full 0 3Bit 0 3Bit 0 4Bit 0 5Bit 0 6Bit 0
True label 0 Full 0 3Bit 0 3Bit 0 4Bit 0 5Bit 0 6Bit 0
True label 1 Full 0 3Bit 1 3Bit 1 4Bit 0 5Bit 0 6Bit 0
True label 1 Full 1 3Bit 1 3Bit 1 4Bit 1 5Bit 1 6Bit 1
True label 0 Full 0 3Bit 1 3Bit 1 4Bit 0 5Bit 0 6Bit 0
True label 1 Full 1 3Bit 1 3Bit 1 4Bit 1 5Bit 1 6Bit 1
True label 1 Full 1 3Bit 1 3Bit 1 4Bit 1 5Bit 1 6Bit 1
True label 1 Full 1 3Bit 1 3Bit 1 4Bit 1 5Bit 1 6Bit 1
True label 0 Full 0 3Bit 1 3Bit 1 4Bit 0 5Bit 0 6Bit 0
True label 0 Full 0 3Bit 0 3Bit 0 4Bit 0 5Bit 0 6Bit 0
True label 0 Full 0 3Bit 0 3Bit 0 4Bit 1 5Bit 1 6Bit 0
True label 1 Full 1 3Bit 1 3Bit 1 4Bit 1 5Bit 1 6Bit 1
True label 0 Full 0 3Bit 0 3Bit 0 4Bit 0 5Bit 0 6Bit 0
True label 0 Full 0 3Bit 0 3Bit 0 4Bit 0 5Bit 0 6Bit 0
True label 1 Full 1 3Bit 1 3Bit 1 4Bit 1 5Bit 1 6Bit 1
True label 0 Full 0 3Bit 1 3Bit 1 4Bit 0 5Bit 0 6Bit 0
True label 1 Full 1 3Bit 1 3Bit 1 4Bit 1 5Bit 1 6Bit 1
True label 1 Full 1 3Bit 1 3Bit 1 4Bit 1 5Bit 1 6Bit 1
True label 0 Full 0 3Bit 0 3Bit 0 4Bit 0 5Bit 0 6Bit 0
True label 1 Full 0 3Bit 0 3Bit 0 4Bit 0 5Bit 0 6Bit 0
True label 0 Full 0 3Bit 0 3Bit 0 4Bit 0 5Bit 0 6Bit 0
True label 0 Full 0 3Bit 0 3Bit 0 4Bit 0 5Bit 0 6Bit 0
True label 1 Full 1 3Bit 0 3Bit 0 4Bit 0 5Bit 1 6Bit 1
True label 1 Full 0 3Bit 1 3Bit 1 4Bit 0 5Bit 0 6Bit 0
True label 1 Full 1 3Bit 1 3Bit 1 4Bit 1 5Bit 1 6Bit 1
True label 1 Full 0 3Bit 1 3Bit 1 4Bit 0 5Bit 0 6Bit 0
True label 1 Full 1 3Bit 1 3Bit 1 4Bit 1 5Bit 1 6Bit 1
True label 0 Full 0 3Bit 0 3Bit 0 4Bit 0 5Bit 0 6Bit 0
True label 0 Full 0 3Bit 1 3Bit 1 4Bit 0 5Bit 0 6Bit 0
True label 1 Full 1 3Bit 1 3Bit 1 4Bit 1 5Bit 1 6Bit 1
True label 0 Full 0 3Bit 0 3Bit 0 4Bit 0 5Bit 0 6Bit 0
True label 0 Full 0 3Bit 0 3Bit 0 4Bit 0 5Bit 0 6Bit 0
True label 1 Full 1 3Bit 1 3Bit 1 4Bit 1 5Bit 1 6Bit 1
True label 0 Full 0 3Bit 0 3Bit 0 4Bit 0 5Bit 0 6Bit 0
True label 0 Full 1 3Bit 1 3Bit 1 4Bit 1 5Bit 0 6Bit 1
True label 1 Full 1 3Bit 0 3Bit 0 4Bit 1 5Bit 1 6Bit 1
True label 0 Full 0 3Bit 0 3Bit 0 4Bit 0 5Bit 0 6Bit 0
True label 1 Full 1 3Bit 1 3Bit 1 4Bit 1 5Bit 1 6Bit 1
True label 0 Full 1 3Bit 0 3Bit 0 4Bit 0 5Bit 1 6Bit 1
True label 1 Full 1 3Bit 1 3Bit 1 4Bit 1 5Bit 1 6Bit 1
True label 1 Full 1 3Bit 1 3Bit 1 4Bit 1 5Bit 1 6Bit 1
True label 1 Full 1 3Bit 1 3Bit 1 4Bit 1 5Bit 1 6Bit 1
True label 0 Full 1 3Bit 1 3Bit 1 4Bit 1 5Bit 1 6Bit 1
True label 1 Full 1 3Bit 1 3Bit 1 4Bit 1 5Bit 1 6Bit 1
True label 0 Full 0 3Bit 0 3Bit 0 4Bit 0 5Bit 0 6Bit 0
True label 1 Full 1 3Bit 0 3Bit 0 4Bit 1 5Bit 1 6Bit 1
True label 1 Full 1 3Bit 1 3Bit 1 4Bit 1 5Bit 1 6Bit 1
True label 0 Full 0 3Bit 0 3Bit 0 4Bit 0 5Bit 0 6Bit 0
True label 1 Full 1 3Bit 1 3Bit 1 4Bit 1 5Bit 1 6Bit 1
True label 1 Full 1 3Bit 1 3Bit 1 4Bit 1 5Bit 1 6Bit 1
True label 0 Full 1 3Bit 1 3Bit 1 4Bit 0 5Bit 0 6Bit 0
True label 0 Full 0 3Bit 0 3Bit 0 4Bit 0 5Bit 0 6Bit 0
True label 1 Full 0 3Bit 1 3Bit 1 4Bit 1 5Bit 1 6Bit 1
True label 1 Full 1 3Bit 1 3Bit 1 4Bit 1 5Bit 1 6Bit 1
True label 0 Full 0 3Bit 0 3Bit 0 4Bit 0 5Bit 0 6Bit 0
True label 0 Full 1 3Bit 0 3Bit 0 4Bit 1 5Bit 0 6Bit 1
True label 1 Full 1 3Bit 1 3Bit 1 4Bit 1 5Bit 0 6Bit 1
True label 0 Full 0 3Bit 0 3Bit 0 4Bit 0 5Bit 0 6Bit 0
True label 1 Full 0 3Bit 1 3Bit 1 4Bit 0 5Bit 0 6Bit 1
True label 1 Full 0 3Bit 0 3Bit 0 4Bit 1 5Bit 0 6Bit 1
True label 1 Full 1 3Bit 1 3Bit 1 4Bit 1 5Bit 1 6Bit 1
True label 0 Full 1 3Bit 0 3Bit 0 4Bit 1 5Bit 0 6Bit 1
True label 0 Full 0 3Bit 1 3Bit 1 4Bit 0 5Bit 0 6Bit 0
True label 0 Full 0 3Bit 0 3Bit 0 4Bit 0 5Bit 0 6Bit 0
True label 0 Full 0 3Bit 0 3Bit 0 4Bit 0 5Bit 0 6Bit 0
True label 0 Full 0 3Bit 0 3Bit 0 4Bit 0 5Bit 0 6Bit 0
True label 1 Full 1 3Bit 1 3Bit 1 4Bit 1 5Bit 1 6Bit 1
True label 0 Full 0 3Bit 0 3Bit 0 4Bit 0 5Bit 0 6Bit 0
True label 0 Full 0 3Bit 0 3Bit 0 4Bit 0 5Bit 0 6Bit 0
True label 0 Full 0 3Bit 1 3Bit 1 4Bit 0 5Bit 0 6Bit 0
True label 1 Full 1 3Bit 1 3Bit 1 4Bit 1 5Bit 1 6Bit 1
True label 0 Full 0 3Bit 0 3Bit 0 4Bit 0 5Bit 0 6Bit 0
True label 0 Full 0 3Bit 0 3Bit 0 4Bit 0 5Bit 0 6Bit 0
True label 1 Full 1 3Bit 1 3Bit 1 4Bit 1 5Bit 0 6Bit 1
True label 0 Full 0 3Bit 0 3Bit 0 4Bit 0 5Bit 0 6Bit 0
True label 1 Full 1 3Bit 1 3Bit 1 4Bit 1 5Bit 1 6Bit 1
True label 0 Full 0 3Bit 0 3Bit 0 4Bit 0 5Bit 0 6Bit 0
True label 1 Full 1 3Bit 1 3Bit 1 4Bit 1 5Bit 1 6Bit 1
True label 0 Full 0 3Bit 0 3Bit 0 4Bit 0 5Bit 0 6Bit 0
True label 1 Full 1 3Bit 1 3Bit 1 4Bit 1 5Bit 0 6Bit 1
True label 1 Full 1 3Bit 1 3Bit 1 4Bit 1 5Bit 1 6Bit 1
True label 0 Full 0 3Bit 0 3Bit 0 4Bit 0 5Bit 0 6Bit 0
True label 0 Full 0 3Bit 0 3Bit 0 4Bit 0 5Bit 0 6Bit 0
True label 0 Full 0 3Bit 0 3Bit 0 4Bit 0 5Bit 0 6Bit 0
True label 1 Full 1 3Bit 1 3Bit 1 4Bit 1 5Bit 1 6Bit 1
True label 0 Full 0 3Bit 0 3Bit 0 4Bit 0 5Bit 0 6Bit 0
True label 1 Full 1 3Bit 1 3Bit 1 4Bit 1 5Bit 1 6Bit 1
True label 0 Full 0 3Bit 0 3Bit 0 4Bit 0 5Bit 0 6Bit 0
True label 0 Full 0 3Bit 0 3Bit 0 4Bit 0 5Bit 0 6Bit 0
True label 0 Full 0 3Bit 0 3Bit 0 4Bit 0 5Bit 0 6Bit 0
True label 0 Full 0 3Bit 0 3Bit 0 4Bit 0 5Bit 0 6Bit 0
True label 0 Full 0 3Bit 1 3Bit 1 4Bit 0 5Bit 0 6Bit 0
True label 0 Full 0 3Bit 0 3Bit 0 4Bit 0 5Bit 0 6Bit 0
True label 0 Full 0 3Bit 1 3Bit 1 4Bit 0 5Bit 0 6Bit 0
True label 1 Full 0 3Bit 0 3Bit 0 4Bit 0 5Bit 0 6Bit 1
True label 1 Full 1 3Bit 0 3Bit 0 4Bit 1 5Bit 0 6Bit 1
True label 1 Full 1 3Bit 1 3Bit 1 4Bit 1 5Bit 1 6Bit 1
True label 1 Full 1 3Bit 1 3Bit 1 4Bit 1 5Bit 1 6Bit 1
True label 1 Full 1 3Bit 0 3Bit 0 4Bit 1 5Bit 1 6Bit 1
True label 1 Full 1 3Bit 1 3Bit 1 4Bit 1 5Bit 1 6Bit 1
True label 0 Full 0 3Bit 1 3Bit 1 4Bit 0 5Bit 0 6Bit 0
True label 0 Full 0 3Bit 1 3Bit 1 4Bit 0 5Bit 0 6Bit 0
True label 0 Full 0 3Bit 0 3Bit 0 4Bit 0 5Bit 0 6Bit 0
True label 1 Full 1 3Bit 0 3Bit 0 4Bit 1 5Bit 1 6Bit 1
True label 1 Full 0 3Bit 1 3Bit 1 4Bit 1 5Bit 1 6Bit 1
True label 0 Full 0 3Bit 0 3Bit 0 4Bit 0 5Bit 0 6Bit 0
True label 0 Full 0 3Bit 0 3Bit 0 4Bit 0 5Bit 0 6Bit 0
True label 1 Full 1 3Bit 0 3Bit 0 4Bit 1 5Bit 1 6Bit 0
True label 1 Full 1 3Bit 1 3Bit 1 4Bit 1 5Bit 1 6Bit 1
True label 1 Full 1 3Bit 1 3Bit 1 4Bit 1 5Bit 1 6Bit 1
True label 0 Full 0 3Bit 0 3Bit 0 4Bit 0 5Bit 0 6Bit 0
True label 0 Full 0 3Bit 0 3Bit 0 4Bit 0 5Bit 0 6Bit 0
True label 1 Full 1 3Bit 1 3Bit 1 4Bit 1 5Bit 1 6Bit 1
True label 0 Full 0 3Bit 0 3Bit 0 4Bit 0 5Bit 0 6Bit 0
True label 1 Full 1 3Bit 1 3Bit 1 4Bit 1 5Bit 1 6Bit 1
True label 0 Full 0 3Bit 0 3Bit 0 4Bit 0 5Bit 0 6Bit 0
True label 1 Full 1 3Bit 1 3Bit 1 4Bit 1 5Bit 1 6Bit 1
True label 0 Full 0 3Bit 0 3Bit 0 4Bit 0 5Bit 0 6Bit 0
True label 1 Full 1 3Bit 1 3Bit 1 4Bit 1 5Bit 1 6Bit 1
True label 1 Full 1 3Bit 1 3Bit 1 4Bit 1 5Bit 1 6Bit 1
True label 0 Full 1 3Bit 1 3Bit 1 4Bit 1 5Bit 0 6Bit 1
True label 0 Full 0 3Bit 0 3Bit 0 4Bit 0 5Bit 0 6Bit 0
True label 0 Full 0 3Bit 0 3Bit 0 4Bit 0 5Bit 0 6Bit 0
True label 0 Full 0 3Bit 0 3Bit 0 4Bit 0 5Bit 0 6Bit 0
True label 0 Full 0 3Bit 1 3Bit 1 4Bit 0 5Bit 0 6Bit 0
True label 1 Full 1 3Bit 1 3Bit 1 4Bit 1 5Bit 1 6Bit 1
True label 0 Full 0 3Bit 0 3Bit 0 4Bit 0 5Bit 0 6Bit 0
True label 0 Full 0 3Bit 0 3Bit 0 4Bit 0 5Bit 0 6Bit 0
True label 1 Full 1 3Bit 1 3Bit 1 4Bit 1 5Bit 1 6Bit 1
True label 0 Full 1 3Bit 0 3Bit 0 4Bit 1 5Bit 1 6Bit 1
True label 1 Full 1 3Bit 1 3Bit 1 4Bit 0 5Bit 1 6Bit 1
True label 0 Full 0 3Bit 0 3Bit 0 4Bit 0 5Bit 0 6Bit 0
True label 1 Full 1 3Bit 1 3Bit 1 4Bit 1 5Bit 1 6Bit 1
True label 1 Full 1 3Bit 1 3Bit 1 4Bit 1 5Bit 1 6Bit 1
True label 0 Full 0 3Bit 0 3Bit 0 4Bit 0 5Bit 0 6Bit 0
True label 0 Full 0 3Bit 0 3Bit 0 4Bit 0 5Bit 0 6Bit 0
True label 1 Full 1 3Bit 1 3Bit 1 4Bit 1 5Bit 1 6Bit 1
True label 1 Full 1 3Bit 1 3Bit 1 4Bit 1 5Bit 0 6Bit 1
True label 0 Full 0 3Bit 1 3Bit 1 4Bit 1 5Bit 0 6Bit 0
True label 0 Full 0 3Bit 0 3Bit 0 4Bit 0 5Bit 0 6Bit 0
True label 0 Full 0 3Bit 0 3Bit 0 4Bit 0 5Bit 0 6Bit 0
True label 1 Full 1 3Bit 1 3Bit 1 4Bit 1 5Bit 1 6Bit 1
True label 0 Full 0 3Bit 1 3Bit 1 4Bit 0 5Bit 0 6Bit 0
True label 1 Full 0 3Bit 1 3Bit 1 4Bit 0 5Bit 0 6Bit 0
True label 1 Full 1 3Bit 1 3Bit 1 4Bit 1 5Bit 1 6Bit 1
True label 1 Full 1 3Bit 1 3Bit 1 4Bit 1 5Bit 1 6Bit 1
True label 1 Full 1 3Bit 0 3Bit 0 4Bit 1 5Bit 1 6Bit 1
True label 1 Full 1 3Bit 0 3Bit 0 4Bit 1 5Bit 0 6Bit 1
True label 1 Full 0 3Bit 1 3Bit 1 4Bit 0 5Bit 0 6Bit 1
True label 1 Full 1 3Bit 1 3Bit 1 4Bit 1 5Bit 1 6Bit 1
True label 1 Full 1 3Bit 0 3Bit 0 4Bit 1 5Bit 1 6Bit 1
True label 0 Full 0 3Bit 1 3Bit 1 4Bit 0 5Bit 0 6Bit 0
True label 1 Full 1 3Bit 1 3Bit 1 4Bit 1 5Bit 1 6Bit 1
True label 1 Full 1 3Bit 1 3Bit 1 4Bit 1 5Bit 1 6Bit 1
True label 1 Full 1 3Bit 1 3Bit 1 4Bit 1 5Bit 1 6Bit 1
True label 0 Full 0 3Bit 0 3Bit 0 4Bit 0 5Bit 0 6Bit 0
True label 1 Full 1 3Bit 1 3Bit 1 4Bit 1 5Bit 1 6Bit 1
True label 0 Full 1 3Bit 0 3Bit 0 4Bit 1 5Bit 1 6Bit 1
True label 0 Full 0 3Bit 0 3Bit 0 4Bit 1 5Bit 1 6Bit 1
True label 1 Full 0 3Bit 1 3Bit 1 4Bit 1 5Bit 1 6Bit 1
True label 0 Full 0 3Bit 0 3Bit 0 4Bit 0 5Bit 0 6Bit 0
True label 1 Full 1 3Bit 1 3Bit 1 4Bit 1 5Bit 1 6Bit 1
True label 1 Full 1 3Bit 1 3Bit 1 4Bit 1 5Bit 1 6Bit 1
True label 1 Full 1 3Bit 1 3Bit 1 4Bit 1 5Bit 1 6Bit 1
True label 0 Full 0 3Bit 0 3Bit 0 4Bit 0 5Bit 0 6Bit 0
True label 0 Full 0 3Bit 0 3Bit 0 4Bit 1 5Bit 0 6Bit 0
True label 0 Full 0 3Bit 0 3Bit 0 4Bit 1 5Bit 1 6Bit 0
True label 1 Full 1 3Bit 1 3Bit 1 4Bit 1 5Bit 1 6Bit 1
True label 1 Full 0 3Bit 0 3Bit 0 4Bit 0 5Bit 0 6Bit 0
True label 1 Full 1 3Bit 1 3Bit 1 4Bit 1 5Bit 1 6Bit 1
True label 1 Full 1 3Bit 1 3Bit 1 4Bit 1 5Bit 1 6Bit 1
True label 0 Full 1 3Bit 0 3Bit 0 4Bit 0 5Bit 1 6Bit 1
True label 0 Full 0 3Bit 0 3Bit 0 4Bit 0 5Bit 0 6Bit 0
True label 1 Full 1 3Bit 1 3Bit 1 4Bit 1 5Bit 1 6Bit 1
True label 1 Full 0 3Bit 1 3Bit 1 4Bit 0 5Bit 0 6Bit 1
True label 1 Full 1 3Bit 1 3Bit 1 4Bit 1 5Bit 1 6Bit 1
True label 0 Full 0 3Bit 1 3Bit 1 4Bit 1 5Bit 0 6Bit 1
True label 0 Full 0 3Bit 0 3Bit 0 4Bit 0 5Bit 0 6Bit 0
True label 0 Full 0 3Bit 0 3Bit 0 4Bit 1 5Bit 0 6Bit 0
True label 0 Full 0 3Bit 0 3Bit 0 4Bit 0 5Bit 0 6Bit 0
True label 0 Full 0 3Bit 0 3Bit 0 4Bit 0 5Bit 0 6Bit 0
True label 0 Full 0 3Bit 0 3Bit 0 4Bit 0 5Bit 0 6Bit 0
True label 1 Full 1 3Bit 1 3Bit 1 4Bit 1 5Bit 1 6Bit 1
True label 1 Full 0 3Bit 1 3Bit 1 4Bit 0 5Bit 0 6Bit 0
True label 1 Full 0 3Bit 1 3Bit 1 4Bit 1 5Bit 0 6Bit 0
True label 1 Full 1 3Bit 1 3Bit 1 4Bit 1 5Bit 1 6Bit 1
True label 0 Full 0 3Bit 0 3Bit 0 4Bit 0 5Bit 0 6Bit 0
True label 1 Full 1 3Bit 0 3Bit 0 4Bit 1 5Bit 1 6Bit 0
True label 1 Full 1 3Bit 1 3Bit 1 4Bit 1 5Bit 1 6Bit 1
True label 0 Full 1 3Bit 0 3Bit 0 4Bit 1 5Bit 1 6Bit 1
True label 0 Full 0 3Bit 0 3Bit 0 4Bit 0 5Bit 0 6Bit 0
True label 1 Full 1 3Bit 0 3Bit 0 4Bit 0 5Bit 0 6Bit 1
True label 1 Full 1 3Bit 1 3Bit 1 4Bit 1 5Bit 1 6Bit 1
True label 1 Full 1 3Bit 1 3Bit 1 4Bit 1 5Bit 1 6Bit 1
True label 0 Full 0 3Bit 0 3Bit 0 4Bit 0 5Bit 0 6Bit 0
True label 1 Full 1 3Bit 1 3Bit 1 4Bit 1 5Bit 1 6Bit 1
True label 1 Full 1 3Bit 1 3Bit 1 4Bit 1 5Bit 1 6Bit 1
True label 0 Full 0 3Bit 1 3Bit 1 4Bit 1 5Bit 0 6Bit 1
True label 1 Full 1 3Bit 1 3Bit 1 4Bit 1 5Bit 1 6Bit 1
True label 1 Full 1 3Bit 0 3Bit 0 4Bit 1 5Bit 1 6Bit 1
True label 0 Full 0 3Bit 0 3Bit 0 4Bit 0 5Bit 0 6Bit 0
True label 1 Full 1 3Bit 1 3Bit 1 4Bit 1 5Bit 1 6Bit 1
True label 0 Full 0 3Bit 0 3Bit 0 4Bit 0 5Bit 0 6Bit 0
True label 0 Full 0 3Bit 1 3Bit 1 4Bit 0 5Bit 0 6Bit 0
True label 0 Full 0 3Bit 1 3Bit 1 4Bit 0 5Bit 0 6Bit 0
True label 0 Full 0 3Bit 0 3Bit 0 4Bit 0 5Bit 0 6Bit 0
True label 1 Full 1 3Bit 0 3Bit 0 4Bit 1 5Bit 1 6Bit 1
True label 0 Full 0 3Bit 1 3Bit 1 4Bit 0 5Bit 0 6Bit 0
True label 0 Full 0 3Bit 0 3Bit 0 4Bit 0 5Bit 0 6Bit 0
True label 1 Full 1 3Bit 1 3Bit 1 4Bit 1 5Bit 1 6Bit 1
True label 0 Full 0 3Bit 1 3Bit 1 4Bit 0 5Bit 0 6Bit 0
True label 1 Full 0 3Bit 1 3Bit 1 4Bit 0 5Bit 0 6Bit 0
True label 0 Full 1 3Bit 1 3Bit 1 4Bit 1 5Bit 1 6Bit 1
True label 0 Full 0 3Bit 0 3Bit 0 4Bit 0 5Bit 0 6Bit 0
True label 1 Full 1 3Bit 1 3Bit 1 4Bit 1 5Bit 1 6Bit 1
True label 1 Full 1 3Bit 1 3Bit 1 4Bit 1 5Bit 1 6Bit 1
True label 1 Full 1 3Bit 1 3Bit 1 4Bit 1 5Bit 1 6Bit 1
True label 1 Full 1 3Bit 1 3Bit 1 4Bit 1 5Bit 1 6Bit 1
True label 1 Full 1 3Bit 0 3Bit 0 4Bit 1 5Bit 1 6Bit 1
True label 1 Full 1 3Bit 1 3Bit 1 4Bit 1 5Bit 1 6Bit 1
True label 0 Full 0 3Bit 1 3Bit 1 4Bit 0 5Bit 0 6Bit 0
True label 1 Full 1 3Bit 1 3Bit 1 4Bit 1 5Bit 1 6Bit 1
True label 0 Full 0 3Bit 0 3Bit 0 4Bit 1 5Bit 0 6Bit 0
True label 1 Full 1 3Bit 0 3Bit 0 4Bit 1 5Bit 1 6Bit 1
True label 0 Full 0 3Bit 0 3Bit 0 4Bit 0 5Bit 0 6Bit 0
True label 1 Full 1 3Bit 0 3Bit 0 4Bit 1 5Bit 1 6Bit 1
True label 1 Full 1 3Bit 1 3Bit 1 4Bit 1 5Bit 1 6Bit 1
True label 1 Full 0 3Bit 1 3Bit 1 4Bit 0 5Bit 0 6Bit 0
True label 0 Full 0 3Bit 0 3Bit 0 4Bit 0 5Bit 0 6Bit 0
True label 1 Full 1 3Bit 1 3Bit 1 4Bit 1 5Bit 1 6Bit 1
True label 1 Full 1 3Bit 1 3Bit 1 4Bit 1 5Bit 1 6Bit 1
True label 0 Full 0 3Bit 1 3Bit 1 4Bit 0 5Bit 0 6Bit 0
True label 0 Full 0 3Bit 0 3Bit 0 4Bit 0 5Bit 0 6Bit 0
True label 0 Full 0 3Bit 0 3Bit 0 4Bit 0 5Bit 0 6Bit 0
True label 0 Full 0 3Bit 1 3Bit 1 4Bit 0 5Bit 0 6Bit 0
True label 0 Full 0 3Bit 0 3Bit 0 4Bit 0 5Bit 0 6Bit 0
True label 1 Full 1 3Bit 1 3Bit 1 4Bit 1 5Bit 1 6Bit 1
True label 0 Full 0 3Bit 1 3Bit 1 4Bit 0 5Bit 0 6Bit 0
True label 0 Full 0 3Bit 1 3Bit 1 4Bit 1 5Bit 0 6Bit 0
True label 1 Full 1 3Bit 1 3Bit 1 4Bit 1 5Bit 1 6Bit 1
True label 1 Full 1 3Bit 1 3Bit 1 4Bit 1 5Bit 1 6Bit 1
True label 1 Full 1 3Bit 1 3Bit 1 4Bit 1 5Bit 1 6Bit 1
True label 1 Full 0 3Bit 1 3Bit 1 4Bit 0 5Bit 0 6Bit 0
True label 1 Full 1 3Bit 1 3Bit 1 4Bit 1 5Bit 1 6Bit 1
True label 0 Full 0 3Bit 0 3Bit 0 4Bit 0 5Bit 0 6Bit 0
True label 1 Full 1 3Bit 1 3Bit 1 4Bit 1 5Bit 1 6Bit 1
True label 1 Full 1 3Bit 1 3Bit 1 4Bit 1 5Bit 1 6Bit 1
True label 1 Full 1 3Bit 1 3Bit 1 4Bit 1 5Bit 1 6Bit 1
True label 1 Full 0 3Bit 0 3Bit 0 4Bit 0 5Bit 0 6Bit 1
True label 0 Full 0 3Bit 0 3Bit 0 4Bit 0 5Bit 0 6Bit 0
True label 1 Full 0 3Bit 1 3Bit 1 4Bit 0 5Bit 0 6Bit 0
True label 1 Full 1 3Bit 1 3Bit 1 4Bit 1 5Bit 1 6Bit 1
True label 0 Full 0 3Bit 0 3Bit 0 4Bit 0 5Bit 0 6Bit 0
True label 1 Full 1 3Bit 0 3Bit 0 4Bit 1 5Bit 1 6Bit 1
True label 0 Full 0 3Bit 0 3Bit 0 4Bit 0 5Bit 0 6Bit 0
True label 1 Full 1 3Bit 1 3Bit 1 4Bit 1 5Bit 1 6Bit 1
True label 0 Full 0 3Bit 0 3Bit 0 4Bit 0 5Bit 0 6Bit 0
True label 0 Full 0 3Bit 1 3Bit 1 4Bit 0 5Bit 0 6Bit 0
True label 0 Full 0 3Bit 0 3Bit 0 4Bit 0 5Bit 0 6Bit 0
True label 0 Full 0 3Bit 0 3Bit 0 4Bit 0 5Bit 0 6Bit 0
True label 1 Full 1 3Bit 1 3Bit 1 4Bit 1 5Bit 1 6Bit 1
True label 0 Full 0 3Bit 0 3Bit 0 4Bit 0 5Bit 0 6Bit 0
True label 1 Full 0 3Bit 1 3Bit 1 4Bit 0 5Bit 0 6Bit 0
True label 1 Full 1 3Bit 1 3Bit 1 4Bit 1 5Bit 1 6Bit 1
True label 0 Full 1 3Bit 1 3Bit 1 4Bit 1 5Bit 1 6Bit 1
True label 0 Full 0 3Bit 0 3Bit 0 4Bit 0 5Bit 0 6Bit 0
True label 1 Full 1 3Bit 1 3Bit 1 4Bit 1 5Bit 1 6Bit 1
True label 0 Full 0 3Bit 0 3Bit 0 4Bit 0 5Bit 0 6Bit 0
True label 0 Full 0 3Bit 0 3Bit 0 4Bit 0 5Bit 0 6Bit 0
True label 1 Full 0 3Bit 0 3Bit 0 4Bit 1 5Bit 0 6Bit 0
True label 0 Full 0 3Bit 0 3Bit 0 4Bit 0 5Bit 0 6Bit 0
True label 0 Full 0 3Bit 1 3Bit 1 4Bit 0 5Bit 0 6Bit 0
True label 1 Full 1 3Bit 1 3Bit 1 4Bit 1 5Bit 1 6Bit 1
True label 1 Full 0 3Bit 1 3Bit 1 4Bit 0 5Bit 0 6Bit 0
True label 0 Full 1 3Bit 1 3Bit 1 4Bit 1 5Bit 1 6Bit 1
True label 1 Full 1 3Bit 1 3Bit 1 4Bit 1 5Bit 1 6Bit 1
True label 1 Full 1 3Bit 1 3Bit 1 4Bit 1 5Bit 1 6Bit 1
True label 0 Full 0 3Bit 0 3Bit 0 4Bit 0 5Bit 0 6Bit 0
True label 1 Full 1 3Bit 1 3Bit 1 4Bit 1 5Bit 1 6Bit 1
True label 0 Full 0 3Bit 0 3Bit 0 4Bit 0 5Bit 0 6Bit 0
True label 1 Full 1 3Bit 1 3Bit 1 4Bit 1 5Bit 1 6Bit 1
True label 0 Full 0 3Bit 1 3Bit 1 4Bit 0 5Bit 0 6Bit 0
True label 0 Full 0 3Bit 0 3Bit 0 4Bit 0 5Bit 0 6Bit 0
True label 0 Full 0 3Bit 0 3Bit 0 4Bit 0 5Bit 0 6Bit 0
True label 1 Full 0 3Bit 1 3Bit 1 4Bit 0 5Bit 0 6Bit 1
True label 1 Full 1 3Bit 1 3Bit 1 4Bit 1 5Bit 1 6Bit 1
True label 1 Full 0 3Bit 1 3Bit 1 4Bit 0 5Bit 0 6Bit 0
True label 0 Full 0 3Bit 0 3Bit 0 4Bit 0 5Bit 0 6Bit 0
True label 0 Full 0 3Bit 0 3Bit 0 4Bit 0 5Bit 0 6Bit 0
True label 1 Full 1 3Bit 1 3Bit 1 4Bit 1 5Bit 1 6Bit 1
True label 1 Full 1 3Bit 1 3Bit 1 4Bit 1 5Bit 1 6Bit 1
True label 1 Full 1 3Bit 1 3Bit 1 4Bit 1 5Bit 0 6Bit 1
True label 0 Full 0 3Bit 0 3Bit 0 4Bit 0 5Bit 0 6Bit 0
True label 1 Full 1 3Bit 1 3Bit 1 4Bit 1 5Bit 1 6Bit 1
True label 0 Full 1 3Bit 1 3Bit 1 4Bit 1 5Bit 1 6Bit 1
True label 1 Full 1 3Bit 0 3Bit 0 4Bit 0 5Bit 0 6Bit 0
True label 1 Full 1 3Bit 1 3Bit 1 4Bit 1 5Bit 1 6Bit 1
True label 0 Full 1 3Bit 0 3Bit 0 4Bit 1 5Bit 1 6Bit 1
True label 0 Full 0 3Bit 0 3Bit 0 4Bit 0 5Bit 0 6Bit 0
True label 0 Full 0 3Bit 0 3Bit 0 4Bit 0 5Bit 0 6Bit 0
True label 0 Full 0 3Bit 0 3Bit 0 4Bit 0 5Bit 0 6Bit 0
True label 0 Full 0 3Bit 0 3Bit 0 4Bit 0 5Bit 0 6Bit 0
True label 0 Full 1 3Bit 1 3Bit 1 4Bit 1 5Bit 1 6Bit 1
True label 1 Full 1 3Bit 1 3Bit 1 4Bit 1 5Bit 1 6Bit 1
True label 0 Full 0 3Bit 0 3Bit 0 4Bit 0 5Bit 0 6Bit 0
True label 0 Full 0 3Bit 1 3Bit 1 4Bit 0 5Bit 0 6Bit 0
True label 0 Full 1 3Bit 1 3Bit 1 4Bit 1 5Bit 1 6Bit 1
True label 1 Full 1 3Bit 1 3Bit 1 4Bit 1 5Bit 1 6Bit 1
True label 1 Full 1 3Bit 1 3Bit 1 4Bit 1 5Bit 1 6Bit 1
True label 1 Full 1 3Bit 1 3Bit 1 4Bit 1 5Bit 1 6Bit 1
True label 1 Full 1 3Bit 1 3Bit 1 4Bit 1 5Bit 1 6Bit 1
True label 1 Full 1 3Bit 1 3Bit 1 4Bit 1 5Bit 1 6Bit 1
True label 1 Full 1 3Bit 1 3Bit 1 4Bit 1 5Bit 1 6Bit 1
True label 0 Full 0 3Bit 0 3Bit 0 4Bit 0 5Bit 0 6Bit 0
True label 0 Full 0 3Bit 0 3Bit 0 4Bit 0 5Bit 0 6Bit 0
True label 0 Full 0 3Bit 1 3Bit 1 4Bit 0 5Bit 0 6Bit 0
True label 0 Full 0 3Bit 1 3Bit 1 4Bit 0 5Bit 0 6Bit 0
True label 0 Full 0 3Bit 1 3Bit 1 4Bit 0 5Bit 0 6Bit 0
True label 1 Full 1 3Bit 1 3Bit 1 4Bit 1 5Bit 1 6Bit 1
True label 1 Full 1 3Bit 1 3Bit 1 4Bit 1 5Bit 0 6Bit 1
True label 0 Full 0 3Bit 0 3Bit 0 4Bit 0 5Bit 0 6Bit 0
True label 1 Full 1 3Bit 1 3Bit 1 4Bit 1 5Bit 0 6Bit 1
True label 0 Full 1 3Bit 0 3Bit 0 4Bit 1 5Bit 0 6Bit 1
True label 0 Full 0 3Bit 0 3Bit 0 4Bit 0 5Bit 0 6Bit 0
True label 1 Full 1 3Bit 1 3Bit 1 4Bit 1 5Bit 0 6Bit 1
True label 0 Full 0 3Bit 1 3Bit 1 4Bit 0 5Bit 0 6Bit 0
True label 1 Full 1 3Bit 1 3Bit 1 4Bit 1 5Bit 1 6Bit 1
True label 0 Full 0 3Bit 0 3Bit 0 4Bit 0 5Bit 0 6Bit 0
True label 1 Full 1 3Bit 1 3Bit 1 4Bit 1 5Bit 1 6Bit 1
True label 0 Full 0 3Bit 0 3Bit 0 4Bit 0 5Bit 0 6Bit 0
True label 1 Full 1 3Bit 1 3Bit 1 4Bit 1 5Bit 1 6Bit 1
True label 0 Full 0 3Bit 0 3Bit 0 4Bit 0 5Bit 0 6Bit 0
True label 1 Full 1 3Bit 1 3Bit 1 4Bit 1 5Bit 1 6Bit 1
True label 0 Full 0 3Bit 0 3Bit 0 4Bit 0 5Bit 0 6Bit 0
True label 0 Full 0 3Bit 0 3Bit 0 4Bit 0 5Bit 0 6Bit 0
True label 1 Full 0 3Bit 1 3Bit 1 4Bit 1 5Bit 1 6Bit 1
True label 0 Full 0 3Bit 0 3Bit 0 4Bit 0 5Bit 0 6Bit 0
True label 0 Full 0 3Bit 0 3Bit 0 4Bit 0 5Bit 0 6Bit 0
True label 0 Full 0 3Bit 0 3Bit 0 4Bit 0 5Bit 0 6Bit 0
True label 1 Full 1 3Bit 1 3Bit 1 4Bit 1 5Bit 1 6Bit 1
True label 0 Full 0 3Bit 1 3Bit 1 4Bit 1 5Bit 0 6Bit 0
True label 0 Full 0 3Bit 0 3Bit 0 4Bit 0 5Bit 0 6Bit 0
True label 0 Full 0 3Bit 0 3Bit 0 4Bit 0 5Bit 0 6Bit 0
True label 1 Full 1 3Bit 1 3Bit 1 4Bit 1 5Bit 1 6Bit 1
True label 1 Full 1 3Bit 1 3Bit 1 4Bit 1 5Bit 1 6Bit 1
True label 1 Full 1 3Bit 1 3Bit 1 4Bit 1 5Bit 1 6Bit 1
True label 0 Full 0 3Bit 0 3Bit 0 4Bit 0 5Bit 0 6Bit 0
True label 1 Full 1 3Bit 1 3Bit 1 4Bit 1 5Bit 1 6Bit 1
True label 1 Full 1 3Bit 1 3Bit 1 4Bit 1 5Bit 1 6Bit 1
True label 0 Full 0 3Bit 1 3Bit 1 4Bit 0 5Bit 0 6Bit 0
True label 0 Full 0 3Bit 0 3Bit 0 4Bit 0 5Bit 0 6Bit 0
True label 1 Full 1 3Bit 1 3Bit 1 4Bit 1 5Bit 1 6Bit 1
True label 1 Full 1 3Bit 1 3Bit 1 4Bit 1 5Bit 1 6Bit 1
True label 0 Full 0 3Bit 0 3Bit 0 4Bit 0 5Bit 0 6Bit 0
True label 0 Full 0 3Bit 0 3Bit 0 4Bit 0 5Bit 0 6Bit 0
True label 1 Full 0 3Bit 1 3Bit 1 4Bit 1 5Bit 0 6Bit 1
True label 1 Full 1 3Bit 1 3Bit 1 4Bit 1 5Bit 1 6Bit 1
True label 0 Full 0 3Bit 1 3Bit 1 4Bit 0 5Bit 0 6Bit 0
True label 0 Full 0 3Bit 1 3Bit 1 4Bit 0 5Bit 0 6Bit 0
True label 0 Full 0 3Bit 0 3Bit 0 4Bit 0 5Bit 0 6Bit 0
True label 0 Full 0 3Bit 0 3Bit 0 4Bit 0 5Bit 0 6Bit 0
True label 1 Full 1 3Bit 1 3Bit 1 4Bit 1 5Bit 1 6Bit 1
True label 0 Full 0 3Bit 0 3Bit 0 4Bit 0 5Bit 0 6Bit 0
True label 0 Full 0 3Bit 1 3Bit 1 4Bit 0 5Bit 0 6Bit 0
True label 0 Full 1 3Bit 1 3Bit 1 4Bit 1 5Bit 0 6Bit 0
True label 1 Full 1 3Bit 1 3Bit 1 4Bit 1 5Bit 1 6Bit 1
True label 0 Full 0 3Bit 0 3Bit 0 4Bit 0 5Bit 0 6Bit 0
True label 1 Full 1 3Bit 1 3Bit 1 4Bit 1 5Bit 1 6Bit 1
True label 1 Full 0 3Bit 0 3Bit 0 4Bit 0 5Bit 1 6Bit 1
True label 0 Full 0 3Bit 1 3Bit 1 4Bit 0 5Bit 0 6Bit 0
True label 0 Full 0 3Bit 0 3Bit 0 4Bit 0 5Bit 0 6Bit 0
True label 0 Full 0 3Bit 0 3Bit 0 4Bit 0 5Bit 0 6Bit 0
True label 1 Full 1 3Bit 1 3Bit 1 4Bit 1 5Bit 1 6Bit 1
True label 1 Full 1 3Bit 1 3Bit 1 4Bit 1 5Bit 1 6Bit 1
True label 0 Full 1 3Bit 1 3Bit 1 4Bit 1 5Bit 1 6Bit 1
True label 1 Full 1 3Bit 1 3Bit 1 4Bit 1 5Bit 1 6Bit 1
True label 1 Full 1 3Bit 1 3Bit 1 4Bit 1 5Bit 1 6Bit 1
True label 0 Full 0 3Bit 0 3Bit 0 4Bit 0 5Bit 0 6Bit 0
True label 0 Full 0 3Bit 1 3Bit 1 4Bit 0 5Bit 0 6Bit 0
True label 1 Full 1 3Bit 1 3Bit 1 4Bit 1 5Bit 1 6Bit 1
True label 1 Full 0 3Bit 0 3Bit 0 4Bit 0 5Bit 0 6Bit 0
True label 1 Full 1 3Bit 1 3Bit 1 4Bit 1 5Bit 1 6Bit 1
True label 0 Full 0 3Bit 0 3Bit 0 4Bit 0 5Bit 0 6Bit 0
True label 0 Full 0 3Bit 0 3Bit 0 4Bit 0 5Bit 0 6Bit 0
True label 0 Full 0 3Bit 0 3Bit 0 4Bit 0 5Bit 0 6Bit 0
True label 0 Full 0 3Bit 0 3Bit 0 4Bit 0 5Bit 0 6Bit 0
True label 1 Full 1 3Bit 1 3Bit 1 4Bit 1 5Bit 1 6Bit 1
True label 1 Full 1 3Bit 1 3Bit 1 4Bit 1 5Bit 1 6Bit 1
True label 0 Full 0 3Bit 0 3Bit 0 4Bit 0 5Bit 0 6Bit 0
True label 0 Full 0 3Bit 0 3Bit 0 4Bit 0 5Bit 0 6Bit 0
True label 0 Full 0 3Bit 0 3Bit 0 4Bit 0 5Bit 0 6Bit 0
True label 1 Full 1 3Bit 0 3Bit 0 4Bit 1 5Bit 1 6Bit 1
True label 0 Full 0 3Bit 0 3Bit 0 4Bit 0 5Bit 0 6Bit 0
True label 1 Full 1 3Bit 1 3Bit 1 4Bit 1 5Bit 1 6Bit 1
True label 1 Full 1 3Bit 1 3Bit 1 4Bit 1 5Bit 1 6Bit 1
True label 0 Full 1 3Bit 1 3Bit 1 4Bit 1 5Bit 1 6Bit 1
True label 1 Full 1 3Bit 1 3Bit 1 4Bit 1 5Bit 1 6Bit 1
True label 1 Full 1 3Bit 0 3Bit 0 4Bit 1 5Bit 1 6Bit 1
True label 1 Full 1 3Bit 1 3Bit 1 4Bit 1 5Bit 1 6Bit 1
True label 1 Full 1 3Bit 0 3Bit 0 4Bit 1 5Bit 1 6Bit 1
True label 0 Full 0 3Bit 0 3Bit 0 4Bit 0 5Bit 0 6Bit 0
True label 1 Full 1 3Bit 0 3Bit 0 4Bit 0 5Bit 1 6Bit 1
True label 0 Full 0 3Bit 0 3Bit 0 4Bit 0 5Bit 0 6Bit 0
True label 0 Full 0 3Bit 1 3Bit 1 4Bit 0 5Bit 0 6Bit 0
True label 1 Full 1 3Bit 1 3Bit 1 4Bit 1 5Bit 1 6Bit 1
True label 1 Full 0 3Bit 1 3Bit 1 4Bit 0 5Bit 0 6Bit 0
True label 1 Full 1 3Bit 1 3Bit 1 4Bit 1 5Bit 1 6Bit 1
True label 1 Full 1 3Bit 1 3Bit 1 4Bit 0 5Bit 1 6Bit 1
True label 0 Full 0 3Bit 1 3Bit 1 4Bit 0 5Bit 0 6Bit 0
True label 0 Full 0 3Bit 0 3Bit 0 4Bit 0 5Bit 0 6Bit 0
True label 0 Full 0 3Bit 0 3Bit 0 4Bit 1 5Bit 0 6Bit 0
True label 1 Full 1 3Bit 1 3Bit 1 4Bit 1 5Bit 1 6Bit 1
True label 0 Full 0 3Bit 0 3Bit 0 4Bit 0 5Bit 0 6Bit 0
True label 0 Full 0 3Bit 0 3Bit 0 4Bit 0 5Bit 0 6Bit 0
True label 1 Full 1 3Bit 1 3Bit 1 4Bit 1 5Bit 1 6Bit 1
True label 0 Full 0 3Bit 0 3Bit 0 4Bit 0 5Bit 0 6Bit 0
True label 0 Full 0 3Bit 0 3Bit 0 4Bit 0 5Bit 0 6Bit 0
True label 0 Full 0 3Bit 0 3Bit 0 4Bit 0 5Bit 0 6Bit 0
True label 0 Full 0 3Bit 0 3Bit 0 4Bit 0 5Bit 0 6Bit 0
True label 1 Full 1 3Bit 1 3Bit 1 4Bit 1 5Bit 1 6Bit 1
True label 1 Full 1 3Bit 0 3Bit 0 4Bit 1 5Bit 1 6Bit 1
True label 0 Full 0 3Bit 1 3Bit 1 4Bit 0 5Bit 0 6Bit 0
True label 0 Full 0 3Bit 0 3Bit 0 4Bit 0 5Bit 1 6Bit 0
True label 1 Full 1 3Bit 1 3Bit 1 4Bit 1 5Bit 1 6Bit 1
True label 1 Full 1 3Bit 0 3Bit 0 4Bit 0 5Bit 0 6Bit 0
True label 0 Full 0 3Bit 0 3Bit 0 4Bit 0 5Bit 0 6Bit 0
True label 1 Full 1 3Bit 1 3Bit 1 4Bit 1 5Bit 1 6Bit 1
True label 1 Full 1 3Bit 1 3Bit 1 4Bit 1 5Bit 1 6Bit 1
True label 1 Full 0 3Bit 1 3Bit 1 4Bit 0 5Bit 0 6Bit 0
True label 0 Full 0 3Bit 0 3Bit 0 4Bit 0 5Bit 0 6Bit 0
True label 1 Full 1 3Bit 1 3Bit 1 4Bit 1 5Bit 1 6Bit 1
True label 1 Full 1 3Bit 1 3Bit 1 4Bit 1 5Bit 1 6Bit 1
True label 0 Full 0 3Bit 0 3Bit 0 4Bit 0 5Bit 0 6Bit 0
True label 0 Full 0 3Bit 0 3Bit 0 4Bit 0 5Bit 0 6Bit 0
True label 0 Full 1 3Bit 1 3Bit 1 4Bit 1 5Bit 1 6Bit 1
True label 0 Full 0 3Bit 1 3Bit 1 4Bit 0 5Bit 0 6Bit 0
True label 0 Full 0 3Bit 0 3Bit 0 4Bit 0 5Bit 0 6Bit 0
True label 1 Full 1 3Bit 1 3Bit 1 4Bit 1 5Bit 0 6Bit 1
True label 0 Full 0 3Bit 0 3Bit 0 4Bit 0 5Bit 0 6Bit 0
True label 1 Full 1 3Bit 0 3Bit 0 4Bit 1 5Bit 1 6Bit 1
True label 0 Full 0 3Bit 0 3Bit 0 4Bit 0 5Bit 0 6Bit 0
True label 1 Full 1 3Bit 1 3Bit 1 4Bit 1 5Bit 1 6Bit 1
True label 1 Full 1 3Bit 1 3Bit 1 4Bit 1 5Bit 1 6Bit 1
True label 1 Full 1 3Bit 1 3Bit 1 4Bit 1 5Bit 1 6Bit 1
True label 1 Full 1 3Bit 1 3Bit 1 4Bit 1 5Bit 1 6Bit 1
True label 1 Full 0 3Bit 0 3Bit 0 4Bit 0 5Bit 0 6Bit 0
True label 0 Full 0 3Bit 0 3Bit 0 4Bit 0 5Bit 0 6Bit 1
True label 0 Full 0 3Bit 0 3Bit 0 4Bit 0 5Bit 0 6Bit 0
True label 0 Full 0 3Bit 0 3Bit 0 4Bit 0 5Bit 0 6Bit 0
True label 1 Full 1 3Bit 0 3Bit 0 4Bit 1 5Bit 1 6Bit 1
True label 0 Full 0 3Bit 1 3Bit 1 4Bit 0 5Bit 0 6Bit 0
True label 0 Full 0 3Bit 0 3Bit 0 4Bit 0 5Bit 0 6Bit 0
True label 0 Full 0 3Bit 1 3Bit 1 4Bit 0 5Bit 1 6Bit 0
True label 0 Full 0 3Bit 0 3Bit 0 4Bit 0 5Bit 0 6Bit 0
True label 0 Full 0 3Bit 0 3Bit 0 4Bit 0 5Bit 0 6Bit 0
True label 1 Full 0 3Bit 1 3Bit 1 4Bit 1 5Bit 0 6Bit 1
True label 0 Full 0 3Bit 1 3Bit 1 4Bit 0 5Bit 0 6Bit 0
True label 1 Full 1 3Bit 1 3Bit 1 4Bit 1 5Bit 1 6Bit 1
True label 0 Full 0 3Bit 0 3Bit 0 4Bit 1 5Bit 0 6Bit 0
True label 1 Full 0 3Bit 1 3Bit 1 4Bit 0 5Bit 0 6Bit 0
True label 0 Full 0 3Bit 0 3Bit 0 4Bit 0 5Bit 0 6Bit 0
True label 0 Full 1 3Bit 1 3Bit 1 4Bit 1 5Bit 1 6Bit 1
True label 1 Full 1 3Bit 1 3Bit 1 4Bit 1 5Bit 1 6Bit 1
True label 1 Full 1 3Bit 0 3Bit 0 4Bit 1 5Bit 1 6Bit 1
True label 0 Full 0 3Bit 0 3Bit 0 4Bit 0 5Bit 0 6Bit 0
True label 1 Full 1 3Bit 1 3Bit 1 4Bit 1 5Bit 1 6Bit 1
True label 1 Full 1 3Bit 1 3Bit 1 4Bit 1 5Bit 1 6Bit 1
True label 0 Full 0 3Bit 0 3Bit 0 4Bit 0 5Bit 0 6Bit 0
True label 1 Full 1 3Bit 1 3Bit 1 4Bit 1 5Bit 0 6Bit 1
True label 1 Full 0 3Bit 0 3Bit 0 4Bit 0 5Bit 0 6Bit 0
True label 0 Full 0 3Bit 0 3Bit 0 4Bit 0 5Bit 0 6Bit 0
True label 0 Full 1 3Bit 1 3Bit 1 4Bit 1 5Bit 1 6Bit 1
Test accuracy: Full: 0.891 2bit: 0.518 3bit: 0.814 4bit: 0.876 5bit: 0.865 6bit: 0.9
{'test_acc': [0.891, 0.518, 0.814, 0.876, 0.865, 0.9], 'final_out_mse': [0.019138153642416, 0.10296545177698135, 0.29616424441337585, 0.02454305626451969, 0.020876260474324226, 0.01863839663565159]}
[2020-09-14 17:46:26.383474] test = nan
