No module named 'brian2'
No module named 'brian2'
No module named 'brian2'
No module named 'torch'
No module named 'torch'
No module named 'nest'.
No module named 'nest'.
No module named 'rpyc'
No module named 'rpyc'
No module named 'rpyc'
No module named 'nest'.
cannot import name 'FFExpSynBrian'
Loaded pretrained network
[INFO] - HeySnips -  Running with tracking deactivated
gain 0.8535353535353536 val acc 0.564 
gain 1.3585858585858586 val acc 0.836 
gain 1.2575757575757576 val acc 0.86 
gain 1.106060606060606 val acc 0.88 
gain 1.0555555555555556 val acc 0.864 
[2020-09-14 19:33:41.565845] train_loss = 0.0
[2020-09-14 19:33:41.584313] train = nan
[2020-09-14 19:33:41.584330] val = nan
[2020-09-14 19:33:41.584333] test = nan
True label 1 Full 1 3Bit 1 3Bit 1 4Bit 1 5Bit 1 6Bit 1
True label 1 Full 0 3Bit 0 3Bit 0 4Bit 0 5Bit 0 6Bit 0
True label 1 Full 1 3Bit 1 3Bit 1 4Bit 1 5Bit 1 6Bit 1
True label 1 Full 1 3Bit 1 3Bit 1 4Bit 1 5Bit 1 6Bit 1
True label 0 Full 0 3Bit 0 3Bit 0 4Bit 0 5Bit 0 6Bit 0
True label 0 Full 0 3Bit 0 3Bit 0 4Bit 0 5Bit 0 6Bit 0
True label 0 Full 0 3Bit 0 3Bit 0 4Bit 0 5Bit 1 6Bit 0
True label 0 Full 0 3Bit 0 3Bit 0 4Bit 0 5Bit 0 6Bit 0
True label 1 Full 1 3Bit 1 3Bit 1 4Bit 1 5Bit 1 6Bit 1
True label 0 Full 0 3Bit 0 3Bit 0 4Bit 0 5Bit 0 6Bit 0
True label 1 Full 1 3Bit 1 3Bit 1 4Bit 1 5Bit 1 6Bit 1
True label 1 Full 0 3Bit 0 3Bit 0 4Bit 0 5Bit 0 6Bit 0
True label 1 Full 0 3Bit 0 3Bit 0 4Bit 1 5Bit 1 6Bit 0
True label 0 Full 0 3Bit 0 3Bit 0 4Bit 0 5Bit 0 6Bit 0
True label 1 Full 1 3Bit 1 3Bit 1 4Bit 1 5Bit 1 6Bit 1
True label 0 Full 0 3Bit 0 3Bit 0 4Bit 0 5Bit 0 6Bit 0
True label 0 Full 1 3Bit 0 3Bit 0 4Bit 1 5Bit 1 6Bit 1
True label 0 Full 0 3Bit 0 3Bit 0 4Bit 0 5Bit 0 6Bit 0
True label 1 Full 1 3Bit 1 3Bit 1 4Bit 1 5Bit 1 6Bit 1
True label 1 Full 1 3Bit 1 3Bit 1 4Bit 1 5Bit 1 6Bit 1
True label 0 Full 0 3Bit 0 3Bit 0 4Bit 0 5Bit 0 6Bit 0
True label 1 Full 0 3Bit 0 3Bit 0 4Bit 1 5Bit 0 6Bit 0
True label 1 Full 1 3Bit 1 3Bit 1 4Bit 1 5Bit 1 6Bit 1
True label 1 Full 1 3Bit 1 3Bit 1 4Bit 1 5Bit 1 6Bit 1
True label 1 Full 1 3Bit 1 3Bit 1 4Bit 1 5Bit 1 6Bit 1
True label 0 Full 0 3Bit 0 3Bit 0 4Bit 0 5Bit 0 6Bit 0
True label 1 Full 0 3Bit 0 3Bit 0 4Bit 1 5Bit 1 6Bit 1
True label 1 Full 1 3Bit 1 3Bit 1 4Bit 1 5Bit 1 6Bit 1
True label 1 Full 0 3Bit 0 3Bit 0 4Bit 0 5Bit 0 6Bit 0
True label 1 Full 1 3Bit 0 3Bit 0 4Bit 1 5Bit 1 6Bit 1
True label 1 Full 1 3Bit 1 3Bit 1 4Bit 1 5Bit 1 6Bit 1
True label 1 Full 0 3Bit 0 3Bit 0 4Bit 1 5Bit 0 6Bit 1
True label 1 Full 1 3Bit 0 3Bit 0 4Bit 1 5Bit 1 6Bit 1
True label 1 Full 1 3Bit 1 3Bit 1 4Bit 1 5Bit 1 6Bit 1
True label 0 Full 0 3Bit 0 3Bit 0 4Bit 0 5Bit 0 6Bit 0
True label 0 Full 0 3Bit 0 3Bit 0 4Bit 0 5Bit 0 6Bit 0
True label 1 Full 1 3Bit 1 3Bit 1 4Bit 1 5Bit 1 6Bit 1
True label 0 Full 0 3Bit 0 3Bit 0 4Bit 0 5Bit 0 6Bit 0
True label 0 Full 0 3Bit 0 3Bit 0 4Bit 0 5Bit 0 6Bit 0
True label 1 Full 1 3Bit 1 3Bit 1 4Bit 1 5Bit 1 6Bit 1
True label 1 Full 1 3Bit 1 3Bit 1 4Bit 1 5Bit 1 6Bit 1
True label 1 Full 1 3Bit 0 3Bit 0 4Bit 1 5Bit 1 6Bit 1
True label 1 Full 1 3Bit 1 3Bit 1 4Bit 1 5Bit 1 6Bit 1
True label 1 Full 1 3Bit 1 3Bit 1 4Bit 1 5Bit 1 6Bit 1
True label 0 Full 0 3Bit 0 3Bit 0 4Bit 0 5Bit 0 6Bit 0
True label 1 Full 1 3Bit 0 3Bit 0 4Bit 1 5Bit 1 6Bit 1
True label 1 Full 1 3Bit 1 3Bit 1 4Bit 1 5Bit 1 6Bit 1
True label 1 Full 1 3Bit 1 3Bit 1 4Bit 1 5Bit 1 6Bit 1
True label 1 Full 1 3Bit 1 3Bit 1 4Bit 1 5Bit 1 6Bit 1
True label 1 Full 1 3Bit 1 3Bit 1 4Bit 1 5Bit 1 6Bit 1
True label 0 Full 0 3Bit 0 3Bit 0 4Bit 0 5Bit 0 6Bit 0
True label 0 Full 1 3Bit 1 3Bit 1 4Bit 1 5Bit 1 6Bit 1
True label 1 Full 1 3Bit 1 3Bit 1 4Bit 1 5Bit 1 6Bit 1
True label 0 Full 0 3Bit 0 3Bit 0 4Bit 0 5Bit 0 6Bit 0
True label 1 Full 1 3Bit 1 3Bit 1 4Bit 1 5Bit 1 6Bit 1
True label 1 Full 1 3Bit 1 3Bit 1 4Bit 1 5Bit 1 6Bit 1
True label 1 Full 1 3Bit 1 3Bit 1 4Bit 1 5Bit 1 6Bit 1
True label 0 Full 0 3Bit 0 3Bit 0 4Bit 0 5Bit 0 6Bit 0
True label 1 Full 0 3Bit 0 3Bit 0 4Bit 0 5Bit 0 6Bit 0
True label 1 Full 1 3Bit 1 3Bit 1 4Bit 1 5Bit 1 6Bit 1
True label 0 Full 1 3Bit 1 3Bit 1 4Bit 1 5Bit 1 6Bit 1
True label 1 Full 1 3Bit 1 3Bit 1 4Bit 1 5Bit 1 6Bit 1
True label 0 Full 0 3Bit 0 3Bit 0 4Bit 0 5Bit 0 6Bit 0
True label 1 Full 1 3Bit 1 3Bit 1 4Bit 1 5Bit 1 6Bit 1
True label 0 Full 0 3Bit 0 3Bit 0 4Bit 0 5Bit 0 6Bit 0
True label 1 Full 1 3Bit 1 3Bit 1 4Bit 1 5Bit 1 6Bit 1
True label 0 Full 0 3Bit 0 3Bit 0 4Bit 0 5Bit 0 6Bit 0
True label 0 Full 0 3Bit 0 3Bit 0 4Bit 0 5Bit 0 6Bit 0
True label 1 Full 1 3Bit 1 3Bit 1 4Bit 1 5Bit 1 6Bit 1
True label 1 Full 1 3Bit 1 3Bit 1 4Bit 1 5Bit 1 6Bit 1
True label 1 Full 1 3Bit 1 3Bit 1 4Bit 1 5Bit 1 6Bit 1
True label 0 Full 1 3Bit 0 3Bit 0 4Bit 1 5Bit 1 6Bit 1
True label 0 Full 0 3Bit 0 3Bit 0 4Bit 0 5Bit 0 6Bit 0
True label 1 Full 0 3Bit 0 3Bit 0 4Bit 0 5Bit 0 6Bit 0
True label 1 Full 1 3Bit 1 3Bit 1 4Bit 1 5Bit 1 6Bit 1
True label 0 Full 1 3Bit 0 3Bit 0 4Bit 0 5Bit 1 6Bit 0
True label 1 Full 1 3Bit 1 3Bit 1 4Bit 1 5Bit 1 6Bit 1
True label 1 Full 1 3Bit 1 3Bit 1 4Bit 1 5Bit 1 6Bit 1
True label 1 Full 1 3Bit 1 3Bit 1 4Bit 1 5Bit 1 6Bit 1
True label 0 Full 0 3Bit 0 3Bit 0 4Bit 0 5Bit 0 6Bit 0
True label 0 Full 0 3Bit 0 3Bit 0 4Bit 0 5Bit 0 6Bit 0
True label 1 Full 1 3Bit 1 3Bit 1 4Bit 1 5Bit 1 6Bit 1
True label 1 Full 1 3Bit 0 3Bit 0 4Bit 1 5Bit 1 6Bit 1
True label 0 Full 0 3Bit 0 3Bit 0 4Bit 0 5Bit 0 6Bit 0
True label 1 Full 0 3Bit 0 3Bit 0 4Bit 0 5Bit 0 6Bit 0
True label 1 Full 1 3Bit 1 3Bit 1 4Bit 1 5Bit 1 6Bit 1
True label 1 Full 1 3Bit 1 3Bit 1 4Bit 1 5Bit 1 6Bit 1
True label 1 Full 1 3Bit 0 3Bit 0 4Bit 1 5Bit 1 6Bit 1
True label 1 Full 1 3Bit 1 3Bit 1 4Bit 1 5Bit 1 6Bit 1
True label 1 Full 0 3Bit 0 3Bit 0 4Bit 0 5Bit 1 6Bit 0
True label 0 Full 0 3Bit 0 3Bit 0 4Bit 0 5Bit 0 6Bit 0
True label 1 Full 1 3Bit 1 3Bit 1 4Bit 1 5Bit 1 6Bit 1
True label 0 Full 0 3Bit 0 3Bit 0 4Bit 0 5Bit 0 6Bit 0
True label 1 Full 1 3Bit 0 3Bit 0 4Bit 1 5Bit 1 6Bit 1
True label 1 Full 1 3Bit 1 3Bit 1 4Bit 1 5Bit 1 6Bit 1
True label 0 Full 0 3Bit 0 3Bit 0 4Bit 0 5Bit 0 6Bit 0
True label 1 Full 1 3Bit 1 3Bit 1 4Bit 1 5Bit 1 6Bit 1
True label 1 Full 1 3Bit 1 3Bit 1 4Bit 1 5Bit 1 6Bit 1
True label 1 Full 1 3Bit 1 3Bit 1 4Bit 1 5Bit 1 6Bit 1
True label 1 Full 1 3Bit 1 3Bit 1 4Bit 1 5Bit 1 6Bit 1
True label 0 Full 0 3Bit 0 3Bit 0 4Bit 0 5Bit 0 6Bit 0
True label 1 Full 1 3Bit 0 3Bit 0 4Bit 1 5Bit 1 6Bit 1
True label 1 Full 0 3Bit 0 3Bit 0 4Bit 0 5Bit 0 6Bit 0
True label 1 Full 1 3Bit 1 3Bit 1 4Bit 1 5Bit 1 6Bit 1
True label 1 Full 1 3Bit 0 3Bit 0 4Bit 1 5Bit 1 6Bit 1
True label 0 Full 0 3Bit 0 3Bit 0 4Bit 0 5Bit 0 6Bit 0
True label 0 Full 0 3Bit 0 3Bit 0 4Bit 0 5Bit 0 6Bit 0
True label 0 Full 0 3Bit 0 3Bit 0 4Bit 0 5Bit 0 6Bit 0
True label 1 Full 1 3Bit 1 3Bit 1 4Bit 1 5Bit 1 6Bit 1
True label 1 Full 1 3Bit 1 3Bit 1 4Bit 1 5Bit 1 6Bit 1
True label 0 Full 0 3Bit 0 3Bit 0 4Bit 0 5Bit 0 6Bit 0
True label 1 Full 1 3Bit 1 3Bit 1 4Bit 1 5Bit 1 6Bit 1
True label 1 Full 1 3Bit 1 3Bit 1 4Bit 1 5Bit 1 6Bit 1
True label 0 Full 0 3Bit 0 3Bit 0 4Bit 0 5Bit 0 6Bit 0
True label 0 Full 0 3Bit 0 3Bit 0 4Bit 0 5Bit 0 6Bit 0
True label 1 Full 1 3Bit 1 3Bit 1 4Bit 1 5Bit 1 6Bit 1
True label 0 Full 0 3Bit 0 3Bit 0 4Bit 0 5Bit 0 6Bit 0
True label 1 Full 1 3Bit 0 3Bit 0 4Bit 1 5Bit 1 6Bit 1
True label 1 Full 1 3Bit 1 3Bit 1 4Bit 1 5Bit 1 6Bit 1
True label 1 Full 1 3Bit 1 3Bit 1 4Bit 1 5Bit 1 6Bit 1
True label 0 Full 0 3Bit 0 3Bit 0 4Bit 0 5Bit 0 6Bit 0
True label 0 Full 0 3Bit 0 3Bit 0 4Bit 0 5Bit 0 6Bit 0
True label 0 Full 0 3Bit 0 3Bit 0 4Bit 0 5Bit 0 6Bit 0
True label 0 Full 0 3Bit 0 3Bit 0 4Bit 0 5Bit 0 6Bit 0
True label 1 Full 1 3Bit 1 3Bit 1 4Bit 1 5Bit 1 6Bit 1
True label 0 Full 0 3Bit 0 3Bit 0 4Bit 0 5Bit 0 6Bit 0
True label 1 Full 0 3Bit 0 3Bit 0 4Bit 0 5Bit 0 6Bit 0
True label 1 Full 1 3Bit 1 3Bit 1 4Bit 1 5Bit 1 6Bit 1
True label 1 Full 1 3Bit 1 3Bit 1 4Bit 1 5Bit 1 6Bit 1
True label 1 Full 1 3Bit 1 3Bit 1 4Bit 1 5Bit 1 6Bit 1
True label 0 Full 0 3Bit 0 3Bit 0 4Bit 0 5Bit 1 6Bit 1
True label 0 Full 0 3Bit 0 3Bit 0 4Bit 0 5Bit 0 6Bit 0
True label 1 Full 1 3Bit 1 3Bit 1 4Bit 1 5Bit 1 6Bit 1
True label 0 Full 0 3Bit 0 3Bit 0 4Bit 0 5Bit 0 6Bit 0
True label 1 Full 1 3Bit 1 3Bit 1 4Bit 1 5Bit 1 6Bit 1
True label 0 Full 0 3Bit 0 3Bit 0 4Bit 0 5Bit 0 6Bit 0
True label 0 Full 0 3Bit 0 3Bit 0 4Bit 0 5Bit 0 6Bit 0
True label 0 Full 0 3Bit 0 3Bit 0 4Bit 0 5Bit 0 6Bit 0
True label 1 Full 1 3Bit 1 3Bit 1 4Bit 1 5Bit 1 6Bit 1
True label 0 Full 0 3Bit 0 3Bit 0 4Bit 0 5Bit 0 6Bit 0
True label 1 Full 1 3Bit 1 3Bit 1 4Bit 1 5Bit 1 6Bit 1
True label 1 Full 1 3Bit 0 3Bit 0 4Bit 1 5Bit 1 6Bit 1
True label 1 Full 1 3Bit 1 3Bit 1 4Bit 1 5Bit 1 6Bit 1
True label 1 Full 1 3Bit 1 3Bit 1 4Bit 1 5Bit 1 6Bit 1
True label 1 Full 1 3Bit 1 3Bit 1 4Bit 1 5Bit 1 6Bit 1
True label 0 Full 0 3Bit 0 3Bit 0 4Bit 0 5Bit 0 6Bit 0
True label 0 Full 0 3Bit 0 3Bit 0 4Bit 0 5Bit 0 6Bit 0
True label 1 Full 1 3Bit 1 3Bit 1 4Bit 1 5Bit 1 6Bit 1
True label 0 Full 0 3Bit 0 3Bit 0 4Bit 0 5Bit 0 6Bit 0
True label 1 Full 1 3Bit 0 3Bit 0 4Bit 1 5Bit 0 6Bit 1
True label 1 Full 1 3Bit 0 3Bit 0 4Bit 1 5Bit 1 6Bit 1
True label 0 Full 0 3Bit 0 3Bit 0 4Bit 0 5Bit 0 6Bit 0
True label 0 Full 0 3Bit 0 3Bit 0 4Bit 0 5Bit 0 6Bit 0
True label 1 Full 1 3Bit 1 3Bit 1 4Bit 1 5Bit 1 6Bit 1
True label 0 Full 0 3Bit 0 3Bit 0 4Bit 0 5Bit 0 6Bit 0
True label 1 Full 1 3Bit 1 3Bit 1 4Bit 1 5Bit 1 6Bit 1
True label 1 Full 1 3Bit 1 3Bit 1 4Bit 1 5Bit 1 6Bit 1
True label 0 Full 1 3Bit 0 3Bit 0 4Bit 1 5Bit 1 6Bit 1
True label 1 Full 1 3Bit 1 3Bit 1 4Bit 1 5Bit 1 6Bit 1
True label 0 Full 0 3Bit 0 3Bit 0 4Bit 0 5Bit 0 6Bit 0
True label 1 Full 1 3Bit 1 3Bit 1 4Bit 1 5Bit 1 6Bit 1
True label 0 Full 0 3Bit 0 3Bit 0 4Bit 0 5Bit 0 6Bit 0
True label 1 Full 1 3Bit 1 3Bit 1 4Bit 1 5Bit 1 6Bit 1
True label 0 Full 0 3Bit 0 3Bit 0 4Bit 0 5Bit 0 6Bit 0
True label 1 Full 1 3Bit 1 3Bit 1 4Bit 1 5Bit 1 6Bit 1
True label 0 Full 1 3Bit 0 3Bit 0 4Bit 1 5Bit 1 6Bit 1
True label 0 Full 0 3Bit 0 3Bit 0 4Bit 0 5Bit 0 6Bit 0
True label 1 Full 1 3Bit 1 3Bit 1 4Bit 1 5Bit 1 6Bit 1
True label 1 Full 1 3Bit 1 3Bit 1 4Bit 1 5Bit 1 6Bit 1
True label 0 Full 0 3Bit 0 3Bit 0 4Bit 0 5Bit 0 6Bit 0
True label 1 Full 1 3Bit 0 3Bit 0 4Bit 1 5Bit 1 6Bit 1
True label 0 Full 0 3Bit 0 3Bit 0 4Bit 0 5Bit 0 6Bit 0
True label 1 Full 1 3Bit 1 3Bit 1 4Bit 1 5Bit 1 6Bit 1
True label 0 Full 0 3Bit 0 3Bit 0 4Bit 0 5Bit 1 6Bit 0
True label 1 Full 0 3Bit 1 3Bit 1 4Bit 1 5Bit 1 6Bit 1
True label 1 Full 1 3Bit 1 3Bit 1 4Bit 1 5Bit 1 6Bit 1
True label 0 Full 0 3Bit 0 3Bit 0 4Bit 0 5Bit 0 6Bit 0
True label 1 Full 1 3Bit 1 3Bit 1 4Bit 1 5Bit 1 6Bit 1
True label 0 Full 0 3Bit 0 3Bit 0 4Bit 0 5Bit 0 6Bit 0
True label 0 Full 1 3Bit 0 3Bit 0 4Bit 1 5Bit 1 6Bit 1
True label 0 Full 0 3Bit 0 3Bit 0 4Bit 0 5Bit 0 6Bit 0
True label 0 Full 0 3Bit 0 3Bit 0 4Bit 0 5Bit 0 6Bit 0
True label 1 Full 1 3Bit 1 3Bit 1 4Bit 1 5Bit 1 6Bit 1
True label 0 Full 0 3Bit 0 3Bit 0 4Bit 0 5Bit 0 6Bit 0
True label 0 Full 0 3Bit 0 3Bit 0 4Bit 0 5Bit 0 6Bit 0
True label 0 Full 0 3Bit 0 3Bit 0 4Bit 0 5Bit 0 6Bit 0
True label 0 Full 0 3Bit 0 3Bit 0 4Bit 0 5Bit 0 6Bit 0
True label 1 Full 1 3Bit 1 3Bit 1 4Bit 1 5Bit 1 6Bit 1
True label 1 Full 1 3Bit 0 3Bit 0 4Bit 1 5Bit 1 6Bit 1
True label 1 Full 1 3Bit 0 3Bit 0 4Bit 1 5Bit 1 6Bit 1
True label 0 Full 0 3Bit 0 3Bit 0 4Bit 0 5Bit 0 6Bit 0
True label 1 Full 1 3Bit 1 3Bit 1 4Bit 1 5Bit 1 6Bit 1
True label 1 Full 1 3Bit 1 3Bit 1 4Bit 1 5Bit 1 6Bit 1
True label 1 Full 0 3Bit 0 3Bit 0 4Bit 0 5Bit 0 6Bit 0
True label 1 Full 1 3Bit 0 3Bit 0 4Bit 1 5Bit 1 6Bit 1
True label 1 Full 1 3Bit 1 3Bit 1 4Bit 1 5Bit 1 6Bit 1
True label 1 Full 0 3Bit 0 3Bit 0 4Bit 0 5Bit 0 6Bit 0
True label 0 Full 1 3Bit 1 3Bit 1 4Bit 1 5Bit 1 6Bit 1
True label 1 Full 1 3Bit 1 3Bit 1 4Bit 0 5Bit 1 6Bit 1
True label 1 Full 0 3Bit 0 3Bit 0 4Bit 1 5Bit 0 6Bit 0
True label 1 Full 1 3Bit 1 3Bit 1 4Bit 1 5Bit 1 6Bit 1
True label 1 Full 1 3Bit 1 3Bit 1 4Bit 1 5Bit 1 6Bit 1
True label 0 Full 0 3Bit 0 3Bit 0 4Bit 0 5Bit 0 6Bit 0
True label 1 Full 1 3Bit 1 3Bit 1 4Bit 1 5Bit 1 6Bit 1
True label 1 Full 1 3Bit 1 3Bit 1 4Bit 0 5Bit 1 6Bit 1
True label 1 Full 0 3Bit 0 3Bit 0 4Bit 1 5Bit 0 6Bit 0
True label 0 Full 0 3Bit 0 3Bit 0 4Bit 0 5Bit 0 6Bit 0
True label 1 Full 1 3Bit 0 3Bit 0 4Bit 1 5Bit 1 6Bit 1
True label 1 Full 1 3Bit 1 3Bit 1 4Bit 1 5Bit 1 6Bit 1
True label 1 Full 1 3Bit 0 3Bit 0 4Bit 1 5Bit 1 6Bit 1
True label 1 Full 1 3Bit 1 3Bit 1 4Bit 1 5Bit 1 6Bit 1
True label 1 Full 1 3Bit 1 3Bit 1 4Bit 1 5Bit 1 6Bit 1
True label 1 Full 1 3Bit 1 3Bit 1 4Bit 1 5Bit 1 6Bit 1
True label 0 Full 0 3Bit 0 3Bit 0 4Bit 0 5Bit 0 6Bit 0
True label 0 Full 0 3Bit 0 3Bit 0 4Bit 0 5Bit 0 6Bit 0
True label 0 Full 0 3Bit 0 3Bit 0 4Bit 0 5Bit 0 6Bit 0
True label 1 Full 1 3Bit 1 3Bit 1 4Bit 1 5Bit 1 6Bit 1
True label 1 Full 1 3Bit 1 3Bit 1 4Bit 1 5Bit 1 6Bit 1
True label 1 Full 1 3Bit 1 3Bit 1 4Bit 1 5Bit 1 6Bit 1
True label 1 Full 1 3Bit 1 3Bit 1 4Bit 1 5Bit 1 6Bit 1
True label 1 Full 1 3Bit 1 3Bit 1 4Bit 1 5Bit 1 6Bit 1
True label 1 Full 1 3Bit 1 3Bit 1 4Bit 1 5Bit 1 6Bit 1
True label 0 Full 0 3Bit 0 3Bit 0 4Bit 0 5Bit 0 6Bit 0
True label 0 Full 0 3Bit 0 3Bit 0 4Bit 0 5Bit 0 6Bit 0
True label 1 Full 1 3Bit 1 3Bit 1 4Bit 1 5Bit 1 6Bit 1
True label 1 Full 0 3Bit 1 3Bit 1 4Bit 1 5Bit 0 6Bit 0
True label 0 Full 0 3Bit 0 3Bit 0 4Bit 0 5Bit 0 6Bit 0
True label 0 Full 0 3Bit 0 3Bit 0 4Bit 0 5Bit 0 6Bit 0
True label 0 Full 0 3Bit 0 3Bit 0 4Bit 0 5Bit 0 6Bit 0
True label 1 Full 1 3Bit 1 3Bit 1 4Bit 1 5Bit 1 6Bit 1
True label 0 Full 0 3Bit 0 3Bit 0 4Bit 1 5Bit 1 6Bit 1
True label 1 Full 1 3Bit 1 3Bit 1 4Bit 1 5Bit 1 6Bit 1
True label 1 Full 1 3Bit 1 3Bit 1 4Bit 1 5Bit 1 6Bit 1
True label 1 Full 1 3Bit 1 3Bit 1 4Bit 1 5Bit 1 6Bit 1
True label 0 Full 0 3Bit 0 3Bit 0 4Bit 0 5Bit 0 6Bit 0
True label 1 Full 1 3Bit 1 3Bit 1 4Bit 1 5Bit 1 6Bit 1
True label 0 Full 0 3Bit 0 3Bit 0 4Bit 0 5Bit 0 6Bit 0
True label 0 Full 0 3Bit 0 3Bit 0 4Bit 0 5Bit 0 6Bit 0
True label 0 Full 0 3Bit 0 3Bit 0 4Bit 0 5Bit 0 6Bit 0
True label 1 Full 0 3Bit 0 3Bit 0 4Bit 0 5Bit 0 6Bit 0
True label 1 Full 1 3Bit 1 3Bit 1 4Bit 1 5Bit 1 6Bit 1
True label 1 Full 1 3Bit 1 3Bit 1 4Bit 1 5Bit 1 6Bit 1
True label 1 Full 1 3Bit 1 3Bit 1 4Bit 1 5Bit 1 6Bit 1
True label 1 Full 1 3Bit 1 3Bit 1 4Bit 1 5Bit 1 6Bit 1
True label 0 Full 0 3Bit 0 3Bit 0 4Bit 0 5Bit 0 6Bit 0
True label 0 Full 0 3Bit 0 3Bit 0 4Bit 0 5Bit 0 6Bit 0
True label 0 Full 0 3Bit 0 3Bit 0 4Bit 0 5Bit 0 6Bit 0
True label 1 Full 1 3Bit 1 3Bit 1 4Bit 1 5Bit 1 6Bit 1
True label 1 Full 1 3Bit 1 3Bit 1 4Bit 1 5Bit 1 6Bit 1
True label 0 Full 0 3Bit 0 3Bit 0 4Bit 0 5Bit 0 6Bit 0
True label 1 Full 1 3Bit 1 3Bit 1 4Bit 1 5Bit 1 6Bit 1
True label 1 Full 1 3Bit 1 3Bit 1 4Bit 1 5Bit 1 6Bit 1
True label 0 Full 0 3Bit 0 3Bit 0 4Bit 0 5Bit 0 6Bit 0
True label 1 Full 1 3Bit 1 3Bit 1 4Bit 1 5Bit 1 6Bit 1
True label 0 Full 0 3Bit 0 3Bit 0 4Bit 0 5Bit 0 6Bit 0
True label 0 Full 0 3Bit 0 3Bit 0 4Bit 0 5Bit 0 6Bit 0
True label 1 Full 1 3Bit 1 3Bit 1 4Bit 1 5Bit 1 6Bit 1
True label 1 Full 0 3Bit 0 3Bit 0 4Bit 0 5Bit 0 6Bit 0
True label 1 Full 1 3Bit 1 3Bit 1 4Bit 1 5Bit 1 6Bit 1
True label 0 Full 0 3Bit 0 3Bit 0 4Bit 0 5Bit 1 6Bit 0
True label 0 Full 0 3Bit 0 3Bit 0 4Bit 1 5Bit 1 6Bit 1
True label 0 Full 0 3Bit 0 3Bit 0 4Bit 0 5Bit 0 6Bit 0
True label 0 Full 1 3Bit 0 3Bit 0 4Bit 0 5Bit 1 6Bit 1
True label 1 Full 1 3Bit 1 3Bit 1 4Bit 1 5Bit 1 6Bit 1
True label 0 Full 0 3Bit 0 3Bit 0 4Bit 0 5Bit 0 6Bit 0
True label 0 Full 1 3Bit 1 3Bit 1 4Bit 1 5Bit 1 6Bit 1
True label 0 Full 0 3Bit 0 3Bit 0 4Bit 0 5Bit 0 6Bit 0
True label 1 Full 1 3Bit 1 3Bit 1 4Bit 1 5Bit 1 6Bit 1
True label 0 Full 0 3Bit 0 3Bit 0 4Bit 0 5Bit 0 6Bit 0
True label 0 Full 0 3Bit 0 3Bit 0 4Bit 0 5Bit 0 6Bit 0
True label 0 Full 0 3Bit 0 3Bit 0 4Bit 0 5Bit 0 6Bit 0
True label 0 Full 0 3Bit 0 3Bit 0 4Bit 0 5Bit 0 6Bit 0
True label 0 Full 0 3Bit 0 3Bit 0 4Bit 0 5Bit 0 6Bit 0
True label 0 Full 0 3Bit 0 3Bit 0 4Bit 0 5Bit 0 6Bit 0
True label 0 Full 0 3Bit 0 3Bit 0 4Bit 0 5Bit 0 6Bit 0
True label 1 Full 1 3Bit 1 3Bit 1 4Bit 0 5Bit 1 6Bit 1
True label 0 Full 1 3Bit 1 3Bit 1 4Bit 1 5Bit 1 6Bit 1
True label 0 Full 0 3Bit 0 3Bit 0 4Bit 0 5Bit 0 6Bit 0
True label 1 Full 1 3Bit 0 3Bit 0 4Bit 0 5Bit 1 6Bit 1
True label 0 Full 0 3Bit 0 3Bit 0 4Bit 0 5Bit 0 6Bit 0
True label 0 Full 0 3Bit 0 3Bit 0 4Bit 0 5Bit 0 6Bit 0
True label 1 Full 1 3Bit 1 3Bit 1 4Bit 1 5Bit 1 6Bit 1
True label 1 Full 1 3Bit 1 3Bit 1 4Bit 1 5Bit 1 6Bit 1
True label 1 Full 0 3Bit 0 3Bit 0 4Bit 0 5Bit 1 6Bit 0
True label 0 Full 0 3Bit 0 3Bit 0 4Bit 0 5Bit 0 6Bit 0
True label 0 Full 0 3Bit 0 3Bit 0 4Bit 0 5Bit 0 6Bit 0
True label 1 Full 1 3Bit 1 3Bit 1 4Bit 1 5Bit 1 6Bit 1
True label 0 Full 0 3Bit 0 3Bit 0 4Bit 0 5Bit 0 6Bit 0
True label 1 Full 1 3Bit 1 3Bit 1 4Bit 1 5Bit 1 6Bit 1
True label 1 Full 1 3Bit 1 3Bit 1 4Bit 1 5Bit 1 6Bit 1
True label 0 Full 0 3Bit 0 3Bit 0 4Bit 0 5Bit 0 6Bit 0
True label 1 Full 1 3Bit 1 3Bit 1 4Bit 1 5Bit 1 6Bit 1
True label 1 Full 1 3Bit 1 3Bit 1 4Bit 1 5Bit 1 6Bit 1
True label 0 Full 0 3Bit 0 3Bit 0 4Bit 1 5Bit 1 6Bit 0
True label 1 Full 0 3Bit 0 3Bit 0 4Bit 0 5Bit 0 6Bit 1
True label 1 Full 1 3Bit 1 3Bit 1 4Bit 1 5Bit 1 6Bit 1
True label 0 Full 0 3Bit 0 3Bit 0 4Bit 0 5Bit 0 6Bit 0
True label 0 Full 0 3Bit 0 3Bit 0 4Bit 0 5Bit 0 6Bit 0
True label 1 Full 1 3Bit 1 3Bit 1 4Bit 1 5Bit 1 6Bit 1
True label 1 Full 0 3Bit 0 3Bit 0 4Bit 0 5Bit 0 6Bit 0
True label 1 Full 0 3Bit 0 3Bit 0 4Bit 0 5Bit 0 6Bit 0
True label 1 Full 0 3Bit 1 3Bit 1 4Bit 1 5Bit 0 6Bit 0
True label 0 Full 0 3Bit 0 3Bit 0 4Bit 0 5Bit 0 6Bit 0
True label 0 Full 0 3Bit 0 3Bit 0 4Bit 1 5Bit 0 6Bit 0
True label 1 Full 1 3Bit 1 3Bit 1 4Bit 1 5Bit 1 6Bit 1
True label 0 Full 0 3Bit 0 3Bit 0 4Bit 0 5Bit 0 6Bit 0
True label 0 Full 1 3Bit 0 3Bit 0 4Bit 0 5Bit 1 6Bit 1
True label 1 Full 1 3Bit 0 3Bit 0 4Bit 1 5Bit 1 6Bit 1
True label 0 Full 0 3Bit 1 3Bit 1 4Bit 0 5Bit 1 6Bit 0
True label 0 Full 0 3Bit 0 3Bit 0 4Bit 0 5Bit 0 6Bit 0
True label 1 Full 1 3Bit 1 3Bit 1 4Bit 1 5Bit 1 6Bit 1
True label 0 Full 0 3Bit 0 3Bit 0 4Bit 0 5Bit 0 6Bit 0
True label 1 Full 1 3Bit 1 3Bit 1 4Bit 1 5Bit 1 6Bit 1
True label 0 Full 0 3Bit 0 3Bit 0 4Bit 0 5Bit 0 6Bit 0
True label 1 Full 1 3Bit 1 3Bit 1 4Bit 1 5Bit 1 6Bit 1
True label 1 Full 0 3Bit 1 3Bit 1 4Bit 1 5Bit 0 6Bit 1
True label 1 Full 1 3Bit 1 3Bit 1 4Bit 1 5Bit 1 6Bit 1
True label 1 Full 1 3Bit 0 3Bit 0 4Bit 1 5Bit 1 6Bit 1
True label 1 Full 1 3Bit 1 3Bit 1 4Bit 1 5Bit 1 6Bit 1
True label 0 Full 0 3Bit 0 3Bit 0 4Bit 0 5Bit 0 6Bit 0
True label 1 Full 1 3Bit 1 3Bit 1 4Bit 1 5Bit 1 6Bit 1
True label 0 Full 0 3Bit 0 3Bit 0 4Bit 0 5Bit 0 6Bit 0
True label 1 Full 1 3Bit 1 3Bit 1 4Bit 1 5Bit 1 6Bit 1
True label 0 Full 0 3Bit 0 3Bit 0 4Bit 0 5Bit 0 6Bit 0
True label 0 Full 0 3Bit 0 3Bit 0 4Bit 0 5Bit 0 6Bit 0
True label 0 Full 0 3Bit 0 3Bit 0 4Bit 0 5Bit 0 6Bit 0
True label 1 Full 1 3Bit 1 3Bit 1 4Bit 1 5Bit 1 6Bit 1
True label 1 Full 1 3Bit 1 3Bit 1 4Bit 1 5Bit 1 6Bit 1
True label 1 Full 1 3Bit 1 3Bit 1 4Bit 1 5Bit 1 6Bit 1
True label 0 Full 0 3Bit 0 3Bit 0 4Bit 0 5Bit 0 6Bit 0
True label 0 Full 1 3Bit 1 3Bit 1 4Bit 1 5Bit 1 6Bit 1
True label 0 Full 0 3Bit 0 3Bit 0 4Bit 0 5Bit 0 6Bit 0
True label 0 Full 0 3Bit 0 3Bit 0 4Bit 0 5Bit 0 6Bit 0
True label 1 Full 1 3Bit 1 3Bit 1 4Bit 1 5Bit 1 6Bit 1
True label 1 Full 0 3Bit 0 3Bit 0 4Bit 1 5Bit 1 6Bit 0
True label 0 Full 0 3Bit 0 3Bit 0 4Bit 0 5Bit 0 6Bit 0
True label 1 Full 1 3Bit 0 3Bit 0 4Bit 0 5Bit 1 6Bit 1
True label 0 Full 0 3Bit 0 3Bit 0 4Bit 0 5Bit 0 6Bit 0
True label 0 Full 0 3Bit 0 3Bit 0 4Bit 0 5Bit 0 6Bit 0
True label 1 Full 1 3Bit 1 3Bit 1 4Bit 1 5Bit 1 6Bit 1
True label 1 Full 1 3Bit 1 3Bit 1 4Bit 1 5Bit 1 6Bit 1
True label 0 Full 0 3Bit 0 3Bit 0 4Bit 0 5Bit 0 6Bit 0
True label 1 Full 1 3Bit 1 3Bit 1 4Bit 1 5Bit 1 6Bit 1
True label 0 Full 0 3Bit 0 3Bit 0 4Bit 0 5Bit 0 6Bit 0
True label 1 Full 0 3Bit 0 3Bit 0 4Bit 1 5Bit 0 6Bit 0
True label 0 Full 0 3Bit 0 3Bit 0 4Bit 0 5Bit 0 6Bit 0
True label 1 Full 0 3Bit 1 3Bit 1 4Bit 1 5Bit 0 6Bit 0
True label 1 Full 1 3Bit 1 3Bit 1 4Bit 1 5Bit 1 6Bit 1
True label 1 Full 1 3Bit 1 3Bit 1 4Bit 1 5Bit 1 6Bit 1
True label 1 Full 1 3Bit 0 3Bit 0 4Bit 1 5Bit 1 6Bit 1
True label 0 Full 0 3Bit 0 3Bit 0 4Bit 0 5Bit 0 6Bit 0
True label 0 Full 0 3Bit 0 3Bit 0 4Bit 0 5Bit 0 6Bit 0
True label 0 Full 0 3Bit 0 3Bit 0 4Bit 0 5Bit 0 6Bit 0
True label 0 Full 0 3Bit 0 3Bit 0 4Bit 0 5Bit 0 6Bit 0
True label 1 Full 1 3Bit 1 3Bit 1 4Bit 1 5Bit 1 6Bit 1
True label 1 Full 1 3Bit 1 3Bit 1 4Bit 1 5Bit 1 6Bit 1
True label 1 Full 1 3Bit 1 3Bit 1 4Bit 1 5Bit 1 6Bit 1
True label 1 Full 1 3Bit 1 3Bit 1 4Bit 1 5Bit 1 6Bit 1
True label 1 Full 0 3Bit 0 3Bit 0 4Bit 0 5Bit 0 6Bit 0
True label 0 Full 0 3Bit 0 3Bit 0 4Bit 0 5Bit 0 6Bit 0
True label 1 Full 1 3Bit 0 3Bit 0 4Bit 1 5Bit 1 6Bit 1
True label 1 Full 1 3Bit 1 3Bit 1 4Bit 1 5Bit 1 6Bit 1
True label 1 Full 1 3Bit 1 3Bit 1 4Bit 1 5Bit 1 6Bit 1
True label 0 Full 0 3Bit 0 3Bit 0 4Bit 0 5Bit 0 6Bit 0
True label 1 Full 1 3Bit 0 3Bit 0 4Bit 1 5Bit 1 6Bit 1
True label 1 Full 1 3Bit 1 3Bit 1 4Bit 1 5Bit 1 6Bit 1
True label 1 Full 1 3Bit 1 3Bit 1 4Bit 1 5Bit 1 6Bit 1
True label 0 Full 0 3Bit 0 3Bit 0 4Bit 0 5Bit 0 6Bit 0
True label 1 Full 1 3Bit 1 3Bit 1 4Bit 1 5Bit 1 6Bit 1
True label 0 Full 0 3Bit 0 3Bit 0 4Bit 0 5Bit 0 6Bit 0
True label 1 Full 0 3Bit 0 3Bit 0 4Bit 0 5Bit 0 6Bit 0
True label 0 Full 0 3Bit 0 3Bit 0 4Bit 0 5Bit 0 6Bit 0
True label 0 Full 0 3Bit 0 3Bit 0 4Bit 0 5Bit 0 6Bit 0
True label 1 Full 0 3Bit 0 3Bit 0 4Bit 1 5Bit 1 6Bit 0
True label 1 Full 1 3Bit 1 3Bit 1 4Bit 1 5Bit 1 6Bit 1
True label 1 Full 1 3Bit 1 3Bit 1 4Bit 1 5Bit 1 6Bit 1
True label 1 Full 1 3Bit 1 3Bit 1 4Bit 1 5Bit 1 6Bit 1
True label 1 Full 1 3Bit 1 3Bit 1 4Bit 1 5Bit 1 6Bit 1
True label 0 Full 0 3Bit 0 3Bit 0 4Bit 0 5Bit 0 6Bit 0
True label 1 Full 1 3Bit 1 3Bit 1 4Bit 1 5Bit 1 6Bit 1
True label 0 Full 0 3Bit 0 3Bit 0 4Bit 0 5Bit 0 6Bit 0
True label 0 Full 0 3Bit 1 3Bit 1 4Bit 0 5Bit 0 6Bit 0
True label 1 Full 1 3Bit 1 3Bit 1 4Bit 1 5Bit 1 6Bit 1
True label 1 Full 1 3Bit 1 3Bit 1 4Bit 1 5Bit 1 6Bit 1
True label 1 Full 1 3Bit 1 3Bit 1 4Bit 1 5Bit 1 6Bit 1
True label 0 Full 0 3Bit 0 3Bit 0 4Bit 0 5Bit 0 6Bit 0
True label 0 Full 0 3Bit 0 3Bit 0 4Bit 0 5Bit 0 6Bit 0
True label 0 Full 0 3Bit 0 3Bit 0 4Bit 0 5Bit 0 6Bit 0
True label 1 Full 1 3Bit 1 3Bit 1 4Bit 1 5Bit 1 6Bit 1
True label 1 Full 1 3Bit 1 3Bit 1 4Bit 1 5Bit 1 6Bit 1
True label 1 Full 0 3Bit 0 3Bit 0 4Bit 0 5Bit 0 6Bit 0
True label 0 Full 0 3Bit 0 3Bit 0 4Bit 0 5Bit 0 6Bit 0
True label 0 Full 0 3Bit 0 3Bit 0 4Bit 0 5Bit 0 6Bit 0
True label 0 Full 0 3Bit 0 3Bit 0 4Bit 0 5Bit 0 6Bit 0
True label 1 Full 1 3Bit 1 3Bit 1 4Bit 1 5Bit 1 6Bit 1
True label 1 Full 1 3Bit 1 3Bit 1 4Bit 1 5Bit 1 6Bit 1
True label 0 Full 0 3Bit 0 3Bit 0 4Bit 0 5Bit 0 6Bit 0
True label 1 Full 1 3Bit 1 3Bit 1 4Bit 1 5Bit 1 6Bit 1
True label 1 Full 1 3Bit 1 3Bit 1 4Bit 1 5Bit 1 6Bit 1
True label 1 Full 1 3Bit 1 3Bit 1 4Bit 1 5Bit 1 6Bit 1
True label 0 Full 0 3Bit 0 3Bit 0 4Bit 0 5Bit 0 6Bit 0
True label 1 Full 0 3Bit 0 3Bit 0 4Bit 1 5Bit 1 6Bit 0
True label 1 Full 1 3Bit 1 3Bit 1 4Bit 1 5Bit 1 6Bit 1
True label 0 Full 0 3Bit 0 3Bit 0 4Bit 0 5Bit 0 6Bit 0
True label 1 Full 1 3Bit 1 3Bit 1 4Bit 0 5Bit 1 6Bit 1
True label 1 Full 1 3Bit 1 3Bit 1 4Bit 1 5Bit 1 6Bit 1
True label 1 Full 1 3Bit 1 3Bit 1 4Bit 1 5Bit 1 6Bit 1
True label 0 Full 0 3Bit 0 3Bit 0 4Bit 1 5Bit 0 6Bit 0
True label 1 Full 1 3Bit 1 3Bit 1 4Bit 1 5Bit 1 6Bit 1
True label 1 Full 1 3Bit 1 3Bit 1 4Bit 1 5Bit 1 6Bit 1
True label 0 Full 0 3Bit 0 3Bit 0 4Bit 0 5Bit 0 6Bit 0
True label 1 Full 1 3Bit 1 3Bit 1 4Bit 1 5Bit 1 6Bit 1
True label 0 Full 0 3Bit 0 3Bit 0 4Bit 0 5Bit 0 6Bit 0
True label 0 Full 0 3Bit 0 3Bit 0 4Bit 0 5Bit 0 6Bit 0
True label 0 Full 0 3Bit 0 3Bit 0 4Bit 0 5Bit 0 6Bit 0
True label 1 Full 1 3Bit 1 3Bit 1 4Bit 1 5Bit 1 6Bit 1
True label 1 Full 1 3Bit 1 3Bit 1 4Bit 1 5Bit 1 6Bit 1
True label 0 Full 0 3Bit 0 3Bit 0 4Bit 1 5Bit 1 6Bit 0
True label 0 Full 0 3Bit 0 3Bit 0 4Bit 0 5Bit 0 6Bit 0
True label 0 Full 0 3Bit 0 3Bit 0 4Bit 0 5Bit 0 6Bit 0
True label 1 Full 1 3Bit 1 3Bit 1 4Bit 1 5Bit 1 6Bit 1
True label 0 Full 0 3Bit 0 3Bit 0 4Bit 0 5Bit 0 6Bit 0
True label 0 Full 0 3Bit 0 3Bit 0 4Bit 1 5Bit 0 6Bit 0
True label 1 Full 1 3Bit 1 3Bit 1 4Bit 1 5Bit 1 6Bit 1
True label 0 Full 0 3Bit 0 3Bit 0 4Bit 0 5Bit 0 6Bit 0
True label 0 Full 0 3Bit 0 3Bit 0 4Bit 0 5Bit 0 6Bit 0
True label 0 Full 0 3Bit 0 3Bit 0 4Bit 0 5Bit 0 6Bit 0
True label 0 Full 0 3Bit 0 3Bit 0 4Bit 0 5Bit 0 6Bit 0
True label 0 Full 0 3Bit 0 3Bit 0 4Bit 0 5Bit 0 6Bit 0
True label 0 Full 0 3Bit 0 3Bit 0 4Bit 0 5Bit 0 6Bit 0
True label 1 Full 1 3Bit 1 3Bit 1 4Bit 1 5Bit 1 6Bit 1
True label 0 Full 0 3Bit 0 3Bit 0 4Bit 0 5Bit 0 6Bit 0
True label 0 Full 1 3Bit 0 3Bit 0 4Bit 0 5Bit 1 6Bit 0
True label 1 Full 1 3Bit 1 3Bit 1 4Bit 1 5Bit 1 6Bit 1
True label 0 Full 0 3Bit 0 3Bit 0 4Bit 0 5Bit 0 6Bit 0
True label 0 Full 0 3Bit 0 3Bit 0 4Bit 0 5Bit 0 6Bit 0
True label 1 Full 1 3Bit 1 3Bit 1 4Bit 1 5Bit 1 6Bit 1
True label 1 Full 1 3Bit 1 3Bit 1 4Bit 1 5Bit 1 6Bit 1
True label 1 Full 0 3Bit 0 3Bit 0 4Bit 1 5Bit 1 6Bit 0
True label 0 Full 0 3Bit 0 3Bit 0 4Bit 0 5Bit 0 6Bit 0
True label 0 Full 0 3Bit 0 3Bit 0 4Bit 0 5Bit 0 6Bit 0
True label 0 Full 0 3Bit 0 3Bit 0 4Bit 0 5Bit 0 6Bit 0
True label 1 Full 0 3Bit 0 3Bit 0 4Bit 1 5Bit 0 6Bit 0
True label 0 Full 0 3Bit 0 3Bit 0 4Bit 0 5Bit 0 6Bit 0
True label 0 Full 0 3Bit 0 3Bit 0 4Bit 0 5Bit 0 6Bit 0
True label 0 Full 1 3Bit 0 3Bit 0 4Bit 1 5Bit 1 6Bit 1
True label 0 Full 0 3Bit 0 3Bit 0 4Bit 0 5Bit 0 6Bit 0
True label 1 Full 1 3Bit 0 3Bit 0 4Bit 1 5Bit 1 6Bit 1
True label 1 Full 1 3Bit 1 3Bit 1 4Bit 1 5Bit 1 6Bit 1
True label 1 Full 1 3Bit 1 3Bit 1 4Bit 1 5Bit 1 6Bit 1
True label 0 Full 1 3Bit 1 3Bit 1 4Bit 1 5Bit 1 6Bit 1
True label 0 Full 0 3Bit 0 3Bit 0 4Bit 0 5Bit 0 6Bit 0
True label 0 Full 0 3Bit 0 3Bit 0 4Bit 0 5Bit 0 6Bit 0
True label 1 Full 0 3Bit 1 3Bit 1 4Bit 0 5Bit 0 6Bit 1
True label 0 Full 0 3Bit 0 3Bit 0 4Bit 0 5Bit 0 6Bit 0
True label 1 Full 1 3Bit 1 3Bit 1 4Bit 1 5Bit 1 6Bit 1
True label 0 Full 0 3Bit 0 3Bit 0 4Bit 0 5Bit 0 6Bit 0
True label 1 Full 1 3Bit 1 3Bit 1 4Bit 1 5Bit 1 6Bit 1
True label 0 Full 0 3Bit 0 3Bit 0 4Bit 0 5Bit 0 6Bit 0
True label 0 Full 0 3Bit 0 3Bit 0 4Bit 0 5Bit 0 6Bit 0
True label 1 Full 1 3Bit 1 3Bit 1 4Bit 1 5Bit 1 6Bit 1
True label 1 Full 0 3Bit 0 3Bit 0 4Bit 0 5Bit 0 6Bit 0
True label 1 Full 1 3Bit 1 3Bit 1 4Bit 1 5Bit 1 6Bit 1
True label 0 Full 0 3Bit 0 3Bit 0 4Bit 0 5Bit 0 6Bit 0
True label 1 Full 1 3Bit 1 3Bit 1 4Bit 1 5Bit 1 6Bit 1
True label 0 Full 0 3Bit 0 3Bit 0 4Bit 0 5Bit 0 6Bit 0
True label 0 Full 0 3Bit 0 3Bit 0 4Bit 0 5Bit 0 6Bit 0
True label 0 Full 0 3Bit 0 3Bit 0 4Bit 0 5Bit 0 6Bit 0
True label 0 Full 0 3Bit 0 3Bit 0 4Bit 0 5Bit 0 6Bit 0
True label 1 Full 1 3Bit 1 3Bit 1 4Bit 1 5Bit 1 6Bit 1
True label 0 Full 0 3Bit 0 3Bit 0 4Bit 0 5Bit 0 6Bit 0
True label 0 Full 0 3Bit 0 3Bit 0 4Bit 0 5Bit 1 6Bit 1
True label 1 Full 1 3Bit 0 3Bit 0 4Bit 0 5Bit 0 6Bit 1
True label 0 Full 0 3Bit 0 3Bit 0 4Bit 0 5Bit 0 6Bit 0
True label 1 Full 1 3Bit 1 3Bit 1 4Bit 1 5Bit 1 6Bit 1
True label 1 Full 1 3Bit 1 3Bit 1 4Bit 1 5Bit 1 6Bit 1
True label 0 Full 0 3Bit 0 3Bit 0 4Bit 0 5Bit 0 6Bit 0
True label 0 Full 0 3Bit 0 3Bit 0 4Bit 0 5Bit 0 6Bit 0
True label 1 Full 1 3Bit 0 3Bit 0 4Bit 1 5Bit 1 6Bit 1
True label 1 Full 1 3Bit 1 3Bit 1 4Bit 1 5Bit 1 6Bit 1
True label 1 Full 1 3Bit 1 3Bit 1 4Bit 1 5Bit 1 6Bit 1
True label 0 Full 0 3Bit 0 3Bit 0 4Bit 0 5Bit 0 6Bit 0
True label 1 Full 1 3Bit 1 3Bit 1 4Bit 1 5Bit 1 6Bit 1
True label 0 Full 0 3Bit 0 3Bit 0 4Bit 0 5Bit 0 6Bit 0
True label 1 Full 1 3Bit 1 3Bit 1 4Bit 1 5Bit 1 6Bit 1
True label 0 Full 0 3Bit 0 3Bit 0 4Bit 0 5Bit 0 6Bit 0
True label 1 Full 1 3Bit 1 3Bit 1 4Bit 1 5Bit 1 6Bit 1
True label 1 Full 1 3Bit 1 3Bit 1 4Bit 1 5Bit 1 6Bit 1
True label 1 Full 1 3Bit 1 3Bit 1 4Bit 1 5Bit 1 6Bit 1
True label 0 Full 0 3Bit 0 3Bit 0 4Bit 0 5Bit 0 6Bit 0
True label 0 Full 0 3Bit 0 3Bit 0 4Bit 0 5Bit 0 6Bit 0
True label 1 Full 1 3Bit 1 3Bit 1 4Bit 1 5Bit 1 6Bit 1
True label 1 Full 1 3Bit 1 3Bit 1 4Bit 1 5Bit 1 6Bit 1
True label 0 Full 0 3Bit 0 3Bit 0 4Bit 0 5Bit 0 6Bit 0
True label 0 Full 0 3Bit 0 3Bit 0 4Bit 0 5Bit 0 6Bit 0
True label 0 Full 0 3Bit 0 3Bit 0 4Bit 0 5Bit 0 6Bit 0
True label 1 Full 1 3Bit 1 3Bit 1 4Bit 1 5Bit 1 6Bit 1
True label 1 Full 1 3Bit 1 3Bit 1 4Bit 1 5Bit 1 6Bit 1
True label 0 Full 0 3Bit 0 3Bit 0 4Bit 0 5Bit 0 6Bit 0
True label 0 Full 0 3Bit 0 3Bit 0 4Bit 0 5Bit 0 6Bit 0
True label 0 Full 0 3Bit 0 3Bit 0 4Bit 0 5Bit 0 6Bit 0
True label 0 Full 0 3Bit 0 3Bit 0 4Bit 0 5Bit 0 6Bit 0
True label 1 Full 1 3Bit 0 3Bit 0 4Bit 1 5Bit 1 6Bit 0
True label 0 Full 0 3Bit 0 3Bit 0 4Bit 0 5Bit 0 6Bit 0
True label 1 Full 1 3Bit 1 3Bit 1 4Bit 1 5Bit 1 6Bit 1
True label 0 Full 0 3Bit 0 3Bit 0 4Bit 0 5Bit 0 6Bit 0
True label 0 Full 0 3Bit 0 3Bit 0 4Bit 0 5Bit 0 6Bit 0
True label 0 Full 0 3Bit 0 3Bit 0 4Bit 0 5Bit 0 6Bit 0
True label 1 Full 1 3Bit 1 3Bit 1 4Bit 1 5Bit 1 6Bit 1
True label 0 Full 0 3Bit 0 3Bit 0 4Bit 0 5Bit 0 6Bit 0
True label 1 Full 1 3Bit 0 3Bit 0 4Bit 0 5Bit 1 6Bit 1
True label 0 Full 0 3Bit 0 3Bit 0 4Bit 0 5Bit 0 6Bit 0
True label 1 Full 1 3Bit 1 3Bit 1 4Bit 1 5Bit 1 6Bit 1
True label 1 Full 1 3Bit 1 3Bit 1 4Bit 1 5Bit 1 6Bit 1
True label 1 Full 1 3Bit 1 3Bit 1 4Bit 1 5Bit 1 6Bit 1
True label 1 Full 1 3Bit 1 3Bit 1 4Bit 1 5Bit 1 6Bit 1
True label 0 Full 0 3Bit 0 3Bit 0 4Bit 0 5Bit 0 6Bit 0
True label 1 Full 1 3Bit 1 3Bit 1 4Bit 1 5Bit 1 6Bit 1
True label 1 Full 1 3Bit 1 3Bit 1 4Bit 1 5Bit 1 6Bit 1
True label 0 Full 0 3Bit 0 3Bit 0 4Bit 0 5Bit 0 6Bit 0
True label 0 Full 0 3Bit 0 3Bit 0 4Bit 0 5Bit 0 6Bit 0
True label 0 Full 0 3Bit 0 3Bit 0 4Bit 0 5Bit 0 6Bit 0
True label 1 Full 1 3Bit 1 3Bit 1 4Bit 1 5Bit 1 6Bit 1
True label 0 Full 0 3Bit 0 3Bit 0 4Bit 0 5Bit 0 6Bit 0
True label 1 Full 1 3Bit 1 3Bit 1 4Bit 1 5Bit 1 6Bit 1
True label 1 Full 1 3Bit 0 3Bit 0 4Bit 1 5Bit 1 6Bit 1
True label 0 Full 0 3Bit 0 3Bit 0 4Bit 0 5Bit 0 6Bit 0
True label 0 Full 0 3Bit 0 3Bit 0 4Bit 0 5Bit 0 6Bit 0
True label 0 Full 0 3Bit 0 3Bit 0 4Bit 0 5Bit 0 6Bit 0
True label 0 Full 0 3Bit 0 3Bit 0 4Bit 0 5Bit 0 6Bit 0
True label 1 Full 0 3Bit 0 3Bit 0 4Bit 0 5Bit 0 6Bit 0
True label 1 Full 1 3Bit 1 3Bit 1 4Bit 1 5Bit 1 6Bit 1
True label 0 Full 0 3Bit 0 3Bit 0 4Bit 1 5Bit 0 6Bit 0
True label 1 Full 1 3Bit 1 3Bit 1 4Bit 1 5Bit 1 6Bit 1
True label 1 Full 1 3Bit 0 3Bit 0 4Bit 1 5Bit 1 6Bit 1
True label 1 Full 1 3Bit 1 3Bit 1 4Bit 1 5Bit 1 6Bit 1
True label 0 Full 1 3Bit 0 3Bit 0 4Bit 0 5Bit 1 6Bit 1
True label 0 Full 0 3Bit 0 3Bit 0 4Bit 0 5Bit 0 6Bit 0
True label 0 Full 0 3Bit 0 3Bit 0 4Bit 0 5Bit 0 6Bit 0
True label 1 Full 1 3Bit 1 3Bit 1 4Bit 1 5Bit 1 6Bit 1
True label 0 Full 0 3Bit 0 3Bit 0 4Bit 0 5Bit 0 6Bit 0
True label 0 Full 0 3Bit 0 3Bit 0 4Bit 0 5Bit 0 6Bit 0
True label 1 Full 1 3Bit 1 3Bit 1 4Bit 1 5Bit 1 6Bit 1
True label 0 Full 1 3Bit 0 3Bit 0 4Bit 1 5Bit 1 6Bit 1
True label 1 Full 1 3Bit 1 3Bit 1 4Bit 1 5Bit 1 6Bit 1
True label 1 Full 1 3Bit 1 3Bit 1 4Bit 1 5Bit 1 6Bit 1
True label 0 Full 0 3Bit 0 3Bit 0 4Bit 0 5Bit 0 6Bit 0
True label 1 Full 0 3Bit 0 3Bit 0 4Bit 0 5Bit 0 6Bit 0
True label 0 Full 0 3Bit 0 3Bit 0 4Bit 0 5Bit 0 6Bit 0
True label 0 Full 0 3Bit 0 3Bit 0 4Bit 0 5Bit 0 6Bit 0
True label 1 Full 1 3Bit 0 3Bit 0 4Bit 1 5Bit 1 6Bit 1
True label 1 Full 1 3Bit 0 3Bit 0 4Bit 1 5Bit 0 6Bit 1
True label 1 Full 1 3Bit 1 3Bit 1 4Bit 1 5Bit 1 6Bit 1
True label 1 Full 0 3Bit 1 3Bit 1 4Bit 1 5Bit 1 6Bit 0
True label 1 Full 1 3Bit 1 3Bit 1 4Bit 1 5Bit 1 6Bit 1
True label 0 Full 0 3Bit 0 3Bit 0 4Bit 0 5Bit 0 6Bit 0
True label 0 Full 0 3Bit 0 3Bit 0 4Bit 0 5Bit 0 6Bit 0
True label 1 Full 1 3Bit 1 3Bit 1 4Bit 1 5Bit 1 6Bit 1
True label 0 Full 0 3Bit 0 3Bit 0 4Bit 0 5Bit 0 6Bit 0
True label 0 Full 0 3Bit 0 3Bit 0 4Bit 0 5Bit 0 6Bit 0
True label 1 Full 1 3Bit 1 3Bit 1 4Bit 1 5Bit 1 6Bit 1
True label 0 Full 0 3Bit 0 3Bit 0 4Bit 0 5Bit 0 6Bit 0
True label 0 Full 0 3Bit 0 3Bit 0 4Bit 0 5Bit 0 6Bit 0
True label 1 Full 1 3Bit 1 3Bit 1 4Bit 1 5Bit 1 6Bit 1
True label 0 Full 0 3Bit 0 3Bit 0 4Bit 0 5Bit 0 6Bit 0
True label 1 Full 1 3Bit 1 3Bit 1 4Bit 1 5Bit 1 6Bit 1
True label 0 Full 1 3Bit 1 3Bit 1 4Bit 0 5Bit 1 6Bit 1
True label 1 Full 1 3Bit 0 3Bit 0 4Bit 0 5Bit 1 6Bit 1
True label 1 Full 1 3Bit 1 3Bit 1 4Bit 1 5Bit 1 6Bit 1
True label 1 Full 1 3Bit 1 3Bit 1 4Bit 1 5Bit 1 6Bit 1
True label 0 Full 1 3Bit 1 3Bit 1 4Bit 1 5Bit 1 6Bit 1
True label 1 Full 1 3Bit 1 3Bit 1 4Bit 1 5Bit 1 6Bit 1
True label 0 Full 0 3Bit 0 3Bit 0 4Bit 0 5Bit 0 6Bit 0
True label 1 Full 1 3Bit 0 3Bit 0 4Bit 1 5Bit 1 6Bit 1
True label 1 Full 1 3Bit 1 3Bit 1 4Bit 1 5Bit 1 6Bit 1
True label 0 Full 0 3Bit 0 3Bit 0 4Bit 0 5Bit 0 6Bit 0
True label 1 Full 1 3Bit 1 3Bit 1 4Bit 1 5Bit 1 6Bit 1
True label 1 Full 1 3Bit 1 3Bit 1 4Bit 1 5Bit 1 6Bit 1
True label 0 Full 1 3Bit 0 3Bit 0 4Bit 1 5Bit 1 6Bit 1
True label 0 Full 0 3Bit 0 3Bit 0 4Bit 0 5Bit 0 6Bit 0
True label 1 Full 1 3Bit 0 3Bit 0 4Bit 1 5Bit 1 6Bit 1
True label 1 Full 1 3Bit 1 3Bit 1 4Bit 1 5Bit 1 6Bit 1
True label 0 Full 0 3Bit 0 3Bit 0 4Bit 0 5Bit 0 6Bit 0
True label 0 Full 1 3Bit 0 3Bit 0 4Bit 1 5Bit 1 6Bit 1
True label 1 Full 1 3Bit 1 3Bit 1 4Bit 1 5Bit 1 6Bit 1
True label 0 Full 0 3Bit 0 3Bit 0 4Bit 0 5Bit 0 6Bit 0
True label 1 Full 0 3Bit 0 3Bit 0 4Bit 0 5Bit 0 6Bit 0
True label 1 Full 1 3Bit 1 3Bit 1 4Bit 0 5Bit 1 6Bit 1
True label 1 Full 1 3Bit 1 3Bit 1 4Bit 1 5Bit 1 6Bit 1
True label 0 Full 1 3Bit 0 3Bit 0 4Bit 1 5Bit 1 6Bit 1
True label 0 Full 0 3Bit 0 3Bit 0 4Bit 0 5Bit 0 6Bit 0
True label 0 Full 0 3Bit 0 3Bit 0 4Bit 0 5Bit 0 6Bit 0
True label 0 Full 0 3Bit 0 3Bit 0 4Bit 0 5Bit 0 6Bit 0
True label 0 Full 0 3Bit 0 3Bit 0 4Bit 0 5Bit 0 6Bit 0
True label 1 Full 1 3Bit 1 3Bit 1 4Bit 1 5Bit 1 6Bit 1
True label 0 Full 0 3Bit 0 3Bit 0 4Bit 0 5Bit 0 6Bit 0
True label 0 Full 0 3Bit 0 3Bit 0 4Bit 0 5Bit 0 6Bit 0
True label 0 Full 0 3Bit 0 3Bit 0 4Bit 0 5Bit 0 6Bit 0
True label 1 Full 1 3Bit 1 3Bit 1 4Bit 1 5Bit 1 6Bit 1
True label 0 Full 0 3Bit 0 3Bit 0 4Bit 0 5Bit 0 6Bit 0
True label 0 Full 0 3Bit 0 3Bit 0 4Bit 0 5Bit 0 6Bit 0
True label 1 Full 0 3Bit 0 3Bit 0 4Bit 1 5Bit 1 6Bit 1
True label 0 Full 0 3Bit 0 3Bit 0 4Bit 0 5Bit 0 6Bit 0
True label 1 Full 1 3Bit 1 3Bit 1 4Bit 1 5Bit 1 6Bit 1
True label 0 Full 0 3Bit 0 3Bit 0 4Bit 0 5Bit 0 6Bit 0
True label 1 Full 1 3Bit 1 3Bit 1 4Bit 1 5Bit 1 6Bit 1
True label 0 Full 0 3Bit 0 3Bit 0 4Bit 0 5Bit 0 6Bit 0
True label 1 Full 1 3Bit 0 3Bit 0 4Bit 0 5Bit 1 6Bit 1
True label 1 Full 0 3Bit 0 3Bit 0 4Bit 0 5Bit 1 6Bit 1
True label 0 Full 0 3Bit 0 3Bit 0 4Bit 0 5Bit 0 6Bit 0
True label 0 Full 0 3Bit 0 3Bit 0 4Bit 0 5Bit 0 6Bit 0
True label 0 Full 0 3Bit 0 3Bit 0 4Bit 0 5Bit 0 6Bit 0
True label 1 Full 1 3Bit 1 3Bit 1 4Bit 1 5Bit 1 6Bit 1
True label 0 Full 0 3Bit 0 3Bit 0 4Bit 0 5Bit 0 6Bit 0
True label 1 Full 1 3Bit 0 3Bit 0 4Bit 0 5Bit 1 6Bit 0
True label 0 Full 0 3Bit 0 3Bit 0 4Bit 0 5Bit 0 6Bit 0
True label 0 Full 0 3Bit 0 3Bit 0 4Bit 0 5Bit 0 6Bit 0
True label 0 Full 0 3Bit 0 3Bit 0 4Bit 0 5Bit 0 6Bit 0
True label 0 Full 0 3Bit 0 3Bit 0 4Bit 0 5Bit 0 6Bit 0
True label 0 Full 0 3Bit 0 3Bit 0 4Bit 0 5Bit 0 6Bit 0
True label 0 Full 0 3Bit 0 3Bit 0 4Bit 0 5Bit 0 6Bit 0
True label 0 Full 0 3Bit 0 3Bit 0 4Bit 0 5Bit 0 6Bit 0
True label 1 Full 1 3Bit 0 3Bit 0 4Bit 0 5Bit 1 6Bit 1
True label 1 Full 1 3Bit 0 3Bit 0 4Bit 1 5Bit 1 6Bit 0
True label 1 Full 1 3Bit 1 3Bit 1 4Bit 1 5Bit 1 6Bit 1
True label 1 Full 1 3Bit 1 3Bit 1 4Bit 1 5Bit 1 6Bit 1
True label 1 Full 1 3Bit 0 3Bit 0 4Bit 0 5Bit 1 6Bit 1
True label 1 Full 1 3Bit 1 3Bit 1 4Bit 1 5Bit 1 6Bit 1
True label 0 Full 0 3Bit 0 3Bit 0 4Bit 0 5Bit 0 6Bit 0
True label 0 Full 0 3Bit 0 3Bit 0 4Bit 0 5Bit 0 6Bit 0
True label 0 Full 0 3Bit 0 3Bit 0 4Bit 0 5Bit 0 6Bit 0
True label 1 Full 0 3Bit 0 3Bit 0 4Bit 0 5Bit 0 6Bit 0
True label 1 Full 0 3Bit 1 3Bit 1 4Bit 1 5Bit 1 6Bit 1
True label 0 Full 0 3Bit 0 3Bit 0 4Bit 0 5Bit 0 6Bit 0
True label 0 Full 0 3Bit 0 3Bit 0 4Bit 0 5Bit 0 6Bit 0
True label 1 Full 0 3Bit 0 3Bit 0 4Bit 0 5Bit 1 6Bit 0
True label 1 Full 1 3Bit 1 3Bit 1 4Bit 0 5Bit 1 6Bit 1
True label 1 Full 1 3Bit 1 3Bit 1 4Bit 1 5Bit 1 6Bit 1
True label 0 Full 0 3Bit 0 3Bit 0 4Bit 0 5Bit 0 6Bit 0
True label 0 Full 0 3Bit 0 3Bit 0 4Bit 0 5Bit 0 6Bit 0
True label 1 Full 1 3Bit 1 3Bit 1 4Bit 1 5Bit 1 6Bit 1
True label 0 Full 0 3Bit 0 3Bit 0 4Bit 0 5Bit 0 6Bit 0
True label 1 Full 1 3Bit 1 3Bit 1 4Bit 1 5Bit 1 6Bit 1
True label 0 Full 0 3Bit 0 3Bit 0 4Bit 0 5Bit 0 6Bit 0
True label 1 Full 1 3Bit 1 3Bit 1 4Bit 1 5Bit 1 6Bit 1
True label 0 Full 0 3Bit 0 3Bit 0 4Bit 0 5Bit 0 6Bit 0
True label 1 Full 1 3Bit 1 3Bit 1 4Bit 1 5Bit 1 6Bit 1
True label 1 Full 1 3Bit 1 3Bit 1 4Bit 1 5Bit 1 6Bit 1
True label 0 Full 0 3Bit 1 3Bit 1 4Bit 0 5Bit 0 6Bit 0
True label 0 Full 0 3Bit 0 3Bit 0 4Bit 0 5Bit 0 6Bit 0
True label 0 Full 0 3Bit 0 3Bit 0 4Bit 0 5Bit 0 6Bit 0
True label 0 Full 0 3Bit 0 3Bit 0 4Bit 0 5Bit 0 6Bit 0
True label 0 Full 1 3Bit 0 3Bit 0 4Bit 0 5Bit 0 6Bit 1
True label 1 Full 1 3Bit 1 3Bit 1 4Bit 1 5Bit 1 6Bit 1
True label 0 Full 0 3Bit 0 3Bit 0 4Bit 0 5Bit 0 6Bit 0
True label 0 Full 0 3Bit 0 3Bit 0 4Bit 0 5Bit 0 6Bit 0
True label 1 Full 1 3Bit 1 3Bit 1 4Bit 1 5Bit 1 6Bit 1
True label 0 Full 1 3Bit 1 3Bit 1 4Bit 1 5Bit 1 6Bit 1
True label 1 Full 1 3Bit 1 3Bit 1 4Bit 1 5Bit 1 6Bit 0
True label 0 Full 0 3Bit 0 3Bit 0 4Bit 0 5Bit 0 6Bit 0
True label 1 Full 1 3Bit 1 3Bit 1 4Bit 1 5Bit 1 6Bit 1
True label 1 Full 1 3Bit 1 3Bit 1 4Bit 1 5Bit 1 6Bit 1
True label 0 Full 0 3Bit 0 3Bit 0 4Bit 0 5Bit 0 6Bit 0
True label 0 Full 0 3Bit 0 3Bit 0 4Bit 0 5Bit 0 6Bit 0
True label 1 Full 1 3Bit 1 3Bit 1 4Bit 1 5Bit 1 6Bit 1
True label 1 Full 1 3Bit 0 3Bit 0 4Bit 1 5Bit 1 6Bit 1
True label 0 Full 0 3Bit 0 3Bit 0 4Bit 0 5Bit 0 6Bit 0
True label 0 Full 0 3Bit 0 3Bit 0 4Bit 0 5Bit 0 6Bit 0
True label 0 Full 0 3Bit 0 3Bit 0 4Bit 0 5Bit 0 6Bit 0
True label 1 Full 1 3Bit 1 3Bit 1 4Bit 1 5Bit 1 6Bit 1
True label 0 Full 0 3Bit 0 3Bit 0 4Bit 0 5Bit 0 6Bit 0
True label 1 Full 0 3Bit 0 3Bit 0 4Bit 0 5Bit 0 6Bit 0
True label 1 Full 1 3Bit 1 3Bit 1 4Bit 1 5Bit 1 6Bit 1
True label 1 Full 1 3Bit 1 3Bit 1 4Bit 1 5Bit 1 6Bit 1
True label 1 Full 1 3Bit 1 3Bit 1 4Bit 1 5Bit 1 6Bit 1
True label 1 Full 1 3Bit 1 3Bit 1 4Bit 1 5Bit 1 6Bit 1
True label 1 Full 0 3Bit 0 3Bit 0 4Bit 1 5Bit 0 6Bit 1
True label 1 Full 1 3Bit 1 3Bit 1 4Bit 1 5Bit 1 6Bit 1
True label 1 Full 1 3Bit 1 3Bit 1 4Bit 1 5Bit 1 6Bit 1
True label 0 Full 0 3Bit 0 3Bit 0 4Bit 0 5Bit 0 6Bit 0
True label 1 Full 1 3Bit 1 3Bit 1 4Bit 1 5Bit 1 6Bit 1
True label 1 Full 1 3Bit 1 3Bit 1 4Bit 1 5Bit 1 6Bit 1
True label 1 Full 1 3Bit 1 3Bit 1 4Bit 1 5Bit 1 6Bit 1
True label 0 Full 0 3Bit 0 3Bit 0 4Bit 0 5Bit 0 6Bit 0
True label 1 Full 1 3Bit 1 3Bit 1 4Bit 1 5Bit 1 6Bit 1
True label 0 Full 0 3Bit 0 3Bit 0 4Bit 0 5Bit 0 6Bit 1
True label 0 Full 1 3Bit 1 3Bit 1 4Bit 1 5Bit 1 6Bit 1
True label 1 Full 1 3Bit 1 3Bit 1 4Bit 1 5Bit 1 6Bit 1
True label 0 Full 0 3Bit 0 3Bit 0 4Bit 0 5Bit 0 6Bit 0
True label 1 Full 1 3Bit 1 3Bit 1 4Bit 1 5Bit 1 6Bit 1
True label 1 Full 1 3Bit 1 3Bit 1 4Bit 1 5Bit 1 6Bit 1
True label 1 Full 1 3Bit 1 3Bit 1 4Bit 1 5Bit 1 6Bit 1
True label 0 Full 0 3Bit 0 3Bit 0 4Bit 0 5Bit 0 6Bit 0
True label 0 Full 0 3Bit 0 3Bit 0 4Bit 0 5Bit 1 6Bit 0
True label 0 Full 0 3Bit 0 3Bit 0 4Bit 0 5Bit 0 6Bit 0
True label 1 Full 1 3Bit 1 3Bit 1 4Bit 1 5Bit 1 6Bit 1
True label 1 Full 0 3Bit 0 3Bit 0 4Bit 0 5Bit 0 6Bit 0
True label 1 Full 1 3Bit 1 3Bit 1 4Bit 1 5Bit 1 6Bit 1
True label 1 Full 1 3Bit 1 3Bit 1 4Bit 1 5Bit 1 6Bit 1
True label 0 Full 1 3Bit 1 3Bit 1 4Bit 0 5Bit 1 6Bit 1
True label 0 Full 0 3Bit 0 3Bit 0 4Bit 0 5Bit 0 6Bit 0
True label 1 Full 1 3Bit 1 3Bit 1 4Bit 1 5Bit 1 6Bit 1
True label 1 Full 0 3Bit 0 3Bit 0 4Bit 0 5Bit 0 6Bit 0
True label 1 Full 1 3Bit 1 3Bit 1 4Bit 1 5Bit 1 6Bit 1
True label 0 Full 0 3Bit 0 3Bit 0 4Bit 0 5Bit 0 6Bit 0
True label 0 Full 0 3Bit 0 3Bit 0 4Bit 0 5Bit 0 6Bit 0
True label 0 Full 0 3Bit 0 3Bit 0 4Bit 0 5Bit 0 6Bit 0
True label 0 Full 0 3Bit 0 3Bit 0 4Bit 0 5Bit 0 6Bit 0
True label 0 Full 0 3Bit 0 3Bit 0 4Bit 0 5Bit 0 6Bit 0
True label 0 Full 0 3Bit 0 3Bit 0 4Bit 0 5Bit 0 6Bit 0
True label 1 Full 1 3Bit 1 3Bit 1 4Bit 1 5Bit 1 6Bit 1
True label 1 Full 0 3Bit 0 3Bit 0 4Bit 1 5Bit 0 6Bit 0
True label 1 Full 1 3Bit 0 3Bit 0 4Bit 1 5Bit 1 6Bit 1
True label 1 Full 1 3Bit 1 3Bit 1 4Bit 1 5Bit 1 6Bit 1
True label 0 Full 0 3Bit 0 3Bit 0 4Bit 0 5Bit 0 6Bit 0
True label 1 Full 0 3Bit 0 3Bit 0 4Bit 0 5Bit 0 6Bit 0
True label 1 Full 1 3Bit 1 3Bit 1 4Bit 1 5Bit 1 6Bit 1
True label 0 Full 1 3Bit 1 3Bit 1 4Bit 1 5Bit 1 6Bit 1
True label 0 Full 0 3Bit 0 3Bit 0 4Bit 0 5Bit 0 6Bit 0
True label 1 Full 1 3Bit 0 3Bit 0 4Bit 0 5Bit 1 6Bit 1
True label 1 Full 1 3Bit 0 3Bit 0 4Bit 1 5Bit 1 6Bit 1
True label 1 Full 1 3Bit 1 3Bit 1 4Bit 1 5Bit 1 6Bit 1
True label 0 Full 0 3Bit 0 3Bit 0 4Bit 0 5Bit 0 6Bit 0
True label 1 Full 1 3Bit 1 3Bit 1 4Bit 1 5Bit 1 6Bit 1
True label 1 Full 1 3Bit 0 3Bit 0 4Bit 1 5Bit 1 6Bit 1
True label 0 Full 0 3Bit 0 3Bit 0 4Bit 0 5Bit 0 6Bit 0
True label 1 Full 1 3Bit 1 3Bit 1 4Bit 1 5Bit 1 6Bit 1
True label 1 Full 1 3Bit 1 3Bit 1 4Bit 1 5Bit 1 6Bit 1
True label 0 Full 0 3Bit 0 3Bit 0 4Bit 0 5Bit 0 6Bit 0
True label 1 Full 1 3Bit 1 3Bit 1 4Bit 1 5Bit 1 6Bit 1
True label 0 Full 0 3Bit 0 3Bit 0 4Bit 0 5Bit 0 6Bit 0
True label 0 Full 0 3Bit 0 3Bit 0 4Bit 0 5Bit 0 6Bit 0
True label 0 Full 0 3Bit 0 3Bit 0 4Bit 0 5Bit 0 6Bit 0
True label 0 Full 0 3Bit 0 3Bit 0 4Bit 0 5Bit 0 6Bit 0
True label 1 Full 1 3Bit 0 3Bit 0 4Bit 1 5Bit 1 6Bit 0
True label 0 Full 0 3Bit 0 3Bit 0 4Bit 0 5Bit 0 6Bit 0
True label 0 Full 0 3Bit 0 3Bit 0 4Bit 0 5Bit 0 6Bit 0
True label 1 Full 0 3Bit 0 3Bit 0 4Bit 0 5Bit 0 6Bit 0
True label 0 Full 0 3Bit 0 3Bit 0 4Bit 0 5Bit 0 6Bit 0
True label 1 Full 0 3Bit 0 3Bit 0 4Bit 1 5Bit 1 6Bit 0
True label 0 Full 1 3Bit 1 3Bit 1 4Bit 1 5Bit 1 6Bit 1
True label 0 Full 0 3Bit 0 3Bit 0 4Bit 0 5Bit 0 6Bit 0
True label 1 Full 1 3Bit 1 3Bit 1 4Bit 1 5Bit 1 6Bit 1
True label 1 Full 1 3Bit 1 3Bit 1 4Bit 1 5Bit 1 6Bit 1
True label 1 Full 1 3Bit 1 3Bit 1 4Bit 1 5Bit 1 6Bit 1
True label 1 Full 1 3Bit 1 3Bit 1 4Bit 1 5Bit 1 6Bit 1
True label 1 Full 1 3Bit 1 3Bit 1 4Bit 1 5Bit 1 6Bit 1
True label 1 Full 1 3Bit 1 3Bit 1 4Bit 1 5Bit 1 6Bit 1
True label 0 Full 0 3Bit 0 3Bit 0 4Bit 0 5Bit 0 6Bit 0
True label 1 Full 0 3Bit 1 3Bit 1 4Bit 0 5Bit 1 6Bit 0
True label 0 Full 0 3Bit 0 3Bit 0 4Bit 0 5Bit 0 6Bit 0
True label 1 Full 1 3Bit 0 3Bit 0 4Bit 0 5Bit 1 6Bit 0
True label 0 Full 0 3Bit 0 3Bit 0 4Bit 0 5Bit 0 6Bit 0
True label 1 Full 1 3Bit 1 3Bit 1 4Bit 1 5Bit 1 6Bit 1
True label 1 Full 1 3Bit 1 3Bit 1 4Bit 1 5Bit 1 6Bit 1
True label 1 Full 0 3Bit 0 3Bit 0 4Bit 0 5Bit 0 6Bit 0
True label 0 Full 0 3Bit 0 3Bit 0 4Bit 0 5Bit 0 6Bit 0
True label 1 Full 1 3Bit 1 3Bit 1 4Bit 1 5Bit 1 6Bit 1
True label 1 Full 1 3Bit 1 3Bit 1 4Bit 1 5Bit 1 6Bit 1
True label 0 Full 0 3Bit 0 3Bit 0 4Bit 0 5Bit 0 6Bit 0
True label 0 Full 0 3Bit 0 3Bit 0 4Bit 0 5Bit 0 6Bit 0
True label 0 Full 0 3Bit 0 3Bit 0 4Bit 0 5Bit 0 6Bit 0
True label 0 Full 0 3Bit 0 3Bit 0 4Bit 0 5Bit 0 6Bit 0
True label 0 Full 0 3Bit 0 3Bit 0 4Bit 0 5Bit 0 6Bit 0
True label 1 Full 1 3Bit 1 3Bit 1 4Bit 1 5Bit 1 6Bit 1
True label 0 Full 0 3Bit 0 3Bit 0 4Bit 0 5Bit 0 6Bit 0
True label 0 Full 0 3Bit 0 3Bit 0 4Bit 1 5Bit 1 6Bit 1
True label 1 Full 1 3Bit 1 3Bit 1 4Bit 1 5Bit 1 6Bit 1
True label 1 Full 1 3Bit 1 3Bit 1 4Bit 1 5Bit 1 6Bit 1
True label 1 Full 1 3Bit 1 3Bit 1 4Bit 1 5Bit 1 6Bit 1
True label 1 Full 0 3Bit 0 3Bit 0 4Bit 1 5Bit 1 6Bit 0
True label 1 Full 1 3Bit 1 3Bit 1 4Bit 1 5Bit 1 6Bit 1
True label 0 Full 0 3Bit 0 3Bit 0 4Bit 0 5Bit 0 6Bit 0
True label 1 Full 1 3Bit 1 3Bit 1 4Bit 1 5Bit 1 6Bit 1
True label 1 Full 1 3Bit 1 3Bit 1 4Bit 1 5Bit 1 6Bit 1
True label 1 Full 1 3Bit 1 3Bit 1 4Bit 1 5Bit 1 6Bit 1
True label 1 Full 0 3Bit 0 3Bit 0 4Bit 0 5Bit 0 6Bit 0
True label 0 Full 0 3Bit 0 3Bit 0 4Bit 0 5Bit 0 6Bit 0
True label 1 Full 1 3Bit 0 3Bit 0 4Bit 1 5Bit 1 6Bit 1
True label 1 Full 1 3Bit 1 3Bit 1 4Bit 1 5Bit 1 6Bit 1
True label 0 Full 0 3Bit 0 3Bit 0 4Bit 0 5Bit 0 6Bit 0
True label 1 Full 1 3Bit 0 3Bit 0 4Bit 1 5Bit 1 6Bit 1
True label 0 Full 0 3Bit 0 3Bit 0 4Bit 0 5Bit 0 6Bit 0
True label 1 Full 1 3Bit 0 3Bit 0 4Bit 1 5Bit 1 6Bit 1
True label 0 Full 0 3Bit 0 3Bit 0 4Bit 0 5Bit 0 6Bit 0
True label 0 Full 0 3Bit 0 3Bit 0 4Bit 0 5Bit 0 6Bit 0
True label 0 Full 0 3Bit 0 3Bit 0 4Bit 0 5Bit 0 6Bit 0
True label 0 Full 0 3Bit 0 3Bit 0 4Bit 0 5Bit 0 6Bit 0
True label 1 Full 1 3Bit 1 3Bit 1 4Bit 1 5Bit 1 6Bit 1
True label 0 Full 0 3Bit 0 3Bit 0 4Bit 0 5Bit 0 6Bit 0
True label 1 Full 0 3Bit 0 3Bit 0 4Bit 0 5Bit 0 6Bit 0
True label 1 Full 1 3Bit 1 3Bit 1 4Bit 1 5Bit 1 6Bit 1
True label 0 Full 0 3Bit 0 3Bit 0 4Bit 0 5Bit 0 6Bit 1
True label 0 Full 0 3Bit 0 3Bit 0 4Bit 0 5Bit 0 6Bit 0
True label 1 Full 1 3Bit 1 3Bit 1 4Bit 1 5Bit 1 6Bit 1
True label 0 Full 0 3Bit 0 3Bit 0 4Bit 0 5Bit 0 6Bit 0
True label 0 Full 0 3Bit 0 3Bit 0 4Bit 0 5Bit 0 6Bit 0
True label 1 Full 0 3Bit 0 3Bit 0 4Bit 0 5Bit 0 6Bit 0
True label 0 Full 0 3Bit 0 3Bit 0 4Bit 0 5Bit 0 6Bit 0
True label 0 Full 0 3Bit 0 3Bit 0 4Bit 0 5Bit 0 6Bit 0
True label 1 Full 1 3Bit 1 3Bit 1 4Bit 1 5Bit 1 6Bit 1
True label 1 Full 0 3Bit 0 3Bit 0 4Bit 0 5Bit 0 6Bit 1
True label 0 Full 0 3Bit 0 3Bit 0 4Bit 1 5Bit 1 6Bit 0
True label 1 Full 1 3Bit 0 3Bit 0 4Bit 0 5Bit 0 6Bit 1
True label 1 Full 0 3Bit 1 3Bit 1 4Bit 0 5Bit 0 6Bit 0
True label 0 Full 0 3Bit 0 3Bit 0 4Bit 0 5Bit 0 6Bit 0
True label 1 Full 1 3Bit 1 3Bit 1 4Bit 1 5Bit 1 6Bit 1
True label 0 Full 0 3Bit 0 3Bit 0 4Bit 0 5Bit 0 6Bit 0
True label 1 Full 0 3Bit 0 3Bit 0 4Bit 0 5Bit 0 6Bit 0
True label 0 Full 0 3Bit 0 3Bit 0 4Bit 0 5Bit 0 6Bit 0
True label 0 Full 0 3Bit 0 3Bit 0 4Bit 0 5Bit 0 6Bit 0
True label 0 Full 0 3Bit 0 3Bit 0 4Bit 0 5Bit 0 6Bit 0
True label 1 Full 1 3Bit 0 3Bit 0 4Bit 1 5Bit 1 6Bit 1
True label 1 Full 1 3Bit 1 3Bit 1 4Bit 1 5Bit 1 6Bit 1
True label 1 Full 0 3Bit 0 3Bit 0 4Bit 0 5Bit 0 6Bit 0
True label 0 Full 0 3Bit 0 3Bit 0 4Bit 0 5Bit 0 6Bit 0
True label 0 Full 0 3Bit 0 3Bit 0 4Bit 0 5Bit 0 6Bit 0
True label 1 Full 1 3Bit 1 3Bit 1 4Bit 1 5Bit 1 6Bit 1
True label 1 Full 1 3Bit 1 3Bit 1 4Bit 1 5Bit 1 6Bit 1
True label 1 Full 1 3Bit 1 3Bit 1 4Bit 1 5Bit 1 6Bit 0
True label 0 Full 0 3Bit 0 3Bit 0 4Bit 0 5Bit 0 6Bit 0
True label 1 Full 1 3Bit 1 3Bit 1 4Bit 1 5Bit 1 6Bit 1
True label 0 Full 0 3Bit 1 3Bit 1 4Bit 1 5Bit 1 6Bit 1
True label 1 Full 0 3Bit 0 3Bit 0 4Bit 0 5Bit 0 6Bit 0
True label 1 Full 1 3Bit 1 3Bit 1 4Bit 1 5Bit 1 6Bit 1
True label 0 Full 1 3Bit 1 3Bit 1 4Bit 1 5Bit 1 6Bit 1
True label 0 Full 0 3Bit 0 3Bit 0 4Bit 0 5Bit 0 6Bit 0
True label 0 Full 0 3Bit 0 3Bit 0 4Bit 0 5Bit 0 6Bit 0
True label 0 Full 0 3Bit 0 3Bit 0 4Bit 1 5Bit 0 6Bit 0
True label 0 Full 0 3Bit 0 3Bit 0 4Bit 0 5Bit 0 6Bit 0
True label 0 Full 0 3Bit 1 3Bit 1 4Bit 1 5Bit 0 6Bit 1
True label 1 Full 1 3Bit 1 3Bit 1 4Bit 1 5Bit 1 6Bit 1
True label 0 Full 0 3Bit 0 3Bit 0 4Bit 0 5Bit 0 6Bit 0
True label 0 Full 0 3Bit 0 3Bit 0 4Bit 0 5Bit 0 6Bit 0
True label 0 Full 0 3Bit 0 3Bit 0 4Bit 0 5Bit 1 6Bit 0
True label 1 Full 1 3Bit 0 3Bit 0 4Bit 1 5Bit 1 6Bit 1
True label 1 Full 1 3Bit 1 3Bit 1 4Bit 1 5Bit 1 6Bit 1
True label 1 Full 1 3Bit 1 3Bit 1 4Bit 1 5Bit 1 6Bit 1
True label 1 Full 1 3Bit 1 3Bit 1 4Bit 1 5Bit 1 6Bit 1
True label 1 Full 1 3Bit 1 3Bit 1 4Bit 1 5Bit 1 6Bit 1
True label 1 Full 1 3Bit 1 3Bit 1 4Bit 1 5Bit 1 6Bit 1
True label 0 Full 0 3Bit 0 3Bit 0 4Bit 0 5Bit 0 6Bit 0
True label 0 Full 0 3Bit 0 3Bit 0 4Bit 0 5Bit 0 6Bit 0
True label 0 Full 0 3Bit 0 3Bit 0 4Bit 0 5Bit 0 6Bit 0
True label 0 Full 1 3Bit 0 3Bit 0 4Bit 0 5Bit 1 6Bit 1
True label 0 Full 0 3Bit 0 3Bit 0 4Bit 0 5Bit 0 6Bit 0
True label 1 Full 1 3Bit 1 3Bit 1 4Bit 1 5Bit 1 6Bit 1
True label 1 Full 1 3Bit 0 3Bit 0 4Bit 1 5Bit 1 6Bit 1
True label 0 Full 0 3Bit 0 3Bit 0 4Bit 0 5Bit 0 6Bit 0
True label 1 Full 1 3Bit 0 3Bit 0 4Bit 1 5Bit 1 6Bit 1
True label 0 Full 0 3Bit 0 3Bit 0 4Bit 0 5Bit 0 6Bit 0
True label 0 Full 0 3Bit 0 3Bit 0 4Bit 0 5Bit 0 6Bit 0
True label 1 Full 0 3Bit 0 3Bit 0 4Bit 1 5Bit 1 6Bit 0
True label 0 Full 0 3Bit 0 3Bit 0 4Bit 0 5Bit 0 6Bit 0
True label 1 Full 1 3Bit 1 3Bit 1 4Bit 1 5Bit 1 6Bit 1
True label 0 Full 0 3Bit 0 3Bit 0 4Bit 0 5Bit 0 6Bit 0
True label 1 Full 1 3Bit 1 3Bit 1 4Bit 1 5Bit 1 6Bit 1
True label 0 Full 0 3Bit 0 3Bit 0 4Bit 0 5Bit 0 6Bit 0
True label 1 Full 1 3Bit 1 3Bit 1 4Bit 1 5Bit 1 6Bit 1
True label 0 Full 0 3Bit 0 3Bit 0 4Bit 0 5Bit 0 6Bit 0
True label 1 Full 1 3Bit 1 3Bit 1 4Bit 1 5Bit 1 6Bit 1
True label 0 Full 0 3Bit 0 3Bit 0 4Bit 0 5Bit 0 6Bit 0
True label 0 Full 0 3Bit 0 3Bit 0 4Bit 0 5Bit 0 6Bit 0
True label 1 Full 0 3Bit 0 3Bit 0 4Bit 1 5Bit 0 6Bit 0
True label 0 Full 0 3Bit 0 3Bit 0 4Bit 0 5Bit 0 6Bit 0
True label 0 Full 0 3Bit 0 3Bit 0 4Bit 0 5Bit 0 6Bit 0
True label 0 Full 0 3Bit 0 3Bit 0 4Bit 0 5Bit 0 6Bit 0
True label 1 Full 1 3Bit 1 3Bit 1 4Bit 1 5Bit 1 6Bit 1
True label 0 Full 0 3Bit 0 3Bit 0 4Bit 0 5Bit 0 6Bit 0
True label 0 Full 0 3Bit 0 3Bit 0 4Bit 0 5Bit 0 6Bit 0
True label 0 Full 1 3Bit 0 3Bit 0 4Bit 0 5Bit 1 6Bit 1
True label 1 Full 1 3Bit 1 3Bit 1 4Bit 1 5Bit 1 6Bit 1
True label 1 Full 1 3Bit 1 3Bit 1 4Bit 1 5Bit 1 6Bit 1
True label 1 Full 1 3Bit 1 3Bit 1 4Bit 1 5Bit 1 6Bit 1
True label 0 Full 0 3Bit 0 3Bit 0 4Bit 0 5Bit 0 6Bit 0
True label 1 Full 1 3Bit 1 3Bit 1 4Bit 1 5Bit 1 6Bit 1
True label 1 Full 1 3Bit 1 3Bit 1 4Bit 1 5Bit 1 6Bit 1
True label 0 Full 0 3Bit 0 3Bit 0 4Bit 0 5Bit 0 6Bit 0
True label 0 Full 0 3Bit 0 3Bit 0 4Bit 0 5Bit 0 6Bit 0
True label 1 Full 1 3Bit 1 3Bit 1 4Bit 1 5Bit 1 6Bit 1
True label 1 Full 1 3Bit 1 3Bit 1 4Bit 1 5Bit 1 6Bit 1
True label 0 Full 0 3Bit 0 3Bit 0 4Bit 0 5Bit 0 6Bit 0
True label 0 Full 0 3Bit 0 3Bit 0 4Bit 0 5Bit 0 6Bit 0
True label 1 Full 1 3Bit 0 3Bit 0 4Bit 1 5Bit 1 6Bit 1
True label 1 Full 1 3Bit 1 3Bit 1 4Bit 1 5Bit 1 6Bit 1
True label 0 Full 0 3Bit 0 3Bit 0 4Bit 0 5Bit 0 6Bit 0
True label 0 Full 0 3Bit 0 3Bit 0 4Bit 0 5Bit 0 6Bit 0
True label 0 Full 0 3Bit 0 3Bit 0 4Bit 0 5Bit 0 6Bit 0
True label 0 Full 0 3Bit 0 3Bit 0 4Bit 0 5Bit 0 6Bit 0
True label 1 Full 1 3Bit 1 3Bit 1 4Bit 1 5Bit 1 6Bit 1
True label 0 Full 0 3Bit 0 3Bit 0 4Bit 0 5Bit 0 6Bit 0
True label 0 Full 1 3Bit 0 3Bit 0 4Bit 0 5Bit 1 6Bit 1
True label 0 Full 0 3Bit 0 3Bit 0 4Bit 0 5Bit 0 6Bit 0
True label 1 Full 1 3Bit 0 3Bit 0 4Bit 1 5Bit 1 6Bit 1
True label 0 Full 0 3Bit 0 3Bit 0 4Bit 0 5Bit 0 6Bit 0
True label 1 Full 1 3Bit 1 3Bit 1 4Bit 1 5Bit 1 6Bit 1
True label 1 Full 1 3Bit 0 3Bit 0 4Bit 0 5Bit 1 6Bit 1
True label 0 Full 0 3Bit 0 3Bit 0 4Bit 0 5Bit 0 6Bit 0
True label 0 Full 0 3Bit 0 3Bit 0 4Bit 0 5Bit 1 6Bit 0
True label 0 Full 0 3Bit 0 3Bit 0 4Bit 0 5Bit 0 6Bit 0
True label 1 Full 1 3Bit 1 3Bit 1 4Bit 1 5Bit 1 6Bit 1
True label 1 Full 1 3Bit 1 3Bit 1 4Bit 1 5Bit 1 6Bit 1
True label 0 Full 1 3Bit 1 3Bit 1 4Bit 1 5Bit 1 6Bit 1
True label 1 Full 1 3Bit 1 3Bit 1 4Bit 1 5Bit 1 6Bit 1
True label 1 Full 1 3Bit 0 3Bit 0 4Bit 1 5Bit 1 6Bit 1
True label 0 Full 0 3Bit 0 3Bit 0 4Bit 0 5Bit 0 6Bit 0
True label 0 Full 0 3Bit 0 3Bit 0 4Bit 0 5Bit 0 6Bit 0
True label 1 Full 1 3Bit 1 3Bit 1 4Bit 1 5Bit 1 6Bit 1
True label 1 Full 0 3Bit 0 3Bit 0 4Bit 0 5Bit 0 6Bit 0
True label 1 Full 1 3Bit 1 3Bit 1 4Bit 1 5Bit 1 6Bit 1
True label 0 Full 0 3Bit 0 3Bit 0 4Bit 0 5Bit 0 6Bit 0
True label 0 Full 0 3Bit 0 3Bit 0 4Bit 0 5Bit 0 6Bit 0
True label 0 Full 0 3Bit 0 3Bit 0 4Bit 0 5Bit 0 6Bit 0
True label 0 Full 0 3Bit 0 3Bit 0 4Bit 0 5Bit 0 6Bit 0
True label 1 Full 1 3Bit 1 3Bit 1 4Bit 1 5Bit 1 6Bit 1
True label 1 Full 1 3Bit 1 3Bit 1 4Bit 1 5Bit 1 6Bit 1
True label 0 Full 0 3Bit 0 3Bit 0 4Bit 0 5Bit 0 6Bit 0
True label 0 Full 0 3Bit 0 3Bit 0 4Bit 0 5Bit 0 6Bit 0
True label 0 Full 0 3Bit 0 3Bit 0 4Bit 0 5Bit 0 6Bit 0
True label 1 Full 1 3Bit 1 3Bit 1 4Bit 1 5Bit 1 6Bit 1
True label 0 Full 0 3Bit 0 3Bit 0 4Bit 1 5Bit 0 6Bit 0
True label 1 Full 0 3Bit 1 3Bit 1 4Bit 1 5Bit 0 6Bit 0
True label 1 Full 1 3Bit 1 3Bit 1 4Bit 1 5Bit 1 6Bit 1
True label 0 Full 0 3Bit 0 3Bit 0 4Bit 0 5Bit 0 6Bit 0
True label 1 Full 1 3Bit 1 3Bit 1 4Bit 1 5Bit 1 6Bit 1
True label 1 Full 1 3Bit 1 3Bit 1 4Bit 1 5Bit 1 6Bit 1
True label 1 Full 1 3Bit 1 3Bit 1 4Bit 1 5Bit 1 6Bit 1
True label 1 Full 1 3Bit 1 3Bit 1 4Bit 1 5Bit 1 6Bit 1
True label 0 Full 0 3Bit 0 3Bit 0 4Bit 0 5Bit 0 6Bit 0
True label 1 Full 0 3Bit 0 3Bit 0 4Bit 0 5Bit 0 6Bit 0
True label 0 Full 0 3Bit 0 3Bit 0 4Bit 0 5Bit 0 6Bit 0
True label 0 Full 0 3Bit 0 3Bit 0 4Bit 0 5Bit 0 6Bit 0
True label 1 Full 1 3Bit 1 3Bit 1 4Bit 1 5Bit 1 6Bit 1
True label 1 Full 0 3Bit 0 3Bit 0 4Bit 0 5Bit 0 6Bit 0
True label 1 Full 1 3Bit 0 3Bit 0 4Bit 0 5Bit 0 6Bit 1
True label 1 Full 1 3Bit 1 3Bit 1 4Bit 1 5Bit 1 6Bit 1
True label 0 Full 0 3Bit 0 3Bit 0 4Bit 0 5Bit 0 6Bit 0
True label 0 Full 0 3Bit 0 3Bit 0 4Bit 0 5Bit 0 6Bit 0
True label 0 Full 0 3Bit 0 3Bit 0 4Bit 0 5Bit 0 6Bit 1
True label 1 Full 1 3Bit 1 3Bit 1 4Bit 1 5Bit 1 6Bit 1
True label 0 Full 0 3Bit 0 3Bit 0 4Bit 0 5Bit 0 6Bit 0
True label 0 Full 0 3Bit 0 3Bit 0 4Bit 0 5Bit 0 6Bit 0
True label 1 Full 1 3Bit 1 3Bit 1 4Bit 1 5Bit 1 6Bit 1
True label 0 Full 0 3Bit 0 3Bit 0 4Bit 0 5Bit 0 6Bit 0
True label 0 Full 0 3Bit 0 3Bit 0 4Bit 0 5Bit 0 6Bit 0
True label 0 Full 0 3Bit 0 3Bit 0 4Bit 0 5Bit 0 6Bit 0
True label 0 Full 0 3Bit 0 3Bit 0 4Bit 0 5Bit 0 6Bit 0
True label 1 Full 1 3Bit 0 3Bit 0 4Bit 1 5Bit 1 6Bit 1
True label 1 Full 1 3Bit 1 3Bit 1 4Bit 1 5Bit 1 6Bit 1
True label 0 Full 0 3Bit 0 3Bit 0 4Bit 0 5Bit 0 6Bit 0
True label 0 Full 0 3Bit 0 3Bit 0 4Bit 0 5Bit 0 6Bit 0
True label 1 Full 1 3Bit 1 3Bit 1 4Bit 1 5Bit 1 6Bit 1
True label 1 Full 0 3Bit 0 3Bit 0 4Bit 0 5Bit 0 6Bit 0
True label 0 Full 0 3Bit 0 3Bit 0 4Bit 0 5Bit 0 6Bit 0
True label 1 Full 1 3Bit 1 3Bit 1 4Bit 1 5Bit 1 6Bit 1
True label 1 Full 1 3Bit 1 3Bit 1 4Bit 1 5Bit 1 6Bit 1
True label 1 Full 0 3Bit 0 3Bit 0 4Bit 0 5Bit 0 6Bit 0
True label 0 Full 0 3Bit 0 3Bit 0 4Bit 0 5Bit 0 6Bit 0
True label 1 Full 1 3Bit 1 3Bit 1 4Bit 1 5Bit 1 6Bit 1
True label 1 Full 1 3Bit 1 3Bit 1 4Bit 1 5Bit 1 6Bit 1
True label 0 Full 0 3Bit 0 3Bit 0 4Bit 0 5Bit 0 6Bit 0
True label 0 Full 0 3Bit 0 3Bit 0 4Bit 0 5Bit 0 6Bit 0
True label 0 Full 1 3Bit 1 3Bit 1 4Bit 1 5Bit 1 6Bit 1
True label 0 Full 0 3Bit 0 3Bit 0 4Bit 0 5Bit 0 6Bit 0
True label 0 Full 0 3Bit 0 3Bit 0 4Bit 0 5Bit 0 6Bit 0
True label 1 Full 1 3Bit 0 3Bit 0 4Bit 1 5Bit 1 6Bit 1
True label 0 Full 0 3Bit 0 3Bit 0 4Bit 0 5Bit 0 6Bit 0
True label 1 Full 1 3Bit 1 3Bit 1 4Bit 1 5Bit 1 6Bit 1
True label 0 Full 0 3Bit 0 3Bit 0 4Bit 0 5Bit 0 6Bit 0
True label 1 Full 1 3Bit 0 3Bit 0 4Bit 0 5Bit 0 6Bit 1
True label 1 Full 1 3Bit 1 3Bit 1 4Bit 1 5Bit 1 6Bit 1
True label 1 Full 1 3Bit 0 3Bit 0 4Bit 1 5Bit 1 6Bit 1
True label 1 Full 1 3Bit 1 3Bit 1 4Bit 1 5Bit 1 6Bit 1
True label 1 Full 0 3Bit 0 3Bit 0 4Bit 0 5Bit 0 6Bit 0
True label 0 Full 0 3Bit 0 3Bit 0 4Bit 0 5Bit 1 6Bit 0
True label 0 Full 0 3Bit 0 3Bit 0 4Bit 0 5Bit 0 6Bit 0
True label 0 Full 0 3Bit 0 3Bit 0 4Bit 0 5Bit 0 6Bit 0
True label 1 Full 1 3Bit 1 3Bit 1 4Bit 1 5Bit 1 6Bit 1
True label 0 Full 0 3Bit 0 3Bit 0 4Bit 0 5Bit 0 6Bit 0
True label 0 Full 0 3Bit 0 3Bit 0 4Bit 0 5Bit 0 6Bit 0
True label 0 Full 0 3Bit 1 3Bit 1 4Bit 1 5Bit 0 6Bit 0
True label 0 Full 1 3Bit 1 3Bit 1 4Bit 0 5Bit 1 6Bit 1
True label 0 Full 0 3Bit 0 3Bit 0 4Bit 0 5Bit 0 6Bit 0
True label 1 Full 0 3Bit 0 3Bit 0 4Bit 1 5Bit 0 6Bit 0
True label 0 Full 0 3Bit 0 3Bit 0 4Bit 0 5Bit 0 6Bit 0
True label 1 Full 1 3Bit 1 3Bit 1 4Bit 1 5Bit 1 6Bit 1
True label 0 Full 0 3Bit 0 3Bit 0 4Bit 0 5Bit 0 6Bit 0
True label 1 Full 0 3Bit 0 3Bit 0 4Bit 0 5Bit 0 6Bit 0
True label 0 Full 0 3Bit 0 3Bit 0 4Bit 0 5Bit 0 6Bit 0
True label 0 Full 0 3Bit 0 3Bit 0 4Bit 0 5Bit 1 6Bit 0
True label 1 Full 1 3Bit 1 3Bit 1 4Bit 1 5Bit 1 6Bit 1
True label 1 Full 1 3Bit 1 3Bit 1 4Bit 1 5Bit 1 6Bit 1
True label 0 Full 0 3Bit 0 3Bit 0 4Bit 0 5Bit 0 6Bit 0
True label 1 Full 1 3Bit 1 3Bit 1 4Bit 1 5Bit 1 6Bit 1
True label 1 Full 1 3Bit 1 3Bit 1 4Bit 1 5Bit 1 6Bit 1
True label 0 Full 0 3Bit 0 3Bit 0 4Bit 0 5Bit 0 6Bit 0
True label 1 Full 1 3Bit 0 3Bit 0 4Bit 1 5Bit 1 6Bit 1
True label 1 Full 0 3Bit 0 3Bit 0 4Bit 0 5Bit 0 6Bit 0
True label 0 Full 0 3Bit 0 3Bit 0 4Bit 0 5Bit 0 6Bit 0
True label 0 Full 0 3Bit 0 3Bit 0 4Bit 0 5Bit 0 6Bit 0
Test accuracy: Full: 0.884 2bit: 0.559 3bit: 0.84 4bit: 0.888 5bit: 0.879 6bit: 0.88
{'test_acc': [0.884, 0.559, 0.84, 0.888, 0.879, 0.88], 'final_out_mse': [0.027107875794172287, 0.16574017703533173, 0.03317013010382652, 0.03536765277385712, 0.02946494147181511, 0.029075108468532562]}
[2020-09-14 19:47:19.741218] test = nan
