No module named 'brian2'
No module named 'brian2'
No module named 'brian2'
No module named 'torch'
No module named 'torch'
No module named 'nest'.
No module named 'nest'.
No module named 'rpyc'
No module named 'rpyc'
No module named 'rpyc'
No module named 'nest'.
cannot import name 'FFExpSynBrian'
Loaded pretrained network
[INFO] - HeySnips -  Running with tracking deactivated
gain 1.106060606060606 val acc 0.548 
gain 2.116161616161616 val acc 0.568 
gain 1.6616161616161615 val acc 0.818 
gain 1.3585858585858586 val acc 0.876 
gain 1.3585858585858586 val acc 0.888 
[2020-09-14 20:52:58.687675] train_loss = 0.0
[2020-09-14 20:52:58.705901] train = nan
[2020-09-14 20:52:58.705917] val = nan
[2020-09-14 20:52:58.705919] test = nan
True label 1 Full 1 3Bit 1 3Bit 1 4Bit 1 5Bit 1 6Bit 1
True label 1 Full 0 3Bit 1 3Bit 1 4Bit 0 5Bit 0 6Bit 0
True label 1 Full 1 3Bit 1 3Bit 1 4Bit 1 5Bit 1 6Bit 1
True label 1 Full 1 3Bit 1 3Bit 1 4Bit 1 5Bit 1 6Bit 1
True label 0 Full 0 3Bit 1 3Bit 1 4Bit 0 5Bit 0 6Bit 0
True label 0 Full 0 3Bit 1 3Bit 1 4Bit 0 5Bit 0 6Bit 0
True label 0 Full 0 3Bit 1 3Bit 1 4Bit 0 5Bit 0 6Bit 0
True label 0 Full 0 3Bit 1 3Bit 1 4Bit 0 5Bit 0 6Bit 0
True label 1 Full 1 3Bit 1 3Bit 1 4Bit 1 5Bit 1 6Bit 1
True label 0 Full 0 3Bit 0 3Bit 0 4Bit 0 5Bit 0 6Bit 0
True label 1 Full 1 3Bit 1 3Bit 1 4Bit 1 5Bit 1 6Bit 1
True label 1 Full 0 3Bit 1 3Bit 1 4Bit 1 5Bit 0 6Bit 0
True label 1 Full 0 3Bit 1 3Bit 1 4Bit 0 5Bit 0 6Bit 0
True label 0 Full 0 3Bit 1 3Bit 1 4Bit 0 5Bit 0 6Bit 0
True label 1 Full 1 3Bit 0 3Bit 0 4Bit 1 5Bit 1 6Bit 1
True label 0 Full 0 3Bit 0 3Bit 0 4Bit 0 5Bit 0 6Bit 0
True label 0 Full 0 3Bit 1 3Bit 1 4Bit 0 5Bit 0 6Bit 1
True label 0 Full 0 3Bit 0 3Bit 0 4Bit 0 5Bit 0 6Bit 0
True label 1 Full 1 3Bit 1 3Bit 1 4Bit 1 5Bit 1 6Bit 1
True label 1 Full 1 3Bit 0 3Bit 0 4Bit 1 5Bit 1 6Bit 1
True label 0 Full 0 3Bit 1 3Bit 1 4Bit 0 5Bit 0 6Bit 0
True label 1 Full 1 3Bit 1 3Bit 1 4Bit 1 5Bit 1 6Bit 1
True label 1 Full 1 3Bit 1 3Bit 1 4Bit 0 5Bit 1 6Bit 1
True label 1 Full 1 3Bit 1 3Bit 1 4Bit 1 5Bit 1 6Bit 1
True label 1 Full 1 3Bit 1 3Bit 1 4Bit 1 5Bit 1 6Bit 1
True label 0 Full 0 3Bit 0 3Bit 0 4Bit 0 5Bit 0 6Bit 0
True label 1 Full 1 3Bit 1 3Bit 1 4Bit 0 5Bit 1 6Bit 1
True label 1 Full 1 3Bit 1 3Bit 1 4Bit 1 5Bit 1 6Bit 1
True label 1 Full 0 3Bit 1 3Bit 1 4Bit 0 5Bit 0 6Bit 0
True label 1 Full 1 3Bit 0 3Bit 0 4Bit 1 5Bit 1 6Bit 1
True label 1 Full 1 3Bit 1 3Bit 1 4Bit 1 5Bit 1 6Bit 1
True label 1 Full 1 3Bit 1 3Bit 1 4Bit 1 5Bit 1 6Bit 1
True label 1 Full 1 3Bit 1 3Bit 1 4Bit 0 5Bit 1 6Bit 1
True label 1 Full 1 3Bit 1 3Bit 1 4Bit 1 5Bit 1 6Bit 1
True label 0 Full 0 3Bit 0 3Bit 0 4Bit 0 5Bit 0 6Bit 0
True label 0 Full 0 3Bit 0 3Bit 0 4Bit 0 5Bit 0 6Bit 0
True label 1 Full 1 3Bit 1 3Bit 1 4Bit 1 5Bit 1 6Bit 1
True label 0 Full 0 3Bit 1 3Bit 1 4Bit 0 5Bit 0 6Bit 0
True label 0 Full 0 3Bit 1 3Bit 1 4Bit 0 5Bit 0 6Bit 0
True label 1 Full 1 3Bit 1 3Bit 1 4Bit 0 5Bit 1 6Bit 1
True label 1 Full 1 3Bit 1 3Bit 1 4Bit 1 5Bit 1 6Bit 1
True label 1 Full 1 3Bit 1 3Bit 1 4Bit 1 5Bit 1 6Bit 1
True label 1 Full 1 3Bit 1 3Bit 1 4Bit 1 5Bit 1 6Bit 1
True label 1 Full 1 3Bit 1 3Bit 1 4Bit 1 5Bit 1 6Bit 1
True label 0 Full 0 3Bit 1 3Bit 1 4Bit 0 5Bit 0 6Bit 0
True label 1 Full 1 3Bit 1 3Bit 1 4Bit 1 5Bit 0 6Bit 1
True label 1 Full 1 3Bit 0 3Bit 0 4Bit 1 5Bit 1 6Bit 1
True label 1 Full 1 3Bit 1 3Bit 1 4Bit 0 5Bit 1 6Bit 1
True label 1 Full 1 3Bit 1 3Bit 1 4Bit 1 5Bit 1 6Bit 1
True label 1 Full 1 3Bit 1 3Bit 1 4Bit 1 5Bit 1 6Bit 1
True label 0 Full 0 3Bit 1 3Bit 1 4Bit 0 5Bit 0 6Bit 0
True label 0 Full 1 3Bit 1 3Bit 1 4Bit 1 5Bit 1 6Bit 1
True label 1 Full 1 3Bit 1 3Bit 1 4Bit 1 5Bit 1 6Bit 1
True label 0 Full 0 3Bit 1 3Bit 1 4Bit 0 5Bit 0 6Bit 0
True label 1 Full 1 3Bit 0 3Bit 0 4Bit 1 5Bit 1 6Bit 1
True label 1 Full 1 3Bit 1 3Bit 1 4Bit 1 5Bit 1 6Bit 1
True label 1 Full 1 3Bit 1 3Bit 1 4Bit 1 5Bit 1 6Bit 1
True label 0 Full 0 3Bit 1 3Bit 1 4Bit 0 5Bit 0 6Bit 0
True label 1 Full 1 3Bit 1 3Bit 1 4Bit 0 5Bit 1 6Bit 1
True label 1 Full 1 3Bit 1 3Bit 1 4Bit 1 5Bit 1 6Bit 1
True label 0 Full 1 3Bit 1 3Bit 1 4Bit 1 5Bit 1 6Bit 0
True label 1 Full 1 3Bit 1 3Bit 1 4Bit 1 5Bit 1 6Bit 1
True label 0 Full 0 3Bit 0 3Bit 0 4Bit 0 5Bit 0 6Bit 0
True label 1 Full 1 3Bit 1 3Bit 1 4Bit 0 5Bit 1 6Bit 1
True label 0 Full 0 3Bit 0 3Bit 0 4Bit 0 5Bit 0 6Bit 0
True label 1 Full 1 3Bit 1 3Bit 1 4Bit 1 5Bit 1 6Bit 1
True label 0 Full 0 3Bit 1 3Bit 1 4Bit 0 5Bit 0 6Bit 0
True label 0 Full 0 3Bit 0 3Bit 0 4Bit 0 5Bit 0 6Bit 0
True label 1 Full 1 3Bit 1 3Bit 1 4Bit 1 5Bit 1 6Bit 1
True label 1 Full 1 3Bit 1 3Bit 1 4Bit 1 5Bit 1 6Bit 1
True label 1 Full 1 3Bit 1 3Bit 1 4Bit 1 5Bit 1 6Bit 1
True label 0 Full 1 3Bit 1 3Bit 1 4Bit 1 5Bit 1 6Bit 1
True label 0 Full 0 3Bit 0 3Bit 0 4Bit 0 5Bit 0 6Bit 0
True label 1 Full 0 3Bit 1 3Bit 1 4Bit 0 5Bit 0 6Bit 0
True label 1 Full 1 3Bit 1 3Bit 1 4Bit 1 5Bit 1 6Bit 1
True label 0 Full 1 3Bit 1 3Bit 1 4Bit 0 5Bit 0 6Bit 0
True label 1 Full 1 3Bit 1 3Bit 1 4Bit 0 5Bit 1 6Bit 1
True label 1 Full 1 3Bit 1 3Bit 1 4Bit 0 5Bit 1 6Bit 1
True label 1 Full 1 3Bit 1 3Bit 1 4Bit 1 5Bit 1 6Bit 1
True label 0 Full 0 3Bit 0 3Bit 0 4Bit 0 5Bit 0 6Bit 0
True label 0 Full 0 3Bit 1 3Bit 1 4Bit 0 5Bit 0 6Bit 0
True label 1 Full 1 3Bit 1 3Bit 1 4Bit 1 5Bit 1 6Bit 1
True label 1 Full 0 3Bit 1 3Bit 1 4Bit 0 5Bit 1 6Bit 1
True label 0 Full 0 3Bit 1 3Bit 1 4Bit 0 5Bit 0 6Bit 0
True label 1 Full 0 3Bit 0 3Bit 0 4Bit 0 5Bit 0 6Bit 0
True label 1 Full 1 3Bit 1 3Bit 1 4Bit 1 5Bit 1 6Bit 1
True label 1 Full 1 3Bit 1 3Bit 1 4Bit 1 5Bit 1 6Bit 1
True label 1 Full 1 3Bit 1 3Bit 1 4Bit 1 5Bit 1 6Bit 1
True label 1 Full 1 3Bit 1 3Bit 1 4Bit 1 5Bit 1 6Bit 1
True label 1 Full 0 3Bit 1 3Bit 1 4Bit 0 5Bit 1 6Bit 1
True label 0 Full 0 3Bit 1 3Bit 1 4Bit 0 5Bit 0 6Bit 0
True label 1 Full 1 3Bit 1 3Bit 1 4Bit 1 5Bit 1 6Bit 1
True label 0 Full 0 3Bit 0 3Bit 0 4Bit 0 5Bit 0 6Bit 0
True label 1 Full 0 3Bit 0 3Bit 0 4Bit 0 5Bit 0 6Bit 0
True label 1 Full 1 3Bit 1 3Bit 1 4Bit 1 5Bit 1 6Bit 1
True label 0 Full 0 3Bit 1 3Bit 1 4Bit 0 5Bit 0 6Bit 0
True label 1 Full 1 3Bit 1 3Bit 1 4Bit 1 5Bit 1 6Bit 1
True label 1 Full 1 3Bit 1 3Bit 1 4Bit 1 5Bit 1 6Bit 1
True label 1 Full 1 3Bit 1 3Bit 1 4Bit 1 5Bit 1 6Bit 1
True label 1 Full 1 3Bit 1 3Bit 1 4Bit 1 5Bit 1 6Bit 1
True label 0 Full 0 3Bit 1 3Bit 1 4Bit 0 5Bit 0 6Bit 0
True label 1 Full 1 3Bit 1 3Bit 1 4Bit 1 5Bit 1 6Bit 1
True label 1 Full 0 3Bit 1 3Bit 1 4Bit 0 5Bit 0 6Bit 0
True label 1 Full 1 3Bit 1 3Bit 1 4Bit 1 5Bit 1 6Bit 1
True label 1 Full 1 3Bit 1 3Bit 1 4Bit 1 5Bit 1 6Bit 1
True label 0 Full 0 3Bit 1 3Bit 1 4Bit 0 5Bit 0 6Bit 0
True label 0 Full 0 3Bit 1 3Bit 1 4Bit 0 5Bit 0 6Bit 0
True label 0 Full 0 3Bit 1 3Bit 1 4Bit 0 5Bit 0 6Bit 0
True label 1 Full 1 3Bit 0 3Bit 0 4Bit 1 5Bit 1 6Bit 1
True label 1 Full 1 3Bit 1 3Bit 1 4Bit 1 5Bit 1 6Bit 1
True label 0 Full 0 3Bit 1 3Bit 1 4Bit 0 5Bit 0 6Bit 0
True label 1 Full 1 3Bit 1 3Bit 1 4Bit 1 5Bit 1 6Bit 1
True label 1 Full 1 3Bit 1 3Bit 1 4Bit 1 5Bit 1 6Bit 1
True label 0 Full 0 3Bit 1 3Bit 1 4Bit 0 5Bit 0 6Bit 0
True label 0 Full 0 3Bit 1 3Bit 1 4Bit 0 5Bit 0 6Bit 0
True label 1 Full 1 3Bit 1 3Bit 1 4Bit 1 5Bit 1 6Bit 1
True label 0 Full 0 3Bit 1 3Bit 1 4Bit 0 5Bit 0 6Bit 0
True label 1 Full 1 3Bit 1 3Bit 1 4Bit 0 5Bit 1 6Bit 1
True label 1 Full 1 3Bit 1 3Bit 1 4Bit 1 5Bit 1 6Bit 1
True label 1 Full 1 3Bit 1 3Bit 1 4Bit 1 5Bit 1 6Bit 1
True label 0 Full 0 3Bit 0 3Bit 0 4Bit 0 5Bit 0 6Bit 0
True label 0 Full 0 3Bit 0 3Bit 0 4Bit 0 5Bit 0 6Bit 0
True label 0 Full 0 3Bit 1 3Bit 1 4Bit 0 5Bit 0 6Bit 0
True label 0 Full 0 3Bit 0 3Bit 0 4Bit 0 5Bit 0 6Bit 0
True label 1 Full 1 3Bit 0 3Bit 0 4Bit 1 5Bit 1 6Bit 1
True label 0 Full 0 3Bit 1 3Bit 1 4Bit 0 5Bit 0 6Bit 0
True label 1 Full 0 3Bit 1 3Bit 1 4Bit 0 5Bit 0 6Bit 0
True label 1 Full 1 3Bit 1 3Bit 1 4Bit 1 5Bit 1 6Bit 1
True label 1 Full 1 3Bit 1 3Bit 1 4Bit 1 5Bit 0 6Bit 1
True label 1 Full 1 3Bit 1 3Bit 1 4Bit 1 5Bit 1 6Bit 1
True label 0 Full 0 3Bit 0 3Bit 0 4Bit 0 5Bit 0 6Bit 0
True label 0 Full 0 3Bit 1 3Bit 1 4Bit 0 5Bit 0 6Bit 0
True label 1 Full 1 3Bit 1 3Bit 1 4Bit 1 5Bit 1 6Bit 1
True label 0 Full 0 3Bit 1 3Bit 1 4Bit 0 5Bit 0 6Bit 0
True label 1 Full 1 3Bit 0 3Bit 0 4Bit 1 5Bit 1 6Bit 1
True label 0 Full 0 3Bit 1 3Bit 1 4Bit 0 5Bit 0 6Bit 0
True label 0 Full 0 3Bit 1 3Bit 1 4Bit 0 5Bit 0 6Bit 0
True label 0 Full 0 3Bit 0 3Bit 0 4Bit 0 5Bit 0 6Bit 0
True label 1 Full 1 3Bit 1 3Bit 1 4Bit 1 5Bit 1 6Bit 1
True label 0 Full 0 3Bit 0 3Bit 0 4Bit 0 5Bit 0 6Bit 0
True label 1 Full 1 3Bit 1 3Bit 1 4Bit 1 5Bit 1 6Bit 1
True label 1 Full 1 3Bit 1 3Bit 1 4Bit 1 5Bit 1 6Bit 1
True label 1 Full 1 3Bit 1 3Bit 1 4Bit 1 5Bit 1 6Bit 1
True label 1 Full 1 3Bit 0 3Bit 0 4Bit 1 5Bit 1 6Bit 1
True label 1 Full 1 3Bit 1 3Bit 1 4Bit 1 5Bit 1 6Bit 1
True label 0 Full 0 3Bit 0 3Bit 0 4Bit 0 5Bit 0 6Bit 0
True label 0 Full 0 3Bit 0 3Bit 0 4Bit 0 5Bit 0 6Bit 0
True label 1 Full 1 3Bit 1 3Bit 1 4Bit 1 5Bit 1 6Bit 1
True label 0 Full 0 3Bit 1 3Bit 1 4Bit 0 5Bit 0 6Bit 0
True label 1 Full 1 3Bit 1 3Bit 1 4Bit 0 5Bit 1 6Bit 1
True label 1 Full 1 3Bit 1 3Bit 1 4Bit 1 5Bit 1 6Bit 1
True label 0 Full 0 3Bit 1 3Bit 1 4Bit 0 5Bit 0 6Bit 0
True label 0 Full 0 3Bit 0 3Bit 0 4Bit 0 5Bit 0 6Bit 0
True label 1 Full 1 3Bit 1 3Bit 1 4Bit 1 5Bit 1 6Bit 1
True label 0 Full 0 3Bit 1 3Bit 1 4Bit 0 5Bit 0 6Bit 0
True label 1 Full 1 3Bit 1 3Bit 1 4Bit 1 5Bit 1 6Bit 1
True label 1 Full 1 3Bit 1 3Bit 1 4Bit 1 5Bit 1 6Bit 1
True label 0 Full 1 3Bit 1 3Bit 1 4Bit 0 5Bit 1 6Bit 1
True label 1 Full 1 3Bit 1 3Bit 1 4Bit 1 5Bit 1 6Bit 1
True label 0 Full 0 3Bit 1 3Bit 1 4Bit 0 5Bit 0 6Bit 0
True label 1 Full 1 3Bit 1 3Bit 1 4Bit 1 5Bit 1 6Bit 1
True label 0 Full 0 3Bit 1 3Bit 1 4Bit 0 5Bit 0 6Bit 0
True label 1 Full 1 3Bit 1 3Bit 1 4Bit 1 5Bit 1 6Bit 1
True label 0 Full 0 3Bit 1 3Bit 1 4Bit 0 5Bit 0 6Bit 1
True label 1 Full 1 3Bit 0 3Bit 0 4Bit 1 5Bit 1 6Bit 1
True label 0 Full 1 3Bit 1 3Bit 1 4Bit 1 5Bit 1 6Bit 1
True label 0 Full 0 3Bit 1 3Bit 1 4Bit 0 5Bit 0 6Bit 0
True label 1 Full 1 3Bit 1 3Bit 1 4Bit 1 5Bit 1 6Bit 1
True label 1 Full 1 3Bit 1 3Bit 1 4Bit 1 5Bit 1 6Bit 1
True label 0 Full 0 3Bit 1 3Bit 1 4Bit 0 5Bit 0 6Bit 0
True label 1 Full 1 3Bit 0 3Bit 0 4Bit 0 5Bit 0 6Bit 1
True label 0 Full 0 3Bit 1 3Bit 1 4Bit 0 5Bit 0 6Bit 0
True label 1 Full 1 3Bit 1 3Bit 1 4Bit 1 5Bit 1 6Bit 1
True label 0 Full 0 3Bit 1 3Bit 1 4Bit 0 5Bit 0 6Bit 0
True label 1 Full 0 3Bit 1 3Bit 1 4Bit 0 5Bit 0 6Bit 1
True label 1 Full 1 3Bit 1 3Bit 1 4Bit 1 5Bit 1 6Bit 1
True label 0 Full 0 3Bit 1 3Bit 1 4Bit 0 5Bit 0 6Bit 1
True label 1 Full 1 3Bit 1 3Bit 1 4Bit 0 5Bit 1 6Bit 1
True label 0 Full 0 3Bit 1 3Bit 1 4Bit 0 5Bit 0 6Bit 0
True label 0 Full 1 3Bit 1 3Bit 1 4Bit 0 5Bit 1 6Bit 1
True label 0 Full 0 3Bit 1 3Bit 1 4Bit 0 5Bit 0 6Bit 0
True label 0 Full 0 3Bit 0 3Bit 0 4Bit 0 5Bit 0 6Bit 0
True label 1 Full 1 3Bit 0 3Bit 0 4Bit 1 5Bit 1 6Bit 1
True label 0 Full 0 3Bit 0 3Bit 0 4Bit 1 5Bit 0 6Bit 0
True label 0 Full 0 3Bit 0 3Bit 0 4Bit 0 5Bit 0 6Bit 0
True label 0 Full 0 3Bit 1 3Bit 1 4Bit 0 5Bit 0 6Bit 0
True label 0 Full 0 3Bit 1 3Bit 1 4Bit 0 5Bit 0 6Bit 0
True label 1 Full 1 3Bit 1 3Bit 1 4Bit 1 5Bit 1 6Bit 1
True label 1 Full 1 3Bit 1 3Bit 1 4Bit 1 5Bit 1 6Bit 1
True label 1 Full 1 3Bit 0 3Bit 0 4Bit 1 5Bit 1 6Bit 1
True label 0 Full 0 3Bit 1 3Bit 1 4Bit 0 5Bit 0 6Bit 0
True label 1 Full 1 3Bit 0 3Bit 0 4Bit 1 5Bit 1 6Bit 1
True label 1 Full 1 3Bit 1 3Bit 1 4Bit 1 5Bit 1 6Bit 1
True label 1 Full 0 3Bit 1 3Bit 1 4Bit 0 5Bit 1 6Bit 0
True label 1 Full 1 3Bit 1 3Bit 1 4Bit 1 5Bit 1 6Bit 1
True label 1 Full 1 3Bit 1 3Bit 1 4Bit 1 5Bit 1 6Bit 1
True label 1 Full 0 3Bit 1 3Bit 1 4Bit 0 5Bit 0 6Bit 0
True label 0 Full 0 3Bit 1 3Bit 1 4Bit 0 5Bit 0 6Bit 0
True label 1 Full 1 3Bit 0 3Bit 0 4Bit 1 5Bit 1 6Bit 1
True label 1 Full 0 3Bit 1 3Bit 1 4Bit 0 5Bit 0 6Bit 0
True label 1 Full 1 3Bit 1 3Bit 1 4Bit 1 5Bit 1 6Bit 1
True label 1 Full 1 3Bit 1 3Bit 1 4Bit 1 5Bit 1 6Bit 1
True label 0 Full 0 3Bit 0 3Bit 0 4Bit 0 5Bit 0 6Bit 0
True label 1 Full 1 3Bit 1 3Bit 1 4Bit 0 5Bit 1 6Bit 1
True label 1 Full 1 3Bit 1 3Bit 1 4Bit 1 5Bit 1 6Bit 1
True label 1 Full 0 3Bit 1 3Bit 1 4Bit 1 5Bit 1 6Bit 0
True label 0 Full 0 3Bit 1 3Bit 1 4Bit 0 5Bit 0 6Bit 0
True label 1 Full 1 3Bit 0 3Bit 0 4Bit 1 5Bit 1 6Bit 1
True label 1 Full 1 3Bit 1 3Bit 1 4Bit 1 5Bit 1 6Bit 1
True label 1 Full 1 3Bit 1 3Bit 1 4Bit 1 5Bit 1 6Bit 1
True label 1 Full 1 3Bit 1 3Bit 1 4Bit 1 5Bit 1 6Bit 1
True label 1 Full 1 3Bit 0 3Bit 0 4Bit 1 5Bit 1 6Bit 1
True label 1 Full 1 3Bit 1 3Bit 1 4Bit 1 5Bit 1 6Bit 1
True label 0 Full 0 3Bit 0 3Bit 0 4Bit 0 5Bit 0 6Bit 0
True label 0 Full 0 3Bit 1 3Bit 1 4Bit 0 5Bit 0 6Bit 0
True label 0 Full 0 3Bit 1 3Bit 1 4Bit 0 5Bit 0 6Bit 0
True label 1 Full 1 3Bit 1 3Bit 1 4Bit 1 5Bit 1 6Bit 1
True label 1 Full 1 3Bit 1 3Bit 1 4Bit 1 5Bit 1 6Bit 1
True label 1 Full 1 3Bit 1 3Bit 1 4Bit 1 5Bit 1 6Bit 1
True label 1 Full 1 3Bit 1 3Bit 1 4Bit 1 5Bit 1 6Bit 1
True label 1 Full 1 3Bit 0 3Bit 0 4Bit 0 5Bit 1 6Bit 1
True label 1 Full 1 3Bit 1 3Bit 1 4Bit 1 5Bit 1 6Bit 1
True label 0 Full 0 3Bit 1 3Bit 1 4Bit 0 5Bit 0 6Bit 0
True label 0 Full 0 3Bit 0 3Bit 0 4Bit 0 5Bit 0 6Bit 0
True label 1 Full 1 3Bit 1 3Bit 1 4Bit 1 5Bit 1 6Bit 1
True label 1 Full 1 3Bit 1 3Bit 1 4Bit 0 5Bit 1 6Bit 1
True label 0 Full 0 3Bit 1 3Bit 1 4Bit 0 5Bit 0 6Bit 0
True label 0 Full 0 3Bit 1 3Bit 1 4Bit 0 5Bit 0 6Bit 0
True label 0 Full 0 3Bit 0 3Bit 0 4Bit 0 5Bit 0 6Bit 0
True label 1 Full 1 3Bit 1 3Bit 1 4Bit 1 5Bit 1 6Bit 1
True label 0 Full 0 3Bit 1 3Bit 1 4Bit 0 5Bit 0 6Bit 0
True label 1 Full 1 3Bit 0 3Bit 0 4Bit 1 5Bit 1 6Bit 1
True label 1 Full 1 3Bit 1 3Bit 1 4Bit 1 5Bit 1 6Bit 1
True label 1 Full 1 3Bit 1 3Bit 1 4Bit 1 5Bit 1 6Bit 1
True label 0 Full 0 3Bit 1 3Bit 1 4Bit 0 5Bit 0 6Bit 0
True label 1 Full 1 3Bit 1 3Bit 1 4Bit 1 5Bit 1 6Bit 1
True label 0 Full 0 3Bit 0 3Bit 0 4Bit 0 5Bit 0 6Bit 0
True label 0 Full 0 3Bit 1 3Bit 1 4Bit 0 5Bit 0 6Bit 0
True label 0 Full 0 3Bit 1 3Bit 1 4Bit 0 5Bit 0 6Bit 0
True label 1 Full 0 3Bit 1 3Bit 1 4Bit 0 5Bit 0 6Bit 0
True label 1 Full 1 3Bit 1 3Bit 1 4Bit 1 5Bit 1 6Bit 1
True label 1 Full 1 3Bit 1 3Bit 1 4Bit 1 5Bit 1 6Bit 1
True label 1 Full 1 3Bit 0 3Bit 0 4Bit 1 5Bit 1 6Bit 1
True label 1 Full 1 3Bit 1 3Bit 1 4Bit 1 5Bit 1 6Bit 1
True label 0 Full 0 3Bit 1 3Bit 1 4Bit 0 5Bit 0 6Bit 0
True label 0 Full 0 3Bit 1 3Bit 1 4Bit 0 5Bit 0 6Bit 0
True label 0 Full 0 3Bit 1 3Bit 1 4Bit 0 5Bit 0 6Bit 0
True label 1 Full 1 3Bit 1 3Bit 1 4Bit 1 5Bit 1 6Bit 1
True label 1 Full 1 3Bit 0 3Bit 0 4Bit 1 5Bit 1 6Bit 1
True label 0 Full 0 3Bit 1 3Bit 1 4Bit 0 5Bit 0 6Bit 1
True label 1 Full 1 3Bit 1 3Bit 1 4Bit 1 5Bit 1 6Bit 1
True label 1 Full 1 3Bit 1 3Bit 1 4Bit 1 5Bit 1 6Bit 1
True label 0 Full 0 3Bit 1 3Bit 1 4Bit 0 5Bit 0 6Bit 0
True label 1 Full 1 3Bit 1 3Bit 1 4Bit 1 5Bit 1 6Bit 1
True label 0 Full 0 3Bit 0 3Bit 0 4Bit 0 5Bit 0 6Bit 0
True label 0 Full 0 3Bit 1 3Bit 1 4Bit 0 5Bit 0 6Bit 0
True label 1 Full 1 3Bit 0 3Bit 0 4Bit 1 5Bit 1 6Bit 1
True label 1 Full 0 3Bit 0 3Bit 0 4Bit 0 5Bit 0 6Bit 0
True label 1 Full 1 3Bit 0 3Bit 0 4Bit 1 5Bit 1 6Bit 1
True label 0 Full 0 3Bit 0 3Bit 0 4Bit 0 5Bit 0 6Bit 1
True label 0 Full 0 3Bit 0 3Bit 0 4Bit 0 5Bit 0 6Bit 0
True label 0 Full 0 3Bit 1 3Bit 1 4Bit 0 5Bit 0 6Bit 0
True label 0 Full 0 3Bit 0 3Bit 0 4Bit 0 5Bit 0 6Bit 0
True label 1 Full 1 3Bit 1 3Bit 1 4Bit 1 5Bit 1 6Bit 1
True label 0 Full 0 3Bit 1 3Bit 1 4Bit 0 5Bit 0 6Bit 0
True label 0 Full 1 3Bit 1 3Bit 1 4Bit 1 5Bit 1 6Bit 1
True label 0 Full 0 3Bit 0 3Bit 0 4Bit 1 5Bit 0 6Bit 0
True label 1 Full 1 3Bit 1 3Bit 1 4Bit 1 5Bit 1 6Bit 1
True label 0 Full 1 3Bit 1 3Bit 1 4Bit 0 5Bit 1 6Bit 1
True label 0 Full 0 3Bit 0 3Bit 0 4Bit 0 5Bit 0 6Bit 0
True label 0 Full 0 3Bit 0 3Bit 0 4Bit 0 5Bit 0 6Bit 0
True label 0 Full 0 3Bit 1 3Bit 1 4Bit 0 5Bit 0 6Bit 0
True label 0 Full 0 3Bit 0 3Bit 0 4Bit 0 5Bit 0 6Bit 0
True label 0 Full 0 3Bit 1 3Bit 1 4Bit 0 5Bit 0 6Bit 0
True label 0 Full 0 3Bit 1 3Bit 1 4Bit 0 5Bit 0 6Bit 0
True label 1 Full 1 3Bit 0 3Bit 0 4Bit 0 5Bit 0 6Bit 0
True label 0 Full 1 3Bit 1 3Bit 1 4Bit 0 5Bit 1 6Bit 1
True label 0 Full 0 3Bit 1 3Bit 1 4Bit 0 5Bit 0 6Bit 0
True label 1 Full 1 3Bit 1 3Bit 1 4Bit 1 5Bit 1 6Bit 1
True label 0 Full 0 3Bit 1 3Bit 1 4Bit 0 5Bit 0 6Bit 0
True label 0 Full 0 3Bit 1 3Bit 1 4Bit 0 5Bit 0 6Bit 0
True label 1 Full 1 3Bit 1 3Bit 1 4Bit 1 5Bit 1 6Bit 1
True label 1 Full 1 3Bit 1 3Bit 1 4Bit 1 5Bit 1 6Bit 1
True label 1 Full 0 3Bit 1 3Bit 1 4Bit 0 5Bit 0 6Bit 0
True label 0 Full 0 3Bit 1 3Bit 1 4Bit 0 5Bit 0 6Bit 0
True label 0 Full 0 3Bit 1 3Bit 1 4Bit 0 5Bit 0 6Bit 0
True label 1 Full 1 3Bit 1 3Bit 1 4Bit 1 5Bit 1 6Bit 1
True label 0 Full 0 3Bit 0 3Bit 0 4Bit 0 5Bit 0 6Bit 0
True label 1 Full 1 3Bit 0 3Bit 0 4Bit 1 5Bit 0 6Bit 1
True label 1 Full 1 3Bit 1 3Bit 1 4Bit 1 5Bit 1 6Bit 1
True label 0 Full 0 3Bit 1 3Bit 1 4Bit 0 5Bit 0 6Bit 0
True label 1 Full 1 3Bit 1 3Bit 1 4Bit 1 5Bit 1 6Bit 1
True label 1 Full 1 3Bit 1 3Bit 1 4Bit 1 5Bit 1 6Bit 1
True label 0 Full 0 3Bit 0 3Bit 0 4Bit 0 5Bit 0 6Bit 0
True label 1 Full 1 3Bit 1 3Bit 1 4Bit 0 5Bit 1 6Bit 1
True label 1 Full 1 3Bit 1 3Bit 1 4Bit 1 5Bit 1 6Bit 1
True label 0 Full 0 3Bit 1 3Bit 1 4Bit 0 5Bit 0 6Bit 0
True label 0 Full 0 3Bit 1 3Bit 1 4Bit 0 5Bit 0 6Bit 0
True label 1 Full 1 3Bit 1 3Bit 1 4Bit 1 5Bit 1 6Bit 1
True label 1 Full 0 3Bit 1 3Bit 1 4Bit 0 5Bit 1 6Bit 1
True label 1 Full 0 3Bit 1 3Bit 1 4Bit 1 5Bit 1 6Bit 1
True label 1 Full 0 3Bit 0 3Bit 0 4Bit 0 5Bit 0 6Bit 0
True label 0 Full 0 3Bit 1 3Bit 1 4Bit 0 5Bit 1 6Bit 1
True label 0 Full 0 3Bit 1 3Bit 1 4Bit 0 5Bit 0 6Bit 0
True label 1 Full 1 3Bit 1 3Bit 1 4Bit 1 5Bit 1 6Bit 1
True label 0 Full 0 3Bit 0 3Bit 0 4Bit 0 5Bit 0 6Bit 0
True label 0 Full 0 3Bit 0 3Bit 0 4Bit 0 5Bit 0 6Bit 0
True label 1 Full 1 3Bit 1 3Bit 1 4Bit 0 5Bit 1 6Bit 1
True label 0 Full 1 3Bit 0 3Bit 0 4Bit 1 5Bit 1 6Bit 1
True label 0 Full 0 3Bit 1 3Bit 1 4Bit 0 5Bit 0 6Bit 0
True label 1 Full 1 3Bit 1 3Bit 1 4Bit 1 5Bit 1 6Bit 1
True label 0 Full 0 3Bit 1 3Bit 1 4Bit 0 5Bit 0 6Bit 0
True label 1 Full 1 3Bit 1 3Bit 1 4Bit 1 5Bit 1 6Bit 1
True label 0 Full 0 3Bit 1 3Bit 1 4Bit 0 5Bit 0 6Bit 0
True label 1 Full 1 3Bit 1 3Bit 1 4Bit 1 5Bit 1 6Bit 1
True label 1 Full 1 3Bit 1 3Bit 1 4Bit 1 5Bit 1 6Bit 1
True label 1 Full 1 3Bit 0 3Bit 0 4Bit 1 5Bit 1 6Bit 1
True label 1 Full 1 3Bit 1 3Bit 1 4Bit 0 5Bit 0 6Bit 1
True label 1 Full 1 3Bit 1 3Bit 1 4Bit 1 5Bit 1 6Bit 1
True label 0 Full 0 3Bit 1 3Bit 1 4Bit 0 5Bit 0 6Bit 0
True label 1 Full 1 3Bit 1 3Bit 1 4Bit 1 5Bit 1 6Bit 1
True label 0 Full 0 3Bit 1 3Bit 1 4Bit 0 5Bit 0 6Bit 0
True label 1 Full 1 3Bit 1 3Bit 1 4Bit 1 5Bit 1 6Bit 1
True label 0 Full 0 3Bit 1 3Bit 1 4Bit 0 5Bit 0 6Bit 0
True label 0 Full 0 3Bit 1 3Bit 1 4Bit 0 5Bit 0 6Bit 0
True label 0 Full 0 3Bit 1 3Bit 1 4Bit 0 5Bit 0 6Bit 0
True label 1 Full 1 3Bit 1 3Bit 1 4Bit 0 5Bit 1 6Bit 1
True label 1 Full 1 3Bit 1 3Bit 1 4Bit 1 5Bit 1 6Bit 1
True label 1 Full 1 3Bit 1 3Bit 1 4Bit 1 5Bit 1 6Bit 1
True label 0 Full 0 3Bit 0 3Bit 0 4Bit 0 5Bit 0 6Bit 0
True label 0 Full 1 3Bit 1 3Bit 1 4Bit 0 5Bit 1 6Bit 1
True label 0 Full 0 3Bit 1 3Bit 1 4Bit 0 5Bit 0 6Bit 0
True label 0 Full 0 3Bit 1 3Bit 1 4Bit 0 5Bit 0 6Bit 0
True label 1 Full 1 3Bit 1 3Bit 1 4Bit 1 5Bit 1 6Bit 1
True label 1 Full 1 3Bit 1 3Bit 1 4Bit 0 5Bit 1 6Bit 1
True label 0 Full 0 3Bit 0 3Bit 0 4Bit 0 5Bit 0 6Bit 0
True label 1 Full 0 3Bit 1 3Bit 1 4Bit 0 5Bit 0 6Bit 0
True label 0 Full 0 3Bit 1 3Bit 1 4Bit 0 5Bit 0 6Bit 0
True label 0 Full 0 3Bit 0 3Bit 0 4Bit 0 5Bit 0 6Bit 0
True label 1 Full 1 3Bit 1 3Bit 1 4Bit 1 5Bit 1 6Bit 1
True label 1 Full 1 3Bit 1 3Bit 1 4Bit 0 5Bit 1 6Bit 1
True label 0 Full 0 3Bit 1 3Bit 1 4Bit 0 5Bit 0 6Bit 0
True label 1 Full 1 3Bit 0 3Bit 0 4Bit 1 5Bit 1 6Bit 1
True label 0 Full 0 3Bit 0 3Bit 0 4Bit 0 5Bit 0 6Bit 0
True label 1 Full 0 3Bit 1 3Bit 1 4Bit 0 5Bit 1 6Bit 1
True label 0 Full 0 3Bit 1 3Bit 1 4Bit 0 5Bit 0 6Bit 1
True label 1 Full 0 3Bit 0 3Bit 0 4Bit 0 5Bit 0 6Bit 1
True label 1 Full 1 3Bit 1 3Bit 1 4Bit 1 5Bit 1 6Bit 1
True label 1 Full 1 3Bit 1 3Bit 1 4Bit 1 5Bit 1 6Bit 1
True label 1 Full 1 3Bit 1 3Bit 1 4Bit 0 5Bit 1 6Bit 1
True label 0 Full 0 3Bit 1 3Bit 1 4Bit 1 5Bit 0 6Bit 0
True label 0 Full 0 3Bit 1 3Bit 1 4Bit 0 5Bit 0 6Bit 0
True label 0 Full 0 3Bit 0 3Bit 0 4Bit 0 5Bit 0 6Bit 0
True label 0 Full 0 3Bit 1 3Bit 1 4Bit 0 5Bit 0 6Bit 0
True label 1 Full 1 3Bit 1 3Bit 1 4Bit 1 5Bit 1 6Bit 1
True label 1 Full 1 3Bit 1 3Bit 1 4Bit 1 5Bit 1 6Bit 1
True label 1 Full 1 3Bit 1 3Bit 1 4Bit 1 5Bit 1 6Bit 1
True label 1 Full 1 3Bit 0 3Bit 0 4Bit 1 5Bit 1 6Bit 1
True label 1 Full 0 3Bit 1 3Bit 1 4Bit 1 5Bit 0 6Bit 0
True label 0 Full 0 3Bit 1 3Bit 1 4Bit 0 5Bit 0 6Bit 0
True label 1 Full 1 3Bit 1 3Bit 1 4Bit 0 5Bit 1 6Bit 1
True label 1 Full 1 3Bit 1 3Bit 1 4Bit 1 5Bit 1 6Bit 1
True label 1 Full 1 3Bit 0 3Bit 0 4Bit 1 5Bit 1 6Bit 1
True label 0 Full 0 3Bit 0 3Bit 0 4Bit 0 5Bit 0 6Bit 0
True label 1 Full 1 3Bit 0 3Bit 0 4Bit 0 5Bit 1 6Bit 1
True label 1 Full 1 3Bit 1 3Bit 1 4Bit 1 5Bit 1 6Bit 1
True label 1 Full 1 3Bit 1 3Bit 1 4Bit 1 5Bit 1 6Bit 1
True label 0 Full 0 3Bit 0 3Bit 0 4Bit 0 5Bit 0 6Bit 0
True label 1 Full 1 3Bit 1 3Bit 1 4Bit 1 5Bit 1 6Bit 1
True label 0 Full 0 3Bit 1 3Bit 1 4Bit 0 5Bit 0 6Bit 0
True label 1 Full 0 3Bit 1 3Bit 1 4Bit 0 5Bit 0 6Bit 0
True label 0 Full 0 3Bit 1 3Bit 1 4Bit 0 5Bit 0 6Bit 0
True label 0 Full 0 3Bit 1 3Bit 1 4Bit 0 5Bit 0 6Bit 0
True label 1 Full 1 3Bit 1 3Bit 1 4Bit 1 5Bit 1 6Bit 1
True label 1 Full 1 3Bit 1 3Bit 1 4Bit 1 5Bit 1 6Bit 1
True label 1 Full 1 3Bit 1 3Bit 1 4Bit 1 5Bit 1 6Bit 1
True label 1 Full 1 3Bit 1 3Bit 1 4Bit 1 5Bit 0 6Bit 1
True label 1 Full 1 3Bit 1 3Bit 1 4Bit 1 5Bit 1 6Bit 1
True label 0 Full 0 3Bit 1 3Bit 1 4Bit 0 5Bit 0 6Bit 1
True label 1 Full 0 3Bit 1 3Bit 1 4Bit 0 5Bit 0 6Bit 1
True label 0 Full 0 3Bit 1 3Bit 1 4Bit 0 5Bit 0 6Bit 0
True label 0 Full 1 3Bit 1 3Bit 1 4Bit 1 5Bit 1 6Bit 1
True label 1 Full 1 3Bit 1 3Bit 1 4Bit 1 5Bit 1 6Bit 1
True label 1 Full 1 3Bit 1 3Bit 1 4Bit 1 5Bit 1 6Bit 1
True label 1 Full 1 3Bit 1 3Bit 1 4Bit 1 5Bit 1 6Bit 1
True label 0 Full 0 3Bit 1 3Bit 1 4Bit 0 5Bit 1 6Bit 1
True label 0 Full 0 3Bit 1 3Bit 1 4Bit 0 5Bit 0 6Bit 0
True label 0 Full 0 3Bit 1 3Bit 1 4Bit 0 5Bit 0 6Bit 0
True label 1 Full 1 3Bit 1 3Bit 1 4Bit 1 5Bit 1 6Bit 1
True label 1 Full 0 3Bit 1 3Bit 1 4Bit 0 5Bit 1 6Bit 1
True label 1 Full 0 3Bit 1 3Bit 1 4Bit 0 5Bit 1 6Bit 1
True label 0 Full 0 3Bit 1 3Bit 1 4Bit 0 5Bit 0 6Bit 0
True label 0 Full 0 3Bit 1 3Bit 1 4Bit 0 5Bit 0 6Bit 0
True label 0 Full 0 3Bit 1 3Bit 1 4Bit 0 5Bit 0 6Bit 0
True label 1 Full 1 3Bit 1 3Bit 1 4Bit 1 5Bit 1 6Bit 1
True label 1 Full 1 3Bit 1 3Bit 1 4Bit 1 5Bit 1 6Bit 1
True label 0 Full 0 3Bit 1 3Bit 1 4Bit 0 5Bit 0 6Bit 0
True label 1 Full 1 3Bit 0 3Bit 0 4Bit 0 5Bit 0 6Bit 1
True label 1 Full 1 3Bit 1 3Bit 1 4Bit 1 5Bit 1 6Bit 1
True label 1 Full 1 3Bit 0 3Bit 0 4Bit 1 5Bit 1 6Bit 1
True label 0 Full 0 3Bit 1 3Bit 1 4Bit 0 5Bit 0 6Bit 0
True label 1 Full 0 3Bit 1 3Bit 1 4Bit 0 5Bit 0 6Bit 0
True label 1 Full 1 3Bit 1 3Bit 1 4Bit 1 5Bit 1 6Bit 1
True label 0 Full 0 3Bit 1 3Bit 1 4Bit 0 5Bit 0 6Bit 0
True label 1 Full 0 3Bit 1 3Bit 1 4Bit 0 5Bit 0 6Bit 0
True label 1 Full 1 3Bit 1 3Bit 1 4Bit 0 5Bit 1 6Bit 1
True label 1 Full 1 3Bit 1 3Bit 1 4Bit 1 5Bit 1 6Bit 1
True label 0 Full 0 3Bit 0 3Bit 0 4Bit 0 5Bit 0 6Bit 0
True label 1 Full 1 3Bit 1 3Bit 1 4Bit 1 5Bit 1 6Bit 1
True label 1 Full 0 3Bit 1 3Bit 1 4Bit 0 5Bit 1 6Bit 1
True label 0 Full 0 3Bit 0 3Bit 0 4Bit 0 5Bit 0 6Bit 0
True label 1 Full 1 3Bit 1 3Bit 1 4Bit 1 5Bit 1 6Bit 1
True label 0 Full 0 3Bit 1 3Bit 1 4Bit 0 5Bit 0 6Bit 0
True label 0 Full 0 3Bit 1 3Bit 1 4Bit 0 5Bit 0 6Bit 0
True label 0 Full 0 3Bit 1 3Bit 1 4Bit 0 5Bit 0 6Bit 0
True label 1 Full 1 3Bit 1 3Bit 1 4Bit 1 5Bit 1 6Bit 1
True label 1 Full 1 3Bit 1 3Bit 1 4Bit 1 5Bit 1 6Bit 1
True label 0 Full 0 3Bit 1 3Bit 1 4Bit 0 5Bit 0 6Bit 0
True label 0 Full 0 3Bit 1 3Bit 1 4Bit 0 5Bit 0 6Bit 0
True label 0 Full 0 3Bit 0 3Bit 0 4Bit 0 5Bit 0 6Bit 0
True label 1 Full 1 3Bit 1 3Bit 1 4Bit 1 5Bit 1 6Bit 1
True label 0 Full 0 3Bit 1 3Bit 1 4Bit 0 5Bit 0 6Bit 0
True label 0 Full 0 3Bit 0 3Bit 0 4Bit 0 5Bit 0 6Bit 0
True label 1 Full 1 3Bit 1 3Bit 1 4Bit 1 5Bit 1 6Bit 1
True label 0 Full 0 3Bit 0 3Bit 0 4Bit 0 5Bit 0 6Bit 0
True label 0 Full 0 3Bit 1 3Bit 1 4Bit 0 5Bit 0 6Bit 0
True label 0 Full 0 3Bit 0 3Bit 0 4Bit 0 5Bit 0 6Bit 0
True label 0 Full 0 3Bit 1 3Bit 1 4Bit 0 5Bit 0 6Bit 0
True label 0 Full 0 3Bit 1 3Bit 1 4Bit 0 5Bit 0 6Bit 0
True label 0 Full 0 3Bit 1 3Bit 1 4Bit 0 5Bit 0 6Bit 0
True label 1 Full 1 3Bit 1 3Bit 1 4Bit 1 5Bit 1 6Bit 1
True label 0 Full 0 3Bit 1 3Bit 1 4Bit 0 5Bit 0 6Bit 0
True label 0 Full 0 3Bit 0 3Bit 0 4Bit 0 5Bit 1 6Bit 1
True label 1 Full 1 3Bit 0 3Bit 0 4Bit 1 5Bit 1 6Bit 1
True label 0 Full 0 3Bit 0 3Bit 0 4Bit 0 5Bit 0 6Bit 0
True label 0 Full 0 3Bit 0 3Bit 0 4Bit 0 5Bit 0 6Bit 0
True label 1 Full 1 3Bit 0 3Bit 0 4Bit 1 5Bit 1 6Bit 1
True label 1 Full 1 3Bit 1 3Bit 1 4Bit 1 5Bit 1 6Bit 1
True label 1 Full 0 3Bit 1 3Bit 1 4Bit 0 5Bit 0 6Bit 0
True label 0 Full 0 3Bit 1 3Bit 1 4Bit 0 5Bit 0 6Bit 0
True label 0 Full 0 3Bit 1 3Bit 1 4Bit 0 5Bit 0 6Bit 0
True label 0 Full 0 3Bit 1 3Bit 1 4Bit 0 5Bit 0 6Bit 0
True label 1 Full 1 3Bit 1 3Bit 1 4Bit 1 5Bit 1 6Bit 1
True label 0 Full 0 3Bit 0 3Bit 0 4Bit 0 5Bit 0 6Bit 0
True label 0 Full 0 3Bit 1 3Bit 1 4Bit 0 5Bit 0 6Bit 0
True label 0 Full 1 3Bit 1 3Bit 1 4Bit 1 5Bit 1 6Bit 1
True label 0 Full 0 3Bit 1 3Bit 1 4Bit 0 5Bit 0 6Bit 0
True label 1 Full 0 3Bit 0 3Bit 0 4Bit 1 5Bit 1 6Bit 1
True label 1 Full 1 3Bit 1 3Bit 1 4Bit 1 5Bit 1 6Bit 1
True label 1 Full 1 3Bit 0 3Bit 0 4Bit 0 5Bit 1 6Bit 1
True label 0 Full 1 3Bit 1 3Bit 1 4Bit 1 5Bit 1 6Bit 1
True label 0 Full 0 3Bit 1 3Bit 1 4Bit 0 5Bit 0 6Bit 0
True label 0 Full 0 3Bit 1 3Bit 1 4Bit 0 5Bit 0 6Bit 0
True label 1 Full 1 3Bit 0 3Bit 0 4Bit 1 5Bit 1 6Bit 1
True label 0 Full 0 3Bit 1 3Bit 1 4Bit 0 5Bit 0 6Bit 0
True label 1 Full 1 3Bit 1 3Bit 1 4Bit 1 5Bit 1 6Bit 1
True label 0 Full 0 3Bit 1 3Bit 1 4Bit 0 5Bit 0 6Bit 0
True label 1 Full 1 3Bit 1 3Bit 1 4Bit 1 5Bit 1 6Bit 1
True label 0 Full 0 3Bit 0 3Bit 0 4Bit 0 5Bit 0 6Bit 0
True label 0 Full 0 3Bit 0 3Bit 0 4Bit 0 5Bit 0 6Bit 0
True label 1 Full 1 3Bit 1 3Bit 1 4Bit 1 5Bit 1 6Bit 1
True label 1 Full 0 3Bit 0 3Bit 0 4Bit 0 5Bit 0 6Bit 0
True label 1 Full 1 3Bit 1 3Bit 1 4Bit 1 5Bit 1 6Bit 1
True label 0 Full 0 3Bit 0 3Bit 0 4Bit 1 5Bit 0 6Bit 1
True label 1 Full 1 3Bit 1 3Bit 1 4Bit 1 5Bit 1 6Bit 1
True label 0 Full 0 3Bit 0 3Bit 0 4Bit 0 5Bit 0 6Bit 0
True label 0 Full 0 3Bit 1 3Bit 1 4Bit 0 5Bit 0 6Bit 0
True label 0 Full 0 3Bit 1 3Bit 1 4Bit 0 5Bit 0 6Bit 0
True label 0 Full 0 3Bit 1 3Bit 1 4Bit 0 5Bit 0 6Bit 0
True label 1 Full 1 3Bit 1 3Bit 1 4Bit 1 5Bit 1 6Bit 1
True label 0 Full 0 3Bit 0 3Bit 0 4Bit 0 5Bit 0 6Bit 0
True label 0 Full 0 3Bit 1 3Bit 1 4Bit 0 5Bit 0 6Bit 0
True label 1 Full 1 3Bit 0 3Bit 0 4Bit 0 5Bit 0 6Bit 1
True label 0 Full 0 3Bit 1 3Bit 1 4Bit 0 5Bit 0 6Bit 0
True label 1 Full 1 3Bit 0 3Bit 0 4Bit 1 5Bit 1 6Bit 1
True label 1 Full 1 3Bit 0 3Bit 0 4Bit 1 5Bit 1 6Bit 1
True label 0 Full 0 3Bit 1 3Bit 1 4Bit 0 5Bit 0 6Bit 0
True label 0 Full 0 3Bit 1 3Bit 1 4Bit 0 5Bit 0 6Bit 0
True label 1 Full 1 3Bit 1 3Bit 1 4Bit 0 5Bit 1 6Bit 1
True label 1 Full 1 3Bit 0 3Bit 0 4Bit 1 5Bit 1 6Bit 1
True label 1 Full 1 3Bit 1 3Bit 1 4Bit 1 5Bit 1 6Bit 1
True label 0 Full 0 3Bit 1 3Bit 1 4Bit 0 5Bit 0 6Bit 0
True label 1 Full 1 3Bit 1 3Bit 1 4Bit 1 5Bit 1 6Bit 1
True label 0 Full 0 3Bit 1 3Bit 1 4Bit 0 5Bit 0 6Bit 0
True label 1 Full 1 3Bit 1 3Bit 1 4Bit 1 5Bit 1 6Bit 1
True label 0 Full 0 3Bit 0 3Bit 0 4Bit 0 5Bit 0 6Bit 0
True label 1 Full 1 3Bit 1 3Bit 1 4Bit 1 5Bit 1 6Bit 1
True label 1 Full 1 3Bit 1 3Bit 1 4Bit 1 5Bit 1 6Bit 1
True label 1 Full 1 3Bit 1 3Bit 1 4Bit 1 5Bit 1 6Bit 1
True label 0 Full 0 3Bit 1 3Bit 1 4Bit 0 5Bit 0 6Bit 0
True label 0 Full 0 3Bit 1 3Bit 1 4Bit 1 5Bit 0 6Bit 0
True label 1 Full 1 3Bit 1 3Bit 1 4Bit 1 5Bit 1 6Bit 1
True label 1 Full 1 3Bit 1 3Bit 1 4Bit 1 5Bit 1 6Bit 1
True label 0 Full 0 3Bit 1 3Bit 1 4Bit 0 5Bit 0 6Bit 0
True label 0 Full 0 3Bit 0 3Bit 0 4Bit 0 5Bit 0 6Bit 0
True label 0 Full 0 3Bit 1 3Bit 1 4Bit 0 5Bit 0 6Bit 0
True label 1 Full 1 3Bit 1 3Bit 1 4Bit 1 5Bit 1 6Bit 1
True label 1 Full 1 3Bit 1 3Bit 1 4Bit 1 5Bit 1 6Bit 1
True label 0 Full 0 3Bit 1 3Bit 1 4Bit 0 5Bit 0 6Bit 0
True label 0 Full 0 3Bit 0 3Bit 0 4Bit 0 5Bit 0 6Bit 0
True label 0 Full 0 3Bit 0 3Bit 0 4Bit 0 5Bit 0 6Bit 0
True label 0 Full 0 3Bit 0 3Bit 0 4Bit 0 5Bit 0 6Bit 1
True label 1 Full 1 3Bit 1 3Bit 1 4Bit 0 5Bit 1 6Bit 1
True label 0 Full 0 3Bit 1 3Bit 1 4Bit 0 5Bit 1 6Bit 0
True label 1 Full 1 3Bit 1 3Bit 1 4Bit 1 5Bit 1 6Bit 1
True label 0 Full 0 3Bit 1 3Bit 1 4Bit 0 5Bit 0 6Bit 0
True label 0 Full 0 3Bit 0 3Bit 0 4Bit 0 5Bit 0 6Bit 0
True label 0 Full 0 3Bit 0 3Bit 0 4Bit 0 5Bit 0 6Bit 0
True label 1 Full 1 3Bit 1 3Bit 1 4Bit 1 5Bit 1 6Bit 1
True label 0 Full 0 3Bit 0 3Bit 0 4Bit 0 5Bit 0 6Bit 0
True label 1 Full 0 3Bit 0 3Bit 0 4Bit 0 5Bit 0 6Bit 0
True label 0 Full 0 3Bit 0 3Bit 0 4Bit 0 5Bit 0 6Bit 0
True label 1 Full 1 3Bit 0 3Bit 0 4Bit 1 5Bit 1 6Bit 1
True label 1 Full 1 3Bit 1 3Bit 1 4Bit 1 5Bit 1 6Bit 1
True label 1 Full 1 3Bit 1 3Bit 1 4Bit 1 5Bit 1 6Bit 1
True label 1 Full 1 3Bit 1 3Bit 1 4Bit 1 5Bit 1 6Bit 1
True label 0 Full 0 3Bit 0 3Bit 0 4Bit 0 5Bit 0 6Bit 0
True label 1 Full 1 3Bit 1 3Bit 1 4Bit 1 5Bit 1 6Bit 1
True label 1 Full 1 3Bit 1 3Bit 1 4Bit 1 5Bit 1 6Bit 1
True label 0 Full 0 3Bit 1 3Bit 1 4Bit 0 5Bit 0 6Bit 0
True label 0 Full 0 3Bit 1 3Bit 1 4Bit 0 5Bit 0 6Bit 0
True label 0 Full 0 3Bit 0 3Bit 0 4Bit 0 5Bit 0 6Bit 0
True label 1 Full 1 3Bit 1 3Bit 1 4Bit 1 5Bit 1 6Bit 1
True label 0 Full 0 3Bit 0 3Bit 0 4Bit 0 5Bit 0 6Bit 0
True label 1 Full 1 3Bit 1 3Bit 1 4Bit 1 5Bit 1 6Bit 1
True label 1 Full 1 3Bit 1 3Bit 1 4Bit 1 5Bit 1 6Bit 1
True label 0 Full 0 3Bit 1 3Bit 1 4Bit 0 5Bit 0 6Bit 0
True label 0 Full 0 3Bit 1 3Bit 1 4Bit 0 5Bit 0 6Bit 0
True label 0 Full 0 3Bit 0 3Bit 0 4Bit 0 5Bit 0 6Bit 0
True label 0 Full 0 3Bit 1 3Bit 1 4Bit 0 5Bit 0 6Bit 0
True label 1 Full 0 3Bit 1 3Bit 1 4Bit 0 5Bit 1 6Bit 0
True label 1 Full 1 3Bit 0 3Bit 0 4Bit 1 5Bit 1 6Bit 1
True label 0 Full 1 3Bit 1 3Bit 1 4Bit 0 5Bit 0 6Bit 0
True label 1 Full 1 3Bit 1 3Bit 1 4Bit 1 5Bit 1 6Bit 1
True label 1 Full 1 3Bit 1 3Bit 1 4Bit 0 5Bit 1 6Bit 1
True label 1 Full 1 3Bit 1 3Bit 1 4Bit 1 5Bit 1 6Bit 1
True label 0 Full 0 3Bit 1 3Bit 1 4Bit 0 5Bit 0 6Bit 0
True label 0 Full 0 3Bit 0 3Bit 0 4Bit 0 5Bit 0 6Bit 0
True label 0 Full 0 3Bit 1 3Bit 1 4Bit 0 5Bit 0 6Bit 0
True label 1 Full 1 3Bit 1 3Bit 1 4Bit 1 5Bit 1 6Bit 1
True label 0 Full 0 3Bit 1 3Bit 1 4Bit 0 5Bit 0 6Bit 0
True label 0 Full 0 3Bit 1 3Bit 1 4Bit 0 5Bit 0 6Bit 1
True label 1 Full 1 3Bit 1 3Bit 1 4Bit 1 5Bit 1 6Bit 1
True label 0 Full 0 3Bit 1 3Bit 1 4Bit 0 5Bit 0 6Bit 0
True label 1 Full 1 3Bit 1 3Bit 1 4Bit 1 5Bit 1 6Bit 1
True label 1 Full 0 3Bit 1 3Bit 1 4Bit 1 5Bit 1 6Bit 1
True label 0 Full 0 3Bit 1 3Bit 1 4Bit 0 5Bit 0 6Bit 0
True label 1 Full 0 3Bit 0 3Bit 0 4Bit 0 5Bit 0 6Bit 0
True label 0 Full 0 3Bit 0 3Bit 0 4Bit 0 5Bit 0 6Bit 0
True label 0 Full 0 3Bit 1 3Bit 1 4Bit 0 5Bit 0 6Bit 0
True label 1 Full 1 3Bit 1 3Bit 1 4Bit 1 5Bit 0 6Bit 1
True label 1 Full 1 3Bit 1 3Bit 1 4Bit 0 5Bit 1 6Bit 1
True label 1 Full 1 3Bit 1 3Bit 1 4Bit 1 5Bit 1 6Bit 1
True label 1 Full 1 3Bit 1 3Bit 1 4Bit 0 5Bit 1 6Bit 1
True label 1 Full 1 3Bit 1 3Bit 1 4Bit 1 5Bit 1 6Bit 1
True label 0 Full 0 3Bit 1 3Bit 1 4Bit 0 5Bit 0 6Bit 0
True label 0 Full 0 3Bit 1 3Bit 1 4Bit 0 5Bit 0 6Bit 0
True label 1 Full 1 3Bit 1 3Bit 1 4Bit 1 5Bit 1 6Bit 1
True label 0 Full 0 3Bit 1 3Bit 1 4Bit 0 5Bit 0 6Bit 0
True label 0 Full 0 3Bit 1 3Bit 1 4Bit 0 5Bit 0 6Bit 0
True label 1 Full 1 3Bit 1 3Bit 1 4Bit 1 5Bit 1 6Bit 1
True label 0 Full 0 3Bit 1 3Bit 1 4Bit 0 5Bit 0 6Bit 0
True label 0 Full 1 3Bit 1 3Bit 1 4Bit 0 5Bit 0 6Bit 1
True label 1 Full 1 3Bit 1 3Bit 1 4Bit 1 5Bit 1 6Bit 1
True label 0 Full 0 3Bit 0 3Bit 0 4Bit 0 5Bit 0 6Bit 0
True label 1 Full 1 3Bit 1 3Bit 1 4Bit 1 5Bit 1 6Bit 1
True label 0 Full 1 3Bit 0 3Bit 0 4Bit 1 5Bit 1 6Bit 1
True label 1 Full 1 3Bit 1 3Bit 1 4Bit 1 5Bit 1 6Bit 1
True label 1 Full 1 3Bit 1 3Bit 1 4Bit 1 5Bit 1 6Bit 1
True label 1 Full 1 3Bit 1 3Bit 1 4Bit 0 5Bit 1 6Bit 1
True label 0 Full 1 3Bit 1 3Bit 1 4Bit 1 5Bit 1 6Bit 1
True label 1 Full 1 3Bit 1 3Bit 1 4Bit 1 5Bit 1 6Bit 0
True label 0 Full 0 3Bit 1 3Bit 1 4Bit 0 5Bit 0 6Bit 0
True label 1 Full 1 3Bit 0 3Bit 0 4Bit 0 5Bit 1 6Bit 1
True label 1 Full 1 3Bit 1 3Bit 1 4Bit 1 5Bit 1 6Bit 1
True label 0 Full 0 3Bit 0 3Bit 0 4Bit 0 5Bit 0 6Bit 0
True label 1 Full 1 3Bit 1 3Bit 1 4Bit 1 5Bit 1 6Bit 1
True label 1 Full 1 3Bit 1 3Bit 1 4Bit 1 5Bit 1 6Bit 1
True label 0 Full 0 3Bit 1 3Bit 1 4Bit 0 5Bit 1 6Bit 1
True label 0 Full 0 3Bit 0 3Bit 0 4Bit 0 5Bit 0 6Bit 0
True label 1 Full 1 3Bit 1 3Bit 1 4Bit 0 5Bit 0 6Bit 1
True label 1 Full 1 3Bit 1 3Bit 1 4Bit 1 5Bit 1 6Bit 1
True label 0 Full 0 3Bit 0 3Bit 0 4Bit 0 5Bit 0 6Bit 0
True label 0 Full 0 3Bit 1 3Bit 1 4Bit 0 5Bit 0 6Bit 0
True label 1 Full 1 3Bit 1 3Bit 1 4Bit 0 5Bit 1 6Bit 1
True label 0 Full 0 3Bit 1 3Bit 1 4Bit 0 5Bit 0 6Bit 0
True label 1 Full 0 3Bit 1 3Bit 1 4Bit 0 5Bit 0 6Bit 1
True label 1 Full 1 3Bit 0 3Bit 0 4Bit 0 5Bit 0 6Bit 1
True label 1 Full 1 3Bit 1 3Bit 1 4Bit 1 5Bit 1 6Bit 1
True label 0 Full 1 3Bit 1 3Bit 1 4Bit 0 5Bit 0 6Bit 1
True label 0 Full 0 3Bit 1 3Bit 1 4Bit 0 5Bit 0 6Bit 0
True label 0 Full 0 3Bit 1 3Bit 1 4Bit 0 5Bit 0 6Bit 0
True label 0 Full 0 3Bit 0 3Bit 0 4Bit 0 5Bit 0 6Bit 0
True label 0 Full 0 3Bit 1 3Bit 1 4Bit 0 5Bit 0 6Bit 0
True label 1 Full 1 3Bit 1 3Bit 1 4Bit 1 5Bit 1 6Bit 1
True label 0 Full 0 3Bit 1 3Bit 1 4Bit 0 5Bit 0 6Bit 0
True label 0 Full 0 3Bit 1 3Bit 1 4Bit 0 5Bit 0 6Bit 0
True label 0 Full 0 3Bit 1 3Bit 1 4Bit 0 5Bit 0 6Bit 0
True label 1 Full 1 3Bit 1 3Bit 1 4Bit 1 5Bit 1 6Bit 1
True label 0 Full 0 3Bit 1 3Bit 1 4Bit 0 5Bit 0 6Bit 0
True label 0 Full 0 3Bit 1 3Bit 1 4Bit 0 5Bit 0 6Bit 0
True label 1 Full 1 3Bit 1 3Bit 1 4Bit 0 5Bit 1 6Bit 1
True label 0 Full 0 3Bit 1 3Bit 1 4Bit 0 5Bit 0 6Bit 0
True label 1 Full 1 3Bit 1 3Bit 1 4Bit 1 5Bit 1 6Bit 1
True label 0 Full 0 3Bit 1 3Bit 1 4Bit 0 5Bit 0 6Bit 0
True label 1 Full 1 3Bit 1 3Bit 1 4Bit 1 5Bit 1 6Bit 1
True label 0 Full 0 3Bit 1 3Bit 1 4Bit 0 5Bit 0 6Bit 0
True label 1 Full 1 3Bit 0 3Bit 0 4Bit 0 5Bit 0 6Bit 1
True label 1 Full 1 3Bit 1 3Bit 1 4Bit 1 5Bit 1 6Bit 1
True label 0 Full 0 3Bit 1 3Bit 1 4Bit 0 5Bit 0 6Bit 0
True label 0 Full 0 3Bit 1 3Bit 1 4Bit 0 5Bit 0 6Bit 0
True label 0 Full 0 3Bit 0 3Bit 0 4Bit 0 5Bit 0 6Bit 0
True label 1 Full 1 3Bit 1 3Bit 1 4Bit 1 5Bit 1 6Bit 1
True label 0 Full 0 3Bit 1 3Bit 1 4Bit 0 5Bit 0 6Bit 0
True label 1 Full 1 3Bit 1 3Bit 1 4Bit 1 5Bit 1 6Bit 1
True label 0 Full 0 3Bit 1 3Bit 1 4Bit 0 5Bit 0 6Bit 0
True label 0 Full 0 3Bit 1 3Bit 1 4Bit 0 5Bit 0 6Bit 0
True label 0 Full 0 3Bit 0 3Bit 0 4Bit 0 5Bit 0 6Bit 0
True label 0 Full 0 3Bit 1 3Bit 1 4Bit 0 5Bit 0 6Bit 0
True label 0 Full 0 3Bit 1 3Bit 1 4Bit 0 5Bit 0 6Bit 0
True label 0 Full 0 3Bit 1 3Bit 1 4Bit 0 5Bit 0 6Bit 0
True label 0 Full 0 3Bit 1 3Bit 1 4Bit 0 5Bit 0 6Bit 0
True label 1 Full 1 3Bit 0 3Bit 0 4Bit 0 5Bit 1 6Bit 1
True label 1 Full 1 3Bit 1 3Bit 1 4Bit 1 5Bit 1 6Bit 1
True label 1 Full 1 3Bit 1 3Bit 1 4Bit 1 5Bit 1 6Bit 1
True label 1 Full 1 3Bit 1 3Bit 1 4Bit 1 5Bit 1 6Bit 1
True label 1 Full 1 3Bit 1 3Bit 1 4Bit 0 5Bit 0 6Bit 0
True label 1 Full 1 3Bit 1 3Bit 1 4Bit 1 5Bit 1 6Bit 1
True label 0 Full 0 3Bit 1 3Bit 1 4Bit 0 5Bit 0 6Bit 0
True label 0 Full 0 3Bit 1 3Bit 1 4Bit 0 5Bit 0 6Bit 0
True label 0 Full 0 3Bit 1 3Bit 1 4Bit 0 5Bit 0 6Bit 0
True label 1 Full 0 3Bit 1 3Bit 1 4Bit 0 5Bit 0 6Bit 0
True label 1 Full 1 3Bit 1 3Bit 1 4Bit 0 5Bit 1 6Bit 1
True label 0 Full 0 3Bit 0 3Bit 0 4Bit 0 5Bit 0 6Bit 0
True label 0 Full 0 3Bit 1 3Bit 1 4Bit 0 5Bit 0 6Bit 0
True label 1 Full 0 3Bit 1 3Bit 1 4Bit 1 5Bit 1 6Bit 1
True label 1 Full 1 3Bit 0 3Bit 0 4Bit 1 5Bit 1 6Bit 1
True label 1 Full 1 3Bit 1 3Bit 1 4Bit 1 5Bit 1 6Bit 1
True label 0 Full 0 3Bit 0 3Bit 0 4Bit 0 5Bit 0 6Bit 0
True label 0 Full 0 3Bit 0 3Bit 0 4Bit 0 5Bit 0 6Bit 0
True label 1 Full 1 3Bit 1 3Bit 1 4Bit 1 5Bit 1 6Bit 1
True label 0 Full 0 3Bit 1 3Bit 1 4Bit 0 5Bit 0 6Bit 0
True label 1 Full 1 3Bit 1 3Bit 1 4Bit 1 5Bit 1 6Bit 1
True label 0 Full 0 3Bit 1 3Bit 1 4Bit 0 5Bit 0 6Bit 0
True label 1 Full 1 3Bit 0 3Bit 0 4Bit 1 5Bit 1 6Bit 1
True label 0 Full 0 3Bit 1 3Bit 1 4Bit 0 5Bit 0 6Bit 0
True label 1 Full 1 3Bit 1 3Bit 1 4Bit 1 5Bit 1 6Bit 1
True label 1 Full 1 3Bit 1 3Bit 1 4Bit 0 5Bit 1 6Bit 1
True label 0 Full 0 3Bit 1 3Bit 1 4Bit 0 5Bit 1 6Bit 1
True label 0 Full 0 3Bit 1 3Bit 1 4Bit 0 5Bit 0 6Bit 0
True label 0 Full 0 3Bit 1 3Bit 1 4Bit 0 5Bit 0 6Bit 0
True label 0 Full 0 3Bit 0 3Bit 0 4Bit 0 5Bit 0 6Bit 0
True label 0 Full 0 3Bit 1 3Bit 1 4Bit 0 5Bit 0 6Bit 0
True label 1 Full 1 3Bit 1 3Bit 1 4Bit 1 5Bit 1 6Bit 1
True label 0 Full 0 3Bit 1 3Bit 1 4Bit 0 5Bit 0 6Bit 0
True label 0 Full 0 3Bit 1 3Bit 1 4Bit 0 5Bit 0 6Bit 0
True label 1 Full 1 3Bit 1 3Bit 1 4Bit 1 5Bit 1 6Bit 1
True label 0 Full 1 3Bit 1 3Bit 1 4Bit 1 5Bit 1 6Bit 1
True label 1 Full 1 3Bit 1 3Bit 1 4Bit 0 5Bit 1 6Bit 1
True label 0 Full 0 3Bit 0 3Bit 0 4Bit 0 5Bit 0 6Bit 0
True label 1 Full 1 3Bit 1 3Bit 1 4Bit 1 5Bit 1 6Bit 1
True label 1 Full 1 3Bit 1 3Bit 1 4Bit 1 5Bit 1 6Bit 1
True label 0 Full 0 3Bit 0 3Bit 0 4Bit 0 5Bit 0 6Bit 0
True label 0 Full 0 3Bit 1 3Bit 1 4Bit 0 5Bit 0 6Bit 0
True label 1 Full 1 3Bit 1 3Bit 1 4Bit 1 5Bit 1 6Bit 1
True label 1 Full 1 3Bit 1 3Bit 1 4Bit 1 5Bit 1 6Bit 1
True label 0 Full 0 3Bit 1 3Bit 1 4Bit 0 5Bit 0 6Bit 0
True label 0 Full 0 3Bit 1 3Bit 1 4Bit 0 5Bit 0 6Bit 0
True label 0 Full 0 3Bit 0 3Bit 0 4Bit 0 5Bit 0 6Bit 0
True label 1 Full 1 3Bit 1 3Bit 1 4Bit 1 5Bit 1 6Bit 1
True label 0 Full 0 3Bit 1 3Bit 1 4Bit 0 5Bit 0 6Bit 0
True label 1 Full 0 3Bit 1 3Bit 1 4Bit 0 5Bit 0 6Bit 0
True label 1 Full 1 3Bit 1 3Bit 1 4Bit 1 5Bit 1 6Bit 1
True label 1 Full 1 3Bit 1 3Bit 1 4Bit 1 5Bit 1 6Bit 1
True label 1 Full 1 3Bit 1 3Bit 1 4Bit 0 5Bit 1 6Bit 1
True label 1 Full 1 3Bit 1 3Bit 1 4Bit 1 5Bit 1 6Bit 1
True label 1 Full 1 3Bit 1 3Bit 1 4Bit 0 5Bit 0 6Bit 0
True label 1 Full 1 3Bit 1 3Bit 1 4Bit 1 5Bit 1 6Bit 1
True label 1 Full 1 3Bit 0 3Bit 0 4Bit 1 5Bit 1 6Bit 1
True label 0 Full 0 3Bit 1 3Bit 1 4Bit 0 5Bit 0 6Bit 0
True label 1 Full 1 3Bit 1 3Bit 1 4Bit 1 5Bit 1 6Bit 1
True label 1 Full 1 3Bit 1 3Bit 1 4Bit 1 5Bit 1 6Bit 1
True label 1 Full 1 3Bit 1 3Bit 1 4Bit 1 5Bit 1 6Bit 1
True label 0 Full 0 3Bit 0 3Bit 0 4Bit 0 5Bit 0 6Bit 0
True label 1 Full 1 3Bit 1 3Bit 1 4Bit 1 5Bit 1 6Bit 1
True label 0 Full 0 3Bit 1 3Bit 1 4Bit 0 5Bit 1 6Bit 1
True label 0 Full 0 3Bit 1 3Bit 1 4Bit 0 5Bit 1 6Bit 1
True label 1 Full 1 3Bit 1 3Bit 1 4Bit 1 5Bit 1 6Bit 1
True label 0 Full 0 3Bit 0 3Bit 0 4Bit 0 5Bit 0 6Bit 0
True label 1 Full 1 3Bit 1 3Bit 1 4Bit 1 5Bit 1 6Bit 1
True label 1 Full 1 3Bit 1 3Bit 1 4Bit 1 5Bit 1 6Bit 1
True label 1 Full 1 3Bit 1 3Bit 1 4Bit 1 5Bit 1 6Bit 1
True label 0 Full 0 3Bit 1 3Bit 1 4Bit 0 5Bit 0 6Bit 0
True label 0 Full 0 3Bit 1 3Bit 1 4Bit 0 5Bit 0 6Bit 0
True label 0 Full 0 3Bit 0 3Bit 0 4Bit 0 5Bit 0 6Bit 0
True label 1 Full 1 3Bit 1 3Bit 1 4Bit 1 5Bit 1 6Bit 1
True label 1 Full 0 3Bit 1 3Bit 1 4Bit 0 5Bit 0 6Bit 0
True label 1 Full 1 3Bit 1 3Bit 1 4Bit 1 5Bit 1 6Bit 1
True label 1 Full 1 3Bit 1 3Bit 1 4Bit 1 5Bit 1 6Bit 1
True label 0 Full 0 3Bit 1 3Bit 1 4Bit 0 5Bit 0 6Bit 0
True label 0 Full 0 3Bit 1 3Bit 1 4Bit 0 5Bit 0 6Bit 0
True label 1 Full 1 3Bit 1 3Bit 1 4Bit 1 5Bit 1 6Bit 1
True label 1 Full 0 3Bit 1 3Bit 1 4Bit 1 5Bit 1 6Bit 1
True label 1 Full 1 3Bit 0 3Bit 0 4Bit 1 5Bit 1 6Bit 1
True label 0 Full 0 3Bit 1 3Bit 1 4Bit 1 5Bit 0 6Bit 1
True label 0 Full 0 3Bit 1 3Bit 1 4Bit 0 5Bit 0 6Bit 0
True label 0 Full 1 3Bit 0 3Bit 0 4Bit 0 5Bit 1 6Bit 1
True label 0 Full 0 3Bit 1 3Bit 1 4Bit 0 5Bit 0 6Bit 0
True label 0 Full 0 3Bit 1 3Bit 1 4Bit 0 5Bit 0 6Bit 0
True label 0 Full 0 3Bit 1 3Bit 1 4Bit 0 5Bit 0 6Bit 0
True label 1 Full 1 3Bit 1 3Bit 1 4Bit 1 5Bit 1 6Bit 1
True label 1 Full 0 3Bit 0 3Bit 0 4Bit 0 5Bit 0 6Bit 0
True label 1 Full 1 3Bit 1 3Bit 1 4Bit 0 5Bit 1 6Bit 1
True label 1 Full 1 3Bit 1 3Bit 1 4Bit 1 5Bit 1 6Bit 1
True label 0 Full 0 3Bit 0 3Bit 0 4Bit 0 5Bit 0 6Bit 0
True label 1 Full 0 3Bit 0 3Bit 0 4Bit 0 5Bit 0 6Bit 0
True label 1 Full 1 3Bit 1 3Bit 1 4Bit 1 5Bit 1 6Bit 1
True label 0 Full 1 3Bit 1 3Bit 1 4Bit 1 5Bit 1 6Bit 1
True label 0 Full 0 3Bit 0 3Bit 0 4Bit 0 5Bit 0 6Bit 0
True label 1 Full 1 3Bit 1 3Bit 1 4Bit 1 5Bit 1 6Bit 1
True label 1 Full 1 3Bit 1 3Bit 1 4Bit 1 5Bit 1 6Bit 1
True label 1 Full 1 3Bit 1 3Bit 1 4Bit 1 5Bit 1 6Bit 1
True label 0 Full 0 3Bit 1 3Bit 1 4Bit 0 5Bit 0 6Bit 0
True label 1 Full 1 3Bit 0 3Bit 0 4Bit 1 5Bit 1 6Bit 1
True label 1 Full 1 3Bit 1 3Bit 1 4Bit 1 5Bit 1 6Bit 1
True label 0 Full 0 3Bit 1 3Bit 1 4Bit 0 5Bit 0 6Bit 0
True label 1 Full 1 3Bit 1 3Bit 1 4Bit 1 5Bit 1 6Bit 1
True label 1 Full 1 3Bit 1 3Bit 1 4Bit 1 5Bit 1 6Bit 1
True label 0 Full 0 3Bit 1 3Bit 1 4Bit 0 5Bit 0 6Bit 0
True label 1 Full 1 3Bit 1 3Bit 1 4Bit 0 5Bit 1 6Bit 1
True label 0 Full 0 3Bit 0 3Bit 0 4Bit 0 5Bit 0 6Bit 0
True label 0 Full 0 3Bit 1 3Bit 1 4Bit 0 5Bit 0 6Bit 0
True label 0 Full 0 3Bit 1 3Bit 1 4Bit 0 5Bit 0 6Bit 0
True label 0 Full 0 3Bit 0 3Bit 0 4Bit 0 5Bit 0 6Bit 0
True label 1 Full 1 3Bit 0 3Bit 0 4Bit 1 5Bit 1 6Bit 1
True label 0 Full 0 3Bit 1 3Bit 1 4Bit 0 5Bit 0 6Bit 0
True label 0 Full 0 3Bit 1 3Bit 1 4Bit 0 5Bit 0 6Bit 0
True label 1 Full 1 3Bit 1 3Bit 1 4Bit 1 5Bit 1 6Bit 1
True label 0 Full 0 3Bit 1 3Bit 1 4Bit 0 5Bit 0 6Bit 1
True label 1 Full 1 3Bit 1 3Bit 1 4Bit 1 5Bit 1 6Bit 1
True label 0 Full 1 3Bit 1 3Bit 1 4Bit 1 5Bit 1 6Bit 1
True label 0 Full 0 3Bit 1 3Bit 1 4Bit 0 5Bit 0 6Bit 0
True label 1 Full 1 3Bit 1 3Bit 1 4Bit 1 5Bit 1 6Bit 1
True label 1 Full 1 3Bit 1 3Bit 1 4Bit 1 5Bit 1 6Bit 1
True label 1 Full 1 3Bit 1 3Bit 1 4Bit 0 5Bit 1 6Bit 1
True label 1 Full 1 3Bit 1 3Bit 1 4Bit 1 5Bit 1 6Bit 1
True label 1 Full 1 3Bit 0 3Bit 0 4Bit 1 5Bit 1 6Bit 1
True label 1 Full 1 3Bit 1 3Bit 1 4Bit 1 5Bit 1 6Bit 1
True label 0 Full 0 3Bit 0 3Bit 0 4Bit 0 5Bit 0 6Bit 0
True label 1 Full 1 3Bit 1 3Bit 1 4Bit 1 5Bit 1 6Bit 1
True label 0 Full 0 3Bit 1 3Bit 1 4Bit 0 5Bit 0 6Bit 0
True label 1 Full 1 3Bit 0 3Bit 0 4Bit 1 5Bit 1 6Bit 1
True label 0 Full 0 3Bit 0 3Bit 0 4Bit 0 5Bit 0 6Bit 0
True label 1 Full 1 3Bit 0 3Bit 0 4Bit 1 5Bit 1 6Bit 1
True label 1 Full 1 3Bit 1 3Bit 1 4Bit 1 5Bit 1 6Bit 1
True label 1 Full 0 3Bit 1 3Bit 1 4Bit 0 5Bit 1 6Bit 1
True label 0 Full 0 3Bit 1 3Bit 1 4Bit 0 5Bit 0 6Bit 0
True label 1 Full 1 3Bit 1 3Bit 1 4Bit 1 5Bit 1 6Bit 1
True label 1 Full 1 3Bit 1 3Bit 1 4Bit 1 5Bit 1 6Bit 1
True label 0 Full 0 3Bit 0 3Bit 0 4Bit 0 5Bit 0 6Bit 0
True label 0 Full 0 3Bit 1 3Bit 1 4Bit 0 5Bit 0 6Bit 0
True label 0 Full 0 3Bit 1 3Bit 1 4Bit 0 5Bit 0 6Bit 0
True label 0 Full 0 3Bit 1 3Bit 1 4Bit 0 5Bit 0 6Bit 0
True label 0 Full 0 3Bit 0 3Bit 0 4Bit 0 5Bit 0 6Bit 0
True label 1 Full 1 3Bit 1 3Bit 1 4Bit 1 5Bit 1 6Bit 1
True label 0 Full 0 3Bit 1 3Bit 1 4Bit 0 5Bit 0 6Bit 0
True label 0 Full 0 3Bit 1 3Bit 1 4Bit 0 5Bit 0 6Bit 0
True label 1 Full 1 3Bit 1 3Bit 1 4Bit 1 5Bit 1 6Bit 1
True label 1 Full 1 3Bit 1 3Bit 1 4Bit 1 5Bit 1 6Bit 1
True label 1 Full 1 3Bit 1 3Bit 1 4Bit 1 5Bit 1 6Bit 1
True label 1 Full 0 3Bit 1 3Bit 1 4Bit 0 5Bit 0 6Bit 0
True label 1 Full 1 3Bit 1 3Bit 1 4Bit 1 5Bit 1 6Bit 1
True label 0 Full 0 3Bit 0 3Bit 0 4Bit 0 5Bit 0 6Bit 0
True label 1 Full 1 3Bit 1 3Bit 1 4Bit 1 5Bit 1 6Bit 1
True label 1 Full 1 3Bit 1 3Bit 1 4Bit 1 5Bit 1 6Bit 1
True label 1 Full 1 3Bit 1 3Bit 1 4Bit 1 5Bit 1 6Bit 1
True label 1 Full 1 3Bit 0 3Bit 0 4Bit 1 5Bit 1 6Bit 1
True label 0 Full 0 3Bit 1 3Bit 1 4Bit 0 5Bit 0 6Bit 0
True label 1 Full 1 3Bit 1 3Bit 1 4Bit 0 5Bit 1 6Bit 1
True label 1 Full 1 3Bit 1 3Bit 1 4Bit 1 5Bit 1 6Bit 1
True label 0 Full 0 3Bit 1 3Bit 1 4Bit 0 5Bit 0 6Bit 0
True label 1 Full 1 3Bit 0 3Bit 0 4Bit 1 5Bit 1 6Bit 0
True label 0 Full 0 3Bit 1 3Bit 1 4Bit 0 5Bit 0 6Bit 0
True label 1 Full 1 3Bit 1 3Bit 1 4Bit 1 5Bit 1 6Bit 1
True label 0 Full 0 3Bit 1 3Bit 1 4Bit 0 5Bit 0 6Bit 0
True label 0 Full 0 3Bit 0 3Bit 0 4Bit 0 5Bit 0 6Bit 0
True label 0 Full 0 3Bit 0 3Bit 0 4Bit 0 5Bit 0 6Bit 0
True label 0 Full 0 3Bit 1 3Bit 1 4Bit 0 5Bit 0 6Bit 0
True label 1 Full 1 3Bit 1 3Bit 1 4Bit 1 5Bit 1 6Bit 1
True label 0 Full 0 3Bit 1 3Bit 1 4Bit 0 5Bit 0 6Bit 0
True label 1 Full 0 3Bit 1 3Bit 1 4Bit 0 5Bit 0 6Bit 0
True label 1 Full 1 3Bit 1 3Bit 1 4Bit 1 5Bit 1 6Bit 1
True label 0 Full 1 3Bit 1 3Bit 1 4Bit 1 5Bit 1 6Bit 1
True label 0 Full 0 3Bit 1 3Bit 1 4Bit 0 5Bit 0 6Bit 0
True label 1 Full 1 3Bit 1 3Bit 1 4Bit 1 5Bit 1 6Bit 1
True label 0 Full 0 3Bit 1 3Bit 1 4Bit 0 5Bit 0 6Bit 0
True label 0 Full 0 3Bit 1 3Bit 1 4Bit 0 5Bit 0 6Bit 0
True label 1 Full 0 3Bit 1 3Bit 1 4Bit 0 5Bit 0 6Bit 1
True label 0 Full 0 3Bit 1 3Bit 1 4Bit 0 5Bit 0 6Bit 0
True label 0 Full 0 3Bit 1 3Bit 1 4Bit 0 5Bit 0 6Bit 0
True label 1 Full 1 3Bit 1 3Bit 1 4Bit 1 5Bit 1 6Bit 1
True label 1 Full 0 3Bit 0 3Bit 0 4Bit 0 5Bit 0 6Bit 0
True label 0 Full 0 3Bit 0 3Bit 0 4Bit 1 5Bit 1 6Bit 1
True label 1 Full 1 3Bit 0 3Bit 0 4Bit 0 5Bit 1 6Bit 1
True label 1 Full 1 3Bit 1 3Bit 1 4Bit 1 5Bit 0 6Bit 1
True label 0 Full 0 3Bit 0 3Bit 0 4Bit 0 5Bit 0 6Bit 0
True label 1 Full 1 3Bit 1 3Bit 1 4Bit 1 5Bit 1 6Bit 1
True label 0 Full 0 3Bit 0 3Bit 0 4Bit 0 5Bit 0 6Bit 0
True label 1 Full 1 3Bit 1 3Bit 1 4Bit 0 5Bit 0 6Bit 1
True label 0 Full 0 3Bit 1 3Bit 1 4Bit 0 5Bit 0 6Bit 0
True label 0 Full 0 3Bit 0 3Bit 0 4Bit 0 5Bit 0 6Bit 0
True label 0 Full 0 3Bit 0 3Bit 0 4Bit 0 5Bit 0 6Bit 0
True label 1 Full 1 3Bit 1 3Bit 1 4Bit 0 5Bit 0 6Bit 1
True label 1 Full 1 3Bit 1 3Bit 1 4Bit 1 5Bit 1 6Bit 1
True label 1 Full 0 3Bit 1 3Bit 1 4Bit 0 5Bit 1 6Bit 0
True label 0 Full 0 3Bit 0 3Bit 0 4Bit 0 5Bit 0 6Bit 0
True label 0 Full 0 3Bit 1 3Bit 1 4Bit 0 5Bit 0 6Bit 0
True label 1 Full 1 3Bit 1 3Bit 1 4Bit 1 5Bit 1 6Bit 1
True label 1 Full 1 3Bit 1 3Bit 1 4Bit 1 5Bit 1 6Bit 1
True label 1 Full 0 3Bit 1 3Bit 1 4Bit 1 5Bit 1 6Bit 1
True label 0 Full 0 3Bit 0 3Bit 0 4Bit 0 5Bit 0 6Bit 0
True label 1 Full 1 3Bit 0 3Bit 0 4Bit 1 5Bit 1 6Bit 1
True label 0 Full 0 3Bit 1 3Bit 1 4Bit 1 5Bit 1 6Bit 1
True label 1 Full 1 3Bit 0 3Bit 0 4Bit 0 5Bit 0 6Bit 1
True label 1 Full 1 3Bit 1 3Bit 1 4Bit 1 5Bit 1 6Bit 1
True label 0 Full 1 3Bit 1 3Bit 1 4Bit 0 5Bit 1 6Bit 1
True label 0 Full 0 3Bit 1 3Bit 1 4Bit 0 5Bit 0 6Bit 0
True label 0 Full 0 3Bit 0 3Bit 0 4Bit 0 5Bit 0 6Bit 0
True label 0 Full 0 3Bit 1 3Bit 1 4Bit 0 5Bit 0 6Bit 0
True label 0 Full 0 3Bit 1 3Bit 1 4Bit 0 5Bit 0 6Bit 0
True label 0 Full 0 3Bit 1 3Bit 1 4Bit 1 5Bit 0 6Bit 0
True label 1 Full 1 3Bit 1 3Bit 1 4Bit 1 5Bit 1 6Bit 1
True label 0 Full 0 3Bit 0 3Bit 0 4Bit 0 5Bit 0 6Bit 0
True label 0 Full 0 3Bit 1 3Bit 1 4Bit 0 5Bit 0 6Bit 0
True label 0 Full 0 3Bit 1 3Bit 1 4Bit 0 5Bit 1 6Bit 1
True label 1 Full 0 3Bit 1 3Bit 1 4Bit 1 5Bit 1 6Bit 1
True label 1 Full 1 3Bit 1 3Bit 1 4Bit 1 5Bit 1 6Bit 1
True label 1 Full 1 3Bit 0 3Bit 0 4Bit 1 5Bit 1 6Bit 1
True label 1 Full 1 3Bit 0 3Bit 0 4Bit 1 5Bit 1 6Bit 1
True label 1 Full 0 3Bit 0 3Bit 0 4Bit 0 5Bit 0 6Bit 0
True label 1 Full 1 3Bit 1 3Bit 1 4Bit 1 5Bit 1 6Bit 1
True label 0 Full 0 3Bit 0 3Bit 0 4Bit 0 5Bit 0 6Bit 0
True label 0 Full 0 3Bit 0 3Bit 0 4Bit 0 5Bit 0 6Bit 1
True label 0 Full 0 3Bit 1 3Bit 1 4Bit 0 5Bit 0 6Bit 0
True label 0 Full 1 3Bit 0 3Bit 0 4Bit 0 5Bit 0 6Bit 1
True label 0 Full 0 3Bit 1 3Bit 1 4Bit 0 5Bit 0 6Bit 0
True label 1 Full 1 3Bit 1 3Bit 1 4Bit 1 5Bit 1 6Bit 1
True label 1 Full 1 3Bit 1 3Bit 1 4Bit 0 5Bit 1 6Bit 1
True label 0 Full 0 3Bit 0 3Bit 0 4Bit 0 5Bit 0 6Bit 0
True label 1 Full 1 3Bit 1 3Bit 1 4Bit 1 5Bit 1 6Bit 1
True label 0 Full 1 3Bit 1 3Bit 1 4Bit 0 5Bit 0 6Bit 0
True label 0 Full 0 3Bit 1 3Bit 1 4Bit 0 5Bit 0 6Bit 0
True label 1 Full 1 3Bit 1 3Bit 1 4Bit 1 5Bit 1 6Bit 1
True label 0 Full 0 3Bit 1 3Bit 1 4Bit 0 5Bit 0 6Bit 0
True label 1 Full 1 3Bit 1 3Bit 1 4Bit 1 5Bit 1 6Bit 1
True label 0 Full 0 3Bit 0 3Bit 0 4Bit 0 5Bit 0 6Bit 0
True label 1 Full 0 3Bit 1 3Bit 1 4Bit 0 5Bit 0 6Bit 0
True label 0 Full 0 3Bit 0 3Bit 0 4Bit 0 5Bit 0 6Bit 0
True label 1 Full 1 3Bit 1 3Bit 1 4Bit 1 5Bit 1 6Bit 1
True label 0 Full 0 3Bit 1 3Bit 1 4Bit 0 5Bit 0 6Bit 0
True label 1 Full 1 3Bit 1 3Bit 1 4Bit 1 5Bit 1 6Bit 1
True label 0 Full 0 3Bit 1 3Bit 1 4Bit 0 5Bit 0 6Bit 0
True label 0 Full 0 3Bit 1 3Bit 1 4Bit 0 5Bit 0 6Bit 0
True label 1 Full 1 3Bit 1 3Bit 1 4Bit 1 5Bit 0 6Bit 0
True label 0 Full 0 3Bit 0 3Bit 0 4Bit 0 5Bit 0 6Bit 0
True label 0 Full 0 3Bit 1 3Bit 1 4Bit 0 5Bit 0 6Bit 0
True label 0 Full 0 3Bit 0 3Bit 0 4Bit 0 5Bit 0 6Bit 0
True label 1 Full 1 3Bit 1 3Bit 1 4Bit 1 5Bit 1 6Bit 1
True label 0 Full 0 3Bit 1 3Bit 1 4Bit 0 5Bit 0 6Bit 0
True label 0 Full 0 3Bit 1 3Bit 1 4Bit 0 5Bit 0 6Bit 0
True label 0 Full 0 3Bit 1 3Bit 1 4Bit 0 5Bit 0 6Bit 1
True label 1 Full 1 3Bit 1 3Bit 1 4Bit 1 5Bit 1 6Bit 1
True label 1 Full 1 3Bit 1 3Bit 1 4Bit 0 5Bit 1 6Bit 1
True label 1 Full 1 3Bit 0 3Bit 0 4Bit 1 5Bit 1 6Bit 1
True label 0 Full 0 3Bit 1 3Bit 1 4Bit 0 5Bit 0 6Bit 0
True label 1 Full 1 3Bit 1 3Bit 1 4Bit 1 5Bit 1 6Bit 1
True label 1 Full 1 3Bit 1 3Bit 1 4Bit 1 5Bit 1 6Bit 1
True label 0 Full 0 3Bit 1 3Bit 1 4Bit 0 5Bit 0 6Bit 0
True label 0 Full 1 3Bit 1 3Bit 1 4Bit 0 5Bit 0 6Bit 1
True label 1 Full 1 3Bit 1 3Bit 1 4Bit 1 5Bit 1 6Bit 1
True label 1 Full 1 3Bit 1 3Bit 1 4Bit 1 5Bit 1 6Bit 1
True label 0 Full 0 3Bit 1 3Bit 1 4Bit 0 5Bit 0 6Bit 0
True label 0 Full 0 3Bit 1 3Bit 1 4Bit 0 5Bit 0 6Bit 0
True label 1 Full 1 3Bit 1 3Bit 1 4Bit 0 5Bit 1 6Bit 1
True label 1 Full 1 3Bit 1 3Bit 1 4Bit 1 5Bit 1 6Bit 1
True label 0 Full 0 3Bit 1 3Bit 1 4Bit 0 5Bit 0 6Bit 0
True label 0 Full 0 3Bit 1 3Bit 1 4Bit 0 5Bit 0 6Bit 0
True label 0 Full 0 3Bit 1 3Bit 1 4Bit 0 5Bit 0 6Bit 0
True label 0 Full 0 3Bit 0 3Bit 0 4Bit 0 5Bit 0 6Bit 0
True label 1 Full 1 3Bit 1 3Bit 1 4Bit 1 5Bit 1 6Bit 1
True label 0 Full 0 3Bit 1 3Bit 1 4Bit 0 5Bit 0 6Bit 0
True label 0 Full 0 3Bit 1 3Bit 1 4Bit 0 5Bit 0 6Bit 0
True label 0 Full 0 3Bit 1 3Bit 1 4Bit 0 5Bit 1 6Bit 0
True label 1 Full 1 3Bit 1 3Bit 1 4Bit 1 5Bit 1 6Bit 1
True label 0 Full 0 3Bit 0 3Bit 0 4Bit 0 5Bit 0 6Bit 0
True label 1 Full 1 3Bit 1 3Bit 1 4Bit 1 5Bit 1 6Bit 1
True label 1 Full 1 3Bit 0 3Bit 0 4Bit 0 5Bit 1 6Bit 1
True label 0 Full 0 3Bit 1 3Bit 1 4Bit 0 5Bit 0 6Bit 0
True label 0 Full 0 3Bit 1 3Bit 1 4Bit 0 5Bit 0 6Bit 0
True label 0 Full 0 3Bit 0 3Bit 0 4Bit 0 5Bit 0 6Bit 0
True label 1 Full 1 3Bit 1 3Bit 1 4Bit 1 5Bit 1 6Bit 1
True label 1 Full 1 3Bit 1 3Bit 1 4Bit 1 5Bit 1 6Bit 1
True label 0 Full 1 3Bit 1 3Bit 1 4Bit 1 5Bit 1 6Bit 1
True label 1 Full 1 3Bit 1 3Bit 1 4Bit 1 5Bit 1 6Bit 1
True label 1 Full 1 3Bit 1 3Bit 1 4Bit 1 5Bit 1 6Bit 1
True label 0 Full 0 3Bit 1 3Bit 1 4Bit 0 5Bit 0 6Bit 0
True label 0 Full 0 3Bit 1 3Bit 1 4Bit 0 5Bit 0 6Bit 0
True label 1 Full 1 3Bit 0 3Bit 0 4Bit 1 5Bit 1 6Bit 1
True label 1 Full 0 3Bit 1 3Bit 1 4Bit 0 5Bit 0 6Bit 0
True label 1 Full 1 3Bit 1 3Bit 1 4Bit 0 5Bit 1 6Bit 1
True label 0 Full 0 3Bit 0 3Bit 0 4Bit 0 5Bit 0 6Bit 0
True label 0 Full 0 3Bit 1 3Bit 1 4Bit 0 5Bit 0 6Bit 0
True label 0 Full 0 3Bit 1 3Bit 1 4Bit 0 5Bit 0 6Bit 0
True label 0 Full 0 3Bit 1 3Bit 1 4Bit 0 5Bit 0 6Bit 0
True label 1 Full 1 3Bit 1 3Bit 1 4Bit 1 5Bit 1 6Bit 1
True label 1 Full 1 3Bit 0 3Bit 0 4Bit 1 5Bit 1 6Bit 1
True label 0 Full 0 3Bit 1 3Bit 1 4Bit 0 5Bit 0 6Bit 1
True label 0 Full 0 3Bit 0 3Bit 0 4Bit 0 5Bit 0 6Bit 0
True label 0 Full 0 3Bit 1 3Bit 1 4Bit 0 5Bit 0 6Bit 0
True label 1 Full 1 3Bit 1 3Bit 1 4Bit 1 5Bit 1 6Bit 1
True label 0 Full 0 3Bit 1 3Bit 1 4Bit 0 5Bit 0 6Bit 0
True label 1 Full 0 3Bit 1 3Bit 1 4Bit 0 5Bit 0 6Bit 0
True label 1 Full 1 3Bit 1 3Bit 1 4Bit 1 5Bit 1 6Bit 1
True label 0 Full 0 3Bit 1 3Bit 1 4Bit 1 5Bit 0 6Bit 0
True label 1 Full 1 3Bit 1 3Bit 1 4Bit 1 5Bit 1 6Bit 1
True label 1 Full 1 3Bit 1 3Bit 1 4Bit 1 5Bit 1 6Bit 1
True label 1 Full 1 3Bit 1 3Bit 1 4Bit 1 5Bit 1 6Bit 1
True label 1 Full 1 3Bit 0 3Bit 0 4Bit 1 5Bit 1 6Bit 1
True label 0 Full 0 3Bit 1 3Bit 1 4Bit 0 5Bit 0 6Bit 0
True label 1 Full 0 3Bit 1 3Bit 1 4Bit 0 5Bit 0 6Bit 0
True label 0 Full 0 3Bit 1 3Bit 1 4Bit 0 5Bit 0 6Bit 0
True label 0 Full 0 3Bit 1 3Bit 1 4Bit 0 5Bit 0 6Bit 0
True label 1 Full 1 3Bit 1 3Bit 1 4Bit 1 5Bit 1 6Bit 1
True label 1 Full 0 3Bit 1 3Bit 1 4Bit 0 5Bit 0 6Bit 0
True label 1 Full 1 3Bit 0 3Bit 0 4Bit 1 5Bit 1 6Bit 1
True label 1 Full 1 3Bit 1 3Bit 1 4Bit 1 5Bit 0 6Bit 1
True label 0 Full 0 3Bit 1 3Bit 1 4Bit 0 5Bit 0 6Bit 0
True label 0 Full 0 3Bit 1 3Bit 1 4Bit 0 5Bit 0 6Bit 0
True label 0 Full 1 3Bit 1 3Bit 1 4Bit 1 5Bit 0 6Bit 1
True label 1 Full 1 3Bit 1 3Bit 1 4Bit 1 5Bit 1 6Bit 1
True label 0 Full 0 3Bit 1 3Bit 1 4Bit 0 5Bit 0 6Bit 0
True label 0 Full 0 3Bit 1 3Bit 1 4Bit 0 5Bit 0 6Bit 0
True label 1 Full 1 3Bit 0 3Bit 0 4Bit 1 5Bit 1 6Bit 1
True label 0 Full 0 3Bit 1 3Bit 1 4Bit 0 5Bit 0 6Bit 0
True label 0 Full 0 3Bit 1 3Bit 1 4Bit 0 5Bit 0 6Bit 0
True label 0 Full 0 3Bit 1 3Bit 1 4Bit 0 5Bit 0 6Bit 0
True label 0 Full 0 3Bit 0 3Bit 0 4Bit 0 5Bit 0 6Bit 0
True label 1 Full 1 3Bit 0 3Bit 0 4Bit 1 5Bit 1 6Bit 1
True label 1 Full 1 3Bit 1 3Bit 1 4Bit 1 5Bit 1 6Bit 1
True label 0 Full 0 3Bit 1 3Bit 1 4Bit 0 5Bit 0 6Bit 0
True label 0 Full 0 3Bit 1 3Bit 1 4Bit 0 5Bit 0 6Bit 0
True label 1 Full 1 3Bit 1 3Bit 1 4Bit 1 5Bit 1 6Bit 1
True label 1 Full 0 3Bit 0 3Bit 0 4Bit 0 5Bit 0 6Bit 1
True label 0 Full 0 3Bit 1 3Bit 1 4Bit 0 5Bit 0 6Bit 0
True label 1 Full 1 3Bit 1 3Bit 1 4Bit 1 5Bit 1 6Bit 1
True label 1 Full 1 3Bit 1 3Bit 1 4Bit 1 5Bit 1 6Bit 1
True label 1 Full 0 3Bit 0 3Bit 0 4Bit 0 5Bit 0 6Bit 0
True label 0 Full 0 3Bit 0 3Bit 0 4Bit 0 5Bit 0 6Bit 0
True label 1 Full 1 3Bit 1 3Bit 1 4Bit 1 5Bit 1 6Bit 1
True label 1 Full 1 3Bit 1 3Bit 1 4Bit 1 5Bit 1 6Bit 1
True label 0 Full 0 3Bit 1 3Bit 1 4Bit 0 5Bit 0 6Bit 0
True label 0 Full 0 3Bit 0 3Bit 0 4Bit 0 5Bit 0 6Bit 0
True label 0 Full 1 3Bit 1 3Bit 1 4Bit 1 5Bit 1 6Bit 1
True label 0 Full 0 3Bit 1 3Bit 1 4Bit 0 5Bit 0 6Bit 0
True label 0 Full 0 3Bit 0 3Bit 0 4Bit 0 5Bit 0 6Bit 0
True label 1 Full 0 3Bit 0 3Bit 0 4Bit 0 5Bit 1 6Bit 1
True label 0 Full 0 3Bit 0 3Bit 0 4Bit 0 5Bit 0 6Bit 0
True label 1 Full 1 3Bit 1 3Bit 1 4Bit 1 5Bit 1 6Bit 1
True label 0 Full 0 3Bit 0 3Bit 0 4Bit 0 5Bit 0 6Bit 0
True label 1 Full 1 3Bit 1 3Bit 1 4Bit 1 5Bit 1 6Bit 1
True label 1 Full 1 3Bit 1 3Bit 1 4Bit 1 5Bit 1 6Bit 1
True label 1 Full 1 3Bit 1 3Bit 1 4Bit 1 5Bit 1 6Bit 1
True label 1 Full 1 3Bit 1 3Bit 1 4Bit 1 5Bit 1 6Bit 1
True label 1 Full 0 3Bit 0 3Bit 0 4Bit 0 5Bit 0 6Bit 0
True label 0 Full 0 3Bit 1 3Bit 1 4Bit 0 5Bit 1 6Bit 1
True label 0 Full 0 3Bit 0 3Bit 0 4Bit 0 5Bit 0 6Bit 0
True label 0 Full 0 3Bit 0 3Bit 0 4Bit 0 5Bit 0 6Bit 0
True label 1 Full 1 3Bit 1 3Bit 1 4Bit 1 5Bit 1 6Bit 1
True label 0 Full 0 3Bit 1 3Bit 1 4Bit 0 5Bit 0 6Bit 0
True label 0 Full 0 3Bit 0 3Bit 0 4Bit 0 5Bit 0 6Bit 0
True label 0 Full 0 3Bit 1 3Bit 1 4Bit 0 5Bit 0 6Bit 0
True label 0 Full 0 3Bit 0 3Bit 0 4Bit 0 5Bit 0 6Bit 0
True label 0 Full 0 3Bit 1 3Bit 1 4Bit 0 5Bit 0 6Bit 0
True label 1 Full 1 3Bit 1 3Bit 1 4Bit 0 5Bit 0 6Bit 1
True label 0 Full 0 3Bit 1 3Bit 1 4Bit 0 5Bit 0 6Bit 0
True label 1 Full 1 3Bit 1 3Bit 1 4Bit 1 5Bit 1 6Bit 1
True label 0 Full 0 3Bit 1 3Bit 1 4Bit 0 5Bit 0 6Bit 0
True label 1 Full 1 3Bit 1 3Bit 1 4Bit 0 5Bit 1 6Bit 1
True label 0 Full 0 3Bit 1 3Bit 1 4Bit 0 5Bit 0 6Bit 0
True label 0 Full 0 3Bit 1 3Bit 1 4Bit 0 5Bit 0 6Bit 0
True label 1 Full 1 3Bit 1 3Bit 1 4Bit 1 5Bit 1 6Bit 1
True label 1 Full 1 3Bit 0 3Bit 0 4Bit 1 5Bit 1 6Bit 1
True label 0 Full 0 3Bit 0 3Bit 0 4Bit 0 5Bit 0 6Bit 0
True label 1 Full 1 3Bit 1 3Bit 1 4Bit 1 5Bit 1 6Bit 1
True label 1 Full 1 3Bit 1 3Bit 1 4Bit 1 5Bit 1 6Bit 1
True label 0 Full 0 3Bit 0 3Bit 0 4Bit 0 5Bit 0 6Bit 0
True label 1 Full 1 3Bit 1 3Bit 1 4Bit 1 5Bit 1 6Bit 1
True label 1 Full 0 3Bit 0 3Bit 0 4Bit 0 5Bit 0 6Bit 0
True label 0 Full 0 3Bit 0 3Bit 0 4Bit 0 5Bit 0 6Bit 0
True label 0 Full 0 3Bit 1 3Bit 1 4Bit 0 5Bit 0 6Bit 0
Test accuracy: Full: 0.901 2bit: 0.59 3bit: 0.574 4bit: 0.851 5bit: 0.894 6bit: 0.895
{'test_acc': [0.901, 0.59, 0.574, 0.851, 0.894, 0.895], 'final_out_mse': [0.019061878323554993, 0.126541867852211, 0.09639530628919601, 0.03430032357573509, 0.02394866570830345, 0.021463001146912575]}
[2020-09-14 21:06:38.266696] test = nan
