No module named 'brian2'
No module named 'brian2'
No module named 'brian2'
No module named 'torch'
No module named 'torch'
No module named 'nest'.
No module named 'nest'.
No module named 'rpyc'
No module named 'rpyc'
No module named 'rpyc'
No module named 'nest'.
cannot import name 'FFExpSynBrian'
Loaded pretrained network
[INFO] - HeySnips -  Running with tracking deactivated
gain 2.5202020202020203 val acc 0.524 
gain 3.1262626262626263 val acc 0.786 
gain 1.6111111111111112 val acc 0.854 
gain 1.5606060606060606 val acc 0.87 
gain 1.0050505050505052 val acc 0.874 
[2020-09-14 18:51:08.192199] train_loss = 0.0
[2020-09-14 18:51:08.210645] train = nan
[2020-09-14 18:51:08.210661] val = nan
[2020-09-14 18:51:08.210664] test = nan
True label 1 Full 1 3Bit 1 3Bit 1 4Bit 1 5Bit 1 6Bit 1
True label 1 Full 0 3Bit 0 3Bit 0 4Bit 0 5Bit 0 6Bit 0
True label 1 Full 1 3Bit 1 3Bit 1 4Bit 1 5Bit 1 6Bit 1
True label 1 Full 1 3Bit 1 3Bit 1 4Bit 1 5Bit 1 6Bit 1
True label 0 Full 0 3Bit 0 3Bit 0 4Bit 0 5Bit 0 6Bit 0
True label 0 Full 0 3Bit 0 3Bit 0 4Bit 0 5Bit 0 6Bit 0
True label 0 Full 0 3Bit 0 3Bit 0 4Bit 0 5Bit 0 6Bit 0
True label 0 Full 0 3Bit 0 3Bit 0 4Bit 0 5Bit 0 6Bit 0
True label 1 Full 1 3Bit 1 3Bit 1 4Bit 1 5Bit 1 6Bit 1
True label 0 Full 0 3Bit 0 3Bit 0 4Bit 0 5Bit 0 6Bit 0
True label 1 Full 1 3Bit 1 3Bit 1 4Bit 1 5Bit 1 6Bit 1
True label 1 Full 1 3Bit 0 3Bit 0 4Bit 1 5Bit 1 6Bit 1
True label 1 Full 0 3Bit 0 3Bit 0 4Bit 0 5Bit 0 6Bit 0
True label 0 Full 0 3Bit 0 3Bit 0 4Bit 0 5Bit 0 6Bit 0
True label 1 Full 1 3Bit 1 3Bit 1 4Bit 1 5Bit 1 6Bit 1
True label 0 Full 0 3Bit 0 3Bit 0 4Bit 0 5Bit 0 6Bit 0
True label 0 Full 1 3Bit 0 3Bit 0 4Bit 0 5Bit 1 6Bit 1
True label 0 Full 0 3Bit 0 3Bit 0 4Bit 0 5Bit 0 6Bit 0
True label 1 Full 1 3Bit 1 3Bit 1 4Bit 1 5Bit 1 6Bit 1
True label 1 Full 1 3Bit 1 3Bit 1 4Bit 1 5Bit 1 6Bit 1
True label 0 Full 0 3Bit 0 3Bit 0 4Bit 0 5Bit 0 6Bit 0
True label 1 Full 1 3Bit 1 3Bit 1 4Bit 1 5Bit 1 6Bit 1
True label 1 Full 1 3Bit 0 3Bit 0 4Bit 1 5Bit 1 6Bit 1
True label 1 Full 1 3Bit 1 3Bit 1 4Bit 1 5Bit 1 6Bit 1
True label 1 Full 1 3Bit 1 3Bit 1 4Bit 1 5Bit 1 6Bit 1
True label 0 Full 0 3Bit 0 3Bit 0 4Bit 0 5Bit 0 6Bit 0
True label 1 Full 1 3Bit 1 3Bit 1 4Bit 1 5Bit 1 6Bit 1
True label 1 Full 1 3Bit 1 3Bit 1 4Bit 1 5Bit 1 6Bit 1
True label 1 Full 0 3Bit 0 3Bit 0 4Bit 0 5Bit 0 6Bit 0
True label 1 Full 1 3Bit 1 3Bit 1 4Bit 1 5Bit 1 6Bit 1
True label 1 Full 1 3Bit 1 3Bit 1 4Bit 1 5Bit 1 6Bit 1
True label 1 Full 1 3Bit 0 3Bit 0 4Bit 1 5Bit 1 6Bit 1
True label 1 Full 1 3Bit 1 3Bit 1 4Bit 0 5Bit 1 6Bit 1
True label 1 Full 1 3Bit 1 3Bit 1 4Bit 1 5Bit 1 6Bit 1
True label 0 Full 0 3Bit 0 3Bit 0 4Bit 0 5Bit 0 6Bit 0
True label 0 Full 0 3Bit 1 3Bit 1 4Bit 0 5Bit 0 6Bit 0
True label 1 Full 1 3Bit 1 3Bit 1 4Bit 1 5Bit 1 6Bit 1
True label 0 Full 0 3Bit 0 3Bit 0 4Bit 0 5Bit 0 6Bit 0
True label 0 Full 0 3Bit 0 3Bit 0 4Bit 0 5Bit 0 6Bit 0
True label 1 Full 1 3Bit 0 3Bit 0 4Bit 0 5Bit 0 6Bit 1
True label 1 Full 1 3Bit 1 3Bit 1 4Bit 1 5Bit 1 6Bit 1
True label 1 Full 1 3Bit 1 3Bit 1 4Bit 0 5Bit 1 6Bit 1
True label 1 Full 1 3Bit 1 3Bit 1 4Bit 1 5Bit 1 6Bit 1
True label 1 Full 1 3Bit 1 3Bit 1 4Bit 1 5Bit 1 6Bit 1
True label 0 Full 0 3Bit 0 3Bit 0 4Bit 0 5Bit 0 6Bit 0
True label 1 Full 1 3Bit 1 3Bit 1 4Bit 0 5Bit 1 6Bit 1
True label 1 Full 1 3Bit 1 3Bit 1 4Bit 1 5Bit 1 6Bit 1
True label 1 Full 1 3Bit 1 3Bit 1 4Bit 1 5Bit 1 6Bit 1
True label 1 Full 1 3Bit 1 3Bit 1 4Bit 1 5Bit 1 6Bit 1
True label 1 Full 1 3Bit 0 3Bit 0 4Bit 1 5Bit 1 6Bit 0
True label 0 Full 0 3Bit 0 3Bit 0 4Bit 0 5Bit 0 6Bit 0
True label 0 Full 1 3Bit 1 3Bit 1 4Bit 0 5Bit 1 6Bit 1
True label 1 Full 1 3Bit 1 3Bit 1 4Bit 1 5Bit 1 6Bit 1
True label 0 Full 0 3Bit 1 3Bit 1 4Bit 0 5Bit 0 6Bit 0
True label 1 Full 1 3Bit 0 3Bit 0 4Bit 1 5Bit 1 6Bit 1
True label 1 Full 1 3Bit 1 3Bit 1 4Bit 1 5Bit 1 6Bit 1
True label 1 Full 1 3Bit 1 3Bit 1 4Bit 1 5Bit 1 6Bit 1
True label 0 Full 0 3Bit 0 3Bit 0 4Bit 0 5Bit 0 6Bit 0
True label 1 Full 0 3Bit 0 3Bit 0 4Bit 0 5Bit 0 6Bit 0
True label 1 Full 1 3Bit 1 3Bit 1 4Bit 1 5Bit 1 6Bit 1
True label 0 Full 0 3Bit 0 3Bit 0 4Bit 1 5Bit 1 6Bit 0
True label 1 Full 1 3Bit 1 3Bit 1 4Bit 1 5Bit 1 6Bit 1
True label 0 Full 0 3Bit 0 3Bit 0 4Bit 0 5Bit 0 6Bit 0
True label 1 Full 1 3Bit 1 3Bit 1 4Bit 0 5Bit 1 6Bit 0
True label 0 Full 0 3Bit 0 3Bit 0 4Bit 0 5Bit 0 6Bit 0
True label 1 Full 1 3Bit 1 3Bit 1 4Bit 1 5Bit 1 6Bit 1
True label 0 Full 0 3Bit 0 3Bit 0 4Bit 0 5Bit 0 6Bit 0
True label 0 Full 0 3Bit 0 3Bit 0 4Bit 0 5Bit 0 6Bit 0
True label 1 Full 1 3Bit 1 3Bit 1 4Bit 1 5Bit 1 6Bit 1
True label 1 Full 1 3Bit 1 3Bit 1 4Bit 1 5Bit 1 6Bit 1
True label 1 Full 1 3Bit 1 3Bit 1 4Bit 1 5Bit 1 6Bit 1
True label 0 Full 0 3Bit 0 3Bit 0 4Bit 0 5Bit 1 6Bit 0
True label 0 Full 0 3Bit 0 3Bit 0 4Bit 0 5Bit 0 6Bit 0
True label 1 Full 0 3Bit 0 3Bit 0 4Bit 0 5Bit 0 6Bit 0
True label 1 Full 0 3Bit 0 3Bit 0 4Bit 0 5Bit 1 6Bit 1
True label 0 Full 0 3Bit 0 3Bit 0 4Bit 0 5Bit 0 6Bit 0
True label 1 Full 1 3Bit 0 3Bit 0 4Bit 1 5Bit 1 6Bit 1
True label 1 Full 1 3Bit 1 3Bit 1 4Bit 1 5Bit 1 6Bit 1
True label 1 Full 1 3Bit 1 3Bit 1 4Bit 1 5Bit 1 6Bit 1
True label 0 Full 0 3Bit 0 3Bit 0 4Bit 0 5Bit 0 6Bit 0
True label 0 Full 0 3Bit 0 3Bit 0 4Bit 0 5Bit 0 6Bit 0
True label 1 Full 1 3Bit 1 3Bit 1 4Bit 1 5Bit 1 6Bit 1
True label 1 Full 0 3Bit 1 3Bit 1 4Bit 1 5Bit 1 6Bit 1
True label 0 Full 0 3Bit 0 3Bit 0 4Bit 0 5Bit 0 6Bit 0
True label 1 Full 0 3Bit 1 3Bit 1 4Bit 0 5Bit 1 6Bit 0
True label 1 Full 1 3Bit 1 3Bit 1 4Bit 0 5Bit 1 6Bit 1
True label 1 Full 1 3Bit 0 3Bit 0 4Bit 1 5Bit 1 6Bit 1
True label 1 Full 1 3Bit 0 3Bit 0 4Bit 1 5Bit 1 6Bit 1
True label 1 Full 1 3Bit 1 3Bit 1 4Bit 1 5Bit 1 6Bit 1
True label 1 Full 0 3Bit 1 3Bit 1 4Bit 0 5Bit 1 6Bit 0
True label 0 Full 0 3Bit 0 3Bit 0 4Bit 0 5Bit 0 6Bit 0
True label 1 Full 1 3Bit 1 3Bit 1 4Bit 1 5Bit 1 6Bit 1
True label 0 Full 0 3Bit 0 3Bit 0 4Bit 0 5Bit 0 6Bit 0
True label 1 Full 1 3Bit 0 3Bit 0 4Bit 0 5Bit 1 6Bit 1
True label 1 Full 1 3Bit 1 3Bit 1 4Bit 1 5Bit 1 6Bit 1
True label 0 Full 0 3Bit 0 3Bit 0 4Bit 0 5Bit 0 6Bit 0
True label 1 Full 1 3Bit 1 3Bit 1 4Bit 1 5Bit 1 6Bit 1
True label 1 Full 1 3Bit 1 3Bit 1 4Bit 1 5Bit 1 6Bit 1
True label 1 Full 1 3Bit 1 3Bit 1 4Bit 1 5Bit 1 6Bit 1
True label 1 Full 0 3Bit 1 3Bit 1 4Bit 1 5Bit 1 6Bit 1
True label 0 Full 0 3Bit 0 3Bit 0 4Bit 0 5Bit 0 6Bit 0
True label 1 Full 1 3Bit 1 3Bit 1 4Bit 1 5Bit 1 6Bit 1
True label 1 Full 0 3Bit 1 3Bit 1 4Bit 0 5Bit 0 6Bit 0
True label 1 Full 1 3Bit 0 3Bit 0 4Bit 1 5Bit 1 6Bit 1
True label 1 Full 0 3Bit 1 3Bit 1 4Bit 0 5Bit 0 6Bit 0
True label 0 Full 0 3Bit 0 3Bit 0 4Bit 0 5Bit 0 6Bit 0
True label 0 Full 0 3Bit 0 3Bit 0 4Bit 0 5Bit 0 6Bit 0
True label 0 Full 0 3Bit 0 3Bit 0 4Bit 0 5Bit 0 6Bit 0
True label 1 Full 1 3Bit 1 3Bit 1 4Bit 1 5Bit 1 6Bit 1
True label 1 Full 1 3Bit 0 3Bit 0 4Bit 1 5Bit 1 6Bit 1
True label 0 Full 0 3Bit 0 3Bit 0 4Bit 0 5Bit 0 6Bit 0
True label 1 Full 1 3Bit 0 3Bit 0 4Bit 1 5Bit 1 6Bit 1
True label 1 Full 1 3Bit 1 3Bit 1 4Bit 1 5Bit 1 6Bit 1
True label 0 Full 0 3Bit 0 3Bit 0 4Bit 0 5Bit 0 6Bit 0
True label 0 Full 0 3Bit 0 3Bit 0 4Bit 0 5Bit 0 6Bit 0
True label 1 Full 1 3Bit 1 3Bit 1 4Bit 1 5Bit 1 6Bit 1
True label 0 Full 0 3Bit 0 3Bit 0 4Bit 0 5Bit 0 6Bit 0
True label 1 Full 1 3Bit 1 3Bit 1 4Bit 1 5Bit 1 6Bit 1
True label 1 Full 1 3Bit 1 3Bit 1 4Bit 1 5Bit 1 6Bit 1
True label 1 Full 1 3Bit 1 3Bit 1 4Bit 1 5Bit 1 6Bit 1
True label 0 Full 0 3Bit 0 3Bit 0 4Bit 0 5Bit 0 6Bit 0
True label 0 Full 0 3Bit 0 3Bit 0 4Bit 0 5Bit 0 6Bit 0
True label 0 Full 0 3Bit 0 3Bit 0 4Bit 0 5Bit 0 6Bit 0
True label 0 Full 0 3Bit 0 3Bit 0 4Bit 0 5Bit 0 6Bit 0
True label 1 Full 1 3Bit 1 3Bit 1 4Bit 1 5Bit 1 6Bit 1
True label 0 Full 0 3Bit 1 3Bit 1 4Bit 0 5Bit 0 6Bit 0
True label 1 Full 0 3Bit 1 3Bit 1 4Bit 0 5Bit 0 6Bit 0
True label 1 Full 1 3Bit 1 3Bit 1 4Bit 1 5Bit 1 6Bit 1
True label 1 Full 0 3Bit 1 3Bit 1 4Bit 0 5Bit 0 6Bit 0
True label 1 Full 1 3Bit 1 3Bit 1 4Bit 1 5Bit 1 6Bit 1
True label 0 Full 0 3Bit 0 3Bit 0 4Bit 0 5Bit 0 6Bit 0
True label 0 Full 0 3Bit 0 3Bit 0 4Bit 0 5Bit 0 6Bit 0
True label 1 Full 1 3Bit 1 3Bit 1 4Bit 1 5Bit 1 6Bit 1
True label 0 Full 0 3Bit 0 3Bit 0 4Bit 0 5Bit 0 6Bit 0
True label 1 Full 1 3Bit 1 3Bit 1 4Bit 1 5Bit 1 6Bit 1
True label 0 Full 0 3Bit 0 3Bit 0 4Bit 0 5Bit 0 6Bit 0
True label 0 Full 0 3Bit 0 3Bit 0 4Bit 0 5Bit 0 6Bit 0
True label 0 Full 0 3Bit 0 3Bit 0 4Bit 0 5Bit 0 6Bit 0
True label 1 Full 1 3Bit 1 3Bit 1 4Bit 1 5Bit 1 6Bit 1
True label 0 Full 0 3Bit 0 3Bit 0 4Bit 0 5Bit 0 6Bit 0
True label 1 Full 1 3Bit 1 3Bit 1 4Bit 1 5Bit 1 6Bit 1
True label 1 Full 1 3Bit 0 3Bit 0 4Bit 1 5Bit 1 6Bit 1
True label 1 Full 1 3Bit 1 3Bit 1 4Bit 1 5Bit 1 6Bit 1
True label 1 Full 1 3Bit 1 3Bit 1 4Bit 0 5Bit 1 6Bit 1
True label 1 Full 1 3Bit 1 3Bit 1 4Bit 1 5Bit 1 6Bit 1
True label 0 Full 0 3Bit 0 3Bit 0 4Bit 0 5Bit 0 6Bit 0
True label 0 Full 0 3Bit 1 3Bit 1 4Bit 0 5Bit 0 6Bit 0
True label 1 Full 1 3Bit 0 3Bit 0 4Bit 1 5Bit 1 6Bit 1
True label 0 Full 0 3Bit 0 3Bit 0 4Bit 0 5Bit 0 6Bit 0
True label 1 Full 0 3Bit 1 3Bit 1 4Bit 0 5Bit 1 6Bit 0
True label 1 Full 1 3Bit 0 3Bit 0 4Bit 0 5Bit 1 6Bit 1
True label 0 Full 0 3Bit 0 3Bit 0 4Bit 0 5Bit 0 6Bit 0
True label 0 Full 0 3Bit 0 3Bit 0 4Bit 0 5Bit 0 6Bit 0
True label 1 Full 1 3Bit 1 3Bit 1 4Bit 1 5Bit 1 6Bit 1
True label 0 Full 0 3Bit 0 3Bit 0 4Bit 0 5Bit 0 6Bit 0
True label 1 Full 1 3Bit 1 3Bit 1 4Bit 1 5Bit 1 6Bit 1
True label 1 Full 1 3Bit 1 3Bit 1 4Bit 1 5Bit 1 6Bit 1
True label 0 Full 0 3Bit 0 3Bit 0 4Bit 0 5Bit 0 6Bit 0
True label 1 Full 1 3Bit 1 3Bit 1 4Bit 1 5Bit 1 6Bit 1
True label 0 Full 0 3Bit 0 3Bit 0 4Bit 0 5Bit 0 6Bit 0
True label 1 Full 1 3Bit 1 3Bit 1 4Bit 1 5Bit 1 6Bit 1
True label 0 Full 0 3Bit 0 3Bit 0 4Bit 0 5Bit 0 6Bit 0
True label 1 Full 1 3Bit 1 3Bit 1 4Bit 1 5Bit 1 6Bit 1
True label 0 Full 0 3Bit 0 3Bit 0 4Bit 0 5Bit 0 6Bit 0
True label 1 Full 1 3Bit 0 3Bit 0 4Bit 1 5Bit 1 6Bit 0
True label 0 Full 1 3Bit 0 3Bit 0 4Bit 0 5Bit 1 6Bit 1
True label 0 Full 0 3Bit 0 3Bit 0 4Bit 0 5Bit 0 6Bit 0
True label 1 Full 1 3Bit 1 3Bit 1 4Bit 1 5Bit 1 6Bit 1
True label 1 Full 1 3Bit 1 3Bit 1 4Bit 1 5Bit 1 6Bit 1
True label 0 Full 0 3Bit 0 3Bit 0 4Bit 0 5Bit 0 6Bit 0
True label 1 Full 1 3Bit 0 3Bit 0 4Bit 1 5Bit 1 6Bit 1
True label 0 Full 0 3Bit 0 3Bit 0 4Bit 0 5Bit 0 6Bit 0
True label 1 Full 1 3Bit 0 3Bit 0 4Bit 1 5Bit 1 6Bit 1
True label 0 Full 0 3Bit 0 3Bit 0 4Bit 0 5Bit 0 6Bit 0
True label 1 Full 0 3Bit 0 3Bit 0 4Bit 1 5Bit 1 6Bit 0
True label 1 Full 0 3Bit 0 3Bit 0 4Bit 0 5Bit 1 6Bit 0
True label 0 Full 0 3Bit 0 3Bit 0 4Bit 0 5Bit 0 6Bit 0
True label 1 Full 1 3Bit 1 3Bit 1 4Bit 0 5Bit 0 6Bit 0
True label 0 Full 0 3Bit 0 3Bit 0 4Bit 0 5Bit 0 6Bit 0
True label 0 Full 1 3Bit 0 3Bit 0 4Bit 1 5Bit 1 6Bit 1
True label 0 Full 0 3Bit 0 3Bit 0 4Bit 0 5Bit 0 6Bit 0
True label 0 Full 0 3Bit 0 3Bit 0 4Bit 0 5Bit 0 6Bit 0
True label 1 Full 1 3Bit 1 3Bit 1 4Bit 1 5Bit 1 6Bit 1
True label 0 Full 0 3Bit 0 3Bit 0 4Bit 0 5Bit 0 6Bit 0
True label 0 Full 0 3Bit 0 3Bit 0 4Bit 0 5Bit 0 6Bit 0
True label 0 Full 0 3Bit 1 3Bit 1 4Bit 0 5Bit 0 6Bit 0
True label 0 Full 0 3Bit 0 3Bit 0 4Bit 0 5Bit 0 6Bit 0
True label 1 Full 1 3Bit 1 3Bit 1 4Bit 1 5Bit 1 6Bit 1
True label 1 Full 0 3Bit 0 3Bit 0 4Bit 0 5Bit 0 6Bit 0
True label 1 Full 1 3Bit 1 3Bit 1 4Bit 0 5Bit 1 6Bit 1
True label 0 Full 0 3Bit 0 3Bit 0 4Bit 0 5Bit 0 6Bit 0
True label 1 Full 1 3Bit 1 3Bit 1 4Bit 1 5Bit 1 6Bit 1
True label 1 Full 1 3Bit 1 3Bit 1 4Bit 1 5Bit 1 6Bit 1
True label 1 Full 0 3Bit 1 3Bit 1 4Bit 0 5Bit 0 6Bit 0
True label 1 Full 0 3Bit 0 3Bit 0 4Bit 0 5Bit 0 6Bit 0
True label 1 Full 1 3Bit 1 3Bit 1 4Bit 1 5Bit 1 6Bit 1
True label 1 Full 0 3Bit 1 3Bit 1 4Bit 0 5Bit 0 6Bit 0
True label 0 Full 1 3Bit 0 3Bit 0 4Bit 1 5Bit 1 6Bit 0
True label 1 Full 1 3Bit 1 3Bit 1 4Bit 0 5Bit 1 6Bit 1
True label 1 Full 0 3Bit 1 3Bit 1 4Bit 0 5Bit 0 6Bit 0
True label 1 Full 1 3Bit 1 3Bit 1 4Bit 1 5Bit 1 6Bit 1
True label 1 Full 1 3Bit 1 3Bit 1 4Bit 1 5Bit 1 6Bit 1
True label 0 Full 0 3Bit 0 3Bit 0 4Bit 0 5Bit 0 6Bit 0
True label 1 Full 1 3Bit 0 3Bit 0 4Bit 1 5Bit 1 6Bit 1
True label 1 Full 1 3Bit 0 3Bit 0 4Bit 0 5Bit 1 6Bit 0
True label 1 Full 0 3Bit 0 3Bit 0 4Bit 1 5Bit 0 6Bit 0
True label 0 Full 0 3Bit 0 3Bit 0 4Bit 0 5Bit 0 6Bit 0
True label 1 Full 1 3Bit 1 3Bit 1 4Bit 1 5Bit 1 6Bit 1
True label 1 Full 1 3Bit 1 3Bit 1 4Bit 1 5Bit 1 6Bit 1
True label 1 Full 1 3Bit 0 3Bit 0 4Bit 1 5Bit 1 6Bit 1
True label 1 Full 1 3Bit 1 3Bit 1 4Bit 1 5Bit 1 6Bit 1
True label 1 Full 1 3Bit 1 3Bit 1 4Bit 1 5Bit 1 6Bit 1
True label 1 Full 1 3Bit 1 3Bit 1 4Bit 1 5Bit 1 6Bit 1
True label 0 Full 0 3Bit 0 3Bit 0 4Bit 0 5Bit 0 6Bit 0
True label 0 Full 0 3Bit 0 3Bit 0 4Bit 0 5Bit 0 6Bit 0
True label 0 Full 0 3Bit 0 3Bit 0 4Bit 0 5Bit 0 6Bit 0
True label 1 Full 1 3Bit 0 3Bit 0 4Bit 1 5Bit 1 6Bit 1
True label 1 Full 1 3Bit 1 3Bit 1 4Bit 1 5Bit 1 6Bit 1
True label 1 Full 1 3Bit 1 3Bit 1 4Bit 0 5Bit 1 6Bit 1
True label 1 Full 1 3Bit 1 3Bit 1 4Bit 1 5Bit 1 6Bit 1
True label 1 Full 1 3Bit 0 3Bit 0 4Bit 1 5Bit 1 6Bit 1
True label 1 Full 1 3Bit 1 3Bit 1 4Bit 1 5Bit 1 6Bit 1
True label 0 Full 0 3Bit 0 3Bit 0 4Bit 0 5Bit 0 6Bit 0
True label 0 Full 0 3Bit 0 3Bit 0 4Bit 0 5Bit 0 6Bit 0
True label 1 Full 1 3Bit 1 3Bit 1 4Bit 1 5Bit 1 6Bit 1
True label 1 Full 1 3Bit 1 3Bit 1 4Bit 0 5Bit 1 6Bit 0
True label 0 Full 0 3Bit 0 3Bit 0 4Bit 0 5Bit 0 6Bit 0
True label 0 Full 0 3Bit 0 3Bit 0 4Bit 0 5Bit 0 6Bit 0
True label 0 Full 0 3Bit 0 3Bit 0 4Bit 0 5Bit 0 6Bit 0
True label 1 Full 1 3Bit 1 3Bit 1 4Bit 1 5Bit 1 6Bit 1
True label 0 Full 0 3Bit 0 3Bit 0 4Bit 1 5Bit 0 6Bit 0
True label 1 Full 1 3Bit 0 3Bit 0 4Bit 0 5Bit 1 6Bit 1
True label 1 Full 1 3Bit 0 3Bit 0 4Bit 1 5Bit 1 6Bit 1
True label 1 Full 1 3Bit 1 3Bit 1 4Bit 1 5Bit 1 6Bit 1
True label 0 Full 0 3Bit 0 3Bit 0 4Bit 0 5Bit 0 6Bit 0
True label 1 Full 1 3Bit 0 3Bit 0 4Bit 1 5Bit 1 6Bit 1
True label 0 Full 0 3Bit 0 3Bit 0 4Bit 0 5Bit 0 6Bit 0
True label 0 Full 0 3Bit 0 3Bit 0 4Bit 0 5Bit 0 6Bit 0
True label 0 Full 0 3Bit 0 3Bit 0 4Bit 0 5Bit 0 6Bit 0
True label 1 Full 1 3Bit 0 3Bit 0 4Bit 0 5Bit 1 6Bit 1
True label 1 Full 1 3Bit 1 3Bit 1 4Bit 1 5Bit 1 6Bit 1
True label 1 Full 1 3Bit 0 3Bit 0 4Bit 1 5Bit 1 6Bit 1
True label 1 Full 1 3Bit 0 3Bit 0 4Bit 1 5Bit 1 6Bit 1
True label 1 Full 1 3Bit 1 3Bit 1 4Bit 1 5Bit 1 6Bit 1
True label 0 Full 0 3Bit 0 3Bit 0 4Bit 0 5Bit 0 6Bit 0
True label 0 Full 0 3Bit 0 3Bit 0 4Bit 0 5Bit 0 6Bit 0
True label 0 Full 0 3Bit 0 3Bit 0 4Bit 0 5Bit 0 6Bit 0
True label 1 Full 1 3Bit 1 3Bit 1 4Bit 1 5Bit 1 6Bit 1
True label 1 Full 1 3Bit 1 3Bit 1 4Bit 1 5Bit 1 6Bit 1
True label 0 Full 0 3Bit 1 3Bit 1 4Bit 0 5Bit 0 6Bit 0
True label 1 Full 1 3Bit 1 3Bit 1 4Bit 1 5Bit 1 6Bit 1
True label 1 Full 1 3Bit 1 3Bit 1 4Bit 1 5Bit 1 6Bit 1
True label 0 Full 0 3Bit 1 3Bit 1 4Bit 0 5Bit 0 6Bit 0
True label 1 Full 1 3Bit 1 3Bit 1 4Bit 1 5Bit 1 6Bit 1
True label 0 Full 0 3Bit 0 3Bit 0 4Bit 0 5Bit 0 6Bit 0
True label 0 Full 0 3Bit 0 3Bit 0 4Bit 0 5Bit 0 6Bit 0
True label 1 Full 1 3Bit 1 3Bit 1 4Bit 1 5Bit 1 6Bit 1
True label 1 Full 0 3Bit 0 3Bit 0 4Bit 1 5Bit 1 6Bit 0
True label 1 Full 1 3Bit 1 3Bit 1 4Bit 1 5Bit 1 6Bit 1
True label 0 Full 0 3Bit 0 3Bit 0 4Bit 0 5Bit 0 6Bit 0
True label 0 Full 0 3Bit 0 3Bit 0 4Bit 0 5Bit 0 6Bit 0
True label 0 Full 0 3Bit 0 3Bit 0 4Bit 0 5Bit 0 6Bit 0
True label 0 Full 0 3Bit 1 3Bit 1 4Bit 0 5Bit 0 6Bit 0
True label 1 Full 1 3Bit 1 3Bit 1 4Bit 1 5Bit 1 6Bit 1
True label 0 Full 0 3Bit 0 3Bit 0 4Bit 0 5Bit 0 6Bit 0
True label 0 Full 1 3Bit 1 3Bit 1 4Bit 1 5Bit 1 6Bit 1
True label 0 Full 0 3Bit 0 3Bit 0 4Bit 0 5Bit 0 6Bit 0
True label 1 Full 1 3Bit 1 3Bit 1 4Bit 1 5Bit 1 6Bit 1
True label 0 Full 0 3Bit 0 3Bit 0 4Bit 0 5Bit 0 6Bit 0
True label 0 Full 0 3Bit 0 3Bit 0 4Bit 0 5Bit 0 6Bit 0
True label 0 Full 0 3Bit 0 3Bit 0 4Bit 0 5Bit 0 6Bit 0
True label 0 Full 0 3Bit 1 3Bit 1 4Bit 0 5Bit 0 6Bit 0
True label 0 Full 0 3Bit 0 3Bit 0 4Bit 0 5Bit 0 6Bit 0
True label 0 Full 0 3Bit 0 3Bit 0 4Bit 0 5Bit 0 6Bit 0
True label 0 Full 0 3Bit 0 3Bit 0 4Bit 0 5Bit 0 6Bit 0
True label 1 Full 1 3Bit 0 3Bit 0 4Bit 0 5Bit 1 6Bit 0
True label 0 Full 0 3Bit 1 3Bit 1 4Bit 0 5Bit 1 6Bit 0
True label 0 Full 0 3Bit 0 3Bit 0 4Bit 0 5Bit 0 6Bit 0
True label 1 Full 0 3Bit 0 3Bit 0 4Bit 1 5Bit 1 6Bit 0
True label 0 Full 0 3Bit 0 3Bit 0 4Bit 0 5Bit 0 6Bit 0
True label 0 Full 0 3Bit 1 3Bit 1 4Bit 0 5Bit 0 6Bit 0
True label 1 Full 1 3Bit 1 3Bit 1 4Bit 1 5Bit 1 6Bit 1
True label 1 Full 1 3Bit 1 3Bit 1 4Bit 1 5Bit 1 6Bit 1
True label 1 Full 0 3Bit 0 3Bit 0 4Bit 0 5Bit 0 6Bit 1
True label 0 Full 0 3Bit 0 3Bit 0 4Bit 0 5Bit 0 6Bit 0
True label 0 Full 0 3Bit 0 3Bit 0 4Bit 0 5Bit 0 6Bit 0
True label 1 Full 1 3Bit 1 3Bit 1 4Bit 1 5Bit 1 6Bit 1
True label 0 Full 0 3Bit 0 3Bit 0 4Bit 0 5Bit 0 6Bit 0
True label 1 Full 1 3Bit 0 3Bit 0 4Bit 1 5Bit 1 6Bit 1
True label 1 Full 1 3Bit 1 3Bit 1 4Bit 1 5Bit 1 6Bit 1
True label 0 Full 0 3Bit 0 3Bit 0 4Bit 0 5Bit 0 6Bit 0
True label 1 Full 1 3Bit 1 3Bit 1 4Bit 1 5Bit 1 6Bit 1
True label 1 Full 1 3Bit 1 3Bit 1 4Bit 1 5Bit 1 6Bit 1
True label 0 Full 0 3Bit 0 3Bit 0 4Bit 0 5Bit 0 6Bit 0
True label 1 Full 0 3Bit 0 3Bit 0 4Bit 0 5Bit 0 6Bit 0
True label 1 Full 1 3Bit 1 3Bit 1 4Bit 1 5Bit 1 6Bit 1
True label 0 Full 0 3Bit 0 3Bit 0 4Bit 0 5Bit 0 6Bit 0
True label 0 Full 0 3Bit 0 3Bit 0 4Bit 0 5Bit 0 6Bit 0
True label 1 Full 1 3Bit 1 3Bit 1 4Bit 0 5Bit 1 6Bit 1
True label 1 Full 0 3Bit 0 3Bit 0 4Bit 1 5Bit 1 6Bit 1
True label 1 Full 0 3Bit 0 3Bit 0 4Bit 0 5Bit 1 6Bit 0
True label 1 Full 1 3Bit 1 3Bit 1 4Bit 0 5Bit 1 6Bit 1
True label 0 Full 0 3Bit 0 3Bit 0 4Bit 0 5Bit 0 6Bit 0
True label 0 Full 0 3Bit 0 3Bit 0 4Bit 1 5Bit 0 6Bit 0
True label 1 Full 1 3Bit 1 3Bit 1 4Bit 1 5Bit 1 6Bit 1
True label 0 Full 0 3Bit 0 3Bit 0 4Bit 0 5Bit 0 6Bit 0
True label 0 Full 0 3Bit 0 3Bit 0 4Bit 0 5Bit 0 6Bit 0
True label 1 Full 1 3Bit 0 3Bit 0 4Bit 1 5Bit 1 6Bit 1
True label 0 Full 0 3Bit 0 3Bit 0 4Bit 0 5Bit 0 6Bit 1
True label 0 Full 0 3Bit 0 3Bit 0 4Bit 0 5Bit 0 6Bit 0
True label 1 Full 1 3Bit 1 3Bit 1 4Bit 1 5Bit 1 6Bit 1
True label 0 Full 0 3Bit 0 3Bit 0 4Bit 0 5Bit 0 6Bit 0
True label 1 Full 1 3Bit 1 3Bit 1 4Bit 1 5Bit 1 6Bit 1
True label 0 Full 0 3Bit 0 3Bit 0 4Bit 0 5Bit 0 6Bit 0
True label 1 Full 1 3Bit 1 3Bit 1 4Bit 1 5Bit 1 6Bit 1
True label 1 Full 0 3Bit 1 3Bit 1 4Bit 1 5Bit 1 6Bit 1
True label 1 Full 1 3Bit 1 3Bit 1 4Bit 1 5Bit 1 6Bit 1
True label 1 Full 1 3Bit 0 3Bit 0 4Bit 1 5Bit 1 6Bit 1
True label 1 Full 1 3Bit 1 3Bit 1 4Bit 1 5Bit 1 6Bit 1
True label 0 Full 0 3Bit 0 3Bit 0 4Bit 0 5Bit 0 6Bit 0
True label 1 Full 1 3Bit 1 3Bit 1 4Bit 1 5Bit 1 6Bit 1
True label 0 Full 0 3Bit 0 3Bit 0 4Bit 0 5Bit 0 6Bit 0
True label 1 Full 1 3Bit 0 3Bit 0 4Bit 1 5Bit 1 6Bit 0
True label 0 Full 0 3Bit 0 3Bit 0 4Bit 0 5Bit 0 6Bit 0
True label 0 Full 0 3Bit 0 3Bit 0 4Bit 0 5Bit 0 6Bit 0
True label 0 Full 0 3Bit 0 3Bit 0 4Bit 0 5Bit 0 6Bit 0
True label 1 Full 1 3Bit 0 3Bit 0 4Bit 1 5Bit 1 6Bit 1
True label 1 Full 1 3Bit 1 3Bit 1 4Bit 1 5Bit 1 6Bit 1
True label 1 Full 1 3Bit 1 3Bit 1 4Bit 1 5Bit 1 6Bit 1
True label 0 Full 0 3Bit 0 3Bit 0 4Bit 0 5Bit 0 6Bit 0
True label 0 Full 1 3Bit 0 3Bit 0 4Bit 1 5Bit 1 6Bit 1
True label 0 Full 0 3Bit 0 3Bit 0 4Bit 0 5Bit 0 6Bit 0
True label 0 Full 0 3Bit 0 3Bit 0 4Bit 0 5Bit 0 6Bit 0
True label 1 Full 1 3Bit 0 3Bit 0 4Bit 1 5Bit 1 6Bit 1
True label 1 Full 1 3Bit 0 3Bit 0 4Bit 1 5Bit 1 6Bit 1
True label 0 Full 0 3Bit 0 3Bit 0 4Bit 0 5Bit 0 6Bit 0
True label 1 Full 0 3Bit 1 3Bit 1 4Bit 0 5Bit 0 6Bit 0
True label 0 Full 0 3Bit 0 3Bit 0 4Bit 0 5Bit 0 6Bit 0
True label 0 Full 0 3Bit 0 3Bit 0 4Bit 0 5Bit 0 6Bit 0
True label 1 Full 1 3Bit 1 3Bit 1 4Bit 1 5Bit 1 6Bit 1
True label 1 Full 1 3Bit 1 3Bit 1 4Bit 1 5Bit 1 6Bit 1
True label 0 Full 0 3Bit 0 3Bit 0 4Bit 0 5Bit 0 6Bit 0
True label 1 Full 1 3Bit 1 3Bit 1 4Bit 1 5Bit 1 6Bit 1
True label 0 Full 0 3Bit 0 3Bit 0 4Bit 0 5Bit 0 6Bit 0
True label 1 Full 0 3Bit 1 3Bit 1 4Bit 1 5Bit 1 6Bit 1
True label 0 Full 0 3Bit 0 3Bit 0 4Bit 0 5Bit 0 6Bit 0
True label 1 Full 1 3Bit 0 3Bit 0 4Bit 1 5Bit 1 6Bit 1
True label 1 Full 1 3Bit 1 3Bit 1 4Bit 1 5Bit 1 6Bit 1
True label 1 Full 1 3Bit 1 3Bit 1 4Bit 1 5Bit 1 6Bit 1
True label 1 Full 1 3Bit 0 3Bit 0 4Bit 1 5Bit 1 6Bit 0
True label 0 Full 0 3Bit 0 3Bit 0 4Bit 0 5Bit 1 6Bit 0
True label 0 Full 0 3Bit 0 3Bit 0 4Bit 0 5Bit 0 6Bit 0
True label 0 Full 0 3Bit 0 3Bit 0 4Bit 0 5Bit 0 6Bit 0
True label 0 Full 0 3Bit 0 3Bit 0 4Bit 0 5Bit 0 6Bit 0
True label 1 Full 1 3Bit 1 3Bit 1 4Bit 0 5Bit 1 6Bit 1
True label 1 Full 1 3Bit 1 3Bit 1 4Bit 1 5Bit 1 6Bit 1
True label 1 Full 1 3Bit 1 3Bit 1 4Bit 1 5Bit 1 6Bit 1
True label 1 Full 1 3Bit 1 3Bit 1 4Bit 1 5Bit 1 6Bit 1
True label 1 Full 0 3Bit 0 3Bit 0 4Bit 0 5Bit 0 6Bit 0
True label 0 Full 0 3Bit 0 3Bit 0 4Bit 0 5Bit 0 6Bit 0
True label 1 Full 1 3Bit 0 3Bit 0 4Bit 1 5Bit 0 6Bit 0
True label 1 Full 1 3Bit 1 3Bit 1 4Bit 1 5Bit 1 6Bit 1
True label 1 Full 1 3Bit 1 3Bit 1 4Bit 1 5Bit 1 6Bit 1
True label 0 Full 0 3Bit 0 3Bit 0 4Bit 0 5Bit 0 6Bit 0
True label 1 Full 1 3Bit 0 3Bit 0 4Bit 1 5Bit 1 6Bit 1
True label 1 Full 1 3Bit 1 3Bit 1 4Bit 1 5Bit 1 6Bit 1
True label 1 Full 1 3Bit 1 3Bit 1 4Bit 0 5Bit 1 6Bit 1
True label 0 Full 0 3Bit 0 3Bit 0 4Bit 0 5Bit 0 6Bit 0
True label 1 Full 1 3Bit 0 3Bit 0 4Bit 1 5Bit 1 6Bit 1
True label 0 Full 0 3Bit 1 3Bit 1 4Bit 0 5Bit 0 6Bit 0
True label 1 Full 0 3Bit 0 3Bit 0 4Bit 0 5Bit 0 6Bit 0
True label 0 Full 0 3Bit 0 3Bit 0 4Bit 0 5Bit 0 6Bit 0
True label 0 Full 0 3Bit 0 3Bit 0 4Bit 0 5Bit 0 6Bit 0
True label 1 Full 0 3Bit 1 3Bit 1 4Bit 1 5Bit 1 6Bit 1
True label 1 Full 1 3Bit 1 3Bit 1 4Bit 1 5Bit 1 6Bit 1
True label 1 Full 1 3Bit 1 3Bit 1 4Bit 1 5Bit 1 6Bit 1
True label 1 Full 1 3Bit 1 3Bit 1 4Bit 1 5Bit 1 6Bit 1
True label 1 Full 1 3Bit 1 3Bit 1 4Bit 1 5Bit 1 6Bit 1
True label 0 Full 0 3Bit 0 3Bit 0 4Bit 0 5Bit 0 6Bit 0
True label 1 Full 1 3Bit 0 3Bit 0 4Bit 1 5Bit 1 6Bit 1
True label 0 Full 0 3Bit 0 3Bit 0 4Bit 0 5Bit 0 6Bit 0
True label 0 Full 1 3Bit 1 3Bit 1 4Bit 0 5Bit 1 6Bit 0
True label 1 Full 1 3Bit 1 3Bit 1 4Bit 1 5Bit 1 6Bit 1
True label 1 Full 1 3Bit 1 3Bit 1 4Bit 1 5Bit 1 6Bit 1
True label 1 Full 1 3Bit 0 3Bit 0 4Bit 0 5Bit 1 6Bit 1
True label 0 Full 0 3Bit 0 3Bit 0 4Bit 0 5Bit 0 6Bit 0
True label 0 Full 0 3Bit 0 3Bit 0 4Bit 0 5Bit 0 6Bit 0
True label 0 Full 0 3Bit 0 3Bit 0 4Bit 0 5Bit 0 6Bit 0
True label 1 Full 1 3Bit 1 3Bit 1 4Bit 1 5Bit 1 6Bit 1
True label 1 Full 1 3Bit 1 3Bit 1 4Bit 1 5Bit 1 6Bit 1
True label 1 Full 0 3Bit 1 3Bit 1 4Bit 0 5Bit 0 6Bit 0
True label 0 Full 0 3Bit 0 3Bit 0 4Bit 0 5Bit 0 6Bit 0
True label 0 Full 0 3Bit 0 3Bit 0 4Bit 0 5Bit 0 6Bit 0
True label 0 Full 0 3Bit 0 3Bit 0 4Bit 0 5Bit 0 6Bit 0
True label 1 Full 1 3Bit 1 3Bit 1 4Bit 1 5Bit 1 6Bit 1
True label 1 Full 1 3Bit 1 3Bit 1 4Bit 1 5Bit 1 6Bit 1
True label 0 Full 0 3Bit 0 3Bit 0 4Bit 0 5Bit 0 6Bit 0
True label 1 Full 1 3Bit 0 3Bit 0 4Bit 1 5Bit 1 6Bit 1
True label 1 Full 1 3Bit 1 3Bit 1 4Bit 1 5Bit 1 6Bit 1
True label 1 Full 1 3Bit 1 3Bit 1 4Bit 1 5Bit 1 6Bit 1
True label 0 Full 0 3Bit 0 3Bit 0 4Bit 0 5Bit 0 6Bit 0
True label 1 Full 0 3Bit 0 3Bit 0 4Bit 0 5Bit 0 6Bit 0
True label 1 Full 1 3Bit 1 3Bit 1 4Bit 1 5Bit 1 6Bit 1
True label 0 Full 0 3Bit 0 3Bit 0 4Bit 0 5Bit 0 6Bit 0
True label 1 Full 0 3Bit 1 3Bit 1 4Bit 1 5Bit 1 6Bit 0
True label 1 Full 1 3Bit 1 3Bit 1 4Bit 1 5Bit 1 6Bit 1
True label 1 Full 1 3Bit 1 3Bit 1 4Bit 1 5Bit 1 6Bit 1
True label 0 Full 0 3Bit 0 3Bit 0 4Bit 0 5Bit 0 6Bit 0
True label 1 Full 1 3Bit 1 3Bit 1 4Bit 1 5Bit 1 6Bit 1
True label 1 Full 1 3Bit 0 3Bit 0 4Bit 1 5Bit 1 6Bit 1
True label 0 Full 0 3Bit 1 3Bit 1 4Bit 0 5Bit 0 6Bit 0
True label 1 Full 1 3Bit 0 3Bit 0 4Bit 1 5Bit 1 6Bit 1
True label 0 Full 0 3Bit 0 3Bit 0 4Bit 0 5Bit 0 6Bit 0
True label 0 Full 0 3Bit 0 3Bit 0 4Bit 0 5Bit 0 6Bit 0
True label 0 Full 0 3Bit 0 3Bit 0 4Bit 0 5Bit 0 6Bit 0
True label 1 Full 1 3Bit 1 3Bit 1 4Bit 1 5Bit 1 6Bit 1
True label 1 Full 1 3Bit 0 3Bit 0 4Bit 1 5Bit 1 6Bit 1
True label 0 Full 0 3Bit 0 3Bit 0 4Bit 0 5Bit 0 6Bit 0
True label 0 Full 0 3Bit 0 3Bit 0 4Bit 0 5Bit 0 6Bit 0
True label 0 Full 0 3Bit 0 3Bit 0 4Bit 0 5Bit 0 6Bit 0
True label 1 Full 1 3Bit 1 3Bit 1 4Bit 1 5Bit 1 6Bit 1
True label 0 Full 0 3Bit 0 3Bit 0 4Bit 0 5Bit 0 6Bit 0
True label 0 Full 0 3Bit 0 3Bit 0 4Bit 0 5Bit 0 6Bit 0
True label 1 Full 1 3Bit 1 3Bit 1 4Bit 1 5Bit 1 6Bit 1
True label 0 Full 0 3Bit 0 3Bit 0 4Bit 0 5Bit 0 6Bit 0
True label 0 Full 0 3Bit 0 3Bit 0 4Bit 0 5Bit 0 6Bit 0
True label 0 Full 0 3Bit 0 3Bit 0 4Bit 0 5Bit 0 6Bit 0
True label 0 Full 0 3Bit 0 3Bit 0 4Bit 0 5Bit 0 6Bit 0
True label 0 Full 0 3Bit 0 3Bit 0 4Bit 0 5Bit 0 6Bit 0
True label 0 Full 0 3Bit 0 3Bit 0 4Bit 0 5Bit 0 6Bit 0
True label 1 Full 1 3Bit 0 3Bit 0 4Bit 1 5Bit 1 6Bit 1
True label 0 Full 0 3Bit 0 3Bit 0 4Bit 0 5Bit 0 6Bit 0
True label 0 Full 0 3Bit 0 3Bit 0 4Bit 0 5Bit 0 6Bit 0
True label 1 Full 1 3Bit 0 3Bit 0 4Bit 1 5Bit 1 6Bit 1
True label 0 Full 0 3Bit 0 3Bit 0 4Bit 0 5Bit 0 6Bit 0
True label 0 Full 0 3Bit 0 3Bit 0 4Bit 0 5Bit 0 6Bit 0
True label 1 Full 1 3Bit 1 3Bit 1 4Bit 1 5Bit 1 6Bit 1
True label 1 Full 1 3Bit 0 3Bit 0 4Bit 1 5Bit 1 6Bit 1
True label 1 Full 1 3Bit 0 3Bit 0 4Bit 1 5Bit 1 6Bit 1
True label 0 Full 0 3Bit 0 3Bit 0 4Bit 0 5Bit 1 6Bit 0
True label 0 Full 0 3Bit 0 3Bit 0 4Bit 0 5Bit 0 6Bit 0
True label 0 Full 0 3Bit 0 3Bit 0 4Bit 0 5Bit 0 6Bit 0
True label 1 Full 0 3Bit 1 3Bit 1 4Bit 1 5Bit 1 6Bit 0
True label 0 Full 0 3Bit 0 3Bit 0 4Bit 0 5Bit 0 6Bit 0
True label 0 Full 0 3Bit 0 3Bit 0 4Bit 0 5Bit 0 6Bit 0
True label 0 Full 1 3Bit 0 3Bit 0 4Bit 0 5Bit 1 6Bit 1
True label 0 Full 0 3Bit 0 3Bit 0 4Bit 0 5Bit 0 6Bit 0
True label 1 Full 0 3Bit 0 3Bit 0 4Bit 0 5Bit 0 6Bit 0
True label 1 Full 1 3Bit 1 3Bit 1 4Bit 1 5Bit 1 6Bit 1
True label 1 Full 1 3Bit 0 3Bit 0 4Bit 1 5Bit 1 6Bit 1
True label 0 Full 1 3Bit 1 3Bit 1 4Bit 1 5Bit 1 6Bit 1
True label 0 Full 0 3Bit 0 3Bit 0 4Bit 0 5Bit 0 6Bit 0
True label 0 Full 0 3Bit 0 3Bit 0 4Bit 0 5Bit 0 6Bit 0
True label 1 Full 1 3Bit 0 3Bit 0 4Bit 1 5Bit 1 6Bit 1
True label 0 Full 0 3Bit 0 3Bit 0 4Bit 0 5Bit 0 6Bit 0
True label 1 Full 1 3Bit 1 3Bit 1 4Bit 1 5Bit 1 6Bit 1
True label 0 Full 0 3Bit 0 3Bit 0 4Bit 0 5Bit 0 6Bit 0
True label 1 Full 1 3Bit 1 3Bit 1 4Bit 1 5Bit 1 6Bit 1
True label 0 Full 0 3Bit 0 3Bit 0 4Bit 0 5Bit 0 6Bit 0
True label 0 Full 0 3Bit 0 3Bit 0 4Bit 0 5Bit 0 6Bit 0
True label 1 Full 1 3Bit 0 3Bit 0 4Bit 1 5Bit 1 6Bit 1
True label 1 Full 0 3Bit 1 3Bit 1 4Bit 0 5Bit 0 6Bit 0
True label 1 Full 1 3Bit 1 3Bit 1 4Bit 1 5Bit 1 6Bit 1
True label 0 Full 0 3Bit 0 3Bit 0 4Bit 0 5Bit 0 6Bit 0
True label 1 Full 1 3Bit 1 3Bit 1 4Bit 1 5Bit 1 6Bit 1
True label 0 Full 0 3Bit 0 3Bit 0 4Bit 0 5Bit 0 6Bit 0
True label 0 Full 0 3Bit 0 3Bit 0 4Bit 0 5Bit 0 6Bit 0
True label 0 Full 0 3Bit 0 3Bit 0 4Bit 0 5Bit 0 6Bit 0
True label 0 Full 0 3Bit 0 3Bit 0 4Bit 0 5Bit 0 6Bit 0
True label 1 Full 1 3Bit 1 3Bit 1 4Bit 1 5Bit 1 6Bit 1
True label 0 Full 0 3Bit 0 3Bit 0 4Bit 0 5Bit 0 6Bit 0
True label 0 Full 0 3Bit 0 3Bit 0 4Bit 0 5Bit 0 6Bit 0
True label 1 Full 1 3Bit 0 3Bit 0 4Bit 1 5Bit 1 6Bit 1
True label 0 Full 0 3Bit 0 3Bit 0 4Bit 0 5Bit 0 6Bit 0
True label 1 Full 1 3Bit 1 3Bit 1 4Bit 1 5Bit 1 6Bit 1
True label 1 Full 1 3Bit 1 3Bit 1 4Bit 1 5Bit 1 6Bit 1
True label 0 Full 0 3Bit 0 3Bit 0 4Bit 0 5Bit 0 6Bit 0
True label 0 Full 0 3Bit 0 3Bit 0 4Bit 0 5Bit 0 6Bit 0
True label 1 Full 1 3Bit 1 3Bit 1 4Bit 1 5Bit 1 6Bit 1
True label 1 Full 1 3Bit 1 3Bit 1 4Bit 1 5Bit 1 6Bit 1
True label 1 Full 1 3Bit 1 3Bit 1 4Bit 1 5Bit 1 6Bit 1
True label 0 Full 0 3Bit 0 3Bit 0 4Bit 0 5Bit 0 6Bit 0
True label 1 Full 1 3Bit 1 3Bit 1 4Bit 1 5Bit 1 6Bit 1
True label 0 Full 0 3Bit 0 3Bit 0 4Bit 0 5Bit 0 6Bit 0
True label 1 Full 1 3Bit 1 3Bit 1 4Bit 1 5Bit 1 6Bit 1
True label 0 Full 0 3Bit 0 3Bit 0 4Bit 0 5Bit 0 6Bit 0
True label 1 Full 1 3Bit 0 3Bit 0 4Bit 1 5Bit 1 6Bit 1
True label 1 Full 1 3Bit 0 3Bit 0 4Bit 1 5Bit 1 6Bit 1
True label 1 Full 1 3Bit 1 3Bit 1 4Bit 1 5Bit 1 6Bit 1
True label 0 Full 0 3Bit 0 3Bit 0 4Bit 0 5Bit 0 6Bit 0
True label 0 Full 0 3Bit 0 3Bit 0 4Bit 0 5Bit 0 6Bit 0
True label 1 Full 1 3Bit 1 3Bit 1 4Bit 1 5Bit 1 6Bit 1
True label 1 Full 1 3Bit 1 3Bit 1 4Bit 1 5Bit 1 6Bit 1
True label 0 Full 0 3Bit 0 3Bit 0 4Bit 0 5Bit 0 6Bit 0
True label 0 Full 0 3Bit 0 3Bit 0 4Bit 0 5Bit 0 6Bit 0
True label 0 Full 0 3Bit 0 3Bit 0 4Bit 0 5Bit 0 6Bit 0
True label 1 Full 1 3Bit 0 3Bit 0 4Bit 1 5Bit 1 6Bit 1
True label 1 Full 1 3Bit 1 3Bit 1 4Bit 1 5Bit 1 6Bit 1
True label 0 Full 0 3Bit 0 3Bit 0 4Bit 0 5Bit 0 6Bit 0
True label 0 Full 0 3Bit 0 3Bit 0 4Bit 0 5Bit 0 6Bit 0
True label 0 Full 0 3Bit 0 3Bit 0 4Bit 0 5Bit 0 6Bit 0
True label 0 Full 1 3Bit 0 3Bit 0 4Bit 0 5Bit 0 6Bit 1
True label 1 Full 0 3Bit 0 3Bit 0 4Bit 1 5Bit 1 6Bit 1
True label 0 Full 1 3Bit 0 3Bit 0 4Bit 0 5Bit 0 6Bit 0
True label 1 Full 1 3Bit 1 3Bit 1 4Bit 1 5Bit 1 6Bit 1
True label 0 Full 0 3Bit 0 3Bit 0 4Bit 0 5Bit 0 6Bit 0
True label 0 Full 0 3Bit 0 3Bit 0 4Bit 0 5Bit 0 6Bit 0
True label 0 Full 0 3Bit 0 3Bit 0 4Bit 0 5Bit 0 6Bit 0
True label 1 Full 1 3Bit 1 3Bit 1 4Bit 1 5Bit 1 6Bit 1
True label 0 Full 0 3Bit 0 3Bit 0 4Bit 0 5Bit 0 6Bit 0
True label 1 Full 0 3Bit 0 3Bit 0 4Bit 0 5Bit 1 6Bit 0
True label 0 Full 0 3Bit 0 3Bit 0 4Bit 0 5Bit 0 6Bit 0
True label 1 Full 1 3Bit 0 3Bit 0 4Bit 1 5Bit 1 6Bit 1
True label 1 Full 1 3Bit 1 3Bit 1 4Bit 1 5Bit 1 6Bit 1
True label 1 Full 1 3Bit 1 3Bit 1 4Bit 0 5Bit 1 6Bit 1
True label 1 Full 1 3Bit 1 3Bit 1 4Bit 1 5Bit 1 6Bit 1
True label 0 Full 0 3Bit 0 3Bit 0 4Bit 0 5Bit 0 6Bit 0
True label 1 Full 1 3Bit 1 3Bit 1 4Bit 1 5Bit 1 6Bit 1
True label 1 Full 1 3Bit 1 3Bit 1 4Bit 1 5Bit 1 6Bit 1
True label 0 Full 0 3Bit 0 3Bit 0 4Bit 0 5Bit 0 6Bit 0
True label 0 Full 0 3Bit 0 3Bit 0 4Bit 0 5Bit 0 6Bit 0
True label 0 Full 0 3Bit 0 3Bit 0 4Bit 0 5Bit 0 6Bit 0
True label 1 Full 1 3Bit 0 3Bit 0 4Bit 1 5Bit 1 6Bit 1
True label 0 Full 0 3Bit 0 3Bit 0 4Bit 0 5Bit 0 6Bit 0
True label 1 Full 1 3Bit 1 3Bit 1 4Bit 1 5Bit 1 6Bit 1
True label 1 Full 1 3Bit 0 3Bit 0 4Bit 1 5Bit 1 6Bit 1
True label 0 Full 0 3Bit 0 3Bit 0 4Bit 0 5Bit 0 6Bit 0
True label 0 Full 0 3Bit 1 3Bit 1 4Bit 0 5Bit 0 6Bit 0
True label 0 Full 0 3Bit 0 3Bit 0 4Bit 0 5Bit 0 6Bit 0
True label 0 Full 0 3Bit 0 3Bit 0 4Bit 0 5Bit 0 6Bit 0
True label 1 Full 0 3Bit 1 3Bit 1 4Bit 0 5Bit 0 6Bit 0
True label 1 Full 1 3Bit 1 3Bit 1 4Bit 1 5Bit 1 6Bit 1
True label 0 Full 0 3Bit 0 3Bit 0 4Bit 0 5Bit 0 6Bit 0
True label 1 Full 1 3Bit 1 3Bit 1 4Bit 1 5Bit 1 6Bit 1
True label 1 Full 1 3Bit 1 3Bit 1 4Bit 1 5Bit 1 6Bit 1
True label 1 Full 1 3Bit 1 3Bit 1 4Bit 1 5Bit 1 6Bit 1
True label 0 Full 0 3Bit 0 3Bit 0 4Bit 0 5Bit 0 6Bit 0
True label 0 Full 0 3Bit 0 3Bit 0 4Bit 0 5Bit 0 6Bit 0
True label 0 Full 0 3Bit 0 3Bit 0 4Bit 0 5Bit 0 6Bit 0
True label 1 Full 1 3Bit 1 3Bit 1 4Bit 1 5Bit 1 6Bit 1
True label 0 Full 0 3Bit 0 3Bit 0 4Bit 0 5Bit 0 6Bit 0
True label 0 Full 0 3Bit 0 3Bit 0 4Bit 0 5Bit 0 6Bit 0
True label 1 Full 1 3Bit 0 3Bit 0 4Bit 0 5Bit 0 6Bit 0
True label 0 Full 0 3Bit 0 3Bit 0 4Bit 0 5Bit 0 6Bit 0
True label 1 Full 1 3Bit 1 3Bit 1 4Bit 1 5Bit 1 6Bit 1
True label 1 Full 1 3Bit 0 3Bit 0 4Bit 1 5Bit 1 6Bit 1
True label 0 Full 0 3Bit 0 3Bit 0 4Bit 0 5Bit 0 6Bit 0
True label 1 Full 0 3Bit 0 3Bit 0 4Bit 0 5Bit 0 6Bit 0
True label 0 Full 0 3Bit 0 3Bit 0 4Bit 0 5Bit 0 6Bit 0
True label 0 Full 0 3Bit 0 3Bit 0 4Bit 0 5Bit 0 6Bit 0
True label 1 Full 1 3Bit 0 3Bit 0 4Bit 1 5Bit 1 6Bit 1
True label 1 Full 0 3Bit 1 3Bit 1 4Bit 0 5Bit 0 6Bit 0
True label 1 Full 1 3Bit 0 3Bit 0 4Bit 1 5Bit 1 6Bit 1
True label 1 Full 0 3Bit 1 3Bit 1 4Bit 1 5Bit 1 6Bit 0
True label 1 Full 1 3Bit 1 3Bit 1 4Bit 1 5Bit 1 6Bit 1
True label 0 Full 0 3Bit 0 3Bit 0 4Bit 0 5Bit 0 6Bit 0
True label 0 Full 0 3Bit 0 3Bit 0 4Bit 0 5Bit 0 6Bit 0
True label 1 Full 1 3Bit 1 3Bit 1 4Bit 1 5Bit 1 6Bit 1
True label 0 Full 0 3Bit 0 3Bit 0 4Bit 0 5Bit 0 6Bit 0
True label 0 Full 0 3Bit 0 3Bit 0 4Bit 0 5Bit 0 6Bit 0
True label 1 Full 1 3Bit 1 3Bit 1 4Bit 1 5Bit 1 6Bit 1
True label 0 Full 0 3Bit 0 3Bit 0 4Bit 0 5Bit 0 6Bit 0
True label 0 Full 0 3Bit 1 3Bit 1 4Bit 0 5Bit 1 6Bit 0
True label 1 Full 1 3Bit 1 3Bit 1 4Bit 1 5Bit 1 6Bit 1
True label 0 Full 0 3Bit 0 3Bit 0 4Bit 0 5Bit 0 6Bit 0
True label 1 Full 1 3Bit 1 3Bit 1 4Bit 1 5Bit 1 6Bit 1
True label 0 Full 1 3Bit 0 3Bit 0 4Bit 1 5Bit 1 6Bit 1
True label 1 Full 1 3Bit 1 3Bit 1 4Bit 0 5Bit 1 6Bit 1
True label 1 Full 1 3Bit 1 3Bit 1 4Bit 1 5Bit 1 6Bit 1
True label 1 Full 1 3Bit 1 3Bit 1 4Bit 1 5Bit 1 6Bit 1
True label 0 Full 1 3Bit 1 3Bit 1 4Bit 1 5Bit 1 6Bit 1
True label 1 Full 1 3Bit 1 3Bit 1 4Bit 0 5Bit 1 6Bit 1
True label 0 Full 0 3Bit 0 3Bit 0 4Bit 0 5Bit 0 6Bit 0
True label 1 Full 1 3Bit 0 3Bit 0 4Bit 1 5Bit 1 6Bit 1
True label 1 Full 1 3Bit 1 3Bit 1 4Bit 1 5Bit 1 6Bit 1
True label 0 Full 0 3Bit 0 3Bit 0 4Bit 0 5Bit 0 6Bit 0
True label 1 Full 1 3Bit 1 3Bit 1 4Bit 1 5Bit 1 6Bit 1
True label 1 Full 1 3Bit 1 3Bit 1 4Bit 1 5Bit 1 6Bit 1
True label 0 Full 1 3Bit 1 3Bit 1 4Bit 1 5Bit 1 6Bit 1
True label 0 Full 0 3Bit 0 3Bit 0 4Bit 0 5Bit 0 6Bit 0
True label 1 Full 0 3Bit 1 3Bit 1 4Bit 1 5Bit 1 6Bit 1
True label 1 Full 1 3Bit 1 3Bit 1 4Bit 1 5Bit 1 6Bit 1
True label 0 Full 0 3Bit 0 3Bit 0 4Bit 0 5Bit 0 6Bit 0
True label 0 Full 0 3Bit 0 3Bit 0 4Bit 0 5Bit 0 6Bit 0
True label 1 Full 1 3Bit 1 3Bit 1 4Bit 1 5Bit 1 6Bit 0
True label 0 Full 0 3Bit 0 3Bit 0 4Bit 0 5Bit 0 6Bit 0
True label 1 Full 0 3Bit 0 3Bit 0 4Bit 0 5Bit 0 6Bit 0
True label 1 Full 1 3Bit 0 3Bit 0 4Bit 0 5Bit 1 6Bit 1
True label 1 Full 1 3Bit 1 3Bit 1 4Bit 1 5Bit 1 6Bit 1
True label 0 Full 1 3Bit 0 3Bit 0 4Bit 1 5Bit 1 6Bit 1
True label 0 Full 0 3Bit 0 3Bit 0 4Bit 0 5Bit 0 6Bit 0
True label 0 Full 0 3Bit 0 3Bit 0 4Bit 0 5Bit 0 6Bit 0
True label 0 Full 0 3Bit 0 3Bit 0 4Bit 0 5Bit 0 6Bit 0
True label 0 Full 0 3Bit 0 3Bit 0 4Bit 0 5Bit 0 6Bit 0
True label 1 Full 1 3Bit 1 3Bit 1 4Bit 1 5Bit 1 6Bit 1
True label 0 Full 0 3Bit 0 3Bit 0 4Bit 0 5Bit 0 6Bit 0
True label 0 Full 0 3Bit 0 3Bit 0 4Bit 0 5Bit 0 6Bit 0
True label 0 Full 0 3Bit 0 3Bit 0 4Bit 0 5Bit 0 6Bit 0
True label 1 Full 1 3Bit 1 3Bit 1 4Bit 1 5Bit 1 6Bit 1
True label 0 Full 0 3Bit 0 3Bit 0 4Bit 0 5Bit 0 6Bit 0
True label 0 Full 0 3Bit 1 3Bit 1 4Bit 0 5Bit 0 6Bit 0
True label 1 Full 1 3Bit 0 3Bit 0 4Bit 0 5Bit 1 6Bit 1
True label 0 Full 0 3Bit 0 3Bit 0 4Bit 0 5Bit 0 6Bit 0
True label 1 Full 1 3Bit 1 3Bit 1 4Bit 1 5Bit 1 6Bit 1
True label 0 Full 0 3Bit 0 3Bit 0 4Bit 0 5Bit 0 6Bit 0
True label 1 Full 1 3Bit 1 3Bit 1 4Bit 1 5Bit 1 6Bit 1
True label 0 Full 0 3Bit 0 3Bit 0 4Bit 0 5Bit 0 6Bit 0
True label 1 Full 0 3Bit 1 3Bit 1 4Bit 0 5Bit 1 6Bit 0
True label 1 Full 1 3Bit 1 3Bit 1 4Bit 1 5Bit 1 6Bit 1
True label 0 Full 0 3Bit 0 3Bit 0 4Bit 0 5Bit 0 6Bit 0
True label 0 Full 0 3Bit 0 3Bit 0 4Bit 0 5Bit 0 6Bit 0
True label 0 Full 0 3Bit 0 3Bit 0 4Bit 0 5Bit 0 6Bit 0
True label 1 Full 1 3Bit 1 3Bit 1 4Bit 1 5Bit 1 6Bit 1
True label 0 Full 0 3Bit 0 3Bit 0 4Bit 0 5Bit 0 6Bit 0
True label 1 Full 1 3Bit 0 3Bit 0 4Bit 1 5Bit 1 6Bit 1
True label 0 Full 0 3Bit 0 3Bit 0 4Bit 0 5Bit 0 6Bit 0
True label 0 Full 0 3Bit 0 3Bit 0 4Bit 0 5Bit 0 6Bit 0
True label 0 Full 0 3Bit 0 3Bit 0 4Bit 0 5Bit 0 6Bit 0
True label 0 Full 0 3Bit 0 3Bit 0 4Bit 0 5Bit 0 6Bit 0
True label 0 Full 0 3Bit 0 3Bit 0 4Bit 0 5Bit 0 6Bit 0
True label 0 Full 0 3Bit 0 3Bit 0 4Bit 0 5Bit 0 6Bit 0
True label 0 Full 0 3Bit 0 3Bit 0 4Bit 0 5Bit 0 6Bit 0
True label 1 Full 1 3Bit 0 3Bit 0 4Bit 1 5Bit 1 6Bit 1
True label 1 Full 1 3Bit 0 3Bit 0 4Bit 0 5Bit 0 6Bit 0
True label 1 Full 1 3Bit 1 3Bit 1 4Bit 1 5Bit 1 6Bit 1
True label 1 Full 1 3Bit 1 3Bit 1 4Bit 1 5Bit 1 6Bit 1
True label 1 Full 1 3Bit 0 3Bit 0 4Bit 1 5Bit 1 6Bit 1
True label 1 Full 1 3Bit 1 3Bit 1 4Bit 1 5Bit 1 6Bit 1
True label 0 Full 0 3Bit 0 3Bit 0 4Bit 0 5Bit 0 6Bit 0
True label 0 Full 0 3Bit 0 3Bit 0 4Bit 0 5Bit 0 6Bit 0
True label 0 Full 0 3Bit 0 3Bit 0 4Bit 0 5Bit 0 6Bit 0
True label 1 Full 0 3Bit 0 3Bit 0 4Bit 0 5Bit 1 6Bit 1
True label 1 Full 0 3Bit 1 3Bit 1 4Bit 0 5Bit 1 6Bit 1
True label 0 Full 0 3Bit 0 3Bit 0 4Bit 0 5Bit 0 6Bit 0
True label 0 Full 0 3Bit 1 3Bit 1 4Bit 0 5Bit 0 6Bit 0
True label 1 Full 0 3Bit 0 3Bit 0 4Bit 0 5Bit 1 6Bit 1
True label 1 Full 1 3Bit 0 3Bit 0 4Bit 1 5Bit 1 6Bit 1
True label 1 Full 1 3Bit 1 3Bit 1 4Bit 1 5Bit 1 6Bit 1
True label 0 Full 0 3Bit 0 3Bit 0 4Bit 0 5Bit 0 6Bit 0
True label 0 Full 0 3Bit 0 3Bit 0 4Bit 0 5Bit 0 6Bit 0
True label 1 Full 1 3Bit 1 3Bit 1 4Bit 1 5Bit 1 6Bit 1
True label 0 Full 0 3Bit 0 3Bit 0 4Bit 0 5Bit 0 6Bit 0
True label 1 Full 1 3Bit 1 3Bit 1 4Bit 1 5Bit 1 6Bit 1
True label 0 Full 0 3Bit 0 3Bit 0 4Bit 0 5Bit 0 6Bit 0
True label 1 Full 1 3Bit 1 3Bit 1 4Bit 1 5Bit 1 6Bit 1
True label 0 Full 0 3Bit 0 3Bit 0 4Bit 0 5Bit 0 6Bit 0
True label 1 Full 1 3Bit 0 3Bit 0 4Bit 1 5Bit 1 6Bit 1
True label 1 Full 1 3Bit 0 3Bit 0 4Bit 0 5Bit 1 6Bit 1
True label 0 Full 0 3Bit 0 3Bit 0 4Bit 0 5Bit 0 6Bit 0
True label 0 Full 0 3Bit 0 3Bit 0 4Bit 0 5Bit 0 6Bit 0
True label 0 Full 0 3Bit 0 3Bit 0 4Bit 0 5Bit 0 6Bit 0
True label 0 Full 0 3Bit 0 3Bit 0 4Bit 0 5Bit 0 6Bit 0
True label 0 Full 0 3Bit 0 3Bit 0 4Bit 0 5Bit 0 6Bit 0
True label 1 Full 1 3Bit 1 3Bit 1 4Bit 1 5Bit 1 6Bit 1
True label 0 Full 0 3Bit 0 3Bit 0 4Bit 0 5Bit 0 6Bit 0
True label 0 Full 0 3Bit 0 3Bit 0 4Bit 0 5Bit 0 6Bit 0
True label 1 Full 1 3Bit 1 3Bit 1 4Bit 1 5Bit 1 6Bit 1
True label 0 Full 1 3Bit 0 3Bit 0 4Bit 0 5Bit 1 6Bit 1
True label 1 Full 0 3Bit 1 3Bit 1 4Bit 1 5Bit 1 6Bit 1
True label 0 Full 0 3Bit 0 3Bit 0 4Bit 0 5Bit 0 6Bit 0
True label 1 Full 1 3Bit 1 3Bit 1 4Bit 1 5Bit 1 6Bit 1
True label 1 Full 1 3Bit 1 3Bit 1 4Bit 1 5Bit 1 6Bit 1
True label 0 Full 0 3Bit 0 3Bit 0 4Bit 0 5Bit 0 6Bit 0
True label 0 Full 0 3Bit 0 3Bit 0 4Bit 0 5Bit 0 6Bit 0
True label 1 Full 1 3Bit 1 3Bit 1 4Bit 1 5Bit 1 6Bit 1
True label 1 Full 1 3Bit 0 3Bit 0 4Bit 1 5Bit 1 6Bit 0
True label 0 Full 0 3Bit 0 3Bit 0 4Bit 0 5Bit 0 6Bit 0
True label 0 Full 0 3Bit 0 3Bit 0 4Bit 0 5Bit 0 6Bit 0
True label 0 Full 0 3Bit 0 3Bit 0 4Bit 0 5Bit 0 6Bit 0
True label 1 Full 1 3Bit 1 3Bit 1 4Bit 1 5Bit 1 6Bit 1
True label 0 Full 0 3Bit 0 3Bit 0 4Bit 0 5Bit 0 6Bit 0
True label 1 Full 0 3Bit 0 3Bit 0 4Bit 1 5Bit 1 6Bit 0
True label 1 Full 1 3Bit 1 3Bit 1 4Bit 1 5Bit 1 6Bit 1
True label 1 Full 1 3Bit 1 3Bit 1 4Bit 1 5Bit 1 6Bit 1
True label 1 Full 0 3Bit 0 3Bit 0 4Bit 1 5Bit 1 6Bit 1
True label 1 Full 1 3Bit 0 3Bit 0 4Bit 1 5Bit 1 6Bit 1
True label 1 Full 0 3Bit 0 3Bit 0 4Bit 0 5Bit 1 6Bit 1
True label 1 Full 1 3Bit 1 3Bit 1 4Bit 1 5Bit 1 6Bit 1
True label 1 Full 1 3Bit 1 3Bit 1 4Bit 0 5Bit 1 6Bit 1
True label 0 Full 0 3Bit 0 3Bit 0 4Bit 0 5Bit 0 6Bit 0
True label 1 Full 1 3Bit 1 3Bit 1 4Bit 1 5Bit 1 6Bit 1
True label 1 Full 1 3Bit 1 3Bit 1 4Bit 1 5Bit 1 6Bit 1
True label 1 Full 1 3Bit 0 3Bit 0 4Bit 1 5Bit 1 6Bit 1
True label 0 Full 0 3Bit 0 3Bit 0 4Bit 0 5Bit 0 6Bit 0
True label 1 Full 1 3Bit 1 3Bit 1 4Bit 1 5Bit 1 6Bit 1
True label 0 Full 1 3Bit 0 3Bit 0 4Bit 1 5Bit 0 6Bit 0
True label 0 Full 0 3Bit 0 3Bit 0 4Bit 0 5Bit 0 6Bit 0
True label 1 Full 1 3Bit 1 3Bit 1 4Bit 1 5Bit 1 6Bit 0
True label 0 Full 0 3Bit 0 3Bit 0 4Bit 0 5Bit 0 6Bit 0
True label 1 Full 0 3Bit 0 3Bit 0 4Bit 1 5Bit 1 6Bit 1
True label 1 Full 1 3Bit 1 3Bit 1 4Bit 1 5Bit 1 6Bit 1
True label 1 Full 1 3Bit 1 3Bit 1 4Bit 1 5Bit 1 6Bit 1
True label 0 Full 0 3Bit 0 3Bit 0 4Bit 0 5Bit 0 6Bit 0
True label 0 Full 0 3Bit 0 3Bit 0 4Bit 0 5Bit 0 6Bit 0
True label 0 Full 0 3Bit 0 3Bit 0 4Bit 0 5Bit 0 6Bit 0
True label 1 Full 1 3Bit 1 3Bit 1 4Bit 1 5Bit 1 6Bit 1
True label 1 Full 0 3Bit 0 3Bit 0 4Bit 0 5Bit 0 6Bit 0
True label 1 Full 1 3Bit 1 3Bit 1 4Bit 1 5Bit 1 6Bit 1
True label 1 Full 1 3Bit 0 3Bit 0 4Bit 1 5Bit 1 6Bit 0
True label 0 Full 1 3Bit 0 3Bit 0 4Bit 1 5Bit 1 6Bit 1
True label 0 Full 0 3Bit 0 3Bit 0 4Bit 0 5Bit 0 6Bit 0
True label 1 Full 1 3Bit 1 3Bit 1 4Bit 1 5Bit 1 6Bit 1
True label 1 Full 0 3Bit 0 3Bit 0 4Bit 0 5Bit 0 6Bit 0
True label 1 Full 1 3Bit 1 3Bit 1 4Bit 1 5Bit 1 6Bit 1
True label 0 Full 0 3Bit 0 3Bit 0 4Bit 0 5Bit 0 6Bit 0
True label 0 Full 0 3Bit 0 3Bit 0 4Bit 0 5Bit 0 6Bit 0
True label 0 Full 0 3Bit 0 3Bit 0 4Bit 0 5Bit 0 6Bit 0
True label 0 Full 0 3Bit 0 3Bit 0 4Bit 0 5Bit 0 6Bit 0
True label 0 Full 0 3Bit 0 3Bit 0 4Bit 0 5Bit 0 6Bit 0
True label 0 Full 0 3Bit 0 3Bit 0 4Bit 0 5Bit 0 6Bit 0
True label 1 Full 1 3Bit 1 3Bit 1 4Bit 1 5Bit 1 6Bit 1
True label 1 Full 0 3Bit 1 3Bit 1 4Bit 1 5Bit 0 6Bit 0
True label 1 Full 0 3Bit 0 3Bit 0 4Bit 0 5Bit 1 6Bit 0
True label 1 Full 0 3Bit 1 3Bit 1 4Bit 0 5Bit 0 6Bit 0
True label 0 Full 0 3Bit 0 3Bit 0 4Bit 0 5Bit 0 6Bit 0
True label 1 Full 0 3Bit 0 3Bit 0 4Bit 0 5Bit 0 6Bit 0
True label 1 Full 1 3Bit 1 3Bit 1 4Bit 1 5Bit 1 6Bit 1
True label 0 Full 1 3Bit 0 3Bit 0 4Bit 1 5Bit 1 6Bit 0
True label 0 Full 0 3Bit 0 3Bit 0 4Bit 0 5Bit 0 6Bit 0
True label 1 Full 1 3Bit 0 3Bit 0 4Bit 0 5Bit 1 6Bit 1
True label 1 Full 1 3Bit 1 3Bit 1 4Bit 1 5Bit 1 6Bit 1
True label 1 Full 1 3Bit 0 3Bit 0 4Bit 1 5Bit 1 6Bit 1
True label 0 Full 0 3Bit 0 3Bit 0 4Bit 0 5Bit 0 6Bit 0
True label 1 Full 1 3Bit 0 3Bit 0 4Bit 1 5Bit 1 6Bit 1
True label 1 Full 1 3Bit 1 3Bit 1 4Bit 1 5Bit 1 6Bit 1
True label 0 Full 0 3Bit 1 3Bit 1 4Bit 0 5Bit 0 6Bit 0
True label 1 Full 1 3Bit 1 3Bit 1 4Bit 0 5Bit 1 6Bit 1
True label 1 Full 1 3Bit 1 3Bit 1 4Bit 1 5Bit 1 6Bit 1
True label 0 Full 0 3Bit 0 3Bit 0 4Bit 0 5Bit 0 6Bit 0
True label 1 Full 1 3Bit 1 3Bit 1 4Bit 1 5Bit 1 6Bit 1
True label 0 Full 0 3Bit 0 3Bit 0 4Bit 0 5Bit 0 6Bit 0
True label 0 Full 0 3Bit 0 3Bit 0 4Bit 0 5Bit 0 6Bit 0
True label 0 Full 0 3Bit 1 3Bit 1 4Bit 0 5Bit 0 6Bit 0
True label 0 Full 0 3Bit 0 3Bit 0 4Bit 0 5Bit 0 6Bit 0
True label 1 Full 1 3Bit 0 3Bit 0 4Bit 0 5Bit 0 6Bit 0
True label 0 Full 0 3Bit 0 3Bit 0 4Bit 0 5Bit 0 6Bit 0
True label 0 Full 0 3Bit 0 3Bit 0 4Bit 0 5Bit 0 6Bit 0
True label 1 Full 1 3Bit 1 3Bit 1 4Bit 1 5Bit 1 6Bit 1
True label 0 Full 0 3Bit 1 3Bit 1 4Bit 0 5Bit 0 6Bit 0
True label 1 Full 0 3Bit 0 3Bit 0 4Bit 0 5Bit 0 6Bit 0
True label 0 Full 1 3Bit 1 3Bit 1 4Bit 1 5Bit 1 6Bit 1
True label 0 Full 0 3Bit 0 3Bit 0 4Bit 0 5Bit 0 6Bit 0
True label 1 Full 1 3Bit 1 3Bit 1 4Bit 1 5Bit 1 6Bit 1
True label 1 Full 1 3Bit 1 3Bit 1 4Bit 1 5Bit 1 6Bit 1
True label 1 Full 1 3Bit 1 3Bit 1 4Bit 1 5Bit 1 6Bit 1
True label 1 Full 1 3Bit 1 3Bit 1 4Bit 1 5Bit 1 6Bit 1
True label 1 Full 1 3Bit 1 3Bit 1 4Bit 1 5Bit 1 6Bit 1
True label 1 Full 1 3Bit 1 3Bit 1 4Bit 1 5Bit 1 6Bit 1
True label 0 Full 0 3Bit 0 3Bit 0 4Bit 0 5Bit 0 6Bit 0
True label 1 Full 1 3Bit 0 3Bit 0 4Bit 1 5Bit 1 6Bit 1
True label 0 Full 0 3Bit 0 3Bit 0 4Bit 0 5Bit 0 6Bit 0
True label 1 Full 1 3Bit 0 3Bit 0 4Bit 1 5Bit 1 6Bit 1
True label 0 Full 0 3Bit 0 3Bit 0 4Bit 0 5Bit 0 6Bit 0
True label 1 Full 1 3Bit 1 3Bit 1 4Bit 1 5Bit 1 6Bit 1
True label 1 Full 1 3Bit 1 3Bit 1 4Bit 1 5Bit 1 6Bit 1
True label 1 Full 0 3Bit 0 3Bit 0 4Bit 0 5Bit 0 6Bit 0
True label 0 Full 0 3Bit 0 3Bit 0 4Bit 0 5Bit 0 6Bit 0
True label 1 Full 1 3Bit 1 3Bit 1 4Bit 1 5Bit 1 6Bit 1
True label 1 Full 1 3Bit 1 3Bit 1 4Bit 1 5Bit 1 6Bit 1
True label 0 Full 0 3Bit 1 3Bit 1 4Bit 0 5Bit 0 6Bit 0
True label 0 Full 0 3Bit 1 3Bit 1 4Bit 0 5Bit 0 6Bit 0
True label 0 Full 0 3Bit 0 3Bit 0 4Bit 0 5Bit 0 6Bit 0
True label 0 Full 0 3Bit 0 3Bit 0 4Bit 0 5Bit 0 6Bit 0
True label 0 Full 0 3Bit 0 3Bit 0 4Bit 0 5Bit 0 6Bit 0
True label 1 Full 1 3Bit 0 3Bit 0 4Bit 0 5Bit 1 6Bit 1
True label 0 Full 0 3Bit 1 3Bit 1 4Bit 0 5Bit 0 6Bit 0
True label 0 Full 1 3Bit 0 3Bit 0 4Bit 0 5Bit 1 6Bit 0
True label 1 Full 1 3Bit 1 3Bit 1 4Bit 1 5Bit 1 6Bit 1
True label 1 Full 1 3Bit 1 3Bit 1 4Bit 1 5Bit 1 6Bit 1
True label 1 Full 1 3Bit 1 3Bit 1 4Bit 1 5Bit 1 6Bit 1
True label 1 Full 0 3Bit 1 3Bit 1 4Bit 0 5Bit 0 6Bit 0
True label 1 Full 1 3Bit 1 3Bit 1 4Bit 1 5Bit 1 6Bit 1
True label 0 Full 0 3Bit 0 3Bit 0 4Bit 0 5Bit 0 6Bit 0
True label 1 Full 1 3Bit 1 3Bit 1 4Bit 1 5Bit 1 6Bit 1
True label 1 Full 1 3Bit 1 3Bit 1 4Bit 1 5Bit 1 6Bit 1
True label 1 Full 1 3Bit 1 3Bit 1 4Bit 1 5Bit 1 6Bit 1
True label 1 Full 1 3Bit 0 3Bit 0 4Bit 1 5Bit 1 6Bit 1
True label 0 Full 0 3Bit 0 3Bit 0 4Bit 0 5Bit 0 6Bit 0
True label 1 Full 1 3Bit 0 3Bit 0 4Bit 1 5Bit 0 6Bit 0
True label 1 Full 1 3Bit 1 3Bit 1 4Bit 1 5Bit 1 6Bit 1
True label 0 Full 0 3Bit 0 3Bit 0 4Bit 0 5Bit 0 6Bit 0
True label 1 Full 0 3Bit 0 3Bit 0 4Bit 1 5Bit 1 6Bit 1
True label 0 Full 0 3Bit 0 3Bit 0 4Bit 0 5Bit 0 6Bit 0
True label 1 Full 0 3Bit 0 3Bit 0 4Bit 1 5Bit 1 6Bit 1
True label 0 Full 0 3Bit 0 3Bit 0 4Bit 0 5Bit 0 6Bit 0
True label 0 Full 0 3Bit 0 3Bit 0 4Bit 0 5Bit 0 6Bit 0
True label 0 Full 0 3Bit 0 3Bit 0 4Bit 0 5Bit 0 6Bit 0
True label 0 Full 0 3Bit 0 3Bit 0 4Bit 0 5Bit 0 6Bit 0
True label 1 Full 1 3Bit 1 3Bit 1 4Bit 1 5Bit 1 6Bit 1
True label 0 Full 0 3Bit 0 3Bit 0 4Bit 0 5Bit 0 6Bit 0
True label 1 Full 0 3Bit 1 3Bit 1 4Bit 0 5Bit 0 6Bit 0
True label 1 Full 1 3Bit 1 3Bit 1 4Bit 1 5Bit 1 6Bit 1
True label 0 Full 1 3Bit 0 3Bit 0 4Bit 1 5Bit 1 6Bit 1
True label 0 Full 0 3Bit 0 3Bit 0 4Bit 0 5Bit 0 6Bit 0
True label 1 Full 1 3Bit 0 3Bit 0 4Bit 1 5Bit 1 6Bit 1
True label 0 Full 0 3Bit 0 3Bit 0 4Bit 0 5Bit 0 6Bit 0
True label 0 Full 0 3Bit 0 3Bit 0 4Bit 0 5Bit 0 6Bit 0
True label 1 Full 1 3Bit 1 3Bit 1 4Bit 0 5Bit 1 6Bit 0
True label 0 Full 0 3Bit 0 3Bit 0 4Bit 0 5Bit 1 6Bit 0
True label 0 Full 0 3Bit 0 3Bit 0 4Bit 0 5Bit 0 6Bit 0
True label 1 Full 1 3Bit 1 3Bit 1 4Bit 1 5Bit 1 6Bit 1
True label 1 Full 0 3Bit 1 3Bit 1 4Bit 0 5Bit 0 6Bit 0
True label 0 Full 0 3Bit 0 3Bit 0 4Bit 0 5Bit 0 6Bit 0
True label 1 Full 1 3Bit 0 3Bit 0 4Bit 1 5Bit 1 6Bit 1
True label 1 Full 1 3Bit 1 3Bit 1 4Bit 0 5Bit 1 6Bit 1
True label 0 Full 0 3Bit 0 3Bit 0 4Bit 0 5Bit 0 6Bit 0
True label 1 Full 1 3Bit 1 3Bit 1 4Bit 1 5Bit 1 6Bit 1
True label 0 Full 0 3Bit 0 3Bit 0 4Bit 0 5Bit 0 6Bit 0
True label 1 Full 0 3Bit 1 3Bit 1 4Bit 0 5Bit 0 6Bit 0
True label 0 Full 0 3Bit 0 3Bit 0 4Bit 0 5Bit 0 6Bit 0
True label 0 Full 0 3Bit 0 3Bit 0 4Bit 0 5Bit 0 6Bit 0
True label 0 Full 0 3Bit 0 3Bit 0 4Bit 0 5Bit 0 6Bit 0
True label 1 Full 0 3Bit 0 3Bit 0 4Bit 1 5Bit 1 6Bit 0
True label 1 Full 1 3Bit 1 3Bit 1 4Bit 1 5Bit 1 6Bit 1
True label 1 Full 0 3Bit 0 3Bit 0 4Bit 0 5Bit 0 6Bit 0
True label 0 Full 0 3Bit 0 3Bit 0 4Bit 0 5Bit 0 6Bit 0
True label 0 Full 0 3Bit 0 3Bit 0 4Bit 0 5Bit 0 6Bit 0
True label 1 Full 1 3Bit 1 3Bit 1 4Bit 1 5Bit 1 6Bit 1
True label 1 Full 1 3Bit 1 3Bit 1 4Bit 1 5Bit 1 6Bit 1
True label 1 Full 0 3Bit 1 3Bit 1 4Bit 1 5Bit 1 6Bit 1
True label 0 Full 0 3Bit 0 3Bit 0 4Bit 0 5Bit 0 6Bit 0
True label 1 Full 1 3Bit 1 3Bit 1 4Bit 1 5Bit 1 6Bit 1
True label 0 Full 0 3Bit 0 3Bit 0 4Bit 1 5Bit 1 6Bit 0
True label 1 Full 0 3Bit 0 3Bit 0 4Bit 0 5Bit 1 6Bit 1
True label 1 Full 1 3Bit 1 3Bit 1 4Bit 1 5Bit 1 6Bit 1
True label 0 Full 0 3Bit 0 3Bit 0 4Bit 0 5Bit 1 6Bit 0
True label 0 Full 0 3Bit 0 3Bit 0 4Bit 0 5Bit 0 6Bit 0
True label 0 Full 0 3Bit 0 3Bit 0 4Bit 0 5Bit 0 6Bit 0
True label 0 Full 0 3Bit 0 3Bit 0 4Bit 0 5Bit 0 6Bit 0
True label 0 Full 0 3Bit 0 3Bit 0 4Bit 0 5Bit 0 6Bit 0
True label 0 Full 0 3Bit 0 3Bit 0 4Bit 0 5Bit 0 6Bit 0
True label 1 Full 1 3Bit 1 3Bit 1 4Bit 1 5Bit 1 6Bit 1
True label 0 Full 0 3Bit 0 3Bit 0 4Bit 0 5Bit 0 6Bit 0
True label 0 Full 0 3Bit 0 3Bit 0 4Bit 0 5Bit 0 6Bit 0
True label 0 Full 0 3Bit 0 3Bit 0 4Bit 1 5Bit 0 6Bit 0
True label 1 Full 0 3Bit 1 3Bit 1 4Bit 1 5Bit 1 6Bit 1
True label 1 Full 1 3Bit 1 3Bit 1 4Bit 1 5Bit 1 6Bit 1
True label 1 Full 1 3Bit 1 3Bit 1 4Bit 1 5Bit 1 6Bit 1
True label 1 Full 1 3Bit 1 3Bit 1 4Bit 1 5Bit 1 6Bit 1
True label 1 Full 1 3Bit 1 3Bit 1 4Bit 0 5Bit 1 6Bit 0
True label 1 Full 1 3Bit 1 3Bit 1 4Bit 1 5Bit 1 6Bit 1
True label 0 Full 0 3Bit 0 3Bit 0 4Bit 0 5Bit 0 6Bit 0
True label 0 Full 0 3Bit 0 3Bit 0 4Bit 0 5Bit 0 6Bit 0
True label 0 Full 0 3Bit 0 3Bit 0 4Bit 0 5Bit 0 6Bit 0
True label 0 Full 0 3Bit 0 3Bit 0 4Bit 0 5Bit 0 6Bit 0
True label 0 Full 0 3Bit 0 3Bit 0 4Bit 0 5Bit 0 6Bit 0
True label 1 Full 1 3Bit 1 3Bit 1 4Bit 1 5Bit 1 6Bit 1
True label 1 Full 1 3Bit 1 3Bit 1 4Bit 1 5Bit 1 6Bit 1
True label 0 Full 0 3Bit 0 3Bit 0 4Bit 0 5Bit 0 6Bit 0
True label 1 Full 1 3Bit 0 3Bit 0 4Bit 1 5Bit 1 6Bit 1
True label 0 Full 0 3Bit 0 3Bit 0 4Bit 0 5Bit 1 6Bit 0
True label 0 Full 0 3Bit 1 3Bit 1 4Bit 0 5Bit 0 6Bit 0
True label 1 Full 1 3Bit 1 3Bit 1 4Bit 1 5Bit 1 6Bit 1
True label 0 Full 0 3Bit 1 3Bit 1 4Bit 0 5Bit 0 6Bit 0
True label 1 Full 1 3Bit 0 3Bit 0 4Bit 1 5Bit 1 6Bit 1
True label 0 Full 0 3Bit 0 3Bit 0 4Bit 0 5Bit 0 6Bit 0
True label 1 Full 0 3Bit 1 3Bit 1 4Bit 0 5Bit 0 6Bit 0
True label 0 Full 0 3Bit 0 3Bit 0 4Bit 0 5Bit 0 6Bit 0
True label 1 Full 1 3Bit 0 3Bit 0 4Bit 1 5Bit 1 6Bit 1
True label 0 Full 0 3Bit 0 3Bit 0 4Bit 0 5Bit 0 6Bit 0
True label 1 Full 1 3Bit 1 3Bit 1 4Bit 1 5Bit 1 6Bit 1
True label 0 Full 0 3Bit 0 3Bit 0 4Bit 0 5Bit 0 6Bit 0
True label 0 Full 0 3Bit 0 3Bit 0 4Bit 0 5Bit 0 6Bit 0
True label 1 Full 1 3Bit 0 3Bit 0 4Bit 1 5Bit 1 6Bit 1
True label 0 Full 0 3Bit 0 3Bit 0 4Bit 0 5Bit 0 6Bit 0
True label 0 Full 0 3Bit 0 3Bit 0 4Bit 0 5Bit 0 6Bit 0
True label 0 Full 0 3Bit 0 3Bit 0 4Bit 0 5Bit 0 6Bit 0
True label 1 Full 1 3Bit 1 3Bit 1 4Bit 1 5Bit 1 6Bit 1
True label 0 Full 0 3Bit 0 3Bit 0 4Bit 0 5Bit 0 6Bit 0
True label 0 Full 0 3Bit 0 3Bit 0 4Bit 0 5Bit 0 6Bit 0
True label 0 Full 0 3Bit 0 3Bit 0 4Bit 0 5Bit 0 6Bit 0
True label 1 Full 1 3Bit 1 3Bit 1 4Bit 1 5Bit 1 6Bit 1
True label 1 Full 1 3Bit 0 3Bit 0 4Bit 1 5Bit 1 6Bit 1
True label 1 Full 1 3Bit 1 3Bit 1 4Bit 1 5Bit 1 6Bit 1
True label 0 Full 0 3Bit 0 3Bit 0 4Bit 0 5Bit 0 6Bit 0
True label 1 Full 1 3Bit 1 3Bit 1 4Bit 1 5Bit 1 6Bit 1
True label 1 Full 1 3Bit 1 3Bit 1 4Bit 1 5Bit 1 6Bit 1
True label 0 Full 0 3Bit 1 3Bit 1 4Bit 0 5Bit 0 6Bit 0
True label 0 Full 0 3Bit 1 3Bit 1 4Bit 0 5Bit 0 6Bit 0
True label 1 Full 1 3Bit 1 3Bit 1 4Bit 1 5Bit 1 6Bit 1
True label 1 Full 1 3Bit 1 3Bit 1 4Bit 1 5Bit 1 6Bit 1
True label 0 Full 0 3Bit 0 3Bit 0 4Bit 0 5Bit 0 6Bit 0
True label 0 Full 0 3Bit 0 3Bit 0 4Bit 0 5Bit 0 6Bit 0
True label 1 Full 0 3Bit 1 3Bit 1 4Bit 1 5Bit 1 6Bit 0
True label 1 Full 0 3Bit 1 3Bit 1 4Bit 1 5Bit 1 6Bit 1
True label 0 Full 0 3Bit 0 3Bit 0 4Bit 0 5Bit 0 6Bit 0
True label 0 Full 0 3Bit 0 3Bit 0 4Bit 0 5Bit 0 6Bit 0
True label 0 Full 0 3Bit 0 3Bit 0 4Bit 0 5Bit 0 6Bit 0
True label 0 Full 0 3Bit 0 3Bit 0 4Bit 0 5Bit 0 6Bit 0
True label 1 Full 1 3Bit 1 3Bit 1 4Bit 1 5Bit 1 6Bit 1
True label 0 Full 0 3Bit 0 3Bit 0 4Bit 0 5Bit 0 6Bit 0
True label 0 Full 0 3Bit 0 3Bit 0 4Bit 0 5Bit 0 6Bit 0
True label 0 Full 0 3Bit 0 3Bit 0 4Bit 0 5Bit 0 6Bit 0
True label 1 Full 1 3Bit 1 3Bit 1 4Bit 1 5Bit 1 6Bit 1
True label 0 Full 0 3Bit 1 3Bit 1 4Bit 0 5Bit 0 6Bit 0
True label 1 Full 1 3Bit 1 3Bit 1 4Bit 1 5Bit 1 6Bit 1
True label 1 Full 1 3Bit 0 3Bit 0 4Bit 1 5Bit 1 6Bit 1
True label 0 Full 0 3Bit 0 3Bit 0 4Bit 0 5Bit 0 6Bit 0
True label 0 Full 0 3Bit 0 3Bit 0 4Bit 0 5Bit 0 6Bit 0
True label 0 Full 0 3Bit 0 3Bit 0 4Bit 0 5Bit 0 6Bit 0
True label 1 Full 1 3Bit 1 3Bit 1 4Bit 1 5Bit 1 6Bit 1
True label 1 Full 1 3Bit 1 3Bit 1 4Bit 0 5Bit 1 6Bit 1
True label 0 Full 1 3Bit 0 3Bit 0 4Bit 1 5Bit 1 6Bit 0
True label 1 Full 1 3Bit 1 3Bit 1 4Bit 1 5Bit 1 6Bit 1
True label 1 Full 1 3Bit 1 3Bit 1 4Bit 0 5Bit 1 6Bit 1
True label 0 Full 0 3Bit 0 3Bit 0 4Bit 0 5Bit 0 6Bit 0
True label 0 Full 0 3Bit 0 3Bit 0 4Bit 0 5Bit 0 6Bit 0
True label 1 Full 1 3Bit 1 3Bit 1 4Bit 1 5Bit 1 6Bit 1
True label 1 Full 0 3Bit 0 3Bit 0 4Bit 0 5Bit 0 6Bit 0
True label 1 Full 0 3Bit 1 3Bit 1 4Bit 1 5Bit 0 6Bit 0
True label 0 Full 0 3Bit 0 3Bit 0 4Bit 0 5Bit 0 6Bit 0
True label 0 Full 0 3Bit 0 3Bit 0 4Bit 0 5Bit 0 6Bit 0
True label 0 Full 0 3Bit 0 3Bit 0 4Bit 0 5Bit 0 6Bit 0
True label 0 Full 0 3Bit 0 3Bit 0 4Bit 0 5Bit 0 6Bit 0
True label 1 Full 1 3Bit 0 3Bit 0 4Bit 1 5Bit 1 6Bit 1
True label 1 Full 1 3Bit 1 3Bit 1 4Bit 1 5Bit 1 6Bit 1
True label 0 Full 0 3Bit 0 3Bit 0 4Bit 0 5Bit 0 6Bit 0
True label 0 Full 0 3Bit 0 3Bit 0 4Bit 0 5Bit 0 6Bit 0
True label 0 Full 0 3Bit 0 3Bit 0 4Bit 0 5Bit 0 6Bit 0
True label 1 Full 1 3Bit 0 3Bit 0 4Bit 1 5Bit 1 6Bit 1
True label 0 Full 0 3Bit 0 3Bit 0 4Bit 0 5Bit 0 6Bit 0
True label 1 Full 0 3Bit 0 3Bit 0 4Bit 1 5Bit 1 6Bit 0
True label 1 Full 1 3Bit 1 3Bit 1 4Bit 1 5Bit 1 6Bit 1
True label 0 Full 0 3Bit 0 3Bit 0 4Bit 0 5Bit 1 6Bit 0
True label 1 Full 1 3Bit 1 3Bit 1 4Bit 1 5Bit 1 6Bit 1
True label 1 Full 1 3Bit 0 3Bit 0 4Bit 1 5Bit 1 6Bit 1
True label 1 Full 1 3Bit 1 3Bit 1 4Bit 1 5Bit 1 6Bit 1
True label 1 Full 1 3Bit 1 3Bit 1 4Bit 1 5Bit 1 6Bit 1
True label 0 Full 0 3Bit 0 3Bit 0 4Bit 0 5Bit 0 6Bit 0
True label 1 Full 0 3Bit 0 3Bit 0 4Bit 0 5Bit 0 6Bit 0
True label 0 Full 0 3Bit 0 3Bit 0 4Bit 0 5Bit 0 6Bit 0
True label 0 Full 0 3Bit 1 3Bit 1 4Bit 0 5Bit 0 6Bit 0
True label 1 Full 1 3Bit 1 3Bit 1 4Bit 1 5Bit 1 6Bit 1
True label 1 Full 0 3Bit 0 3Bit 0 4Bit 0 5Bit 0 6Bit 0
True label 1 Full 1 3Bit 1 3Bit 1 4Bit 1 5Bit 1 6Bit 1
True label 1 Full 1 3Bit 1 3Bit 1 4Bit 1 5Bit 1 6Bit 1
True label 0 Full 0 3Bit 0 3Bit 0 4Bit 0 5Bit 0 6Bit 0
True label 0 Full 0 3Bit 0 3Bit 0 4Bit 0 5Bit 0 6Bit 0
True label 0 Full 1 3Bit 0 3Bit 0 4Bit 0 5Bit 0 6Bit 0
True label 1 Full 1 3Bit 1 3Bit 1 4Bit 1 5Bit 1 6Bit 1
True label 0 Full 0 3Bit 0 3Bit 0 4Bit 0 5Bit 0 6Bit 0
True label 0 Full 0 3Bit 0 3Bit 0 4Bit 0 5Bit 0 6Bit 0
True label 1 Full 1 3Bit 1 3Bit 1 4Bit 1 5Bit 1 6Bit 1
True label 0 Full 0 3Bit 0 3Bit 0 4Bit 0 5Bit 0 6Bit 0
True label 0 Full 0 3Bit 0 3Bit 0 4Bit 0 5Bit 0 6Bit 0
True label 0 Full 0 3Bit 1 3Bit 1 4Bit 0 5Bit 0 6Bit 0
True label 0 Full 0 3Bit 0 3Bit 0 4Bit 0 5Bit 0 6Bit 0
True label 1 Full 1 3Bit 0 3Bit 0 4Bit 1 5Bit 1 6Bit 1
True label 1 Full 1 3Bit 1 3Bit 1 4Bit 1 5Bit 1 6Bit 1
True label 0 Full 0 3Bit 0 3Bit 0 4Bit 0 5Bit 0 6Bit 0
True label 0 Full 0 3Bit 0 3Bit 0 4Bit 0 5Bit 0 6Bit 0
True label 1 Full 1 3Bit 1 3Bit 1 4Bit 1 5Bit 1 6Bit 1
True label 1 Full 0 3Bit 0 3Bit 0 4Bit 0 5Bit 0 6Bit 0
True label 0 Full 0 3Bit 0 3Bit 0 4Bit 0 5Bit 0 6Bit 0
True label 1 Full 1 3Bit 1 3Bit 1 4Bit 1 5Bit 1 6Bit 1
True label 1 Full 1 3Bit 1 3Bit 1 4Bit 1 5Bit 1 6Bit 1
True label 1 Full 0 3Bit 1 3Bit 1 4Bit 0 5Bit 0 6Bit 0
True label 0 Full 0 3Bit 0 3Bit 0 4Bit 0 5Bit 0 6Bit 0
True label 1 Full 1 3Bit 1 3Bit 1 4Bit 1 5Bit 1 6Bit 1
True label 1 Full 1 3Bit 1 3Bit 1 4Bit 1 5Bit 1 6Bit 1
True label 0 Full 0 3Bit 0 3Bit 0 4Bit 1 5Bit 0 6Bit 0
True label 0 Full 0 3Bit 0 3Bit 0 4Bit 0 5Bit 0 6Bit 0
True label 0 Full 1 3Bit 1 3Bit 1 4Bit 1 5Bit 1 6Bit 1
True label 0 Full 0 3Bit 0 3Bit 0 4Bit 0 5Bit 0 6Bit 0
True label 0 Full 0 3Bit 0 3Bit 0 4Bit 0 5Bit 0 6Bit 0
True label 1 Full 1 3Bit 0 3Bit 0 4Bit 1 5Bit 1 6Bit 1
True label 0 Full 0 3Bit 0 3Bit 0 4Bit 0 5Bit 0 6Bit 0
True label 1 Full 1 3Bit 1 3Bit 1 4Bit 1 5Bit 1 6Bit 1
True label 0 Full 0 3Bit 0 3Bit 0 4Bit 0 5Bit 0 6Bit 0
True label 1 Full 1 3Bit 0 3Bit 0 4Bit 0 5Bit 0 6Bit 0
True label 1 Full 1 3Bit 1 3Bit 1 4Bit 1 5Bit 1 6Bit 1
True label 1 Full 1 3Bit 1 3Bit 1 4Bit 0 5Bit 1 6Bit 1
True label 1 Full 1 3Bit 0 3Bit 0 4Bit 1 5Bit 1 6Bit 1
True label 1 Full 0 3Bit 0 3Bit 0 4Bit 0 5Bit 0 6Bit 0
True label 0 Full 0 3Bit 0 3Bit 0 4Bit 1 5Bit 1 6Bit 0
True label 0 Full 0 3Bit 0 3Bit 0 4Bit 0 5Bit 0 6Bit 0
True label 0 Full 0 3Bit 0 3Bit 0 4Bit 0 5Bit 0 6Bit 0
True label 1 Full 1 3Bit 1 3Bit 1 4Bit 1 5Bit 1 6Bit 1
True label 0 Full 0 3Bit 1 3Bit 1 4Bit 0 5Bit 0 6Bit 0
True label 0 Full 0 3Bit 0 3Bit 0 4Bit 0 5Bit 0 6Bit 0
True label 0 Full 0 3Bit 1 3Bit 1 4Bit 0 5Bit 0 6Bit 0
True label 0 Full 0 3Bit 0 3Bit 0 4Bit 0 5Bit 0 6Bit 0
True label 0 Full 0 3Bit 0 3Bit 0 4Bit 0 5Bit 0 6Bit 0
True label 1 Full 1 3Bit 0 3Bit 0 4Bit 0 5Bit 1 6Bit 0
True label 0 Full 0 3Bit 1 3Bit 1 4Bit 0 5Bit 0 6Bit 0
True label 1 Full 1 3Bit 1 3Bit 1 4Bit 1 5Bit 1 6Bit 1
True label 0 Full 0 3Bit 0 3Bit 0 4Bit 0 5Bit 0 6Bit 0
True label 1 Full 1 3Bit 1 3Bit 1 4Bit 1 5Bit 1 6Bit 1
True label 0 Full 0 3Bit 0 3Bit 0 4Bit 0 5Bit 0 6Bit 0
True label 0 Full 0 3Bit 0 3Bit 0 4Bit 0 5Bit 1 6Bit 0
True label 1 Full 1 3Bit 0 3Bit 0 4Bit 1 5Bit 1 6Bit 1
True label 1 Full 1 3Bit 0 3Bit 0 4Bit 0 5Bit 1 6Bit 1
True label 0 Full 0 3Bit 0 3Bit 0 4Bit 0 5Bit 0 6Bit 0
True label 1 Full 1 3Bit 1 3Bit 1 4Bit 1 5Bit 1 6Bit 1
True label 1 Full 1 3Bit 0 3Bit 0 4Bit 1 5Bit 1 6Bit 1
True label 0 Full 0 3Bit 0 3Bit 0 4Bit 0 5Bit 0 6Bit 0
True label 1 Full 1 3Bit 1 3Bit 1 4Bit 1 5Bit 1 6Bit 1
True label 1 Full 0 3Bit 0 3Bit 0 4Bit 0 5Bit 0 6Bit 0
True label 0 Full 0 3Bit 0 3Bit 0 4Bit 0 5Bit 0 6Bit 0
True label 0 Full 0 3Bit 0 3Bit 0 4Bit 1 5Bit 1 6Bit 0
Test accuracy: Full: 0.885 2bit: 0.518 3bit: 0.801 4bit: 0.871 5bit: 0.907 6bit: 0.893
{'test_acc': [0.885, 0.518, 0.801, 0.871, 0.907, 0.893], 'final_out_mse': [0.020103296265006065, 0.37187010049819946, 0.19252556562423706, 0.045685410499572754, 0.04394907504320145, 0.019917814061045647]}
[2020-09-14 19:04:53.997822] test = nan
